2019-12-04 08:25:55.694926|trace|DllMain DLL_PROCESS_ATTACH:8144
2019-12-04 08:25:55.694926|trace|MyDisp_Wrok::Init _pBaseAddrDW=00007FF770FB0000
2019-12-04 08:25:55.726181|trace|CMySqldbLib::AddedHook load libSQLDBCHDB Success.
2019-12-04 08:25:55.773052|trace|CMySqldbLib::_SQLDBC_PreparedStatement_prepare_1_Old=00007FFB0CA50120
2019-12-04 08:25:55.773052|trace|CMySqldbLib::_SQLDBC_PreparedStatement_prepare_2_Old=00007FFB0CA50180
2019-12-04 08:25:55.773052|trace|CMySqldbLib::_SQLDBC_PreparedStatement_prepare_3_Old=00007FFB0CA501E0
2019-12-04 08:25:55.773052|trace|CMySqldbLib::_SQLDBC_Statement_execute_1_Old=00007FFB0CA50240
2019-12-04 08:26:08.163570|trace|My_SQLDBC_PreparedStatement_prepare_2, pThis=000001CE45D8F7B0, sql=SELECT "SPOPTION" , "VALUE" FROM "TSPOPTIONS" WHERE "SPOPTION" = N'LASTRESCAN' LIMIT 1, encod=3
2019-12-04 08:26:08.163570|trace|My_SQLDBC_PreparedStatement_prepare_3, this=000001CE45D8F7B0, sql=SELECT "SPOPTION" , "VALUE" FROM "TSPOPTIONS" WHERE "SPOPTION" = N'LASTRESCAN' LIMIT 1, encoding=3
2019-12-04 08:26:08.163570|trace|My_SQLDBC_PreparedStatement_prepare_2, pThis=000001CE45D8F4B0, sql=SELECT "SPOPTION" , "VALUE" FROM "TSPOPTIONS" WHERE "SPOPTION" = N'LASTACTIVATION' LIMIT 1, encod=3
2019-12-04 08:26:08.163570|trace|My_SQLDBC_PreparedStatement_prepare_3, this=000001CE45D8F4B0, sql=SELECT "SPOPTION" , "VALUE" FROM "TSPOPTIONS" WHERE "SPOPTION" = N'LASTACTIVATION' LIMIT 1, encoding=3
2019-12-04 08:26:08.163570|trace|My_SQLDBC_PreparedStatement_prepare_2, pThis=000001CE45D8F8F0, sql=SELECT TOP 1 "SPOPTION" , "VALUE" FROM "TSPOPTIONS" WHERE "SPOPTION" = ?, encod=3
2019-12-04 08:26:08.163570|trace|My_SQLDBC_PreparedStatement_prepare_3, this=000001CE45D8F8F0, sql=SELECT TOP 1 "SPOPTION" , "VALUE" FROM "TSPOPTIONS" WHERE "SPOPTION" = ?, encoding=3
2019-12-04 08:26:08.163570|trace|My_SQLDBC_PreparedStatement_prepare_2, pThis=000001CE45D8F970, sql=SELECT "NAME" , "VALUE" FROM "SSOI_DEPLOYPARAM" WHERE "NAME" = ? LIMIT 1, encod=3
2019-12-04 08:26:08.163570|trace|My_SQLDBC_PreparedStatement_prepare_3, this=000001CE45D8F970, sql=SELECT "NAME" , "VALUE" FROM "SSOI_DEPLOYPARAM" WHERE "NAME" = ? LIMIT 1, encoding=3
2019-12-04 08:26:08.179200|trace|My_SQLDBC_PreparedStatement_prepare_2, pThis=000001CE45D8F730, sql=SELECT "QNAME" FROM "PQPRINTQUEUE" WHERE "MANDT" = ? AND "QNAME" <> N'DEFAULT' LIMIT 1, encod=3
2019-12-04 08:26:08.179200|trace|My_SQLDBC_PreparedStatement_prepare_3, this=000001CE45D8F730, sql=SELECT "QNAME" FROM "PQPRINTQUEUE" WHERE "MANDT" = ? AND "QNAME" <> N'DEFAULT' LIMIT 1, encoding=3
2019-12-04 08:26:08.179200|trace|My_SQLDBC_PreparedStatement_prepare_2, pThis=000001CE45D8ED70, sql=DELETE FROM "STJR_JOBD_SCOPE" WHERE "MANDT" = ? AND "NAME" = ?, encod=3
2019-12-04 08:26:08.179200|trace|My_SQLDBC_PreparedStatement_prepare_3, this=000001CE45D8ED70, sql=DELETE FROM "STJR_JOBD_SCOPE" WHERE "MANDT" = ? AND "NAME" = ?, encoding=3
2019-12-04 08:32:08.195450|trace|My_SQLDBC_PreparedStatement_prepare_2, pThis=000001CE45D7F310, sql=SELECT "PJIDENT" , "PJNUMMER" , "PJDEST" , "PJPAPER" , "PJPHYPAPER" , "PJCREATIME" , "PJSTATUS" , "PJINFO" , "PJCOPIES" , "PJSTRTPAGE" , "PJENDPAGE" , "PJOWNER" , "PJFINADONE" , "PJFINASERR" , "PJFINAHERR" , "PJHOSTID" , "PJCLIENT" , "PJSTRTTIME" , "PJAENDTIME" , "PJHENDTIME" , "PJINFOMSG" , "PJSIZE" , "PJERRPROT" , "PJPRIO" , "PJREASON" , "PJTITLE" , "PJRECEIVER" , "PJDIVISION" , "PJTELENUM" , "PJWORKHOST" , "PJSERVER" , "PJLFDDCOPY" , "PJLFDPCOPY" , "PJPOSNAME" , "PJACTTIME" FROM "TSP02" WHERE "PJSTATUS" = N'2' ORDER BY "TSP02" . "PJCREATIME", encod=3
2019-12-04 08:32:08.195450|trace|My_SQLDBC_PreparedStatement_prepare_3, this=000001CE45D7F310, sql=SELECT "PJIDENT" , "PJNUMMER" , "PJDEST" , "PJPAPER" , "PJPHYPAPER" , "PJCREATIME" , "PJSTATUS" , "PJINFO" , "PJCOPIES" , "PJSTRTPAGE" , "PJENDPAGE" , "PJOWNER" , "PJFINADONE" , "PJFINASERR" , "PJFINAHERR" , "PJHOSTID" , "PJCLIENT" , "PJSTRTTIME" , "PJAENDTIME" , "PJHENDTIME" , "PJINFOMSG" , "PJSIZE" , "PJERRPROT" , "PJPRIO" , "PJREASON" , "PJTITLE" , "PJRECEIVER" , "PJDIVISION" , "PJTELENUM" , "PJWORKHOST" , "PJSERVER" , "PJLFDDCOPY" , "PJLFDPCOPY" , "PJPOSNAME" , "PJACTTIME" FROM "TSP02" WHERE "PJSTATUS" = N'2' ORDER BY "TSP02" . "PJCREATIME", encoding=3
2019-12-04 08:32:08.195450|trace|My_SQLDBC_PreparedStatement_prepare_2, pThis=000001CE45D8F930, sql=UPSERT "TSPOPTIONS" ( "VALUE", "SPOPTION" ) VALUES ( ?, ? ) WITH PRIMARY KEY, encod=3
2019-12-04 08:32:08.195450|trace|My_SQLDBC_PreparedStatement_prepare_3, this=000001CE45D8F930, sql=UPSERT "TSPOPTIONS" ( "VALUE", "SPOPTION" ) VALUES ( ?, ? ) WITH PRIMARY KEY, encoding=3
2019-12-04 08:32:08.195450|trace|My_SQLDBC_PreparedStatement_prepare_2, pThis=000001CE45D8F530, sql=SELECT "PJIDENT" , "PJNUMMER" , "PJDEST" , "PJPAPER" , "PJPHYPAPER" , "PJCREATIME" , "PJSTATUS" , "PJINFO" , "PJCOPIES" , "PJSTRTPAGE" , "PJENDPAGE" , "PJOWNER" , "PJFINADONE" , "PJFINASERR" , "PJFINAHERR" , "PJHOSTID" , "PJCLIENT" , "PJSTRTTIME" , "PJAENDTIME" , "PJHENDTIME" , "PJINFOMSG" , "PJSIZE" , "PJERRPROT" , "PJPRIO" , "PJREASON" , "PJTITLE" , "PJRECEIVER" , "PJDIVISION" , "PJTELENUM" , "PJWORKHOST" , "PJSERVER" , "PJLFDDCOPY" , "PJLFDPCOPY" , "PJPOSNAME" , "PJACTTIME" FROM "TSP02" WHERE "PJSTATUS" = N'4' OR "PJSTATUS" = N'5' OR "PJSTATUS" = N'6' OR "PJSTATUS" = N'7' ORDER BY "TSP02" . "PJCREATIME", encod=3
2019-12-04 08:32:08.195450|trace|My_SQLDBC_PreparedStatement_prepare_3, this=000001CE45D8F530, sql=SELECT "PJIDENT" , "PJNUMMER" , "PJDEST" , "PJPAPER" , "PJPHYPAPER" , "PJCREATIME" , "PJSTATUS" , "PJINFO" , "PJCOPIES" , "PJSTRTPAGE" , "PJENDPAGE" , "PJOWNER" , "PJFINADONE" , "PJFINASERR" , "PJFINAHERR" , "PJHOSTID" , "PJCLIENT" , "PJSTRTTIME" , "PJAENDTIME" , "PJHENDTIME" , "PJINFOMSG" , "PJSIZE" , "PJERRPROT" , "PJPRIO" , "PJREASON" , "PJTITLE" , "PJRECEIVER" , "PJDIVISION" , "PJTELENUM" , "PJWORKHOST" , "PJSERVER" , "PJLFDDCOPY" , "PJLFDPCOPY" , "PJPOSNAME" , "PJACTTIME" FROM "TSP02" WHERE "PJSTATUS" = N'4' OR "PJSTATUS" = N'5' OR "PJSTATUS" = N'6' OR "PJSTATUS" = N'7' ORDER BY "TSP02" . "PJCREATIME", encoding=3
2019-12-04 08:32:08.195450|trace|My_SQLDBC_PreparedStatement_prepare_2, pThis=000001CE45DA99A0, sql=SELECT "PJIDENT" , "PJNUMMER" , "PJDEST" , "PJPAPER" , "PJPHYPAPER" , "PJCREATIME" , "PJSTATUS" , "PJINFO" , "PJCOPIES" , "PJSTRTPAGE" , "PJENDPAGE" , "PJOWNER" , "PJFINADONE" , "PJFINASERR" , "PJFINAHERR" , "PJHOSTID" , "PJCLIENT" , "PJSTRTTIME" , "PJAENDTIME" , "PJHENDTIME" , "PJINFOMSG" , "PJSIZE" , "PJERRPROT" , "PJPRIO" , "PJREASON" , "PJTITLE" , "PJRECEIVER" , "PJDIVISION" , "PJTELENUM" , "PJWORKHOST" , "PJSERVER" , "PJLFDDCOPY" , "PJLFDPCOPY" , "PJPOSNAME" , "PJACTTIME" FROM "TSP02" WHERE "PJSTATUS" = N'1' AND "PJACTTIME" < ? ORDER BY "TSP02" . "PJCREATIME" , "TSP02" . "PJIDENT", encod=3
2019-12-04 08:32:08.195450|trace|My_SQLDBC_PreparedStatement_prepare_3, this=000001CE45DA99A0, sql=SELECT "PJIDENT" , "PJNUMMER" , "PJDEST" , "PJPAPER" , "PJPHYPAPER" , "PJCREATIME" , "PJSTATUS" , "PJINFO" , "PJCOPIES" , "PJSTRTPAGE" , "PJENDPAGE" , "PJOWNER" , "PJFINADONE" , "PJFINASERR" , "PJFINAHERR" , "PJHOSTID" , "PJCLIENT" , "PJSTRTTIME" , "PJAENDTIME" , "PJHENDTIME" , "PJINFOMSG" , "PJSIZE" , "PJERRPROT" , "PJPRIO" , "PJREASON" , "PJTITLE" , "PJRECEIVER" , "PJDIVISION" , "PJTELENUM" , "PJWORKHOST" , "PJSERVER" , "PJLFDDCOPY" , "PJLFDPCOPY" , "PJPOSNAME" , "PJACTTIME" FROM "TSP02" WHERE "PJSTATUS" = N'1' AND "PJACTTIME" < ? ORDER BY "TSP02" . "PJCREATIME" , "TSP02" . "PJIDENT", encoding=3
2019-12-04 08:32:08.195450|trace|My_SQLDBC_PreparedStatement_prepare_2, pThis=000001CE45DA8E60, sql=SELECT "SPOPTION" , "VALUE" FROM "TSPOPTIONS" WHERE "SPOPTION" = ? LIMIT 1, encod=3
2019-12-04 08:32:08.195450|trace|My_SQLDBC_PreparedStatement_prepare_3, this=000001CE45DA8E60, sql=SELECT "SPOPTION" , "VALUE" FROM "TSPOPTIONS" WHERE "SPOPTION" = ? LIMIT 1, encoding=3
