2019-12-03 10:36:22.586206|trace|DllMain DLL_PROCESS_ATTACH:4944
2019-12-03 10:36:22.586206|trace|MyDisp_Wrok::Init _pBaseAddrDW=00007FF770FB0000
2019-12-03 10:36:22.633079|trace|CMySqldbLib::AddedHook load libSQLDBCHDB Success.
2019-12-03 10:36:22.664325|trace|CMySqldbLib::_SQLDBC_PreparedStatement_prepare_1_Old=00007FFB0CEF0120
2019-12-03 10:36:22.664325|trace|CMySqldbLib::_SQLDBC_PreparedStatement_prepare_2_Old=00007FFB0CEF0180
2019-12-03 10:36:22.664325|trace|CMySqldbLib::_SQLDBC_PreparedStatement_prepare_3_Old=00007FFB0CEF01E0
2019-12-03 10:36:22.664325|trace|CMySqldbLib::_SQLDBC_Statement_execute_1_Old=00007FFB0CEF0240
2019-12-03 19:33:29.954198|trace|My_SQLDBC_PreparedStatement_prepare_2, pThis=000001C265D4C020, sql=SELECT "VBKEY" , "VBMANDT" , "VBUSR" , "VBACCNT" , "VBREPORT" , "VBTCODE" , "VBENQKEY" , "VBRC" , "VBNAME" , "VBCONTEXT" , "VBSTATE" , "VBCLIINFO" , "VBLANG" , "VBDATFM" , "VBDCPFM" , "VBDATE" , "VBTRANSID" , "VBETRANSID" , "VBETRANSLN" , "VBCLINAME" , "VBZONLO" , "VBTIMOFF" , "TEMPERATURE" , "MEMORY_EXEMPTION" FROM "VBHDR" WHERE "VBKEY" = ? FOR UPDATE, encod=3
2019-12-03 19:33:29.954198|trace|My_SQLDBC_PreparedStatement_prepare_3, this=000001C265D4C020, sql=SELECT "VBKEY" , "VBMANDT" , "VBUSR" , "VBACCNT" , "VBREPORT" , "VBTCODE" , "VBENQKEY" , "VBRC" , "VBNAME" , "VBCONTEXT" , "VBSTATE" , "VBCLIINFO" , "VBLANG" , "VBDATFM" , "VBDCPFM" , "VBDATE" , "VBTRANSID" , "VBETRANSID" , "VBETRANSLN" , "VBCLINAME" , "VBZONLO" , "VBTIMOFF" , "TEMPERATURE" , "MEMORY_EXEMPTION" FROM "VBHDR" WHERE "VBKEY" = ? FOR UPDATE, encoding=3
2019-12-03 19:33:29.969824|trace|My_SQLDBC_Statement_execute_2, this=000001C265D4B360, sql:SELECT CLIENT_RELEASE_ID, MIN_VERSION, MAX_VERSION FROM SYS.M_CLIENT_VERSIONS WHERE CLIENT_TYPE = 'ABAP_FDA', encoding=3
2019-12-03 19:33:29.969824|trace|My_SQLDBC_Statement_execute_3, this=000001C265D4B360, sql:SELECT CLIENT_RELEASE_ID, MIN_VERSION, MAX_VERSION FROM SYS.M_CLIENT_VERSIONS WHERE CLIENT_TYPE = 'ABAP_FDA', encoding=3
2019-12-03 19:33:29.969824|trace|My_SQLDBC_PreparedStatement_prepare_2, pThis=000001C265D317D0, sql=SELECT /* FDA READ */ "VBKEY" , "VBMODCNT" , "VBFUNC" , "VBMODE" , "VBRC" , "VBDATE" FROM "VBMOD" WHERE "VBKEY" = ? AND "VBRC" <> 0 ORDER BY "VBMOD" . "VBKEY" , "VBMOD" . "VBMODCNT", encod=3
2019-12-03 19:33:29.969824|trace|My_SQLDBC_PreparedStatement_prepare_3, this=000001C265D317D0, sql=SELECT /* FDA READ */ "VBKEY" , "VBMODCNT" , "VBFUNC" , "VBMODE" , "VBRC" , "VBDATE" FROM "VBMOD" WHERE "VBKEY" = ? AND "VBRC" <> 0 ORDER BY "VBMOD" . "VBKEY" , "VBMOD" . "VBMODCNT", encoding=3
2019-12-03 19:33:29.969824|trace|My_SQLDBC_PreparedStatement_prepare_2, pThis=000001C265D31AD0, sql=SELECT COUNT(*) FROM "V_LNAMES" WHERE "SERVERNAME" = ?, encod=3
2019-12-03 19:33:29.969824|trace|My_SQLDBC_PreparedStatement_prepare_3, this=000001C265D31AD0, sql=SELECT COUNT(*) FROM "V_LNAMES" WHERE "SERVERNAME" = ?, encoding=3
2019-12-03 19:33:29.969824|trace|My_SQLDBC_PreparedStatement_prepare_2, pThis=000001C265D4B3A0, sql=SELECT "VBKEY" , "VBMODCNT" , "VBBLKNO" , "VBLEN" , "VBDATA" FROM "VBDATA" WHERE "VBKEY" = ? AND "VBMODCNT" = ? AND "VBBLKNO" >= ? ORDER BY "VBKEY" , "VBMODCNT" , "VBBLKNO", encod=3
2019-12-03 19:33:29.969824|trace|My_SQLDBC_PreparedStatement_prepare_3, this=000001C265D4B3A0, sql=SELECT "VBKEY" , "VBMODCNT" , "VBBLKNO" , "VBLEN" , "VBDATA" FROM "VBDATA" WHERE "VBKEY" = ? AND "VBMODCNT" = ? AND "VBBLKNO" >= ? ORDER BY "VBKEY" , "VBMODCNT" , "VBBLKNO", encoding=3
2019-12-03 19:33:29.969824|trace|My_SQLDBC_PreparedStatement_prepare_2, pThis=000001C265D65320, sql=UPSERT "PPH_DD_PRODUCT" ( "ABC_IND", "ABC_VALUE", "ABC_CURR", "ABC_MODE", "XYZ_IND", "XYZ_QTY", "XYZ_UNIT", "XYZ_MODE", "EFG_IND", "EFG_PROCTYPE", "EFG_VALUE", "EFG_MODE", "PQR_IND", "PQR_VALUE", "PQR_MODE", "LEAD_TIME", "LEAD_TIME_CALC_METHOD", "DECOUPLED_LEAD_TIME", "HORIZ_DAYS_MINUS", "HORIZ_DAYS_PLUS", "CREATED_BY", "CHANGED_BY", "CREATED_TIME", "CHANGED_TIME", "MANDT", "MATNR", "WERKS", "BERID" ) VALUES ( ?, ?, ?, ?, ?, ?, ?, ?, ?, ?, ?, ?, ?, ?, ?, ?, ?, ?, ?, ?, ?, ?, ?, ?, ?, ?, ?, ? ) WITH PRIMARY KEY, encod=3
2019-12-03 19:33:29.969824|trace|My_SQLDBC_PreparedStatement_prepare_3, this=000001C265D65320, sql=UPSERT "PPH_DD_PRODUCT" ( "ABC_IND", "ABC_VALUE", "ABC_CURR", "ABC_MODE", "XYZ_IND", "XYZ_QTY", "XYZ_UNIT", "XYZ_MODE", "EFG_IND", "EFG_PROCTYPE", "EFG_VALUE", "EFG_MODE", "PQR_IND", "PQR_VALUE", "PQR_MODE", "LEAD_TIME", "LEAD_TIME_CALC_METHOD", "DECOUPLED_LEAD_TIME", "HORIZ_DAYS_MINUS", "HORIZ_DAYS_PLUS", "CREATED_BY", "CHANGED_BY", "CREATED_TIME", "CHANGED_TIME", "MANDT", "MATNR", "WERKS", "BERID" ) VALUES ( ?, ?, ?, ?, ?, ?, ?, ?, ?, ?, ?, ?, ?, ?, ?, ?, ?, ?, ?, ?, ?, ?, ?, ?, ?, ?, ?, ? ) WITH PRIMARY KEY, encoding=3
2019-12-03 19:33:29.969824|trace|My_SQLDBC_PreparedStatement_prepare_2, pThis=000001C265D64B60, sql=UPSERT "PPH_DD_PROD_ADD" ( "SOURCE_OF_SUPPLY", "SOURCE_TYPE", "BOM_EXPL_DATE", "BOM_ID", "CREATED_BY", "CHANGED_BY", "CREATED_TIME", "CHANGED_TIME", "MANDT", "MATNR", "WERKS", "BERID" ) VALUES ( ?, ?, ?, ?, ?, ?, ?, ?, ?, ?, ?, ? ) WITH PRIMARY KEY, encod=3
2019-12-03 19:33:29.969824|trace|My_SQLDBC_PreparedStatement_prepare_3, this=000001C265D64B60, sql=UPSERT "PPH_DD_PROD_ADD" ( "SOURCE_OF_SUPPLY", "SOURCE_TYPE", "BOM_EXPL_DATE", "BOM_ID", "CREATED_BY", "CHANGED_BY", "CREATED_TIME", "CHANGED_TIME", "MANDT", "MATNR", "WERKS", "BERID" ) VALUES ( ?, ?, ?, ?, ?, ?, ?, ?, ?, ?, ?, ? ) WITH PRIMARY KEY, encoding=3
2019-12-03 19:33:29.969824|trace|My_SQLDBC_PreparedStatement_prepare_2, pThis=000001C265D64BE0, sql=UPDATE "VBHDR" SET "VBRC" = ? , "VBSTATE" = ? , "VBCLIINFO" = ? WHERE "VBKEY" = ?, encod=3
2019-12-03 19:33:29.969824|trace|My_SQLDBC_PreparedStatement_prepare_3, this=000001C265D64BE0, sql=UPDATE "VBHDR" SET "VBRC" = ? , "VBSTATE" = ? , "VBCLIINFO" = ? WHERE "VBKEY" = ?, encoding=3
2019-12-03 19:33:29.985448|trace|My_SQLDBC_PreparedStatement_prepare_2, pThis=000001C265D65720, sql=SELECT "VBKEY" , "VBMANDT" , "VBUSR" , "VBACCNT" , "VBREPORT" , "VBTCODE" , "VBENQKEY" , "VBRC" , "VBNAME" , "VBCONTEXT" , "VBSTATE" , "VBCLIINFO" , "VBLANG" , "VBDATFM" , "VBDCPFM" , "VBDATE" , "VBTRANSID" , "VBETRANSID" , "VBETRANSLN" , "VBCLINAME" , "VBZONLO" , "VBTIMOFF" , "TEMPERATURE" , "MEMORY_EXEMPTION" FROM "VBHDR" WHERE "VBKEY" = ? LIMIT 1, encod=3
2019-12-03 19:33:29.985448|trace|My_SQLDBC_PreparedStatement_prepare_3, this=000001C265D65720, sql=SELECT "VBKEY" , "VBMANDT" , "VBUSR" , "VBACCNT" , "VBREPORT" , "VBTCODE" , "VBENQKEY" , "VBRC" , "VBNAME" , "VBCONTEXT" , "VBSTATE" , "VBCLIINFO" , "VBLANG" , "VBDATFM" , "VBDCPFM" , "VBDATE" , "VBTRANSID" , "VBETRANSID" , "VBETRANSLN" , "VBCLINAME" , "VBZONLO" , "VBTIMOFF" , "TEMPERATURE" , "MEMORY_EXEMPTION" FROM "VBHDR" WHERE "VBKEY" = ? LIMIT 1, encoding=3
2019-12-03 19:33:29.985448|trace|My_SQLDBC_PreparedStatement_prepare_2, pThis=000001C265D64DE0, sql=SELECT "VBKEY" , "VBMODCNT" , "VBFUNC" , "VBMODE" , "VBRC" , "VBDATE" FROM "VBMOD" WHERE "VBKEY" = ? AND "VBMODCNT" = ? LIMIT 1, encod=3
2019-12-03 19:33:29.985448|trace|My_SQLDBC_PreparedStatement_prepare_3, this=000001C265D64DE0, sql=SELECT "VBKEY" , "VBMODCNT" , "VBFUNC" , "VBMODE" , "VBRC" , "VBDATE" FROM "VBMOD" WHERE "VBKEY" = ? AND "VBMODCNT" = ? LIMIT 1, encoding=3
2019-12-03 19:33:29.985448|trace|My_SQLDBC_PreparedStatement_prepare_2, pThis=000001C265D65820, sql=UPDATE "VBMOD" SET "VBRC" = ? WHERE "VBKEY" = ? AND "VBMODCNT" = ?, encod=3
2019-12-03 19:33:29.985448|trace|My_SQLDBC_PreparedStatement_prepare_3, this=000001C265D65820, sql=UPDATE "VBMOD" SET "VBRC" = ? WHERE "VBKEY" = ? AND "VBMODCNT" = ?, encoding=3
2019-12-03 19:33:30.001073|trace|My_SQLDBC_PreparedStatement_prepare_2, pThis=000001C265D65020, sql=SELECT /* FDA READ */ "LOCK_ID" , "UNIT_KIND" FROM "BGRFC_UTASK_KEY" WHERE "UTASK_KEY" = ?, encod=3
2019-12-03 19:33:30.001073|trace|My_SQLDBC_PreparedStatement_prepare_3, this=000001C265D65020, sql=SELECT /* FDA READ */ "LOCK_ID" , "UNIT_KIND" FROM "BGRFC_UTASK_KEY" WHERE "UTASK_KEY" = ?, encoding=3
2019-12-03 19:33:30.001073|trace|My_SQLDBC_PreparedStatement_prepare_2, pThis=000001C265D65620, sql=DELETE FROM "BGRFC_UTASK_KEY" WHERE "UTASK_KEY" = ?, encod=3
2019-12-03 19:33:30.001073|trace|My_SQLDBC_PreparedStatement_prepare_3, this=000001C265D65620, sql=DELETE FROM "BGRFC_UTASK_KEY" WHERE "UTASK_KEY" = ?, encoding=3
2019-12-03 19:33:30.001073|trace|My_SQLDBC_PreparedStatement_prepare_2, pThis=000001C265D64A20, sql=UPDATE "ARFCSSTATE" SET "ARFCSTATE" = ? , "ARFCFNAM" = ? , "ARFCRETURN" = ? , "ARFCUZEIT" = ? , "ARFCDATUM" = ? , "ARFCUSER" = ? , "ARFCRETRYS" = ? , "ARFCTCODE" = ? , "ARFCRHOST" = ? , "ARFCMSG" = ? , "ARFCRESERV" = ? , "HASH" = ? WHERE "ARFCIPID" = ? AND "ARFCPID" = ? AND "ARFCTIME" = ? AND "ARFCTIDCNT" = ? AND "ARFCDEST" = ? AND "ARFCLUWCNT" = ?, encod=3
2019-12-03 19:33:30.001073|trace|My_SQLDBC_PreparedStatement_prepare_3, this=000001C265D64A20, sql=UPDATE "ARFCSSTATE" SET "ARFCSTATE" = ? , "ARFCFNAM" = ? , "ARFCRETURN" = ? , "ARFCUZEIT" = ? , "ARFCDATUM" = ? , "ARFCUSER" = ? , "ARFCRETRYS" = ? , "ARFCTCODE" = ? , "ARFCRHOST" = ? , "ARFCMSG" = ? , "ARFCRESERV" = ? , "HASH" = ? WHERE "ARFCIPID" = ? AND "ARFCPID" = ? AND "ARFCTIME" = ? AND "ARFCTIDCNT" = ? AND "ARFCDEST" = ? AND "ARFCLUWCNT" = ?, encoding=3
2019-12-03 19:33:30.001073|trace|My_SQLDBC_PreparedStatement_prepare_2, pThis=000001C265D4B620, sql=SELECT "MANDT" , "DEST" , "TYPE" , "WKSTATE" , "MAXCONN" , "MAXTIME" , "DATUM" , "UZEIT" , "USERID" , "GROUPDEST" , "RFCMESS" , "QNAME" , "NACTIVE" , "HOSTID" , "QRFCONLY" , "SCHED_WATCH" FROM "QSENDDEST" WHERE "MANDT" = ? AND "DEST" = ? LIMIT 1, encod=3
2019-12-03 19:33:30.001073|trace|My_SQLDBC_PreparedStatement_prepare_3, this=000001C265D4B620, sql=SELECT "MANDT" , "DEST" , "TYPE" , "WKSTATE" , "MAXCONN" , "MAXTIME" , "DATUM" , "UZEIT" , "USERID" , "GROUPDEST" , "RFCMESS" , "QNAME" , "NACTIVE" , "HOSTID" , "QRFCONLY" , "SCHED_WATCH" FROM "QSENDDEST" WHERE "MANDT" = ? AND "DEST" = ? LIMIT 1, encoding=3
2019-12-03 19:33:30.001073|trace|My_SQLDBC_PreparedStatement_prepare_2, pThis=000001C265D7A450, sql=SELECT "MANDT" , "DEST" , "TYPE" , "WKSTATE" , "MAXCONN" , "MAXTIME" , "DATUM" , "UZEIT" , "USERID" , "GROUPDEST" , "RFCMESS" , "QNAME" , "NACTIVE" , "HOSTID" , "QRFCONLY" , "SCHED_WATCH" FROM "QSENDDEST" WHERE "MANDT" = ? AND "DEST" = N'%QSEND_SCHEDULER' LIMIT 1, encod=3
2019-12-03 19:33:30.001073|trace|My_SQLDBC_PreparedStatement_prepare_3, this=000001C265D7A450, sql=SELECT "MANDT" , "DEST" , "TYPE" , "WKSTATE" , "MAXCONN" , "MAXTIME" , "DATUM" , "UZEIT" , "USERID" , "GROUPDEST" , "RFCMESS" , "QNAME" , "NACTIVE" , "HOSTID" , "QRFCONLY" , "SCHED_WATCH" FROM "QSENDDEST" WHERE "MANDT" = ? AND "DEST" = N'%QSEND_SCHEDULER' LIMIT 1, encoding=3
2019-12-03 19:33:30.001073|trace|My_SQLDBC_PreparedStatement_prepare_2, pThis=000001C265D79C90, sql=SELECT "MANDT" , "DEST" , "TYPE" , "WKSTATE" , "MAXCONN" , "MAXTIME" , "DATUM" , "UZEIT" , "USERID" , "GROUPDEST" , "RFCMESS" , "QNAME" , "NACTIVE" , "HOSTID" , "QRFCONLY" , "SCHED_WATCH" FROM "QSENDDEST" WHERE "MANDT" = ? AND "DEST" = N'%QSEND_SCHEDULER' FOR UPDATE, encod=3
2019-12-03 19:33:30.001073|trace|My_SQLDBC_PreparedStatement_prepare_3, this=000001C265D79C90, sql=SELECT "MANDT" , "DEST" , "TYPE" , "WKSTATE" , "MAXCONN" , "MAXTIME" , "DATUM" , "UZEIT" , "USERID" , "GROUPDEST" , "RFCMESS" , "QNAME" , "NACTIVE" , "HOSTID" , "QRFCONLY" , "SCHED_WATCH" FROM "QSENDDEST" WHERE "MANDT" = ? AND "DEST" = N'%QSEND_SCHEDULER' FOR UPDATE, encoding=3
2019-12-03 19:33:30.001073|trace|My_SQLDBC_PreparedStatement_prepare_2, pThis=000001C265D79BD0, sql=UPDATE "QSENDDEST" SET "TYPE" = ? , "WKSTATE" = ? , "MAXCONN" = ? , "MAXTIME" = ? , "DATUM" = ? , "UZEIT" = ? , "USERID" = ? , "GROUPDEST" = ? , "RFCMESS" = ? , "QNAME" = ? , "NACTIVE" = ? , "HOSTID" = ? , "QRFCONLY" = ? , "SCHED_WATCH" = ? WHERE "MANDT" = ? AND "DEST" = ?, encod=3
2019-12-03 19:33:30.001073|trace|My_SQLDBC_PreparedStatement_prepare_3, this=000001C265D79BD0, sql=UPDATE "QSENDDEST" SET "TYPE" = ? , "WKSTATE" = ? , "MAXCONN" = ? , "MAXTIME" = ? , "DATUM" = ? , "UZEIT" = ? , "USERID" = ? , "GROUPDEST" = ? , "RFCMESS" = ? , "QNAME" = ? , "NACTIVE" = ? , "HOSTID" = ? , "QRFCONLY" = ? , "SCHED_WATCH" = ? WHERE "MANDT" = ? AND "DEST" = ?, encoding=3
2019-12-03 19:33:30.016697|trace|My_SQLDBC_PreparedStatement_prepare_2, pThis=000001C265D7A690, sql=DELETE FROM "VBMOD" WHERE "VBKEY" = ?, encod=3
2019-12-03 19:33:30.016697|trace|My_SQLDBC_PreparedStatement_prepare_3, this=000001C265D7A690, sql=DELETE FROM "VBMOD" WHERE "VBKEY" = ?, encoding=3
2019-12-03 19:33:30.016697|trace|My_SQLDBC_PreparedStatement_prepare_2, pThis=000001C265D7A050, sql=DELETE FROM "VBDATA" WHERE "VBKEY" = ?, encod=3
2019-12-03 19:33:30.016697|trace|My_SQLDBC_PreparedStatement_prepare_3, this=000001C265D7A050, sql=DELETE FROM "VBDATA" WHERE "VBKEY" = ?, encoding=3
2019-12-03 19:33:30.016697|trace|My_SQLDBC_PreparedStatement_prepare_2, pThis=000001C265D79810, sql=DELETE FROM "VBHDR" WHERE "VBKEY" = ?, encod=3
2019-12-03 19:33:30.016697|trace|My_SQLDBC_PreparedStatement_prepare_3, this=000001C265D79810, sql=DELETE FROM "VBHDR" WHERE "VBKEY" = ?, encoding=3
