SELECT "ABAP_PROGNAME" FROM "D010DBOBJ" WHERE "ABAP_PROGNAME" = ? LIMIT 1
SELECT "AUTHCKMAN" FROM "TBTCO" WHERE "JOBNAME" = ? AND "JOBCOUNT" = ? LIMIT 1
SELECT "BCSET" FROM "SFW_BCSET" WHERE "SFW_CLIENT" = ? LIMIT 1
SELECT "BFUNCTION" , "VERSION" , "DOKCLASS" , "DOKNAME" FROM "SFW_BFC_RN" WHERE "BFUNCTION" = ? AND "VERSION" = ? LIMIT 1
SELECT "BFUNCTION" , "VERSION" , "IS_SYSTEM" , "AUTHOR" , "CREATEDON" , "CHANGEDBY" , "CHANGEDON" , "TIMESTAMP" , "TYPE" , "REVERSIBLE" , "OBSOLETE" , "COMPONENT" , "FROM_RELEASE" , "S4H_OP_STATE" , "S4H_MC_STATE" , "S4H_PC_STATE" FROM "SFW_BF" WHERE "BFUNCTION" = ? AND "VERSION" = ? LIMIT 1
SELECT "BFUNCTION" , "VERSION" , "OBJECT_CLASS" , "TOPIC_OBJECT_ID" , "STR_OBJECT_ID" , "PREFIX" , "DOCNAME" FROM "SFW_BFC_KW" WHERE "BFUNCTION" = ? AND "VERSION" = ? LIMIT 1
SELECT "BFUNCTION" , "VERSION" , "STRUCTURE_ID" FROM "SFW_BFC_TC" WHERE "BFUNCTION" = ? AND "VERSION" = ? LIMIT 1
SELECT "BFUNCTION" FROM "SFW_BF_CHANGE" LIMIT 1
SELECT "BO" . "BO_KEY" FROM "/BOBF/OBM_NODE" "NODE" INNER JOIN "/BOBF/OBM_BO" "BO" ON "NODE" . "NAME" = "BO" . "BO_NAME" WHERE "NODE" . "NODE_NAME" = ? LIMIT 1
SELECT "C" . "MANDT" , "C" . "QUEUENAME" , "R" . "STATUS" , "C" . "MODULENAME" , "R" . "LASTMSG" , "R" . "LASTERROR" , "C" . "QLNGNAME" FROM "SMOHRRQCUST" "C" INNER JOIN "SMOHRRQRT" "R" ON "C" . "MANDT" = "R" . "MANDT" AND "C" . "QUEUENAME" = "R" . "QUEUENAME" WHERE "C" . "MANDT" = N'000' AND "C" . "QUEUENAME" = N'QD' LIMIT 1
SELECT "CHECK_NAME" , "ACTIVE" FROM "PATCHECK" WHERE "OCS_TOOL" IN ( ? , ? )
SELECT "CHG_TSTMP" , "LOAD_TSTMP" , "LOAD_VERSION" , "LOAD_DATA" FROM "DDANNOLOAD" WHERE "ENTITY" = ? AND "VARIANT" = ? AND "DDLS_EXTEND" = ? AND "METADATA_EXTENSION" = ? AND "STATE" = N'V' LIMIT 1
SELECT "CLIENT" , "ADDRNUMBER" , "PERSNUMBER" , "DATE_FROM" , "NATION" , "DATE_TO" , "COMP_PERS" , "SO_KEY" , "DEPARTMENT" , "FUNCTION" , "BUILDING" , "FLOOR" , "ROOMNUMBER" , "ID_CODE" , "IH_MAIL" , "SORT1" , "SORT2" , "SORT_PHN" , "ALT_COMPNY" , "DEFLT_COMM" , "TEL_NUMBER" , "TEL_EXTENS" , "FAX_NUMBER" , "FAX_EXTENS" , "FLAGCOMM2" , "FLAGCOMM3" , "FLAGCOMM4" , "FLAGCOMM5" , "FLAGCOMM6" , "FLAGCOMM7" , "FLAGCOMM8" , "FLAGCOMM9" , "FLAGCOMM10" , "FLAGCOMM11" , "FLAGCOMM12" , "FLAGCOMM13" , "ADCP_UUID" , "UUID_BELATED" , "ID_CATEGORY" , "ADCP_ERR_STATUS" , "XPCPT" , "_DATAAGING" FROM "ADCP" WHERE "CLIENT" = ? AND "ADDRNUMBER" = ? AND "PERSNUMBER" = ? AND "NATION" = N''
SELECT "CLIENT" , "OBJECT" , "SUBOBJECT" , "NRRANGENR" , "TOYEAR" , "FROMNUMBER" , "TONUMBER" , "NRLEVEL" , "EXTERNIND" FROM "NRIV" WHERE "CLIENT" = ? AND "OBJECT" = ? AND "SUBOBJECT" = ? AND "NRRANGENR" = ? AND "TOYEAR" = ? FOR UPDATE
SELECT "CLIENT" , "OBJECT" , "SUBOBJECT" , "NRRANGENR" , "TOYEAR" , "FROMNUMBER" , "TONUMBER" , "NRLEVEL" , "EXTERNIND" FROM "NRIV" WHERE "CLIENT" = ? AND "OBJECT" = ? AND "SUBOBJECT" = ? AND "NRRANGENR" = ? AND "TOYEAR" = N'0000' LIMIT 1
SELECT "CTXTTEXT" FROM "TBTCCNTXT" WHERE "JOBNAME" = ? AND "JOBCOUNT" = ? AND "CTXTTYPE" = N'TIMEZONE' AND "CTXTVAL" = N'' LIMIT 1
SELECT "CUSERNAME" , "DEBUGID" , "SYSTDEBUG" , "SERVER" , "CALL_URL" FROM "ICFATTRIB" WHERE "CLIENT" = ? AND "USERNAME" = ? AND "CIPADDR" = ? AND "ATTRIBUTE" = ? AND ( "URL" = ? OR "URL" = ? AND "SERVER" = ? ) AND ( "CDATE" = ? AND ( "TIMEOUT" > ? OR "CTIME" < ? AND "TIMEOUT" <= ? ) OR "CDATE" = ? AND "TIMEOUT" > ? AND "TIMEOUT" <= ? )
SELECT "DATA" FROM "REPOSRC" WHERE "PROGNAME" = ? AND "R3STATE" = ?
SELECT "DELETION_GROUP" FROM "BGRFC_CUST_O_SYS" WHERE "ENTRY_ID" = N'SYSTEM' LIMIT 1
SELECT "DELETION_TIME" FROM "BGRFC_CUST_I_SYS" WHERE "ENTRY_ID" = N'SYSTEM' LIMIT 1
SELECT "DELETION_TIME" FROM "BGRFC_CUST_O_SYS" WHERE "ENTRY_ID" = N'SYSTEM' LIMIT 1
SELECT "DEVCLASS" , "VERSION" , "SWITCH_ID" FROM "D010PACKAGE" WHERE "DEVCLASS" = ? AND "VERSION" = ? ORDER BY "DEVCLASS" , "VERSION" , "SWITCH_ID"
SELECT "DTS_INSTANCE" , "TRACE" , "USE_SLD" , "DAYS_UNTIL_CHECK" , "DATE_LAST_CHECK" , "CHECK_SLD_NOW" , "LAST_CHG_USER" , "LAST_CHG_DATE" , "LAST_CHG_TIME" , "SCHED_JOB_REPEAT" , "MAP_JOB_REPEAT" FROM "ALDTSCTRL" WHERE "DTS_INSTANCE" = N'CCMS_DTS_Control_Record' LIMIT 1
SELECT "ENHNAME" , "VERSION" , "SORT_LEVEL" FROM "ENHSORT" WHERE "ENHNAME" = ? AND "VERSION" = ? ORDER BY "ENHNAME" , "VERSION"
SELECT "ENHNAME" FROM "SFW_ENHIMPL" WHERE "ENHOBJTYPE" = N'' LIMIT 1
SELECT "ENHSPOT" , "VERSION" FROM "ENHSPOTHEADER" WHERE "ENHSPOT" = ? AND "VERSION" = ? ORDER BY "ENHSPOT" , "VERSION"
SELECT "ICM_USER" , "LAST_USER" , "LAST_DATE" FROM "TRX_BC_RESET_INF" WHERE "ICM_USER" = N'(^O^)<(_ _)>' LIMIT 1
SELECT "INCLUDE" FROM "D010INC" WHERE "MASTER" = ? ORDER BY INCLUDE
SELECT "INST_NAME" , "LAST_TIME" , "LAST_DATE" , "DUMMYTXT" FROM "ALTSTLOD"
SELECT "JOBNAME" , "JOBCOUNT" , "CTXTTYPE" , "CTXTVAL" , "CTXTTEXT" FROM "TBTCCNTXT" WHERE "JOBNAME" = ? AND "JOBCOUNT" = ? AND "CTXTTYPE" = N'INTERCEPTED' LIMIT 1
SELECT "JOBNAME" , "JOBCOUNT" , "JOBGROUP" , "INTREPORT" , "STEPCOUNT" , "SDLSTRTDT" , "SDLSTRTTM" , "BTCSYSTEM" , "SDLDATE" , "SDLTIME" , "SDLUNAME" , "LASTCHDATE" , "LASTCHTIME" , "LASTCHNAME" , "RELDATE" , "RELTIME" , "RELUNAME" , "STRTDATE" , "STRTTIME" , "ENDDATE" , "ENDTIME" , "PRDMINS" , "PRDHOURS" , "PRDDAYS" , "PRDWEEKS" , "PRDMONTHS" , "PERIODIC" , "DELANFREP" , "EMERGMODE" , "STATUS" , "NEWFLAG" , "AUTHCKNAM" , "AUTHCKMAN" , "SUCCNUM" , "PREDNUM" , "JOBLOG" , "LASTSTRTDT" , "LASTSTRTTM" , "WPNUMBER" , "WPPROCID" , "EVENTID" , "EVENTPARM" , "BTCSYSREAX" , "JOBCLASS" , "PRIORITY" , "EVENTCOUNT" , "CHECKSTAT" , "CALENDARID" , "PRDBEHAV" , "EXECSERVER" , "EOMCORRECT" , "CALCORRECT" , "REAXSERVER" , "RECLOGSYS" , "RECOBJTYPE" , "RECOBJKEY" , "RECDESCRIB" , "TGTSRVGRP" FROM "TBTCO" WHERE "JOBNAME" = ? AND "JOBCOUNT" = ? AND "STATUS" = N'P' LIMIT 1
SELECT "JOBNAME" , "JOBCOUNT" , "JOBGROUP" , "INTREPORT" , "STEPCOUNT" , "SDLSTRTDT" , "SDLSTRTTM" , "BTCSYSTEM" , "SDLDATE" , "SDLTIME" , "SDLUNAME" , "LASTCHDATE" , "LASTCHTIME" , "LASTCHNAME" , "RELDATE" , "RELTIME" , "RELUNAME" , "STRTDATE" , "STRTTIME" , "ENDDATE" , "ENDTIME" , "PRDMINS" , "PRDHOURS" , "PRDDAYS" , "PRDWEEKS" , "PRDMONTHS" , "PERIODIC" , "DELANFREP" , "EMERGMODE" , "STATUS" , "NEWFLAG" , "AUTHCKNAM" , "AUTHCKMAN" , "SUCCNUM" , "PREDNUM" , "JOBLOG" , "LASTSTRTDT" , "LASTSTRTTM" , "WPNUMBER" , "WPPROCID" , "EVENTID" , "EVENTPARM" , "BTCSYSREAX" , "JOBCLASS" , "PRIORITY" , "EVENTCOUNT" , "CHECKSTAT" , "CALENDARID" , "PRDBEHAV" , "EXECSERVER" , "EOMCORRECT" , "CALCORRECT" , "REAXSERVER" , "RECLOGSYS" , "RECOBJTYPE" , "RECOBJKEY" , "RECDESCRIB" , "TGTSRVGRP" FROM "TBTCO" WHERE "JOBNAME" = N'R_JR_BTCJOBS_GENERATOR' AND "AUTHCKMAN" = ? AND ( "STATUS" = N'R' OR "STATUS" = N'Y' ) LIMIT 1
SELECT "KEY1" , "KEY2" , "APPL" , "PRDATE" , "REORG" , "PDEST" , "PRCOP" , "PLIST" , "PRTXT" , "PRIMM" , "PRREL" , "PRNEW" , "PEXPI" , "LINCT" , "LINSZ" , "PAART" , "PRBIG" , "PRSAP" , "PRREC" , "PRABT" , "PRBER" , "PRDSN" , "PTYPE" , "ARMOD" , "FOOTL" , "PRIOT" , "PRUNX" , "PRCHK" , "PARLISTLEN" , "PARAMLIST" FROM "TPRI_PAR" WHERE "PRCHK" = ?
SELECT "MANDT" , "BNAME" , "BCODE" , "GLTGV" , "GLTGB" , "USTYP" , "CLASS" , "LOCNT" , "UFLAG" , "ACCNT" , "ANAME" , "ERDAT" , "TRDAT" , "LTIME" , "OCOD1" , "BCDA1" , "CODV1" , "OCOD2" , "BCDA2" , "CODV2" , "OCOD3" , "BCDA3" , "CODV3" , "OCOD4" , "BCDA4" , "CODV4" , "OCOD5" , "BCDA5" , "CODV5" , "VERSN" , "CODVN" , "TZONE" , "ZBVMASTER" , "PASSCODE" , "PWDCHGDATE" , "PWDSTATE" , "RESERVED" , "PWDHISTORY" , "PWDLGNDATE" , "PWDSETDATE" , "PWDINITIAL" , "PWDLOCKDATE" , "PWDSALTEDHASH" , "SECURITY_POLICY" FROM "USR02" WHERE "MANDT" = ? AND "BNAME" = ? LIMIT 1
SELECT "MANDT" , "BNAME" , "PERSNUMBER" , "ADDRNUMBER" , "KOSTL" , "START_MENU" , "IDADTYPE" , "BPPERSON" , "ORGANIZATION" , "RESPONSIBLE" , "TECHDESC" , "IDENTITY_GUID" , "TEMPLATE_ORGTYPE" , "TEMPLATE_ORGADDR" FROM "USR21" WHERE "MANDT" = ? AND "BNAME" = ? LIMIT 1
SELECT "MANDT" , "MTEXT" , "ORT01" , "MWAER" , "ADRNR" , "CCCATEGORY" , "CCCORACTIV" , "CCNOCLIIND" , "CCCOPYLOCK" , "CCNOCASCAD" , "CCSOFTLOCK" , "CCORIGCONT" , "CCIMAILDIS" , "CCTEMPLOCK" , "CHANGEUSER" , "CHANGEDATE" , "LOGSYS" FROM "T000" WHERE "MANDT" = ? LIMIT 1
SELECT "MANDT" , "RELID" , "BNAME" , "SRTF2" , "CLUSTR" , "CLUSTD" FROM "TPRI_DEF" WHERE "MANDT" = ? AND "RELID" = ? AND "BNAME" = ? AND "SRTF2" >= ? ORDER BY "MANDT" , "RELID" , "BNAME" , "SRTF2"
SELECT "MANDT" , "RELID" , "REPORT" , "VARIANT" , "SRTF2" , "VDATE" , "VTIME" , "VERNR" , "CLUSTR" , "CLUSTD" FROM "VARI" WHERE "MANDT" = ? AND "RELID" = ? AND "REPORT" = ? AND "VARIANT" = ? AND "SRTF2" >= ? ORDER BY "MANDT" , "RELID" , "REPORT" , "VARIANT" , "SRTF2"
SELECT "MANDT" , "SEMANTICS" , "TYPE" , "LANGUAGE" , "DESCRIPTION" , "MODIFIED_BY" , "MODIFIED_AT" FROM "ESH_CU_SEMT" WHERE "MANDT" = ? AND "LANGUAGE" = ? AND "SEMANTICS" = ? AND "TYPE" = ? LIMIT 1
SELECT "MASTER" FROM "D010INC" WHERE "INCLUDE" = ? ORDER BY MASTER
SELECT "METHODNAME" , "METHODINDX" , "FLAGS" FROM "TMDIR" WHERE "CLASSNAME" = ? ORDER BY "METHODINDX"
SELECT "MON_CLIENT" , "TCODE" , "MO_NAME" , "MTECLASS" , "SERVER_ID" , "CUSGRPNAME" FROM "ALTRAMONI"
SELECT "MON_CLIENT" , "TCODE" , "MO_NAME" , "MTECLASS" , "SERVER_ID" , "CUSGRPNAME" FROM "ALTRAMONI" WHERE "MO_NAME" = ?
SELECT "MON_CLIENT" , "TCODE" , "MO_NAME" , "MTECLASS" , "SERVER_ID" , "CUSGRPNAME" FROM "ALTRAMONI" WHERE "TCODE" = ? AND "MON_CLIENT" = N'*'
SELECT "NAME" , "VALUE" FROM "SSOI_DEPLOYPARAM" WHERE "NAME" = ? LIMIT 1
SELECT "OBJECT" FROM "DWINACTIV" WHERE "OBJECT" = ? AND "OBJ_NAME" = ? AND "UNAME" = ? LIMIT 1
SELECT "OCS_TOOL" , "PATCH" , "COMPONENT" , "COMP_REL" , "ADDON_ID" , "ADDON_REL" , "RESPONSIBL" , "IMPLE_DATE" , "IMPLE_TIME" , "STATUS" , "IMPL_MANDT" , "BTCH_STATE" , "QUEUE_ID" FROM "PAT10"
SELECT "PARVAL1" FROM "SMOHGLOBCFG" WHERE "PARSFAKEY" = N'RRS_COMMON' AND "PARNAME" = N'ENABLE_RR_BULK_PROCESSING' LIMIT 1
SELECT "PGMID" , "OBJECT" , "OBJ_NAME" , "KORRNUM" , "SRCSYSTEM" , "AUTHOR" , "SRCDEP" , "DEVCLASS" , "GENFLAG" , "EDTFLAG" , "CPROJECT" , "MASTERLANG" , "VERSID" , "PAKNOCHECK" , "OBJSTABLTY" , "COMPONENT" , "CRELEASE" , "DELFLAG" , "TRANSLTTXT" , "CREATED_ON" , "CHECK_DATE" , "CHECK_CFG" FROM "TADIR" WHERE "PGMID" = N'HEAD' AND "OBJECT" = N'SYST' AND "OBJ_NAME" = N'' LIMIT 1
SELECT "PROGNAME" , "OBJ_NAME" , "OBJECT" , "COVRESET1" , "COVRESET2" , "COVR1_COND" , "HASTADIR" , "INIT" , "UP_SDATE" , "UP_STIME" , "UNICODE" , "UNICO_COND" , "VERSION" FROM "COVREF" WHERE "RELID" = N'AT' AND "PROGNAME" = ? AND "SRTF2" = 0 LIMIT 1
SELECT "PROGNAME" , "PROG_HASH_GEN" , "OFFSET_HASH_GEN" , "METADATA" FROM "COV_GENDATA" WHERE "PROGNAME" = ? LIMIT 1
SELECT "QDATA" FROM "REPOLOAD" WHERE "PROGNAME" = ? AND "R3STATE" = ? AND "MACH" = ? AND "MAJOR_VERS" = ?
SELECT "RELID" , "NAME" , "SORTFIELD" , "CLUSTR" , "CLUSTD" FROM "DWTREE" WHERE "RELID" = ? AND "NAME" = ? AND "SORTFIELD" >= ? ORDER BY "RELID" , "NAME" , "SORTFIELD"
SELECT "RELID" , "NAME" , "SPRSL" , "SRTF2" , "LANGU" , "AUTOR" , "DATUM" , "ZEIT" , "VAUTOR" , "VDATUM" , "VZEIT" , "GDATUM" , "GZEIT" , "GSDATUM" , "GSZEIT" , "VERSION" , "CLUSTR" , "CLUSTD" FROM "EUDB" WHERE "RELID" = ? AND "NAME" = ? AND "SPRSL" = ? AND "SRTF2" >= ? ORDER BY "RELID" , "NAME" , "SPRSL" , "SRTF2"
SELECT "RELID" , "NAME" , "SPRSL" , "SRTF2" , "LANGU" , "AUTOR" , "DATUM" , "ZEIT" , "VAUTOR" , "VDATUM" , "VZEIT" , "GDATUM" , "GZEIT" , "GSDATUM" , "GSZEIT" , "VERSION" , "CLUSTR" , "CLUSTD" FROM "EUDB" WHERE "RELID" = ? AND "NAME" = ? AND "SPRSL" = N'D' AND "SRTF2" = 0 LIMIT 1
SELECT "RETRY_TIMESTAMP" FROM "D010DBOBJDEL" WHERE "DBOBJ_NAME" = ? AND "DBOBJ_KIND" = N'F' AND "DBOBJ_VERS" = 0 LIMIT 1
SELECT "RETRY_TIMESTAMP" FROM "D010DBOBJDEL" WHERE "DBOBJ_NAME" = ? AND "DBOBJ_KIND" = N'P' AND "DBOBJ_VERS" = 0 LIMIT 1
SELECT "SDATE" , "STIME" , "IDATE" , "ITIME" , "UNAM" , "UDAT" , "UTIME" , "SQLX" , "EDTX" , "DBNA" , "CLAS" , "TYPE" , "OCCURS" , "SUBC" , "APPL" , "SECU" , "CNAM" , "CDAT" , "VERN" , "LEVL" , "RSTAT" , "RMAND" , "RLOAD" , "DATALG" , "VARCL" , "DBAPL" , "FIXPT" , "SSET" , "LDBNAME" , "UCCHECK" , "MAXLINELN" FROM "REPOSRC" WHERE "PROGNAME" = ? AND "R3STATE" = ? FOR UPDATE
SELECT "SDATE" , "STIME" FROM "REPOSRC" WHERE "PROGNAME" = ? AND "R3STATE" = N'A' LIMIT 1
SELECT "SEGID" , "SPART" , "LOADSEQ" , "CNTLKIND" , "CHARSUNIQ" , "POINTSUNIQ" FROM "TCPSBUILD" WHERE "SEGID" = ? ORDER BY "SEGID" , "SPART"
SELECT "SPOPTION" , "VALUE" FROM "TSPOPTIONS" WHERE "SPOPTION" = N'DYN_LISTFORMAT' LIMIT 1
SELECT "SPOPTION" , "VALUE" FROM "TSPOPTIONS" WHERE "SPOPTION" = N'RSDSSPTI_SCAN' FOR UPDATE
SELECT "START_GEN_NOT_BEFORE" FROM "D010DBOBJGEN" LIMIT 1
SELECT "SUBC" , "SECU" FROM "TRDIR" WHERE "NAME" = ? LIMIT 1
SELECT "SWITCH" FROM "SFW_SW_CHANGE" LIMIT 1
SELECT "SWITCH_ID" FROM "SFW_STATECHANGE" LIMIT 1
SELECT "SYM_GRP" , "SYM_KEY" , "SYM_VAL" FROM "TUCON" WHERE "SYM_GRP" = N'Cert.Check' AND "SYM_KEY" = N'AUTOABAP' LIMIT 1
SELECT "SYM_GRP" , "SYM_KEY" , "SYM_VAL" FROM "TUCON" WHERE "SYM_GRP" = N'Cert.Check' AND "SYM_KEY" = N'LASTRUN' AND "SYM_VAL" LIKE ? LIMIT 1
SELECT "SYM_GRP" , "SYM_KEY" , "SYM_VAL" FROM "TUCON" WHERE "SYM_GRP" = N'Obj. Count' AND "SYM_KEY" = N'Last Cons.'
SELECT "SYSID" , "EPS_MON" , "SCENARIO" , "SCENARIO_AO" , "GENERATE" , "BACKUP" , "CREATE_DF" , "SAVE_DF" , "DISP_CONT" , "START_DIR" , "SAVE_LAST" , "DEL_FILE" , "INACT_IMP" , "C_MODE" , "CREATE_VRS" , "ONE_PATCH" , "HELP01" , "INACTIMPAO" , "HELP02" , "MIMPPRC_AO" , "BTCHPRC_AO" , "QUEUE_CALC" , "MODADJ_BND" , "AUTO_SPAU" , "DISP_INACT" , "DISP_UNUSD" , "REQ_SFXREP" , "SMP_USER" , "R3TRANSPRC" , "HELP03" , "HELP04" , "DDIC_ACT_SUBSET" , "INT_CCHECK" , "NO_STDXPRA" , "RTA_SNDFRM" , "RTA_SYSTYP" , "RTA_CNTACT" , "SKIPCONDITIONSUM" , "NO_SIG_CHECK" , "SKIPCONDITION" , "NO_STOP_RC6" , "IMP_SIG_CHECK" , "FREEZE_UPDATE" , "NO_AIM_REPEAT" , "CVOI_TIMEOUT" FROM "PAT05" WHERE "SYSID" = ? LIMIT 1
SELECT "T2" . "STRUCOBJN" FROM "DD02BND" "T1" INNER JOIN "DD02BND" "T2" ON "T1" . "ACCESSCTRL_NOT_ALLOWED" = ? AND "T1" . "STRUCOBJN" = "T2" . "ACCESSCTRL_TARGET" AND "T1" . "AS4LOCAL" = "T2" . "AS4LOCAL" WHERE "T2" . "ACCESSCTRL_TARGET" = ? AND "T1" . "AS4LOCAL" = ? LIMIT 1
SELECT "TABNAME" FROM "D010TAB" WHERE "MASTER" = ? ORDER BY TABNAME
SELECT "TASKTIMES" FROM "TASK_VITA_DATA" WHERE "TASKMANDT" = N'000' AND "TASKKEY" = ? LIMIT 1
SELECT "TIMESTAMP" FROM "SRT_MONI_TS" WHERE "CALLER_PROGRAM" = ? LIMIT 1
SELECT "TREX_RFCDEST" FROM "ESH_ADM_TREX" WHERE "MANDT" = ? AND "ESH_KEY" = N'ESH' LIMIT 1
SELECT "TYPE" FROM "SFW_DDIC_WRKLIST" LIMIT 1
SELECT "UCCHECK" FROM "TRDIR" WHERE "NAME" = ? LIMIT 1
SELECT "VBKEY" , "VBMANDT" , "VBUSR" , "VBACCNT" , "VBREPORT" , "VBTCODE" , "VBENQKEY" , "VBRC" , "VBNAME" , "VBCONTEXT" , "VBSTATE" , "VBCLIINFO" , "VBLANG" , "VBDATFM" , "VBDCPFM" , "VBDATE" , "VBTRANSID" , "VBETRANSID" , "VBETRANSLN" , "VBCLINAME" , "VBZONLO" , "VBTIMOFF" , "TEMPERATURE" , "MEMORY_EXEMPTION" FROM "VBHDR" WHERE "VBNAME" = ? AND "VBSTATE" = ? AND "VBRC" = ? AND "VBDATE" < ?
SELECT * FROM "TRDIR" WHERE "NAME" = ? LIMIT 1
SELECT /* Buffer Loading */ "CLIENT" , "DEV_PREFIX" , "DEV_PREFIX_SHORT" , "IS_DEFAULT_PREFIX" , "IS_ABAP_NAMESPACE" , "IS_CHANGE_ITEMS_ALLOWED" , "IS_CREATE_ITEMS_ALLOWED" , "IS_TRANSPORT_ALLOWED" , "IS_TEMPLATE_IMPORT_ALLOWED" , "IS_TEMPLATE_EXPORT_ALLOWED" , "CATEGORY" , "CREATED_BY" , "CREATED_AT" , "LAST_CHANGED_BY" , "LAST_CHANGED_AT" , "DESCRIPTION" , "PROVIDER_DESCRIPTION" FROM "ATO_PREFIX_SET" WHERE "CLIENT" = ? ORDER BY "ATO_PREFIX_SET" . "CLIENT" , "ATO_PREFIX_SET" . "DEV_PREFIX"
SELECT /* Buffer Loading */ "CLSNAME" , "REFCLSNAME" , "VERSION" , "STATE" FROM "VSEOIFCOMP" WHERE "CLSNAME" = ? ORDER BY "VSEOIFCOMP" . "CLSNAME" , "VSEOIFCOMP" . "REFCLSNAME" , "VSEOIFCOMP" . "VERSION"
SELECT /* Buffer Loading */ "CLSNAME" , "REFCLSNAME" , "VERSION" , "STATE" FROM "VSEOIFIMPL" WHERE "CLSNAME" = ? ORDER BY "VSEOIFIMPL" . "CLSNAME" , "VSEOIFIMPL" . "REFCLSNAME" , "VSEOIFIMPL" . "VERSION"
SELECT /* Buffer Loading */ "CLSNAME" , "REFCLSNAME" , "VERSION" , "STATE" FROM "VSEOPARENT" WHERE "CLSNAME" = ? ORDER BY "VSEOPARENT" . "CLSNAME" , "VSEOPARENT" . "REFCLSNAME" , "VSEOPARENT" . "VERSION"
SELECT /* Buffer Loading */ "DP_SERVER_NAME" , "RFC_SERVER_NAME" , "SCHEDULER_CNT" , "TASK_CNT_MAX" , "GW_RESOURCES" , "IDLE_TIME" , "LB_EXP_TIME" , "DEST_CNT_MAX" , "ORIG_USER" , "ORIG_CLIENT" , "ORIG_DATE" , "ORIG_TIME" FROM "BGRFC_CUST_I_SRV" ORDER BY "BGRFC_CUST_I_SRV" . "DP_SERVER_NAME"
SELECT /* Buffer Loading */ "DP_SERVER_NAME" , "RFC_SERVER_NAME" , "SCHEDULER_CNT" , "TASK_CNT_MAX" , "GW_RESOURCES" , "IDLE_TIME" , "LB_EXP_TIME" , "DEST_CNT_MAX" , "ORIG_USER" , "ORIG_CLIENT" , "ORIG_DATE" , "ORIG_TIME" FROM "BGRFC_CUST_O_SRV" ORDER BY "BGRFC_CUST_O_SRV" . "DP_SERVER_NAME"
SELECT /* Buffer Loading */ "EX_CLT" , "EX_USER" FROM "USER_EXEMPTION" WHERE "EX_CLT" = ? AND "EX_USER" = ?
SELECT /* Buffer Loading */ "HDB_USER" , "TRACE" , "LAST_USER_TRACE" , "LAST_DATE_TRACE" , "SEARCH_MODE" , "LAST_USER_SEARCH_MODE" , "LAST_DATE_SEARCH_MODE" , "OLAP_SEARCH_MODE" , "LAST_USER_OLAP_SEARCH_MODE" , "LAST_DATE_OLAP_SEARCH_MODE" , "OLAP_CHUNK_MODE" , "LAST_USER_OLAP_CHUNK_MODE" , "LAST_DATE_OLAP_CHUNK_MODE" FROM "HDB_ABAPCLIENT2" WHERE "HDB_USER" = ?
SELECT /* Buffer Loading */ "ICM_USER" , "COMPRESSION" , "AGGR_VIA_RFC" , "IDX_SVR_CACHE" , "USE_ICM" , "IPADDR" , "CONN_CLOSE" , "HTTP_TIME_OUT" , "COMM_FOR_AGGR" , "LAST_USER" , "LAST_DATE" FROM "TREXICM_GLOBAL2" ORDER BY "TREXICM_GLOBAL2" . "ICM_USER"
SELECT /* Buffer Loading */ "ID" , "OBJECT" , "LANGU" , "TYP" , "VERSION" , "MASTERLANG" , "TXTLINES" , "DOKSTATE" , "SELFDEF" FROM "DOKIL" WHERE "ID" = ? AND "OBJECT" = ? AND "LANGU" = ? AND "TYP" = ?
SELECT /* Buffer Loading */ "IS_ENH" , "PROGRAMNAME" , "VERSION" , "ENHNAME" , "ID" , "OVERWRITE" , "METHOD" , "ENHMODE" , "FULL_NAME" , "ENHINCLUDE" FROM "D010ENH" WHERE "IS_ENH" = ? AND "PROGRAMNAME" = ? ORDER BY "D010ENH" . "IS_ENH" , "D010ENH" . "PROGRAMNAME" , "D010ENH" . "VERSION" , "D010ENH" . "ENHNAME" , "D010ENH" . "ID"
SELECT /* Buffer Loading */ "MANDT" , "BNAME" , "PARID" , "PARVA" FROM "USR05" WHERE "MANDT" = ? AND "BNAME" = ? ORDER BY "USR05" . "MANDT" , "USR05" . "BNAME" , "USR05" . "PARID"
SELECT /* Buffer Loading */ "PGMID" , "OBJECT" , "OBJ_NAME" , "KORRNUM" , "SRCSYSTEM" , "AUTHOR" , "SRCDEP" , "DEVCLASS" , "GENFLAG" , "EDTFLAG" , "CPROJECT" , "MASTERLANG" , "VERSID" , "PAKNOCHECK" , "OBJSTABLTY" , "COMPONENT" , "CRELEASE" , "DELFLAG" , "TRANSLTTXT" , "CREATED_ON" , "CHECK_DATE" , "CHECK_CFG" FROM "TADIR" WHERE "PGMID" = ? AND "OBJECT" = ? AND "OBJ_NAME" = ?
SELECT /* Buffer Loading */ "RFCDEST" , "RFCTYPE" , "RFCOPTIONS" , "RFCOPTIONT" , "RFCOPTIONU" , "RFCOPTIONV" , "RFCOPTION1" , "RFCOPTION2" , "RFCOPTION3" , "RFCOPTION4" , "RFCOPTION5" , "RFCOPTION6" , "RFCOPTION7" , "RFCOPTION8" , "RFCOPTION9" , "RFCOPTIONA" , "RFCOPTIONB" FROM "RFCDES" WHERE "RFCDEST" = ?
SELECT /* Buffer Loading */ "SERVER" , "ACTIVE" , "UNAME" , "UDAT" , "UTIME" FROM "SHMM_TRC_GLOBAL" WHERE "SERVER" = ?
SELECT /* FDA READ */ "AS4LOCAL" FROM "DD02L" WHERE "TABNAME" = ? AND "AS4LOCAL" = ?
SELECT /* FDA READ */ "BFUNCTION" , "VERSION" , "DEPTYPE" , "BFUNCTION2" FROM "SFW_BF_DEPEND" WHERE "BFUNCTION" = ? AND "VERSION" = ? OR "VERSION" = N'A' AND "BFUNCTION2" = ?
SELECT /* FDA READ */ "BSET" FROM "SFW_BF_BS" WHERE "BFUNCTION" = ? AND "VERSION" = N'A'
SELECT /* FDA READ */ "BSET" FROM "SFW_BS_BF" WHERE "BFUNCTION" = ? AND "VERSION" = ?
SELECT /* FDA READ */ "BTCSERVER" , "CTLOBJ" , "BTCSYSTEM" , "TIMSTMPDT" , "TIMSTMPTM" , "TRACELEVEL" , "TRCTIMSTDT" , "TRCTIMSTTM" , "TRCCHUSR" , "OPMODE" , "OPMODTSTDT" , "OPMODTSTTM" , "OPMODCHUSR" FROM "BTCCTL" WHERE "CTLOBJ" = N'JOBDSDL' ORDER BY "BTCCTL" . "TIMSTMPDT" DESC , "BTCCTL" . "TIMSTMPTM" DESC
SELECT /* FDA READ */ "C" . "MANDT" , "C" . "QUEUENAME" , "R" . "STATUS" , "C" . "MODULENAME" , "R" . "LASTMSG" , "R" . "LASTERROR" , "C" . "QLNGNAME" FROM "SMOHRRQCUST" "C" INNER JOIN "SMOHRRQRT" "R" ON "C" . "MANDT" = "R" . "MANDT" AND "C" . "QUEUENAME" = "R" . "QUEUENAME" WHERE "C" . "QUEUENAME" <> N'QD'
SELECT /* FDA READ */ "CLASSNUM" , "CLASSNAME" , "GROUPTYPE" , "TIMERERD" , "LOGRERD" , "FAVTYPE" FROM "RZLLICLASS"
SELECT /* FDA READ */ "CLIENT" , "ARTIFACT" , "IDP_KEY" , "RESPONSE_IS_SIGNED" , "NOTBEFORE" , "NOTONORAFTER" , "RESPONSE" FROM "SAML2_RES_ARTFCT" WHERE "NOTONORAFTER" < ? LIMIT 1000
SELECT /* FDA READ */ "CLIENT" , "DRAFT_ENTITY" , "DRAFT_KEY" , "ACCESS_TYPE" , "ACTIVE_DOCUMENT_ETAG" , "ACTIVE_DOCUMENT_ID" , "CREATED_AT" , "CREATED_BY" , "ENQUEUE_CONTEXT" , "ENQUEUE_SINCE" , "IN_PROCESS_BY" , "IN_PROCESS_SINCE" , "KEPT_BY_USER" , "LAST_CHANGED_AT" , "LAST_CHANGED_BY" , "PRINCIPAL_DRAFT_ENTITY" , "PRINCIPAL_DRAFT_KEY" FROM /* Entity name: SDRAFT_LOCK_EXP */ "VDRAFT_LOCK_EXP" ( "P_EXPIRY_EVENT" => ? , "P_CURRENT_TIME" => ? , "P_GLOBAL_TOKEN" => ? ) "SDRAFT_LOCK_EXP" WHERE "CLIENT" >= ? AND "DRAFT_ENTITY" >= ? AND "DRAFT_ENTITY" <> N'<@@ADMIN_TRACE@@>' AND "DRAFT_KEY" > ? ORDER BY "SDRAFT_LOCK_EXP" . "CLIENT" , "SDRAFT_LOCK_EXP" . "DRAFT_ENTITY" , "SDRAFT_LOCK_EXP" . "DRAFT_KEY" LIMIT ?
SELECT /* FDA READ */ "CLIENT" , "DRAFT_ENTITY" , "DRAFT_KEY" , "ACCESS_TYPE" , "ACTIVE_DOCUMENT_ETAG" , "ACTIVE_DOCUMENT_ID" , "CREATED_AT" , "CREATED_BY" , "ENQUEUE_CONTEXT" , "ENQUEUE_SINCE" , "IN_PROCESS_BY" , "IN_PROCESS_SINCE" , "KEPT_BY_USER" , "LAST_CHANGED_AT" , "LAST_CHANGED_BY" , "PRINCIPAL_DRAFT_ENTITY" , "PRINCIPAL_DRAFT_KEY" FROM /* Entity name: SDRAFT_PROC_EXP */ "VDRAFT_PROC_EXP" ( "P_EXPIRY_EVENT" => ? , "P_CURRENT_TIME" => ? , "P_GLOBAL_TOKEN" => ? ) "SDRAFT_PROC_EXP" WHERE "CLIENT" >= ? AND "DRAFT_ENTITY" >= ? AND "DRAFT_ENTITY" <> N'<@@ADMIN_TRACE@@>' AND "DRAFT_KEY" > ? ORDER BY "SDRAFT_PROC_EXP" . "CLIENT" , "SDRAFT_PROC_EXP" . "DRAFT_ENTITY" , "SDRAFT_PROC_EXP" . "DRAFT_KEY" LIMIT ?
SELECT /* FDA READ */ "CLIENT" , "DRAFT_ENTITY" , "DRAFT_KEY" , "PRINCIPAL_DRAFT_ENTITY" , "PRINCIPAL_DRAFT_KEY" , "CREATED_AT" , "CREATED_BY" , "LAST_CHANGED_AT" , "LAST_CHANGED_BY" , "ACTIVE_DOCUMENT_ID" , "ACTIVE_DOCUMENT_ETAG" , "ACCESS_TYPE" , "IN_PROCESS_BY" , "IN_PROCESS_SINCE" , "KEPT_BY_USER" , "ENQUEUE_CONTEXT" , "ENQUEUE_SINCE" FROM "SDRAFT_ADMIN" WHERE "DRAFT_ENTITY" = N'<@@ADMIN_TRACE@@>'
SELECT /* FDA READ */ "CLIENT" , "GUID" , "HASH_ID" , "ID" , "VALID_TO" , "ISSUER" FROM "SAML2_USED_ASSRT" WHERE "VALID_TO" < ? LIMIT 1000
SELECT /* FDA READ */ "CLIENT" , "HANDLE" , "ENDPOINT" , "SOURCE_ID" , "SENDER" , "RECEIVER" , "VALID_TO" , "MESSAGE" FROM "SAML2_ARTIFACT" WHERE "VALID_TO" < ? LIMIT 1000
SELECT /* FDA READ */ "CLIENT" , "ID_HASH" , "ID" , "VALID_TO" FROM "SAML2_ASSERT" WHERE "VALID_TO" < ? LIMIT 1000
SELECT /* FDA READ */ "CLIENT" , "REQUEST_IDH" , "SENDER" , "RECEIVER" , "VALID_TO" , "REQUEST_ID" , "APPLICATION_URI" FROM "SAML2_REQUEST" WHERE "VALID_TO" < ? LIMIT 1000
SELECT /* FDA READ */ "CLIENT" , "SECURITY_CONTEXT" , "TIMESTAMP" , "IDP_KEY" , "SP_KEY" , "SPNAMEQUAL_KEY" , "SESSION_INDEX_H" , "SESSION_INDEX" , "IDP_NAME_FORMAT" , "IDP_NAME_ID_H" , "IDP_NAME_ID" , "NAMEQUAL" , "SPNAMEQUAL" , "ACCESS_POLICY" FROM "SAML2_SESSION" WHERE "TIMESTAMP" < ? ORDER BY "SAML2_SESSION" . "CLIENT" , "SAML2_SESSION" . "SECURITY_CONTEXT" LIMIT 1000
SELECT /* FDA READ */ "COMPONENT" , "NEWRELEASE" , "STARTDATE" , "STARTTIME" , "ENDDATE" , "ENDTIME" , "PUTSTATUS" , "PUTTYPE" , "PUTMASTER" , "OLDRELEASE" , "MODEA01" , "MODEB01" , "MODEA10" FROM "UVERS" WHERE "COMPONENT" = ?
SELECT /* FDA READ */ "COMPONENT" , "PATCH_TYPE" , "APPLY" , "USERID" , "CHG_DATE" FROM "PAT06" WHERE "PATCH_TYPE" <> N'LCP'
SELECT /* FDA READ */ "COMPONENT" , "RELEASE" , "EXTRELEASE" , "COMP_TYPE" FROM "CVERS" ORDER BY "CVERS" . "COMPONENT"
SELECT /* FDA READ */ "CUSGRPNAME" , "WHICHTOOL" , "SETNAME" , "TOOLNAME" , "TOOLSTAT" , "CHG_USER" , "CHG_DATE" , "CHG_TIME" FROM "ALCLASTOOL" WHERE "SETNAME" = N'SAP-DEFAULT'
SELECT /* FDA READ */ "C_ALSYSID" , "C_MSEGNAME" , "C_ALUID" , "C_ALDATE" , "C_ALTIME" , "LANGU" FROM "ALALERTX" WHERE "C_ALSYSID" = ? AND "C_MSEGNAME" = ? AND "C_ALUID" = ? AND "C_ALDATE" = ? AND "C_ALTIME" = ?
SELECT /* FDA READ */ "DBOBJ_NAME" , "DBOBJ_VERS" , "DBOBJ_KIND" , "DBOBJ_DROP_STMT" , "RETRY_CNT" , "RETRY_TIMESTAMP" FROM "D010DBOBJDEL" WHERE "RETRY_TIMESTAMP" <= ? LIMIT 100
SELECT /* FDA READ */ "DEST_ID" , "DEST_APP" , "DEST_STEXT" , "DEST_STATUS" , "DEST_MAXUSER" , "DEST_PRIO" , "DEST_COMTYPE" , "DEST_COMDEST" FROM "RCCC_ENG_DEST" WHERE "DEST_STATUS" = ?
SELECT /* FDA READ */ "DEST_NAME" , "CLIENT" , "QUEUE_NAME" , "TIMESTAMP" FROM "QRFC_I_QIN_LOCK"
SELECT /* FDA READ */ "DEST_NAME" , "CLIENT" , "QUEUE_NAME" , "TIMESTAMP" FROM "QRFC_O_QOUT_LOCK"
SELECT /* FDA READ */ "DEST_NAME" , "VALID_UNTIL" FROM "BGRFC_I_DESTLOCK"
SELECT /* FDA READ */ "DEST_NAME" , "VALID_UNTIL" FROM "BGRFC_O_DESTLOCK"
SELECT /* FDA READ */ "DP_SERVER_NAME" , "RFC_SERVER_NAME" , "SCHEDULER_CNT" , "TASK_CNT_MAX" , "GW_RESOURCES" , "IDLE_TIME" , "LB_EXP_TIME" , "DEST_CNT_MAX" , "ORIG_USER" , "ORIG_CLIENT" , "ORIG_DATE" , "ORIG_TIME" FROM "BGRFC_CUST_I_SRV" WHERE "DP_SERVER_NAME" = ? OR "DP_SERVER_NAME" = N'BGRFC_INSTANCE_DEFAULTS'
SELECT /* FDA READ */ "DRAFT_ENTITY" , "EXPIRY_EVENT" , "EXPIRY_DURATION" , "EXPIRY_RELATIVE_TO" FROM "SDRAFT_LC_CONFIG" WHERE "DRAFT_ENTITY" = N'<DEFAULT>' AND "EXPIRY_EVENT" = ?
SELECT /* FDA READ */ "ENGINE_APP" , "ENGINE_STEXT" , "ENGINE_TRACE" , "ENGINE_DUMP_IN" , "ENGINE_DUMP_OUT" , "ENGINE_CLEAN_CBK" , "ENGINE_EVENT_CBK" , "ENGINE_HANDLER_CBK" FROM "RCCC_ENGINES"
SELECT /* FDA READ */ "EVENTID" , "EVENTCOUNT" , "ACTIVATED" , "EVENTPARM" , "JOBNAME" , "JOBCOUNT" , "PROCMODE" FROM "BTCEVTJOB" WHERE "EVENTID" = N'SAP_END_OF_JOB' AND "ACTIVATED" = N'X'
SELECT /* FDA READ */ "EVENT_ID" FROM "DYNABAPHDR" WHERE "TIMESTAMP" < ? AND ( "KEEP_EVENT" = N'' OR "KEEP_EVENT" IS NULL ) LIMIT ?
SELECT /* FDA READ */ "EXE_START_TIME" , "UNIT_ID" , "UNIT_KIND" FROM "BGRFC_SRV_CFM" WHERE "EXE_START_TIME" <= ? LIMIT 1000
SELECT /* FDA READ */ "FCTR_ID" , "AS4LOCAL" , "FSTUSER" , "FSTDATE" , "FSTTIME" , "LSTUSER" , "LSTDATE" , "LSTTIME" , "RELE" , "LSTRELE" , "ARIID" , "PS_POSID" , "XREF" , "CUSTASS" , "ALE_AGGR" , "DESKTOP" , "WWW" , "RELEASED" , "INCOMPLETE" , "SYNCH" , "VISIBLE" , "TSTAMP" , "UNAME1" , "UNAME2" , "SELECTABLE" FROM "DF14L" WHERE "FCTR_ID" = ? AND "AS4LOCAL" = N'A' AND "SYNCH" <> N'D'
SELECT /* FDA READ */ "FINISHED_AT" , "UNIT_ID" FROM "BGRFC_UNIT_TIME" WHERE "FINISHED_AT" >= ? AND "FINISHED_AT" <= ? AND "UNIT_KIND" = 1409196102
SELECT /* FDA READ */ "FINISHED_AT" , "UNIT_ID" FROM "BGRFC_UNIT_TIME" WHERE "FINISHED_AT" >= ? AND "FINISHED_AT" <= ? AND "UNIT_KIND" = 1409196105
SELECT /* FDA READ */ "FINISHED_AT" , "UNIT_ID" FROM "BGRFC_UNIT_TIME" WHERE "FINISHED_AT" >= ? AND "FINISHED_AT" <= ? AND "UNIT_KIND" = 1409196106
SELECT /* FDA READ */ "FINISHED_AT" , "UNIT_ID" FROM "BGRFC_UNIT_TIME" WHERE "FINISHED_AT" >= ? AND "FINISHED_AT" <= ? AND ( "UNIT_KIND" = 1409196101 OR "UNIT_KIND" = 1409196103 )
SELECT /* FDA READ */ "HOST" , "PORT" , "SSL_PORT" , "GROUP_ID" , "POS" , "STATE" FROM "SCMS_STACS"
SELECT /* FDA READ */ "HOST" , "PORT" , "SSL_PORT" , "STATE" FROM "SCMS_STACA"
SELECT /* FDA READ */ "HOST" , "PORT" , "SSL_PORT" , "STATE" FROM "SCMS_STAPX"
SELECT /* FDA READ */ "JOBNAME" , "JOBCOUNT" , "JOBGROUP" , "INTREPORT" , "STEPCOUNT" , "SDLSTRTDT" , "SDLSTRTTM" , "BTCSYSTEM" , "SDLDATE" , "SDLTIME" , "SDLUNAME" , "LASTCHDATE" , "LASTCHTIME" , "LASTCHNAME" , "RELDATE" , "RELTIME" , "RELUNAME" , "STRTDATE" , "STRTTIME" , "ENDDATE" , "ENDTIME" , "PRDMINS" , "PRDHOURS" , "PRDDAYS" , "PRDWEEKS" , "PRDMONTHS" , "PERIODIC" , "DELANFREP" , "EMERGMODE" , "STATUS" , "NEWFLAG" , "AUTHCKNAM" , "AUTHCKMAN" , "SUCCNUM" , "PREDNUM" , "JOBLOG" , "LASTSTRTDT" , "LASTSTRTTM" , "WPNUMBER" , "WPPROCID" , "EVENTID" , "EVENTPARM" , "BTCSYSREAX" , "JOBCLASS" , "PRIORITY" , "EVENTCOUNT" , "CHECKSTAT" , "CALENDARID" , "PRDBEHAV" , "EXECSERVER" , "EOMCORRECT" , "CALCORRECT" , "REAXSERVER" , "RECLOGSYS" , "RECOBJTYPE" , "RECOBJKEY" , "RECDESCRIB" , "TGTSRVGRP" FROM "TBTCO" WHERE "JOBNAME" = N'R_JR_BTCJOBS_GENERATOR' AND "AUTHCKMAN" = ? AND "STATUS" = N'S' ORDER BY "TBTCO" . "JOBCOUNT"
SELECT /* FDA READ */ "JOBNAME" , "JOBCOUNT" , "JOBGROUP" , "INTREPORT" , "STEPCOUNT" , "SDLSTRTDT" , "SDLSTRTTM" , "BTCSYSTEM" , "SDLDATE" , "SDLTIME" , "SDLUNAME" , "LASTCHDATE" , "LASTCHTIME" , "LASTCHNAME" , "RELDATE" , "RELTIME" , "RELUNAME" , "STRTDATE" , "STRTTIME" , "ENDDATE" , "ENDTIME" , "PRDMINS" , "PRDHOURS" , "PRDDAYS" , "PRDWEEKS" , "PRDMONTHS" , "PERIODIC" , "DELANFREP" , "EMERGMODE" , "STATUS" , "NEWFLAG" , "AUTHCKNAM" , "AUTHCKMAN" , "SUCCNUM" , "PREDNUM" , "JOBLOG" , "LASTSTRTDT" , "LASTSTRTTM" , "WPNUMBER" , "WPPROCID" , "EVENTID" , "EVENTPARM" , "BTCSYSREAX" , "JOBCLASS" , "PRIORITY" , "EVENTCOUNT" , "CHECKSTAT" , "CALENDARID" , "PRDBEHAV" , "EXECSERVER" , "EOMCORRECT" , "CALCORRECT" , "REAXSERVER" , "RECLOGSYS" , "RECOBJTYPE" , "RECOBJKEY" , "RECDESCRIB" , "TGTSRVGRP" FROM "TBTCO" WHERE "JOBNAME" LIKE ? ESCAPE ? AND "STATUS" = ?
SELECT /* FDA READ */ "JOBNAME" , "JOBCOUNT" , "JOBGROUP" , "INTREPORT" , "STEPCOUNT" , "SDLSTRTDT" , "SDLSTRTTM" , "BTCSYSTEM" , "SDLDATE" , "SDLTIME" , "SDLUNAME" , "LASTCHDATE" , "LASTCHTIME" , "LASTCHNAME" , "RELDATE" , "RELTIME" , "RELUNAME" , "STRTDATE" , "STRTTIME" , "ENDDATE" , "ENDTIME" , "PRDMINS" , "PRDHOURS" , "PRDDAYS" , "PRDWEEKS" , "PRDMONTHS" , "PERIODIC" , "DELANFREP" , "EMERGMODE" , "STATUS" , "NEWFLAG" , "AUTHCKNAM" , "AUTHCKMAN" , "SUCCNUM" , "PREDNUM" , "JOBLOG" , "LASTSTRTDT" , "LASTSTRTTM" , "WPNUMBER" , "WPPROCID" , "EVENTID" , "EVENTPARM" , "BTCSYSREAX" , "JOBCLASS" , "PRIORITY" , "EVENTCOUNT" , "CHECKSTAT" , "CALENDARID" , "PRDBEHAV" , "EXECSERVER" , "EOMCORRECT" , "CALCORRECT" , "REAXSERVER" , "RECLOGSYS" , "RECOBJTYPE" , "RECOBJKEY" , "RECDESCRIB" , "TGTSRVGRP" FROM "TBTCO" WHERE "STATUS" = N'R'
SELECT /* FDA READ */ "JOBNAME" , "JOBCOUNT" , "STEPCOUNT" , "PROGNAME" , "PROGFROMLN" , "PROGTOLN" , "SDLDATE" , "SDLTIME" , "SDLUNAME" , "VARIANT" , "AUTHCKNAM" , "LISTIDENT" , "XPGPID" , "XPGTGTSYS" , "XPGRFCDEST" , "XPGPROG" , "XPGPARAMS" , "XPGFLAG" , "CONNCNTL" , "STDINCNTL" , "STDOUTCNTL" , "STDERRCNTL" , "TRACECNTL" , "TERMCNTL" , "STATUS" , "EXITCODE" , "LANGUAGE" , "EXTCMD" , "OPSYSTEM" , "PDEST" , "PRCOP" , "PLIST" , "PRTXT" , "PRIMM" , "PRREL" , "PRNEW" , "PEXPI" , "LINCT" , "LINSZ" , "PAART" , "PRBIG" , "PRSAP" , "PRREC" , "PRABT" , "PRBER" , "PRDSN" , "PTYPE" , "ARMOD" , "FOOTL" , "PRCHK" , "SAP_OBJECT" , "AR_OBJECT" , "ARCHIV_ID" , "DOC_TYPE" , "RPC_HOST" , "RPC_SERVIC" , "INTERFACE" , "MANDANT" , "REPORT" , "INFO" , "ARCTEXT" , "DATUM" , "ARCUSER" , "PRINTER" , "FORMULAR" , "ARCHIVPATH" , "PROTOKOLL" , "VERSION" , "ACHECK" , "PRIPARKEY" , "CONVID" FROM "TBTCP" WHERE "JOBNAME" = ? AND "JOBCOUNT" = ? ORDER BY "TBTCP" . "JOBNAME" , "TBTCP" . "JOBCOUNT" , "TBTCP" . "STEPCOUNT"
SELECT /* FDA READ */ "MANDANT" , "TASK_ID" , "TASK_LUW_ID" , "TASK_STAT" , "TASK_NAME" , "TASK_DEST" , "TASK_FUNC" , "TASK_UID" , "TASK_TIME" , "TASK_IFCOM" , "TASK_IFCALL" , "TASK_TIMEOUT" FROM "TASK_VITA_LOST"
SELECT /* FDA READ */ "MANDANT" , "TASK_ID" , "TASK_LUW_ID" , "TASK_STAT" , "TASK_NAME" , "TASK_DEST" , "TASK_FUNC" , "TASK_UID" , "TASK_TIME" , "TASK_IFCOM" , "TASK_IFCALL" , "TASK_TIMEOUT" FROM "TASK_VITA_MAIN"
SELECT /* FDA READ */ "MANDT" , "AUTH_CONTEXT_ID" , "CLIENT_ID" , "RO_USER" , "CREATION_TIME" , "EXPIRY_TIME" , "REDIRECT_URI" FROM "OA2_SR_A_CTX" WHERE "EXPIRY_TIME" < ? LIMIT ?
SELECT /* FDA READ */ "MANDT" , "AUTH_CONTEXT_ID" , "SCOPE_ID" , "EXPIRY_TIME" FROM "OA2_SR_A_CTX_SC" WHERE "EXPIRY_TIME" < ? LIMIT ?
SELECT /* FDA READ */ "MANDT" , "BUFFER_VERSION" , "CONNECTOR_ID" , "CONNECTION_GUID" , "STATUS" , "CONTENT_FORMAT" , "CONTENT_CHECKSUM" , "CONTENT" , "UPDATE_TIMESTAMP" , "UPDATE_USER" , "CDS_ENTITY" , "IS_INTERNAL" , "IS_ROOT" , "DEFAULT_REQUEST_TYPE_ID" , "BLUEPRINT_CHECKSUM" FROM "ESH_RUBU_SC" WHERE "MANDT" = ? AND "BUFFER_VERSION" = ?
SELECT /* FDA READ */ "MANDT" , "DB_KEY" , "USERA" , "CREA_DATE_TIME" , "STATUS" , "TYPE_CODE" , "ID" , "TCODE" , "CPUDT" , "CPUTM" FROM "FDC_D_DFT_HDR" WHERE "MANDT" = ? AND "CPUDT" < ? AND "TCODE" LIKE ? LIMIT ?
SELECT /* FDA READ */ "MANDT" , "PARAM_GUID" , "PARAM_NAME" , "VALUE" , "TIMESTMP" , "LOGSYS" FROM "ESH_ADM_PARAM" WHERE "PARAM_NAME" = ?
SELECT /* FDA READ */ "MANDT" , "RT_CONTEXT_ID" , "CLIENT_ID" , "RO_USER" , "CREATION_TIME" , "EXPIRY_TIME" , "ALGORITHM" , "HASH" FROM "OA2_SR_RT_CTX" WHERE "EXPIRY_TIME" < ? LIMIT ?
SELECT /* FDA READ */ "MANDT" , "RT_CONTEXT_ID" , "SCOPE_ID" , "EXPIRY_TIME" FROM "OA2_SR_RT_CTX_SC" WHERE "EXPIRY_TIME" < ? LIMIT ?
SELECT /* FDA READ */ "MANDT" , "RT_CONTEXT_ID" , "SERVER_CONTEXT_ID" , "EXPIRY_TIME" FROM "OA2_SR_RT_CTX_AT" WHERE "EXPIRY_TIME" < ? LIMIT ?
SELECT /* FDA READ */ "MANDT" , "SERVER_CONTEXT_ID" , "CLIENT_ID" , "RO_USER" , "CREATION_TIME" , "EXPIRY_TIME" , "GRANT_TYPE" , "AUTH_CONTEXT_ID" FROM "OA2_SR_CTX" WHERE "EXPIRY_TIME" < ? LIMIT ?
SELECT /* FDA READ */ "MANDT" , "SERVER_CONTEXT_ID" , "SCOPESET_ID" , "SCOPE_ID" , "EXPIRY_TIME" FROM "OA2_SR_CTX_SCSET" WHERE "EXPIRY_TIME" < ? LIMIT ?
SELECT /* FDA READ */ "MANDT" , "SERVER_CONTEXT_ID" , "SCOPE_ID" , "EXPIRY_TIME" FROM "OA2_SR_CTX_SC" WHERE "EXPIRY_TIME" < ? LIMIT ?
SELECT /* FDA READ */ "MANDT" , "USERA" , "TMPTY" , "TMPID" , "CRDAT" , "AEDAT" , "AETIM" , "LAUFI" , "ENQ_CONTEXT_ID" FROM "FDC_D_ACCDOC_TMP" WHERE "MANDT" = ? AND "RELID" = N'FI' AND ( "AEDAT" < ? OR "AEDAT" = ? AND "AETIM" < ? ) ORDER BY "FDC_D_ACCDOC_TMP" . "TMPID"
SELECT /* FDA READ */ "MANDT" , "USERA" , "TMPTY" , "TMPID" , "CRDAT" , "AEDAT" , "AETIM" , "LAUFI" , "ENQ_CONTEXT_ID" FROM "FDC_D_ACCDOC_TMP" WHERE "RELID" = N'FI' AND "TMPTY" = N'T' AND ( "LAUFI" <> ? OR "ENQ_CONTEXT_ID" <> ? ) AND ( "AEDAT" < ? OR "AEDAT" = ? AND "AETIM" < ? ) AND "XLOCK_DELETED" = N'' ORDER BY "FDC_D_ACCDOC_TMP" . "TMPID"
SELECT /* FDA READ */ "MONITOR_JOBNAME" , "ACTIVE" , "POSITIVE_JOBLIST" , "NEGATIVE_JOBLIST" , "MAX_RUNTIME_MIN" , "AUTOCOMPLT_ALERT" , "MTE_CLASS" FROM "ALLONGJOB_CTRL"
SELECT /* FDA READ */ "MTSYSID" , "MTMCNAME" , "MTNUMRANGE" , "MTUID" , "MTCLASS" , "WHICHTOOL" , "SETNAME" , "MTINDEX" , "EXTINDEX" , "OBJECTNAME" , "MTNAMESHRT" , "TOOLNAME" , "TOOLSTAT" , "CHG_USER" , "CHG_DATE" , "CHG_TIME" FROM "ALTIDTOOL" WHERE "SETNAME" = N'SAP-DEFAULT'
SELECT /* FDA READ */ "OCS_TOOL" , "SEM_STATE" , "JOBNAME" , "JOBCOUNT" , "COMMAND" , "REPORT" , "IMM_START" , "SDLSTRTDT" , "SDLSTRTTM" , "LASTSTRTDT" , "LASTSTRTTM" , "STATUS" , "BTCSERVER" FROM "PAT10B" WHERE "SEM_STATE" = ? ORDER BY "PAT10B" . "OCS_TOOL" , "PAT10B" . "SEM_STATE"
SELECT /* FDA READ */ "PADEST" FROM "TSP03" WHERE "PAMETHOD" IN ( ? , ? )
SELECT /* FDA READ */ "PATCH" , "SEQUENCE" , "STEPNAME" , "STEPCOND" , "RET_CODE" , "MESSAGE" , "REASON" , "SCENARIO" , "VALID_CONJ" FROM "PAT01"
SELECT /* FDA READ */ "PATCH" , "SHORT_TEXT" , "STATUS" , "DELIV_DATE" , "DELIV_TIME" , "RESPONSIBL" , "IMPLE_DATE" , "IMPLE_TIME" , "L_IMPL_REL" , "CONFLICTS" , "CONFIRMED" , "BACKUP" , "FROM_REL" , "TO_REL" , "OS" , "DB" , "PATCH_TYPE" , "ANCESTOR" , "STRICT_SEQ" , "NO_GEN" , "SPAMFIX" , "ADDON_ID" , "ADDON_REL" , "IGN_CONFLI" , "AP_ANCEST" , "EPSFILSIZ" , "HI_ANCEST" , "COMP_REL" , "COMPONENT" FROM "PAT03"
SELECT /* FDA READ */ "PATCH" , "VERSION" , "SHORT_TEXT" , "STATUS" , "DELIV_DATE" , "DELIV_TIME" , "RESPONSIBL" , "IMPLE_DATE" , "IMPLE_TIME" , "L_IMPL_REL" , "CONFLICTS" , "CONFIRMED" , "BACKUP" , "FROM_REL" , "TO_REL" , "OS" , "DB" , "PATCH_TYPE" , "ANCESTOR" , "STRICT_SEQ" , "NO_GEN" , "SPAMFIX" , "ADDON_ID" , "ADDON_REL" , "IGN_CONFLI" , "AP_ANCEST" , "EPSFILSIZ" , "HI_ANCEST" , "COMP_REL" , "COMPONENT" FROM "PAT03_PRE"
SELECT /* FDA READ */ "PJIDENT" , "PJNUMMER" , "PJDEST" , "PJPAPER" , "PJPHYPAPER" , "PJCREATIME" , "PJSTATUS" , "PJINFO" , "PJCOPIES" , "PJSTRTPAGE" , "PJENDPAGE" , "PJOWNER" , "PJFINADONE" , "PJFINASERR" , "PJFINAHERR" , "PJHOSTID" , "PJCLIENT" , "PJSTRTTIME" , "PJAENDTIME" , "PJHENDTIME" , "PJINFOMSG" , "PJSIZE" , "PJERRPROT" , "PJPRIO" , "PJREASON" , "PJTITLE" , "PJRECEIVER" , "PJDIVISION" , "PJTELENUM" , "PJWORKHOST" , "PJSERVER" , "PJLFDDCOPY" , "PJLFDPCOPY" , "PJPOSNAME" , "PJACTTIME" FROM "TSP02" WHERE "PJSTATUS" = N'2' AND "PJINFO" < 256 ORDER BY "TSP02" . "PJSERVER" , "TSP02" . "PJCREATIME"
SELECT /* FDA READ */ "PROGNAME" , "SPRSL" , "OBJ_TYPE" , "OBJ_CODE" , "SUB_CODE" , "TEXTTYPE" , "TEXT" , "PATH" FROM "RSMPTEXTS" WHERE "PROGNAME" = ? AND "SPRSL" = ? AND "TEXT" <> N'' ORDER BY "RSMPTEXTS" . "PROGNAME" , "RSMPTEXTS" . "SPRSL" , "RSMPTEXTS" . "OBJ_TYPE" , "RSMPTEXTS" . "OBJ_CODE" , "RSMPTEXTS" . "SUB_CODE" , "RSMPTEXTS" . "TEXTTYPE"
SELECT /* FDA READ */ "SAPCLIENT" , "OPID" , "LOGNO" , "SAPUSER" , "TIMESTAMP" , "LOCATION" , "ERROR_CATEGORY" , "SUBCATEGORY" , "T100_AREA" , "T100_MSGNO" , "SHORT_TEXT" , "PROXY_NAME" , "ERRLOC_COMPONENT" , "ERRLOC_PACKAGE" , "ERRLOC_PROGRAM" , "ERRLOC_INCLUDE" , "ERRLOC_ROWNO" , "ERRLOC_FTYPE" , "MESSAGE_ID" , "SEQUENCE_ID" , "QUEUE_NAME" , "REMOTE_ADDRESS" , "APPLSERVER" , "APPLID" , "ROOT_CTX_ID" , "CONNECTION_ID" , "CONNECTION_CNT" , "TRANSACTION_ID" , "ROOT_TERM_ID" , "EXPIRE" , "ERROR_CONTEXT" , "HTML_PAGE" , "COMMTYPE" , "FIRST_TSTMP" , "ERRCOUNT" , "T100_MSGV1" , "T100_MSGV2" , "T100_MSGV3" , "T100_MSGV4" , "CALLSTACK" , "COMMTYPENAME" , "IFNAME" , "CALLSTACK_XSIZE" , "CONFIG_XSIZE" , "PAYLOAD_XSIZE" FROM "SRT_UTIL_ERRLOG" WHERE "SAPCLIENT" = ? AND "TIMESTAMP" BETWEEN ? AND ?
SELECT /* FDA READ */ "SETNAME" , "STARTDATE" , "STARTTIME" , "ENDDATE" , "ENDTIME" , "MODENAME" , "TARGET" , "SETTYPE" FROM "BTCOMSET" WHERE "SETNAME" = ? ORDER BY "BTCOMSET" . "SETNAME" , "BTCOMSET" . "STARTDATE" , "BTCOMSET" . "STARTTIME"
SELECT /* FDA READ */ "SPRAS" , "NAME32" , "NAME80" FROM "SFW_BFT" WHERE "BFUNCTION" = ?
SELECT /* FDA READ */ "STATUS" , COUNT(*) FROM "RCCD_ENG_LOG" WHERE "MANDT" = ? AND "APP" = ? GROUP BY "STATUS"
SELECT /* FDA READ */ "STRUCOBJN" , "POSITION" , "FIELDNAME" FROM "DD03ND" WHERE "STRUCOBJN" = ? AND "NODENAME" = N'.NODE1' AND "AS4LOCAL" = N'A'
SELECT /* FDA READ */ "STRUCOBJN" , "POSITION" , "FIELDNAME" FROM "DD03ND" WHERE "STRUCOBJN" IN ( ? , ? ) AND "NODENAME" = N'.NODE1' AND "AS4LOCAL" = N'A'
SELECT /* FDA READ */ "STRUCOBJN" , "POSITION" , "FIELDNAME" FROM "DD03ND" WHERE "STRUCOBJN" IN ( ? , ? , ? , ? ) AND "NODENAME" = N'.NODE1' AND "AS4LOCAL" = N'A'
SELECT /* FDA READ */ "STRUCOBJN" , "POSITION" , "FIELDNAME" FROM "DD03ND" WHERE "STRUCOBJN" IN ( ? , ? , ? , ? , ? ) AND "NODENAME" = N'.NODE1' AND "AS4LOCAL" = N'A'
SELECT /* FDA READ */ "STRUCOBJN" , "POSITION" , "FIELDNAME" FROM "DD03ND" WHERE "STRUCOBJN" IN ( ? , ? , ? , ? , ? , ? , ? , ? , ? ) AND "NODENAME" = N'.NODE1' AND "AS4LOCAL" = N'A'
SELECT /* FDA READ */ "SWITCH_ID" , "SWITCHTYPE" FROM "SFW_SW_BF" WHERE "BFUNCTION" = ? AND "VERSION" = ?
SELECT /* FDA READ */ "SWITCH_ID" FROM "SFW_BF_SW" WHERE "BFUNCTION" = ? AND "VERSION" = N'A'
SELECT /* FDA READ */ "UNIT_ID" , "TIMESTAMP" , "SCHEDULER_ID" , "SCHEDULER_INST" , "STATE" FROM "QRFC_I_EXE_STATE" WHERE "SCHEDULER_ID" = ? AND "SCHEDULER_INST" = ? AND ( "STATE" = 21201 OR "STATE" = 21202 )
SELECT /* FDA READ */ "UNIT_ID" , "TIMESTAMP" , "SCHEDULER_ID" , "SCHEDULER_INST" , "STATE" FROM "TRFC_I_EXE_STATE" WHERE "SCHEDULER_ID" = ? AND "SCHEDULER_INST" = ? AND ( "STATE" = 21201 OR "STATE" = 21202 )
SELECT /* FDA READ */ "VALID_UNTIL" , "LOCK_ID" , "UNIT_KIND" FROM "BGRFC_LOCK_TIME" WHERE "VALID_UNTIL" <= ? LIMIT 1000
SELECT /* FDA READ */ DISTINCT  "CLIENT" , "DRAFT_ENTITY" FROM "SDRAFT_ADMIN" ORDER BY "SDRAFT_ADMIN" . "DRAFT_ENTITY"
SELECT /* FDA READ */ DISTINCT  "DEST_NAME" FROM "BGRFC_I_RUNNABLE"
SELECT /* FDA READ */ DISTINCT  "DEST_NAME" FROM "BGRFC_O_RUNNABLE"
SELECT /* FDA READ */ DISTINCT  "MANDT" FROM "SMOHRRQCUST"
SELECT /* FDA READ */ DISTINCT  "SCHEDULER_INST" , "SCHEDULER_ID" FROM "QRFC_I_EXE_STATE"
SELECT /* FDA READ */ DISTINCT  "SCHEDULER_INST" , "SCHEDULER_ID" FROM "QRFC_O_EXE_STATE"
SELECT /* FDA READ */ DISTINCT  "SCHEDULER_INST" , "SCHEDULER_ID" FROM "TRFC_I_EXE_STATE"
SELECT /* FDA READ */ DISTINCT  "SCHEDULER_INST" , "SCHEDULER_ID" FROM "TRFC_O_EXE_STATE"
SELECT /* FDA WRITE */ DISTINCT  "PAT03" . "PATCH" , "PAT03" . "COMP_REL" , "PAT03" . "COMPONENT" FROM "PAT03" , ? AS "t_00" ("C_0" NVARCHAR(30), "C_1" NVARCHAR(10)) WHERE "PAT03" . "STATUS" = N'I' AND "PAT03" . "CONFIRMED" = N'X' AND "PAT03" . "PATCH_TYPE" = N'CPK' AND "PAT03" . "COMPONENT" = "t_00" . "C_0" AND "PAT03" . "COMP_REL" = "t_00" . "C_1"
SELECT /* FDA WRITE */ DISTINCT  "TADIR" . "DEVCLASS" FROM ( "TADIR" INNER JOIN "DD02L" ON "TADIR" . "OBJ_NAME" = "DD02L" . "TABNAME" ) , ? AS "t_00" ("C_0" NVARCHAR(30)) WHERE "TADIR" . "PGMID" = N'R3TR' AND "TADIR" . "OBJECT" = ? AND "TADIR" . "DEVCLASS" = "t_00" . "C_0" AND "DD02L" . "TABCLASS" IN ( ? , ? , ? ) AND "DD02L" . "AS4LOCAL" = N'A'
SELECT AMDP_NAME FROM  "DDTBFUNCDEP"  WHERE AS4LOCAL = 'A' AND STRUCOBJN =  ?
SELECT COLUMN_NAME FROM (  SELECT COLUMN_NAME, POSITION FROM SYS.TABLE_COLUMNS WHERE SCHEMA_NAME = CURRENT_USER AND TABLE_NAME =  ?  UNION  SELECT COLUMN_NAME, POSITION FROM SYS.VIEW_COLUMNS WHERE SCHEMA_NAME = CURRENT_USER AND VIEW_NAME =  ?  ) ORDER BY POSITION
SELECT COUNT(*) FROM "/SAPAPO/TSQAP" WHERE "MANDT" = ?
SELECT COUNT(*) FROM "/SAPAPO/TSQMLA" WHERE "MANDT" = ?
SELECT COUNT(*) FROM "/SAPAPO/TSQMLAR" WHERE "MANDT" = ?
SELECT COUNT(*) FROM "/SAPAPO/TSQMLASA" WHERE "MANDT" = ?
SELECT COUNT(*) FROM "/SAPAPO/TSQMLO" WHERE "MANDT" = ?
SELECT COUNT(*) FROM "/SAPAPO/TSQMLOR" WHERE "MANDT" = ?
SELECT COUNT(*) FROM "/SAPAPO/TSQMLOSA" WHERE "MANDT" = ?
SELECT COUNT(*) FROM "/SAPAPO/TSQMP" WHERE "MANDT" = ?
SELECT COUNT(*) FROM "/SAPAPO/TSQR" WHERE "MANDT" = ?
SELECT COUNT(*) FROM "/SAPAPO/TSQRP" WHERE "MANDT" = ?
SELECT COUNT(*) FROM "/SAPAPO/TSQUEUE" WHERE "MANDT" = ?
SELECT COUNT(*) FROM "ALTRAMONI"
SELECT COUNT(*) FROM "RCCD_ENG_LOG" WHERE "MANDT" = ?
SELECT COUNT(*) FROM "RCCD_ENG_LOG" WHERE "MANDT" = ? AND "APP" = ?
SELECT COUNT(*) FROM "SFW_AIM_WORKLIST"
SELECT COUNT(*) FROM "SFW_BF" WHERE "BFUNCTION" = ? AND "VERSION" = ?
SELECT COUNT(*) FROM "SMOHMSGQAC" WHERE "MANDT" = ?
SELECT COUNT(*) FROM "SMOHMSGQEB" WHERE "MANDT" = ?
SELECT COUNT(*) FROM "SMOHMSGQEX" WHERE "MANDT" = ?
SELECT COUNT(*) FROM "SMOHMSGQRD" WHERE "MANDT" = ?
SELECT COUNT(*) FROM "SMOHMSGQRE" WHERE "MANDT" = ?
SELECT COUNT(*) FROM "SMOHMSGQSU" WHERE "MANDT" = ?
SELECT COUNT(*) FROM "TRPRAGMA" WHERE "EXT" <> ?
SELECT COUNT(*) FROM "TSP01"
SELECT COUNT(*) FROM ( SELECT 1 FROM "ESH_RUBU_MEM_INV" WHERE "AREA_NAME" = ? AND ( "INST_NAME" = ? OR "INST_NAME" = N'' ) AND "INVAL_TS" >= ? LIMIT 1 )
SELECT DATA FROM  "DYNPLOAD"  WHERE PROGNAME =  ? AND DYNPNUMBER =  ? AND TYPE =  ? AND VERSION =  ?
SELECT DISTINCT  "DOMNAME" , "AS4LOCAL" , "AS4VERS" , "DATATYPE" , "LENG" , "OUTPUTLEN" , "DECIMALS" , "LOWERCASE" , "SIGNFLAG" , "LANGFLAG" , "VALEXI" , "ENTITYTAB" , "CONVEXIT" , "MASK" , "MASKLEN" , "ACTFLAG" , "APPLCLASS" , "AUTHCLASS" , "AS4USER" , "AS4DATE" , "AS4TIME" , "DOMMASTER" , "RESERVEDOM" , "DOMGLOBAL" , "APPENDNAME" , "APPEXIST" , "PROXYTYPE" , "OUTPUTSTYLE" , "AMPMFORMAT" , "ABAP_LANGUAGE_VERSION" FROM "DD01L" WHERE "DOMNAME" IN ( ? ) AND "AS4LOCAL" = ?
SELECT DISTINCT  "DOMNAME" , "AS4LOCAL" , "AS4VERS" , "DATATYPE" , "LENG" , "OUTPUTLEN" , "DECIMALS" , "LOWERCASE" , "SIGNFLAG" , "LANGFLAG" , "VALEXI" , "ENTITYTAB" , "CONVEXIT" , "MASK" , "MASKLEN" , "ACTFLAG" , "APPLCLASS" , "AUTHCLASS" , "AS4USER" , "AS4DATE" , "AS4TIME" , "DOMMASTER" , "RESERVEDOM" , "DOMGLOBAL" , "APPENDNAME" , "APPEXIST" , "PROXYTYPE" , "OUTPUTSTYLE" , "AMPMFORMAT" , "ABAP_LANGUAGE_VERSION" FROM "DD01L" WHERE "DOMNAME" IN ( ? , ? , ? ) AND "AS4LOCAL" = ?
SELECT DISTINCT  "DOMNAME" , "AS4LOCAL" , "AS4VERS" , "DATATYPE" , "LENG" , "OUTPUTLEN" , "DECIMALS" , "LOWERCASE" , "SIGNFLAG" , "LANGFLAG" , "VALEXI" , "ENTITYTAB" , "CONVEXIT" , "MASK" , "MASKLEN" , "ACTFLAG" , "APPLCLASS" , "AUTHCLASS" , "AS4USER" , "AS4DATE" , "AS4TIME" , "DOMMASTER" , "RESERVEDOM" , "DOMGLOBAL" , "APPENDNAME" , "APPEXIST" , "PROXYTYPE" , "OUTPUTSTYLE" , "AMPMFORMAT" , "ABAP_LANGUAGE_VERSION" FROM "DD01L" WHERE "DOMNAME" IN ( ? , ? , ? , ? ) AND "AS4LOCAL" = ?
SELECT DISTINCT  "DOMNAME" , "AS4LOCAL" , "AS4VERS" , "DATATYPE" , "LENG" , "OUTPUTLEN" , "DECIMALS" , "LOWERCASE" , "SIGNFLAG" , "LANGFLAG" , "VALEXI" , "ENTITYTAB" , "CONVEXIT" , "MASK" , "MASKLEN" , "ACTFLAG" , "APPLCLASS" , "AUTHCLASS" , "AS4USER" , "AS4DATE" , "AS4TIME" , "DOMMASTER" , "RESERVEDOM" , "DOMGLOBAL" , "APPENDNAME" , "APPEXIST" , "PROXYTYPE" , "OUTPUTSTYLE" , "AMPMFORMAT" , "ABAP_LANGUAGE_VERSION" FROM "DD01L" WHERE "DOMNAME" IN ( ? , ? , ? , ? , ? ) AND "AS4LOCAL" = ?
SELECT DISTINCT  "DOMNAME" , "AS4LOCAL" , "AS4VERS" , "DATATYPE" , "LENG" , "OUTPUTLEN" , "DECIMALS" , "LOWERCASE" , "SIGNFLAG" , "LANGFLAG" , "VALEXI" , "ENTITYTAB" , "CONVEXIT" , "MASK" , "MASKLEN" , "ACTFLAG" , "APPLCLASS" , "AUTHCLASS" , "AS4USER" , "AS4DATE" , "AS4TIME" , "DOMMASTER" , "RESERVEDOM" , "DOMGLOBAL" , "APPENDNAME" , "APPEXIST" , "PROXYTYPE" , "OUTPUTSTYLE" , "AMPMFORMAT" , "ABAP_LANGUAGE_VERSION" FROM "DD01L" WHERE "DOMNAME" IN ( ? , ? , ? , ? , ? , ? ) AND "AS4LOCAL" = ?
SELECT DISTINCT  "DOMNAME" , "AS4LOCAL" , "AS4VERS" , "DATATYPE" , "LENG" , "OUTPUTLEN" , "DECIMALS" , "LOWERCASE" , "SIGNFLAG" , "LANGFLAG" , "VALEXI" , "ENTITYTAB" , "CONVEXIT" , "MASK" , "MASKLEN" , "ACTFLAG" , "APPLCLASS" , "AUTHCLASS" , "AS4USER" , "AS4DATE" , "AS4TIME" , "DOMMASTER" , "RESERVEDOM" , "DOMGLOBAL" , "APPENDNAME" , "APPEXIST" , "PROXYTYPE" , "OUTPUTSTYLE" , "AMPMFORMAT" , "ABAP_LANGUAGE_VERSION" FROM "DD01L" WHERE "DOMNAME" IN ( ? , ? , ? , ? , ? , ? , ? ) AND "AS4LOCAL" = ?
SELECT DISTINCT  "DOMNAME" , "AS4LOCAL" , "AS4VERS" , "DATATYPE" , "LENG" , "OUTPUTLEN" , "DECIMALS" , "LOWERCASE" , "SIGNFLAG" , "LANGFLAG" , "VALEXI" , "ENTITYTAB" , "CONVEXIT" , "MASK" , "MASKLEN" , "ACTFLAG" , "APPLCLASS" , "AUTHCLASS" , "AS4USER" , "AS4DATE" , "AS4TIME" , "DOMMASTER" , "RESERVEDOM" , "DOMGLOBAL" , "APPENDNAME" , "APPEXIST" , "PROXYTYPE" , "OUTPUTSTYLE" , "AMPMFORMAT" , "ABAP_LANGUAGE_VERSION" FROM "DD01L" WHERE "DOMNAME" IN ( ? , ? , ? , ? , ? , ? , ? , ? ) AND "AS4LOCAL" = ?
SELECT DISTINCT  "DOMNAME" , "AS4LOCAL" , "AS4VERS" , "DATATYPE" , "LENG" , "OUTPUTLEN" , "DECIMALS" , "LOWERCASE" , "SIGNFLAG" , "LANGFLAG" , "VALEXI" , "ENTITYTAB" , "CONVEXIT" , "MASK" , "MASKLEN" , "ACTFLAG" , "APPLCLASS" , "AUTHCLASS" , "AS4USER" , "AS4DATE" , "AS4TIME" , "DOMMASTER" , "RESERVEDOM" , "DOMGLOBAL" , "APPENDNAME" , "APPEXIST" , "PROXYTYPE" , "OUTPUTSTYLE" , "AMPMFORMAT" , "ABAP_LANGUAGE_VERSION" FROM "DD01L" WHERE "DOMNAME" IN ( ? , ? , ? , ? , ? , ? , ? , ? , ? ) AND "AS4LOCAL" = ?
SELECT DISTINCT  "DOMNAME" , "AS4LOCAL" , "AS4VERS" , "DATATYPE" , "LENG" , "OUTPUTLEN" , "DECIMALS" , "LOWERCASE" , "SIGNFLAG" , "LANGFLAG" , "VALEXI" , "ENTITYTAB" , "CONVEXIT" , "MASK" , "MASKLEN" , "ACTFLAG" , "APPLCLASS" , "AUTHCLASS" , "AS4USER" , "AS4DATE" , "AS4TIME" , "DOMMASTER" , "RESERVEDOM" , "DOMGLOBAL" , "APPENDNAME" , "APPEXIST" , "PROXYTYPE" , "OUTPUTSTYLE" , "AMPMFORMAT" , "ABAP_LANGUAGE_VERSION" FROM "DD01L" WHERE "DOMNAME" IN ( ? , ? , ? , ? , ? , ? , ? , ? , ? , ? ) AND "AS4LOCAL" = ?
SELECT DISTINCT  "DOMNAME" , "AS4LOCAL" , "AS4VERS" , "DATATYPE" , "LENG" , "OUTPUTLEN" , "DECIMALS" , "LOWERCASE" , "SIGNFLAG" , "LANGFLAG" , "VALEXI" , "ENTITYTAB" , "CONVEXIT" , "MASK" , "MASKLEN" , "ACTFLAG" , "APPLCLASS" , "AUTHCLASS" , "AS4USER" , "AS4DATE" , "AS4TIME" , "DOMMASTER" , "RESERVEDOM" , "DOMGLOBAL" , "APPENDNAME" , "APPEXIST" , "PROXYTYPE" , "OUTPUTSTYLE" , "AMPMFORMAT" , "ABAP_LANGUAGE_VERSION" FROM "DD01L" WHERE "DOMNAME" IN ( ? , ? , ? , ? , ? , ? , ? , ? , ? , ? , ? ) AND "AS4LOCAL" = ?
SELECT DISTINCT  "DOMNAME" , "AS4LOCAL" , "AS4VERS" , "DATATYPE" , "LENG" , "OUTPUTLEN" , "DECIMALS" , "LOWERCASE" , "SIGNFLAG" , "LANGFLAG" , "VALEXI" , "ENTITYTAB" , "CONVEXIT" , "MASK" , "MASKLEN" , "ACTFLAG" , "APPLCLASS" , "AUTHCLASS" , "AS4USER" , "AS4DATE" , "AS4TIME" , "DOMMASTER" , "RESERVEDOM" , "DOMGLOBAL" , "APPENDNAME" , "APPEXIST" , "PROXYTYPE" , "OUTPUTSTYLE" , "AMPMFORMAT" , "ABAP_LANGUAGE_VERSION" FROM "DD01L" WHERE "DOMNAME" IN ( ? , ? , ? , ? , ? , ? , ? , ? , ? , ? , ? , ? , ? ) AND "AS4LOCAL" = ?
SELECT DISTINCT  "DOMNAME" , "AS4LOCAL" , "AS4VERS" , "DATATYPE" , "LENG" , "OUTPUTLEN" , "DECIMALS" , "LOWERCASE" , "SIGNFLAG" , "LANGFLAG" , "VALEXI" , "ENTITYTAB" , "CONVEXIT" , "MASK" , "MASKLEN" , "ACTFLAG" , "APPLCLASS" , "AUTHCLASS" , "AS4USER" , "AS4DATE" , "AS4TIME" , "DOMMASTER" , "RESERVEDOM" , "DOMGLOBAL" , "APPENDNAME" , "APPEXIST" , "PROXYTYPE" , "OUTPUTSTYLE" , "AMPMFORMAT" , "ABAP_LANGUAGE_VERSION" FROM "DD01L" WHERE "DOMNAME" IN ( ? , ? , ? , ? , ? , ? , ? , ? , ? , ? , ? , ? , ? , ? , ? , ? , ? , ? , ? , ? ) AND "AS4LOCAL" = ?
SELECT DISTINCT  "DRAFT_ENTITY" , "EXPIRY_EVENT" , "EXPIRY_DURATION" , "EXPIRY_RELATIVE_TO" FROM "SDRAFT_LC_CONFIG" WHERE "EXPIRY_EVENT" = ? AND "DRAFT_ENTITY" IN ( ? , ? , ? , ? , ? , ? )
SELECT DISTINCT  "ROLLNAME" , "AS4LOCAL" , "AS4VERS" , "DOMNAME" , "ROUTPUTLEN" , "MEMORYID" , "LOGFLAG" , "HEADLEN" , "SCRLEN1" , "SCRLEN2" , "SCRLEN3" , "ACTFLAG" , "APPLCLASS" , "AUTHCLASS" , "AS4USER" , "AS4DATE" , "AS4TIME" , "DTELMASTER" , "RESERVEDTE" , "DTELGLOBAL" , "SHLPNAME" , "SHLPFIELD" , "DEFFDNAME" , "DATATYPE" , "LENG" , "DECIMALS" , "OUTPUTLEN" , "LOWERCASE" , "SIGNFLAG" , "CONVEXIT" , "VALEXI" , "ENTITYTAB" , "REFKIND" , "REFTYPE" , "PROXYTYPE" , "LTRFLDDIS" , "BIDICTRLC" , "NOHISTORY" , "ABAP_LANGUAGE_VERSION" FROM "DD04L" WHERE "ROLLNAME" IN ( ? ) AND "AS4LOCAL" = ?
SELECT DISTINCT  "ROLLNAME" , "AS4LOCAL" , "AS4VERS" , "DOMNAME" , "ROUTPUTLEN" , "MEMORYID" , "LOGFLAG" , "HEADLEN" , "SCRLEN1" , "SCRLEN2" , "SCRLEN3" , "ACTFLAG" , "APPLCLASS" , "AUTHCLASS" , "AS4USER" , "AS4DATE" , "AS4TIME" , "DTELMASTER" , "RESERVEDTE" , "DTELGLOBAL" , "SHLPNAME" , "SHLPFIELD" , "DEFFDNAME" , "DATATYPE" , "LENG" , "DECIMALS" , "OUTPUTLEN" , "LOWERCASE" , "SIGNFLAG" , "CONVEXIT" , "VALEXI" , "ENTITYTAB" , "REFKIND" , "REFTYPE" , "PROXYTYPE" , "LTRFLDDIS" , "BIDICTRLC" , "NOHISTORY" , "ABAP_LANGUAGE_VERSION" FROM "DD04L" WHERE "ROLLNAME" IN ( ? , ? , ? ) AND "AS4LOCAL" = ?
SELECT DISTINCT  "ROLLNAME" , "AS4LOCAL" , "AS4VERS" , "DOMNAME" , "ROUTPUTLEN" , "MEMORYID" , "LOGFLAG" , "HEADLEN" , "SCRLEN1" , "SCRLEN2" , "SCRLEN3" , "ACTFLAG" , "APPLCLASS" , "AUTHCLASS" , "AS4USER" , "AS4DATE" , "AS4TIME" , "DTELMASTER" , "RESERVEDTE" , "DTELGLOBAL" , "SHLPNAME" , "SHLPFIELD" , "DEFFDNAME" , "DATATYPE" , "LENG" , "DECIMALS" , "OUTPUTLEN" , "LOWERCASE" , "SIGNFLAG" , "CONVEXIT" , "VALEXI" , "ENTITYTAB" , "REFKIND" , "REFTYPE" , "PROXYTYPE" , "LTRFLDDIS" , "BIDICTRLC" , "NOHISTORY" , "ABAP_LANGUAGE_VERSION" FROM "DD04L" WHERE "ROLLNAME" IN ( ? , ? , ? , ? ) AND "AS4LOCAL" = ?
SELECT DISTINCT  "ROLLNAME" , "AS4LOCAL" , "AS4VERS" , "DOMNAME" , "ROUTPUTLEN" , "MEMORYID" , "LOGFLAG" , "HEADLEN" , "SCRLEN1" , "SCRLEN2" , "SCRLEN3" , "ACTFLAG" , "APPLCLASS" , "AUTHCLASS" , "AS4USER" , "AS4DATE" , "AS4TIME" , "DTELMASTER" , "RESERVEDTE" , "DTELGLOBAL" , "SHLPNAME" , "SHLPFIELD" , "DEFFDNAME" , "DATATYPE" , "LENG" , "DECIMALS" , "OUTPUTLEN" , "LOWERCASE" , "SIGNFLAG" , "CONVEXIT" , "VALEXI" , "ENTITYTAB" , "REFKIND" , "REFTYPE" , "PROXYTYPE" , "LTRFLDDIS" , "BIDICTRLC" , "NOHISTORY" , "ABAP_LANGUAGE_VERSION" FROM "DD04L" WHERE "ROLLNAME" IN ( ? , ? , ? , ? , ? ) AND "AS4LOCAL" = ?
SELECT DISTINCT  "ROLLNAME" , "AS4LOCAL" , "AS4VERS" , "DOMNAME" , "ROUTPUTLEN" , "MEMORYID" , "LOGFLAG" , "HEADLEN" , "SCRLEN1" , "SCRLEN2" , "SCRLEN3" , "ACTFLAG" , "APPLCLASS" , "AUTHCLASS" , "AS4USER" , "AS4DATE" , "AS4TIME" , "DTELMASTER" , "RESERVEDTE" , "DTELGLOBAL" , "SHLPNAME" , "SHLPFIELD" , "DEFFDNAME" , "DATATYPE" , "LENG" , "DECIMALS" , "OUTPUTLEN" , "LOWERCASE" , "SIGNFLAG" , "CONVEXIT" , "VALEXI" , "ENTITYTAB" , "REFKIND" , "REFTYPE" , "PROXYTYPE" , "LTRFLDDIS" , "BIDICTRLC" , "NOHISTORY" , "ABAP_LANGUAGE_VERSION" FROM "DD04L" WHERE "ROLLNAME" IN ( ? , ? , ? , ? , ? , ? ) AND "AS4LOCAL" = ?
SELECT DISTINCT  "ROLLNAME" , "AS4LOCAL" , "AS4VERS" , "DOMNAME" , "ROUTPUTLEN" , "MEMORYID" , "LOGFLAG" , "HEADLEN" , "SCRLEN1" , "SCRLEN2" , "SCRLEN3" , "ACTFLAG" , "APPLCLASS" , "AUTHCLASS" , "AS4USER" , "AS4DATE" , "AS4TIME" , "DTELMASTER" , "RESERVEDTE" , "DTELGLOBAL" , "SHLPNAME" , "SHLPFIELD" , "DEFFDNAME" , "DATATYPE" , "LENG" , "DECIMALS" , "OUTPUTLEN" , "LOWERCASE" , "SIGNFLAG" , "CONVEXIT" , "VALEXI" , "ENTITYTAB" , "REFKIND" , "REFTYPE" , "PROXYTYPE" , "LTRFLDDIS" , "BIDICTRLC" , "NOHISTORY" , "ABAP_LANGUAGE_VERSION" FROM "DD04L" WHERE "ROLLNAME" IN ( ? , ? , ? , ? , ? , ? , ? ) AND "AS4LOCAL" = ?
SELECT DISTINCT  "ROLLNAME" , "AS4LOCAL" , "AS4VERS" , "DOMNAME" , "ROUTPUTLEN" , "MEMORYID" , "LOGFLAG" , "HEADLEN" , "SCRLEN1" , "SCRLEN2" , "SCRLEN3" , "ACTFLAG" , "APPLCLASS" , "AUTHCLASS" , "AS4USER" , "AS4DATE" , "AS4TIME" , "DTELMASTER" , "RESERVEDTE" , "DTELGLOBAL" , "SHLPNAME" , "SHLPFIELD" , "DEFFDNAME" , "DATATYPE" , "LENG" , "DECIMALS" , "OUTPUTLEN" , "LOWERCASE" , "SIGNFLAG" , "CONVEXIT" , "VALEXI" , "ENTITYTAB" , "REFKIND" , "REFTYPE" , "PROXYTYPE" , "LTRFLDDIS" , "BIDICTRLC" , "NOHISTORY" , "ABAP_LANGUAGE_VERSION" FROM "DD04L" WHERE "ROLLNAME" IN ( ? , ? , ? , ? , ? , ? , ? , ? ) AND "AS4LOCAL" = ?
SELECT DISTINCT  "ROLLNAME" , "AS4LOCAL" , "AS4VERS" , "DOMNAME" , "ROUTPUTLEN" , "MEMORYID" , "LOGFLAG" , "HEADLEN" , "SCRLEN1" , "SCRLEN2" , "SCRLEN3" , "ACTFLAG" , "APPLCLASS" , "AUTHCLASS" , "AS4USER" , "AS4DATE" , "AS4TIME" , "DTELMASTER" , "RESERVEDTE" , "DTELGLOBAL" , "SHLPNAME" , "SHLPFIELD" , "DEFFDNAME" , "DATATYPE" , "LENG" , "DECIMALS" , "OUTPUTLEN" , "LOWERCASE" , "SIGNFLAG" , "CONVEXIT" , "VALEXI" , "ENTITYTAB" , "REFKIND" , "REFTYPE" , "PROXYTYPE" , "LTRFLDDIS" , "BIDICTRLC" , "NOHISTORY" , "ABAP_LANGUAGE_VERSION" FROM "DD04L" WHERE "ROLLNAME" IN ( ? , ? , ? , ? , ? , ? , ? , ? , ? ) AND "AS4LOCAL" = ?
SELECT DISTINCT  "ROLLNAME" , "AS4LOCAL" , "AS4VERS" , "DOMNAME" , "ROUTPUTLEN" , "MEMORYID" , "LOGFLAG" , "HEADLEN" , "SCRLEN1" , "SCRLEN2" , "SCRLEN3" , "ACTFLAG" , "APPLCLASS" , "AUTHCLASS" , "AS4USER" , "AS4DATE" , "AS4TIME" , "DTELMASTER" , "RESERVEDTE" , "DTELGLOBAL" , "SHLPNAME" , "SHLPFIELD" , "DEFFDNAME" , "DATATYPE" , "LENG" , "DECIMALS" , "OUTPUTLEN" , "LOWERCASE" , "SIGNFLAG" , "CONVEXIT" , "VALEXI" , "ENTITYTAB" , "REFKIND" , "REFTYPE" , "PROXYTYPE" , "LTRFLDDIS" , "BIDICTRLC" , "NOHISTORY" , "ABAP_LANGUAGE_VERSION" FROM "DD04L" WHERE "ROLLNAME" IN ( ? , ? , ? , ? , ? , ? , ? , ? , ? , ? ) AND "AS4LOCAL" = ?
SELECT DISTINCT  "ROLLNAME" , "AS4LOCAL" , "AS4VERS" , "DOMNAME" , "ROUTPUTLEN" , "MEMORYID" , "LOGFLAG" , "HEADLEN" , "SCRLEN1" , "SCRLEN2" , "SCRLEN3" , "ACTFLAG" , "APPLCLASS" , "AUTHCLASS" , "AS4USER" , "AS4DATE" , "AS4TIME" , "DTELMASTER" , "RESERVEDTE" , "DTELGLOBAL" , "SHLPNAME" , "SHLPFIELD" , "DEFFDNAME" , "DATATYPE" , "LENG" , "DECIMALS" , "OUTPUTLEN" , "LOWERCASE" , "SIGNFLAG" , "CONVEXIT" , "VALEXI" , "ENTITYTAB" , "REFKIND" , "REFTYPE" , "PROXYTYPE" , "LTRFLDDIS" , "BIDICTRLC" , "NOHISTORY" , "ABAP_LANGUAGE_VERSION" FROM "DD04L" WHERE "ROLLNAME" IN ( ? , ? , ? , ? , ? , ? , ? , ? , ? , ? , ? , ? ) AND "AS4LOCAL" = ?
SELECT DISTINCT  "ROLLNAME" , "AS4LOCAL" , "AS4VERS" , "DOMNAME" , "ROUTPUTLEN" , "MEMORYID" , "LOGFLAG" , "HEADLEN" , "SCRLEN1" , "SCRLEN2" , "SCRLEN3" , "ACTFLAG" , "APPLCLASS" , "AUTHCLASS" , "AS4USER" , "AS4DATE" , "AS4TIME" , "DTELMASTER" , "RESERVEDTE" , "DTELGLOBAL" , "SHLPNAME" , "SHLPFIELD" , "DEFFDNAME" , "DATATYPE" , "LENG" , "DECIMALS" , "OUTPUTLEN" , "LOWERCASE" , "SIGNFLAG" , "CONVEXIT" , "VALEXI" , "ENTITYTAB" , "REFKIND" , "REFTYPE" , "PROXYTYPE" , "LTRFLDDIS" , "BIDICTRLC" , "NOHISTORY" , "ABAP_LANGUAGE_VERSION" FROM "DD04L" WHERE "ROLLNAME" IN ( ? , ? , ? , ? , ? , ? , ? , ? , ? , ? , ? , ? , ? ) AND "AS4LOCAL" = ?
SELECT DISTINCT  "ROLLNAME" , "AS4LOCAL" , "AS4VERS" , "DOMNAME" , "ROUTPUTLEN" , "MEMORYID" , "LOGFLAG" , "HEADLEN" , "SCRLEN1" , "SCRLEN2" , "SCRLEN3" , "ACTFLAG" , "APPLCLASS" , "AUTHCLASS" , "AS4USER" , "AS4DATE" , "AS4TIME" , "DTELMASTER" , "RESERVEDTE" , "DTELGLOBAL" , "SHLPNAME" , "SHLPFIELD" , "DEFFDNAME" , "DATATYPE" , "LENG" , "DECIMALS" , "OUTPUTLEN" , "LOWERCASE" , "SIGNFLAG" , "CONVEXIT" , "VALEXI" , "ENTITYTAB" , "REFKIND" , "REFTYPE" , "PROXYTYPE" , "LTRFLDDIS" , "BIDICTRLC" , "NOHISTORY" , "ABAP_LANGUAGE_VERSION" FROM "DD04L" WHERE "ROLLNAME" IN ( ? , ? , ? , ? , ? , ? , ? , ? , ? , ? , ? , ? , ? , ? , ? , ? , ? ) AND "AS4LOCAL" = ?
SELECT DISTINCT  "ROLLNAME" , "AS4LOCAL" , "AS4VERS" , "DOMNAME" , "ROUTPUTLEN" , "MEMORYID" , "LOGFLAG" , "HEADLEN" , "SCRLEN1" , "SCRLEN2" , "SCRLEN3" , "ACTFLAG" , "APPLCLASS" , "AUTHCLASS" , "AS4USER" , "AS4DATE" , "AS4TIME" , "DTELMASTER" , "RESERVEDTE" , "DTELGLOBAL" , "SHLPNAME" , "SHLPFIELD" , "DEFFDNAME" , "DATATYPE" , "LENG" , "DECIMALS" , "OUTPUTLEN" , "LOWERCASE" , "SIGNFLAG" , "CONVEXIT" , "VALEXI" , "ENTITYTAB" , "REFKIND" , "REFTYPE" , "PROXYTYPE" , "LTRFLDDIS" , "BIDICTRLC" , "NOHISTORY" , "ABAP_LANGUAGE_VERSION" FROM "DD04L" WHERE "ROLLNAME" IN ( ? , ? , ? , ? , ? , ? , ? , ? , ? , ? , ? , ? , ? , ? , ? , ? , ? , ? , ? , ? , ? , ? , ? , ? , ? ) AND "AS4LOCAL" = ?
SELECT DISTINCT  "ROLLNAME" , "AS4LOCAL" , "AS4VERS" , "DOMNAME" , "ROUTPUTLEN" , "MEMORYID" , "LOGFLAG" , "HEADLEN" , "SCRLEN1" , "SCRLEN2" , "SCRLEN3" , "ACTFLAG" , "APPLCLASS" , "AUTHCLASS" , "AS4USER" , "AS4DATE" , "AS4TIME" , "DTELMASTER" , "RESERVEDTE" , "DTELGLOBAL" , "SHLPNAME" , "SHLPFIELD" , "DEFFDNAME" , "DATATYPE" , "LENG" , "DECIMALS" , "OUTPUTLEN" , "LOWERCASE" , "SIGNFLAG" , "CONVEXIT" , "VALEXI" , "ENTITYTAB" , "REFKIND" , "REFTYPE" , "PROXYTYPE" , "LTRFLDDIS" , "BIDICTRLC" , "NOHISTORY" , "ABAP_LANGUAGE_VERSION" FROM "DD04L" WHERE "ROLLNAME" IN ( ? , ? , ? , ? , ? , ? , ? , ? , ? , ? , ? , ? , ? , ? , ? , ? , ? , ? , ? , ? , ? , ? , ? , ? , ? , ? , ? , ? , ? , ? , ? ) AND "AS4LOCAL" = ?
SELECT DISTINCT  "RT_UUID" FROM "DDLX_RT_EXTENDS" WHERE "VARIANT" = ? AND "EXTENDED_ARTIFACT" IN ( ? )
SELECT DISTINCT  "RT_UUID" FROM "DDLX_RT_EXTENDS" WHERE "VARIANT" = ? AND "EXTENDED_ARTIFACT" IN ( ? , ? )
SELECT DISTINCT  "RT_UUID" FROM "DDLX_RT_EXTENDS" WHERE "VARIANT" = ? AND "EXTENDED_ARTIFACT" IN ( ? , ? , ? )
SELECT DISTINCT  "RT_UUID" FROM "DDLX_RT_EXTENDS" WHERE "VARIANT" = ? AND "EXTENDED_ARTIFACT" IN ( ? , ? , ? , ? )
SELECT DISTINCT  "RT_UUID" FROM "DDLX_RT_EXTENDS" WHERE "VARIANT" = ? AND "EXTENDED_ARTIFACT" IN ( ? , ? , ? , ? , ? )
SELECT DISTINCT  "RT_UUID" FROM "DDLX_RT_EXTENDS" WHERE "VARIANT" = ? AND "EXTENDED_ARTIFACT" IN ( ? , ? , ? , ? , ? , ? , ? )
SELECT DISTINCT  "STRUCOBJN" "ENTITYNAME" , "AS4LOCAL" "VERSION" , "CHGDATE" "CHANGE_DATE" , "CHGTIME" "CHANGE_TIME" FROM "DD02B" WHERE "STRUCOBJN" IN ( ? ) AND ( "AS4LOCAL" = N'I' OR "AS4LOCAL" = N'A' )
SELECT DISTINCT  "STRUCOBJN" "ENTITYNAME" , "AS4LOCAL" "VERSION" , "CHGDATE" "CHANGE_DATE" , "CHGTIME" "CHANGE_TIME" FROM "DD02B" WHERE "STRUCOBJN" IN ( ? , ? ) AND ( "AS4LOCAL" = N'I' OR "AS4LOCAL" = N'A' )
SELECT DISTINCT  "STRUCOBJN" "ENTITYNAME" , "AS4LOCAL" "VERSION" , "CHGDATE" "CHANGE_DATE" , "CHGTIME" "CHANGE_TIME" FROM "DD02B" WHERE "STRUCOBJN" IN ( ? , ? , ? , ? ) AND ( "AS4LOCAL" = N'I' OR "AS4LOCAL" = N'A' )
SELECT DISTINCT  "STRUCOBJN" , "AS4LOCAL" , "CHGUSER" , "CHGDATE" , "CHGTIME" , "STRUCOBJCLASS" , "PARENTNAME" , "TABART" , "ACTFLAG" , "ACLROOTTAB" , "ACLENTRYTAB" , "ACLREF" , "CLIINDEP" , "CLIDEP" , "DELIVERYCLASS" , "CLIENTFIELD" , "ALLDATAINCL" , "EXVIEW_INCLUDED" , "CLASSNAME" , "STRUCOBJN_RAW" FROM "DD02B" WHERE "STRUCOBJN" IN ( ? ) AND "AS4LOCAL" = ?
SELECT DISTINCT  "STRUCOBJN" , "AS4LOCAL" , "CHGUSER" , "CHGDATE" , "CHGTIME" , "STRUCOBJCLASS" , "PARENTNAME" , "TABART" , "ACTFLAG" , "ACLROOTTAB" , "ACLENTRYTAB" , "ACLREF" , "CLIINDEP" , "CLIDEP" , "DELIVERYCLASS" , "CLIENTFIELD" , "ALLDATAINCL" , "EXVIEW_INCLUDED" , "CLASSNAME" , "STRUCOBJN_RAW" FROM "DD02B" WHERE "STRUCOBJN" IN ( ? , ? ) AND "AS4LOCAL" = ?
SELECT DISTINCT  "STRUCOBJN" , "AS4LOCAL" , "CHGUSER" , "CHGDATE" , "CHGTIME" , "STRUCOBJCLASS" , "PARENTNAME" , "TABART" , "ACTFLAG" , "ACLROOTTAB" , "ACLENTRYTAB" , "ACLREF" , "CLIINDEP" , "CLIDEP" , "DELIVERYCLASS" , "CLIENTFIELD" , "ALLDATAINCL" , "EXVIEW_INCLUDED" , "CLASSNAME" , "STRUCOBJN_RAW" FROM "DD02B" WHERE "STRUCOBJN" IN ( ? , ? , ? , ? ) AND "AS4LOCAL" = ?
SELECT DISTINCT  "STRUCOBJN" , "NODENAME" , "AS4LOCAL" , "NODEKIND" , "DBTABNAME" , "DBOBJKIND" , "SUFFIX" , "NDPOSITION" , "NODEORIGIN" , "ISROOTNODE" , "DBISMASTER" , "CLIENTFIELD" , "EXVIEW_INCLUDED" , "WITH_PARAMETERS" , "ACCESSCTRL_TARGET" , "ACCESSCTRL_NOT_ALLOWED" , "NONTRP_INCLUDED" , "AMDP_NAME" , "TBFUNC_INCLUDED" , "SESSION_VAR_EX" , "BASEOBJ_NR" , "USED_SESSION_VARS" , "HDB_ONLY_ENTITY_INCLUDED" , "ROOTNODE_REF" FROM "DD02BND" WHERE "STRUCOBJN" IN ( ? ) AND "AS4LOCAL" = ?
SELECT DISTINCT  "STRUCOBJN" , "NODENAME" , "AS4LOCAL" , "NODEKIND" , "DBTABNAME" , "DBOBJKIND" , "SUFFIX" , "NDPOSITION" , "NODEORIGIN" , "ISROOTNODE" , "DBISMASTER" , "CLIENTFIELD" , "EXVIEW_INCLUDED" , "WITH_PARAMETERS" , "ACCESSCTRL_TARGET" , "ACCESSCTRL_NOT_ALLOWED" , "NONTRP_INCLUDED" , "AMDP_NAME" , "TBFUNC_INCLUDED" , "SESSION_VAR_EX" , "BASEOBJ_NR" , "USED_SESSION_VARS" , "HDB_ONLY_ENTITY_INCLUDED" , "ROOTNODE_REF" FROM "DD02BND" WHERE "STRUCOBJN" IN ( ? , ? ) AND "AS4LOCAL" = ?
SELECT DISTINCT  "STRUCOBJN" , "NODENAME" , "AS4LOCAL" , "NODEKIND" , "DBTABNAME" , "DBOBJKIND" , "SUFFIX" , "NDPOSITION" , "NODEORIGIN" , "ISROOTNODE" , "DBISMASTER" , "CLIENTFIELD" , "EXVIEW_INCLUDED" , "WITH_PARAMETERS" , "ACCESSCTRL_TARGET" , "ACCESSCTRL_NOT_ALLOWED" , "NONTRP_INCLUDED" , "AMDP_NAME" , "TBFUNC_INCLUDED" , "SESSION_VAR_EX" , "BASEOBJ_NR" , "USED_SESSION_VARS" , "HDB_ONLY_ENTITY_INCLUDED" , "ROOTNODE_REF" FROM "DD02BND" WHERE "STRUCOBJN" IN ( ? , ? , ? , ? ) AND "AS4LOCAL" = ?
SELECT DISTINCT  "STRUCOBJN" , "NODENAME" , "ASSOCIATIONNAME" , "AS4LOCAL" , "STRUCOBJN_T" , "NODENAME_T" , "TYPEKIND_T" , "ASSOCIATIONKIND" , "CHECKINDICATOR" , "CARDINALITY" , "CARD_MIN" , "CARD_MAX" , "ASSORIGIN" , "DOPATH_T" , "ON_SOURCE" , "ASSOCNAME_RAW" , "ASSOCNAME_ORIG" , "STRUCOBJN_S" , "EXTENDNAME" , "IS_REDIRECTED" FROM "DD08B" WHERE "STRUCOBJN" IN ( ? ) AND "AS4LOCAL" = ?
SELECT DISTINCT  "STRUCOBJN" , "NODENAME" , "ASSOCIATIONNAME" , "AS4LOCAL" , "STRUCOBJN_T" , "NODENAME_T" , "TYPEKIND_T" , "ASSOCIATIONKIND" , "CHECKINDICATOR" , "CARDINALITY" , "CARD_MIN" , "CARD_MAX" , "ASSORIGIN" , "DOPATH_T" , "ON_SOURCE" , "ASSOCNAME_RAW" , "ASSOCNAME_ORIG" , "STRUCOBJN_S" , "EXTENDNAME" , "IS_REDIRECTED" FROM "DD08B" WHERE "STRUCOBJN" IN ( ? , ? ) AND "AS4LOCAL" = ?
SELECT DISTINCT  "STRUCOBJN" , "NODENAME" , "ASSOCIATIONNAME" , "AS4LOCAL" , "STRUCOBJN_T" , "NODENAME_T" , "TYPEKIND_T" , "ASSOCIATIONKIND" , "CHECKINDICATOR" , "CARDINALITY" , "CARD_MIN" , "CARD_MAX" , "ASSORIGIN" , "DOPATH_T" , "ON_SOURCE" , "ASSOCNAME_RAW" , "ASSOCNAME_ORIG" , "STRUCOBJN_S" , "EXTENDNAME" , "IS_REDIRECTED" FROM "DD08B" WHERE "STRUCOBJN" IN ( ? , ? , ? , ? ) AND "AS4LOCAL" = ?
SELECT DISTINCT  "STRUCOBJN" , "NODENAME" , "ASSOCIATIONNAME" , "FIELDNAME_T" , "AS4LOCAL" , "FDPOSITION" , "NODENAME_S" , "FIELDNAME" , "IF_NAME" , "IF_ATTRIBUT" , "OPERATOR" , "UP_NODENAME_S" , "UP_FIELDNAME" , "UP_IF_NAME" , "UP_IF_ATTRIBUT" , "ABAP_SYSTEM_VAR" , "UP_OPERATOR" , "SIDE_INFO" , "AND_OR" FROM "DD05B" WHERE "STRUCOBJN" IN ( ? ) AND "AS4LOCAL" = ?
SELECT DISTINCT  "STRUCOBJN" , "NODENAME" , "ASSOCIATIONNAME" , "FIELDNAME_T" , "AS4LOCAL" , "FDPOSITION" , "NODENAME_S" , "FIELDNAME" , "IF_NAME" , "IF_ATTRIBUT" , "OPERATOR" , "UP_NODENAME_S" , "UP_FIELDNAME" , "UP_IF_NAME" , "UP_IF_ATTRIBUT" , "ABAP_SYSTEM_VAR" , "UP_OPERATOR" , "SIDE_INFO" , "AND_OR" FROM "DD05B" WHERE "STRUCOBJN" IN ( ? , ? ) AND "AS4LOCAL" = ?
SELECT DISTINCT  "STRUCOBJN" , "NODENAME" , "ASSOCIATIONNAME" , "FIELDNAME_T" , "AS4LOCAL" , "FDPOSITION" , "NODENAME_S" , "FIELDNAME" , "IF_NAME" , "IF_ATTRIBUT" , "OPERATOR" , "UP_NODENAME_S" , "UP_FIELDNAME" , "UP_IF_NAME" , "UP_IF_ATTRIBUT" , "ABAP_SYSTEM_VAR" , "UP_OPERATOR" , "SIDE_INFO" , "AND_OR" FROM "DD05B" WHERE "STRUCOBJN" IN ( ? , ? , ? , ? ) AND "AS4LOCAL" = ?
SELECT DISTINCT  "STRUCOBJN" , "NODENAME" , "ASSOCIATIONNAME" , "FIELDNAME_VS" , "AS4LOCAL" , "FDPOSITION" , "OPERATOR" , "FIELDNAME_T" , "UP_OPERATOR" , "UP_FIELDNAME_T" FROM "DD05F" WHERE "STRUCOBJN" IN ( ? ) AND "AS4LOCAL" = ?
SELECT DISTINCT  "STRUCOBJN" , "NODENAME" , "ASSOCIATIONNAME" , "FIELDNAME_VS" , "AS4LOCAL" , "FDPOSITION" , "OPERATOR" , "FIELDNAME_T" , "UP_OPERATOR" , "UP_FIELDNAME_T" FROM "DD05F" WHERE "STRUCOBJN" IN ( ? , ? ) AND "AS4LOCAL" = ?
SELECT DISTINCT  "STRUCOBJN" , "NODENAME" , "ASSOCIATIONNAME" , "FIELDNAME_VS" , "AS4LOCAL" , "FDPOSITION" , "OPERATOR" , "FIELDNAME_T" , "UP_OPERATOR" , "UP_FIELDNAME_T" FROM "DD05F" WHERE "STRUCOBJN" IN ( ? , ? , ? , ? ) AND "AS4LOCAL" = ?
SELECT DISTINCT  "STRUCOBJN" , "NODENAME" , "FIELDNAME" , "AS4LOCAL" , "POSITION" , "KEYFLAG" , "ROLLNAME" , "CHECKTABLE" , "ADMINFIELD" , "INTTYPE" , "INTLEN" , "REFTABLE" , "PRECFIELD" , "REFFIELD" , "NOTNULL" , "DATATYPE" , "LENG" , "DECIMALS" , "DOMNAME" , "SHLPORIGIN" , "TABLETYPE" , "DEPTH" , "COMPTYPE" , "REFTYPE" , "LANGUFLAG" , "ANONYMOUS" , "OUTPUTSTYLE" , "ENABLED" , "TRANSIENT" , "FIELDNAMEDBS" , "LFIELDNAME" , "FIELDORIGIN" , "APPENDSTRUNAME" , "FIELDNAME_RAW" , "SQL_PASSVALUE" , "OUTPUTLEN" , "IS_VIRTUAL" , "IS_CALCULATED" , "EXTENDNAME" FROM "DD03ND" WHERE "STRUCOBJN" IN ( ? ) AND "AS4LOCAL" = ?
SELECT DISTINCT  "STRUCOBJN" , "NODENAME" , "FIELDNAME" , "AS4LOCAL" , "POSITION" , "KEYFLAG" , "ROLLNAME" , "CHECKTABLE" , "ADMINFIELD" , "INTTYPE" , "INTLEN" , "REFTABLE" , "PRECFIELD" , "REFFIELD" , "NOTNULL" , "DATATYPE" , "LENG" , "DECIMALS" , "DOMNAME" , "SHLPORIGIN" , "TABLETYPE" , "DEPTH" , "COMPTYPE" , "REFTYPE" , "LANGUFLAG" , "ANONYMOUS" , "OUTPUTSTYLE" , "ENABLED" , "TRANSIENT" , "FIELDNAMEDBS" , "LFIELDNAME" , "FIELDORIGIN" , "APPENDSTRUNAME" , "FIELDNAME_RAW" , "SQL_PASSVALUE" , "OUTPUTLEN" , "IS_VIRTUAL" , "IS_CALCULATED" , "EXTENDNAME" FROM "DD03ND" WHERE "STRUCOBJN" IN ( ? , ? ) AND "AS4LOCAL" = ?
SELECT DISTINCT  "STRUCOBJN" , "NODENAME" , "FIELDNAME" , "AS4LOCAL" , "POSITION" , "KEYFLAG" , "ROLLNAME" , "CHECKTABLE" , "ADMINFIELD" , "INTTYPE" , "INTLEN" , "REFTABLE" , "PRECFIELD" , "REFFIELD" , "NOTNULL" , "DATATYPE" , "LENG" , "DECIMALS" , "DOMNAME" , "SHLPORIGIN" , "TABLETYPE" , "DEPTH" , "COMPTYPE" , "REFTYPE" , "LANGUFLAG" , "ANONYMOUS" , "OUTPUTSTYLE" , "ENABLED" , "TRANSIENT" , "FIELDNAMEDBS" , "LFIELDNAME" , "FIELDORIGIN" , "APPENDSTRUNAME" , "FIELDNAME_RAW" , "SQL_PASSVALUE" , "OUTPUTLEN" , "IS_VIRTUAL" , "IS_CALCULATED" , "EXTENDNAME" FROM "DD03ND" WHERE "STRUCOBJN" IN ( ? , ? , ? , ? ) AND "AS4LOCAL" = ?
SELECT DISTINCT  "STRUCOBJN" , "NODENAME" , "PARAMETERNAME" , "POSNR" , "AS4LOCAL" , "ROLLNAME" , "COMPTYPE" , "DATATYPE" , "LENG" , "DECIMALS" , "PARAMETERNAME_RAW" , "ABAPTYPE" , "DBLENGTH" , "DBLENGTH2" , "DIGITS" , "SYSTFIELD" , "PARAMETERTYPE" FROM "DD10B" WHERE "STRUCOBJN" IN ( ? ) AND "AS4LOCAL" = ?
SELECT DISTINCT  "STRUCOBJN" , "NODENAME" , "PARAMETERNAME" , "POSNR" , "AS4LOCAL" , "ROLLNAME" , "COMPTYPE" , "DATATYPE" , "LENG" , "DECIMALS" , "PARAMETERNAME_RAW" , "ABAPTYPE" , "DBLENGTH" , "DBLENGTH2" , "DIGITS" , "SYSTFIELD" , "PARAMETERTYPE" FROM "DD10B" WHERE "STRUCOBJN" IN ( ? , ? ) AND "AS4LOCAL" = ?
SELECT DISTINCT  "STRUCOBJN" , "NODENAME" , "PARAMETERNAME" , "POSNR" , "AS4LOCAL" , "ROLLNAME" , "COMPTYPE" , "DATATYPE" , "LENG" , "DECIMALS" , "PARAMETERNAME_RAW" , "ABAPTYPE" , "DBLENGTH" , "DBLENGTH2" , "DIGITS" , "SYSTFIELD" , "PARAMETERTYPE" FROM "DD10B" WHERE "STRUCOBJN" IN ( ? , ? , ? , ? ) AND "AS4LOCAL" = ?
SELECT DISTINCT  "TABNAME" , "AS4LOCAL" , "AS4VERS" , "TABCLASS" , "SQLTAB" , "DATMIN" , "DATMAX" , "DATAVG" , "CLIDEP" , "BUFFERED" , "COMPRFLAG" , "LANGDEP" , "ACTFLAG" , "APPLCLASS" , "AUTHCLASS" , "AS4USER" , "AS4DATE" , "AS4TIME" , "MASTERLANG" , "MAINFLAG" , "CONTFLAG" , "RESERVETAB" , "GLOBALFLAG" , "PROZPUFF" , "VIEWCLASS" , "VIEWGRANT" , "MULTIPLEX" , "SHLPEXI" , "PROXYTYPE" , "EXCLASS" , "WRONGCL" , "ALWAYSTRP" , "ALLDATAINCL" , "WITH_PARAMETERS" , "EXVIEW_INCLUDED" , "KEYMAX_FEATURE" , "KEYLEN_FEATURE" , "TABLEN_FEATURE" , "NONTRP_INCLUDED" , "VIEWREF" , "VIEWREF_ERR" , "VIEWREF_POS_CHG" , "TBFUNC_INCLUDED" , "IS_GTT" , "SESSION_VAR_EX" , "FROM_ENTITY" , "PK_IS_INVHASH" , "USED_SESSION_VARS" , "ABAP_LANGUAGE_VERSION" , "HDB_ONLY_ENTITY_INCLUDED" FROM "DD02L" WHERE "TABNAME" IN ( ? ) AND "AS4LOCAL" = ?
SELECT DISTINCT  "TABNAME" , "DDLANGUAGE" , "AS4LOCAL" , "FIELDNAME" , "DDTEXT" FROM "DD03T" WHERE "TABNAME" = ? AND "FIELDNAME" = ? AND "DDLANGUAGE" = ? AND "AS4LOCAL" = N'A'
SELECT HOST, VERSION FROM "SYS"."M_DATABASE"
SELECT MIN( "FINISHED_AT" ) , MAX( "FINISHED_AT" ) FROM "BGRFC_UNIT_TIME" WHERE "FINISHED_AT" <= ? AND "UNIT_KIND" = 1409196102
SELECT MIN( "FINISHED_AT" ) , MAX( "FINISHED_AT" ) FROM "BGRFC_UNIT_TIME" WHERE "FINISHED_AT" <= ? AND "UNIT_KIND" = 1409196105
SELECT MIN( "FINISHED_AT" ) , MAX( "FINISHED_AT" ) FROM "BGRFC_UNIT_TIME" WHERE "FINISHED_AT" <= ? AND "UNIT_KIND" = 1409196106
SELECT MIN( "FINISHED_AT" ) , MAX( "FINISHED_AT" ) FROM "BGRFC_UNIT_TIME" WHERE "FINISHED_AT" <= ? AND ( "UNIT_KIND" = 1409196101 OR "UNIT_KIND" = 1409196103 )
SELECT MIN(SEQNUMBER) FROM DDLOG
SELECT N'X' FROM "DD02L" WHERE "TABNAME" = ? AND "TABCLASS" = N'VIEW' LIMIT 1
SELECT N'X' FROM "SDRAFT_LC_CONFIG" WHERE "DRAFT_ENTITY" = N'<DEFAULT>' LIMIT 1
SELECT PARAMETERNAME, PARAMETERNAME_RAW, POSNR, ROLLNAME, COMPTYPE, DATATYPE, DECIMALS, DBLENGTH, DBLENGTH2, DIGITS, SYSTFIELD FROM  "DD10B"  WHERE AS4LOCAL = 'A' AND STRUCOBJN =  ?  ORDER BY POSNR
SELECT SEQNUMBER, SYSTEMID, NBLENGTH, NOTEBOOK FROM DDLOG WHERE SEQNUMBER >  ? ORDER BY SEQNUMBER
SELECT TLINE, SEQNO FROM SNAPT WHERE LANGU =  ?  AND ERRID =  ?  AND TTYPE =  ?  ORDER BY SEQNO
SELECT TOP 1 D.DATABASE_NAME || '/' || H.VALUE, L.HOST, CURRENT_USER, CURRENT_SCHEMA, CURRENT_CONNECTION FROM M_DATABASE D, SYS.M_HOST_INFORMATION H, SYS.M_LANDSCAPE_HOST_CONFIGURATION L WHERE H.KEY = 'sapsystem' AND L.INDEXSERVER_ACTUAL_ROLE = 'MASTER' 
SELECT TOP 1 D.VERSION, H.VALUE FROM M_DATABASE D LEFT OUTER JOIN SYS.M_HOST_INFORMATION H ON H.KEY = 'build_branch'
SELECT TOP 1 HOST, CURRENT_CONNECTION FROM SYS.M_LANDSCAPE_HOST_CONFIGURATION WHERE INDEXSERVER_ACTUAL_ROLE = 'MASTER' 
SELECT TOP 1 TO_CHAR (CURRENT_TIMESTAMP, 'YYYYMMDDHH24MISS'), TO_CHAR (CURRENT_UTCTIMESTAMP, 'YYYYMMDDHH24MISS') FROM SYS.DUMMY
