SELECT "A" . "IMP_NAME" , "A" . "MST_LANG" , "B" . "GUI_CODE" , "B" . "ICON_ID" FROM "SXC_ATTR" "A" INNER JOIN "SXC_FCODE" "B" ON "A" . "IMP_NAME" = "B" . "IMP_NAME" WHERE "A" . "ACTIVE" = N'X' AND "B" . "GUI_PROG" = ?
SELECT "AUTHCKMAN" FROM "TBTCO" WHERE "JOBNAME" = ? AND "JOBCOUNT" = ? LIMIT 1
SELECT "BANAME" , "SYSNAME" , "TYPE" , "INSTANCES" , "STATUS" , "TXT" , "MONIVARI" FROM "TPFBA"
SELECT "BANAME" , "SYSNAME" , "TYPE" , "INSTANCES" , "STATUS" , "TXT" , "MONIVARI" FROM "TPFBA" WHERE "BANAME" = ?
SELECT "BCSET" FROM "SFW_BCSET" WHERE "SFW_CLIENT" = ? LIMIT 1
SELECT "BFUNCTION" , "VERSION" , "DOKCLASS" , "DOKNAME" FROM "SFW_BFC_RN" WHERE "BFUNCTION" = ? AND "VERSION" = ? LIMIT 1
SELECT "BFUNCTION" , "VERSION" , "IS_SYSTEM" , "AUTHOR" , "CREATEDON" , "CHANGEDBY" , "CHANGEDON" , "TIMESTAMP" , "TYPE" , "REVERSIBLE" , "OBSOLETE" , "COMPONENT" , "FROM_RELEASE" , "S4H_OP_STATE" , "S4H_MC_STATE" , "S4H_PC_STATE" FROM "SFW_BF" WHERE "BFUNCTION" = ? AND "VERSION" = ? LIMIT 1
SELECT "BFUNCTION" , "VERSION" , "OBJECT_CLASS" , "TOPIC_OBJECT_ID" , "STR_OBJECT_ID" , "PREFIX" , "DOCNAME" FROM "SFW_BFC_KW" WHERE "BFUNCTION" = ? AND "VERSION" = ? LIMIT 1
SELECT "BFUNCTION" , "VERSION" , "STRUCTURE_ID" FROM "SFW_BFC_TC" WHERE "BFUNCTION" = ? AND "VERSION" = ? LIMIT 1
SELECT "BFUNCTION" FROM "SFW_BF_CHANGE" LIMIT 1
SELECT "BSET" , "VERSION" , "STATE" , "AUTHOR" , "CREATEDON" , "CHANGEDBY" , "CHANGEDON" , "TIMESTAMP" , "TYPE" , "ROOT" FROM "SFW_BS" WHERE "BSET" = ? AND "VERSION" = ? LIMIT 1
SELECT "BUFALLOW" FROM "DD092526V" WHERE "TABNAME" = ? AND "BUFALLOW" = N'X' LIMIT 1
SELECT "C" . "MANDT" , "C" . "QUEUENAME" , "R" . "STATUS" , "C" . "MODULENAME" , "R" . "LASTMSG" , "R" . "LASTERROR" , "C" . "QLNGNAME" FROM "SMOHRRQCUST" "C" INNER JOIN "SMOHRRQRT" "R" ON "C" . "MANDT" = "R" . "MANDT" AND "C" . "QUEUENAME" = "R" . "QUEUENAME" WHERE "C" . "MANDT" = N'000' AND "C" . "QUEUENAME" = N'QD' LIMIT 1
SELECT "CHECKTABLE" FROM "SDSH_V_CHECK_TAB" WHERE "TABNAME" = ? AND "FIELDNAME" = ? LIMIT 1
SELECT "CHECK_NAME" , "ACTIVE" FROM "PATCHECK" WHERE "OCS_TOOL" IN ( ? , ? )
SELECT "CHG_TSTMP" , "LOAD_TSTMP" , "LOAD_VERSION" , "LOAD_DATA" FROM "DDANNOLOAD" WHERE "ENTITY" = ? AND "VARIANT" = ? AND "DDLS_EXTEND" = ? AND "METADATA_EXTENSION" = ? AND "STATE" = N'V' LIMIT 1
SELECT "CLIENT" , "ADDRNUMBER" , "PERSNUMBER" , "DATE_FROM" , "NATION" , "DATE_TO" , "COMP_PERS" , "SO_KEY" , "DEPARTMENT" , "FUNCTION" , "BUILDING" , "FLOOR" , "ROOMNUMBER" , "ID_CODE" , "IH_MAIL" , "SORT1" , "SORT2" , "SORT_PHN" , "ALT_COMPNY" , "DEFLT_COMM" , "TEL_NUMBER" , "TEL_EXTENS" , "FAX_NUMBER" , "FAX_EXTENS" , "FLAGCOMM2" , "FLAGCOMM3" , "FLAGCOMM4" , "FLAGCOMM5" , "FLAGCOMM6" , "FLAGCOMM7" , "FLAGCOMM8" , "FLAGCOMM9" , "FLAGCOMM10" , "FLAGCOMM11" , "FLAGCOMM12" , "FLAGCOMM13" , "ADCP_UUID" , "UUID_BELATED" , "ID_CATEGORY" , "ADCP_ERR_STATUS" , "XPCPT" , "_DATAAGING" FROM "ADCP" WHERE "CLIENT" = ? AND "ADDRNUMBER" = ? AND "PERSNUMBER" = ? AND "NATION" = N''
SELECT "CLIENT" , "ID" , "USERID" , "LINK" , "START_TIMESTAMP" , "EOL_TIMESTAMP" , "AUTHNMETHODS" , "EXT_SESSMAN" , "TIMEOUT_CHECK" , "HAS_SUCCESSOR" , "XSRF_TOKEN" FROM "SECURITY_CONTEXT" WHERE "EOL_TIMESTAMP" > ? AND "EOL_TIMESTAMP" < ?
SELECT "CLIENT" , "ID" , "USERID" , "LINK" , "START_TIMESTAMP" , "EOL_TIMESTAMP" , "AUTHNMETHODS" , "EXT_SESSMAN" , "TIMEOUT_CHECK" , "HAS_SUCCESSOR" , "XSRF_TOKEN" FROM "SECURITY_CONTEXT" WHERE "TIMEOUT_CHECK" = ?
SELECT "CLIENT" , "OBJECT" , "SUBOBJECT" , "NRRANGENR" , "TOYEAR" , "FROMNUMBER" , "TONUMBER" , "NRLEVEL" , "EXTERNIND" FROM "NRIV" WHERE "CLIENT" = ? AND "OBJECT" = ? AND "SUBOBJECT" = ? AND "NRRANGENR" = ? AND "TOYEAR" = ? FOR UPDATE
SELECT "CLIENT" , "OBJECT" , "SUBOBJECT" , "NRRANGENR" , "TOYEAR" , "FROMNUMBER" , "TONUMBER" , "NRLEVEL" , "EXTERNIND" FROM "NRIV" WHERE "CLIENT" = ? AND "OBJECT" = ? AND "SUBOBJECT" = ? AND "NRRANGENR" = ? AND "TOYEAR" = N'0000' LIMIT 1
SELECT "COMPONENT" , "COMPTYPE" , "ASSIGNDSYS" , "PERIODTYPE" , "PERIODSTRT" , "STORAGE" , "FIRSTRECDY" , "FIRSTRECTI" , "LASTRECDY" , "LASTRECTI" , "AGR_TZONE" , "FINISHED" , "IN_WEEK" , "IN_MONTH" , "IN_TOTDAY" , "IN_TOTWEEK" , "IN_TOTMONT" , "TEMPORARY_DATA" FROM "SWNCMONIINDEX" WHERE "COMPONENT" = ? AND "COMPTYPE" = ? AND "ASSIGNDSYS" = ? AND "PERIODTYPE" = ? AND "PERIODSTRT" = ? AND "STORAGE" = ? LIMIT 1
SELECT "COMPONENT" , "COMPTYPE" , "ASSIGNDSYS" , "PERIODTYPE" , "PERIODSTRT" , "STORAGE" , "FIRSTRECDY" , "FIRSTRECTI" , "LASTRECDY" , "LASTRECTI" , "AGR_TZONE" , "FINISHED" , "IN_WEEK" , "IN_MONTH" , "IN_TOTDAY" , "IN_TOTWEEK" , "IN_TOTMONT" , "TEMPORARY_DATA" FROM "SWNCMONIINDEX" WHERE "COMPONENT" = ? AND "COMPTYPE" = ? AND "ASSIGNDSYS" = ? AND "PERIODTYPE" = ? ORDER BY "SWNCMONIINDEX" . "PERIODSTRT" DESC , "SWNCMONIINDEX" . "LASTRECDY" DESC , "SWNCMONIINDEX" . "LASTRECTI" DESC LIMIT 1
SELECT "CPCODEPAGE" , "CPATTRKIND" , "CPATTRSEQ" , "CPATTR" FROM "TCP00A" ORDER BY "CPCODEPAGE" , "CPATTRKIND" , "CPATTRSEQ"
SELECT "CTXTTEXT" FROM "TBTCCNTXT" WHERE "JOBNAME" = ? AND "JOBCOUNT" = ? AND "CTXTTYPE" = N'TIMEZONE' AND "CTXTVAL" = N'' LIMIT 1
SELECT "CUSERNAME" , "DEBUGID" , "SYSTDEBUG" , "SERVER" , "CALL_URL" FROM "ICFATTRIB" WHERE "CLIENT" = ? AND "USERNAME" = ? AND "CIPADDR" = ? AND "ATTRIBUTE" = ? AND ( "URL" = ? OR "URL" = ? AND "SERVER" = ? ) AND ( "CDATE" = ? AND ( "TIMEOUT" > ? OR "CTIME" < ? AND "TIMEOUT" <= ? ) OR "CDATE" = ? AND "TIMEOUT" > ? AND "TIMEOUT" <= ? )
SELECT "DATA" FROM "REPOSRC" WHERE "PROGNAME" = ? AND "R3STATE" = ?
SELECT "DD02B" . "AS4LOCAL" , "DD02B" . "STRUCOBJN" , "DD02B" . "STRUCOBJCLASS" , "DD02B" . "PARENTNAME" , "DD02BND" . "DBTABNAME" , "DD02B" . "TABART" , "DD02B" . "CLIDEP" , "DD02BND" . "CLIENTFIELD" , "DD02B" . "STRUCOBJN_RAW" , "DD02BND" . "AMDP_NAME" , "DD02BND" . "ACCESSCTRL_TARGET" , "DD02BND" . "WITH_PARAMETERS" , "DD02BND" . "ISROOTNODE" FROM "DD02B" INNER JOIN "DD02BND" ON "DD02B" . "STRUCOBJN" = "DD02BND" . "STRUCOBJN" AND "DD02B" . "AS4LOCAL" = "DD02BND" . "AS4LOCAL" WHERE "DD02B" . "STRUCOBJN" = ? AND ( "DD02B" . "AS4LOCAL" = ? OR "DD02B" . "AS4LOCAL" = ? ) ORDER BY "DD02B" . "STRUCOBJN" , "DD02B" . "AS4LOCAL" DESC
SELECT "DD02B" . "AS4LOCAL" , "DD02B" . "STRUCOBJN" , "DD02B" . "STRUCOBJCLASS" , "DD02B" . "PARENTNAME" , "DD02BND" . "DBTABNAME" , "DD02B" . "TABART" , "DD02B" . "CLIDEP" , "DD02BND" . "CLIENTFIELD" , "DD02B" . "STRUCOBJN_RAW" , "DD02BND" . "AMDP_NAME" , "DD02BND" . "ACCESSCTRL_TARGET" , "DD02BND" . "WITH_PARAMETERS" , "DD02BND" . "ISROOTNODE" FROM "DD02B" INNER JOIN "DD02BND" ON "DD02B" . "STRUCOBJN" = "DD02BND" . "STRUCOBJN" AND "DD02B" . "AS4LOCAL" = "DD02BND" . "AS4LOCAL" WHERE "DD02B" . "STRUCOBJN" IN ( ? , ? ) AND ( "DD02B" . "AS4LOCAL" = ? OR "DD02B" . "AS4LOCAL" = ? ) ORDER BY "DD02B" . "STRUCOBJN" , "DD02B" . "AS4LOCAL" DESC
SELECT "DD02B" . "AS4LOCAL" , "DD02B" . "STRUCOBJN" , "DD02B" . "STRUCOBJCLASS" , "DD02B" . "PARENTNAME" , "DD02BND" . "DBTABNAME" , "DD02B" . "TABART" , "DD02B" . "CLIDEP" , "DD02BND" . "CLIENTFIELD" , "DD02B" . "STRUCOBJN_RAW" , "DD02BND" . "AMDP_NAME" , "DD02BND" . "ACCESSCTRL_TARGET" , "DD02BND" . "WITH_PARAMETERS" , "DD02BND" . "ISROOTNODE" FROM "DD02B" INNER JOIN "DD02BND" ON "DD02B" . "STRUCOBJN" = "DD02BND" . "STRUCOBJN" AND "DD02B" . "AS4LOCAL" = "DD02BND" . "AS4LOCAL" WHERE "DD02B" . "STRUCOBJN" IN ( ? , ? , ? ) AND ( "DD02B" . "AS4LOCAL" = ? OR "DD02B" . "AS4LOCAL" = ? ) ORDER BY "DD02B" . "STRUCOBJN" , "DD02B" . "AS4LOCAL" DESC
SELECT "DD02B" . "AS4LOCAL" , "DD02B" . "STRUCOBJN" , "DD02B" . "STRUCOBJCLASS" , "DD02B" . "PARENTNAME" , "DD02BND" . "DBTABNAME" , "DD02B" . "TABART" , "DD02B" . "CLIDEP" , "DD02BND" . "CLIENTFIELD" , "DD02B" . "STRUCOBJN_RAW" , "DD02BND" . "AMDP_NAME" , "DD02BND" . "ACCESSCTRL_TARGET" , "DD02BND" . "WITH_PARAMETERS" , "DD02BND" . "ISROOTNODE" FROM "DD02B" INNER JOIN "DD02BND" ON "DD02B" . "STRUCOBJN" = "DD02BND" . "STRUCOBJN" AND "DD02B" . "AS4LOCAL" = "DD02BND" . "AS4LOCAL" WHERE "DD02B" . "STRUCOBJN" IN ( ? , ? , ? , ? ) AND ( "DD02B" . "AS4LOCAL" = ? OR "DD02B" . "AS4LOCAL" = ? ) ORDER BY "DD02B" . "STRUCOBJN" , "DD02B" . "AS4LOCAL" DESC
SELECT "DDLNAME" , "AS4LOCAL" , "AS4USER" , "AS4DATE" , "AS4TIME" , "SOURCE" , "PARENTNAME" , "ACTFLAG" , "CHGFLAG" , "SOURCE_TYPE" , "SOURCE_ORIGIN" , "ABAP_LANGUAGE_VERSION" FROM "DDDDLSRC" WHERE "DDLNAME" IN ( ? ) AND "AS4LOCAL" = ?
SELECT "DELETION_TIME" FROM "BGRFC_CUST_I_SYS" WHERE "ENTRY_ID" = N'SYSTEM' LIMIT 1
SELECT "DELETION_TIME" FROM "BGRFC_CUST_O_SYS" WHERE "ENTRY_ID" = N'SYSTEM' LIMIT 1
SELECT "DTS_INSTANCE" , "TRACE" , "USE_SLD" , "DAYS_UNTIL_CHECK" , "DATE_LAST_CHECK" , "CHECK_SLD_NOW" , "LAST_CHG_USER" , "LAST_CHG_DATE" , "LAST_CHG_TIME" , "SCHED_JOB_REPEAT" , "MAP_JOB_REPEAT" FROM "ALDTSCTRL" WHERE "DTS_INSTANCE" = N'CCMS_DTS_Control_Record' LIMIT 1
SELECT "ENHNAME" FROM "SFW_ENHIMPL" WHERE "ENHOBJTYPE" = N'' LIMIT 1
SELECT "INSTNAME" , "HOST" , "TYPE" , "BANAME" , "SYSNAME" , "SYSNR" , "APSERVER" , "STATUS" , "CMPON" , "PFINST" , "PFSTART" , "HOMEDIR" , "USERNAME" , "PASSWD" , "WPNODIA" , "WPNOVB" , "WPNOBTC" , "WPNOENQ" , "WPNOSPO" , "WPNO" , "WPNOBTCA" , "SRVDIA" , "SRVVB" , "SRVBTC" , "SRVENQ" , "SRVSPO" , "SRVMSG" , "SRVGW" , "OPSYS" , "WPNOV2" , "WPNORES1" , "WPNORES2" , "SRVV2" , "SRVRES1" , "SRVRES2" , "PFLINSNAME" , "PFLSTRNAME" , "WPNORES" , "WPMAXNO" , "SRVDYNWP" FROM "TPFID"
SELECT "INST_NAME" , "LAST_TIME" , "LAST_DATE" , "DUMMYTXT" FROM "ALTSTLOD"
SELECT "JOBNAME" , "JOBCOUNT" , "CTXTTYPE" , "CTXTVAL" , "CTXTTEXT" FROM "TBTCCNTXT" WHERE "JOBNAME" = ? AND "JOBCOUNT" = ? AND "CTXTTYPE" = N'INTERCEPTED' LIMIT 1
SELECT "JOBNAME" , "JOBCOUNT" , "JOBGROUP" , "INTREPORT" , "STEPCOUNT" , "SDLSTRTDT" , "SDLSTRTTM" , "BTCSYSTEM" , "SDLDATE" , "SDLTIME" , "SDLUNAME" , "LASTCHDATE" , "LASTCHTIME" , "LASTCHNAME" , "RELDATE" , "RELTIME" , "RELUNAME" , "STRTDATE" , "STRTTIME" , "ENDDATE" , "ENDTIME" , "PRDMINS" , "PRDHOURS" , "PRDDAYS" , "PRDWEEKS" , "PRDMONTHS" , "PERIODIC" , "DELANFREP" , "EMERGMODE" , "STATUS" , "NEWFLAG" , "AUTHCKNAM" , "AUTHCKMAN" , "SUCCNUM" , "PREDNUM" , "JOBLOG" , "LASTSTRTDT" , "LASTSTRTTM" , "WPNUMBER" , "WPPROCID" , "EVENTID" , "EVENTPARM" , "BTCSYSREAX" , "JOBCLASS" , "PRIORITY" , "EVENTCOUNT" , "CHECKSTAT" , "CALENDARID" , "PRDBEHAV" , "EXECSERVER" , "EOMCORRECT" , "CALCORRECT" , "REAXSERVER" , "RECLOGSYS" , "RECOBJTYPE" , "RECOBJKEY" , "RECDESCRIB" , "TGTSRVGRP" FROM "TBTCO" WHERE "JOBNAME" = ? AND "JOBCOUNT" = ? AND "STATUS" = N'P' LIMIT 1
SELECT "JOBNAME" , "JOBCOUNT" , "JOBGROUP" , "INTREPORT" , "STEPCOUNT" , "SDLSTRTDT" , "SDLSTRTTM" , "BTCSYSTEM" , "SDLDATE" , "SDLTIME" , "SDLUNAME" , "LASTCHDATE" , "LASTCHTIME" , "LASTCHNAME" , "RELDATE" , "RELTIME" , "RELUNAME" , "STRTDATE" , "STRTTIME" , "ENDDATE" , "ENDTIME" , "PRDMINS" , "PRDHOURS" , "PRDDAYS" , "PRDWEEKS" , "PRDMONTHS" , "PERIODIC" , "DELANFREP" , "EMERGMODE" , "STATUS" , "NEWFLAG" , "AUTHCKNAM" , "AUTHCKMAN" , "SUCCNUM" , "PREDNUM" , "JOBLOG" , "LASTSTRTDT" , "LASTSTRTTM" , "WPNUMBER" , "WPPROCID" , "EVENTID" , "EVENTPARM" , "BTCSYSREAX" , "JOBCLASS" , "PRIORITY" , "EVENTCOUNT" , "CHECKSTAT" , "CALENDARID" , "PRDBEHAV" , "EXECSERVER" , "EOMCORRECT" , "CALCORRECT" , "REAXSERVER" , "RECLOGSYS" , "RECOBJTYPE" , "RECOBJKEY" , "RECDESCRIB" , "TGTSRVGRP" FROM "TBTCO" WHERE "JOBNAME" = N'R_JR_BTCJOBS_GENERATOR' AND "AUTHCKMAN" = ? AND ( "STATUS" = N'R' OR "STATUS" = N'Y' ) LIMIT 1
SELECT "KEY1" , "KEY2" , "APPL" , "PRDATE" , "REORG" , "PDEST" , "PRCOP" , "PLIST" , "PRTXT" , "PRIMM" , "PRREL" , "PRNEW" , "PEXPI" , "LINCT" , "LINSZ" , "PAART" , "PRBIG" , "PRSAP" , "PRREC" , "PRABT" , "PRBER" , "PRDSN" , "PTYPE" , "ARMOD" , "FOOTL" , "PRIOT" , "PRUNX" , "PRCHK" , "PARLISTLEN" , "PARAMLIST" FROM "TPRI_PAR" WHERE "PRCHK" = ?
SELECT "LANGU" FROM "EUDB" WHERE "RELID" = N'CU' AND "NAME" = ? LIMIT 1
SELECT "MANDT" , "BNAME" , "BCODE" , "GLTGV" , "GLTGB" , "USTYP" , "CLASS" , "LOCNT" , "UFLAG" , "ACCNT" , "ANAME" , "ERDAT" , "TRDAT" , "LTIME" , "OCOD1" , "BCDA1" , "CODV1" , "OCOD2" , "BCDA2" , "CODV2" , "OCOD3" , "BCDA3" , "CODV3" , "OCOD4" , "BCDA4" , "CODV4" , "OCOD5" , "BCDA5" , "CODV5" , "VERSN" , "CODVN" , "TZONE" , "ZBVMASTER" , "PASSCODE" , "PWDCHGDATE" , "PWDSTATE" , "RESERVED" , "PWDHISTORY" , "PWDLGNDATE" , "PWDSETDATE" , "PWDINITIAL" , "PWDLOCKDATE" , "PWDSALTEDHASH" , "SECURITY_POLICY" FROM "USR02" WHERE "MANDT" = ? AND "BNAME" = ? LIMIT 1
SELECT "MANDT" , "BNAME" , "PERSNUMBER" , "ADDRNUMBER" , "KOSTL" , "START_MENU" , "IDADTYPE" , "BPPERSON" , "ORGANIZATION" , "RESPONSIBLE" , "TECHDESC" , "IDENTITY_GUID" , "TEMPLATE_ORGTYPE" , "TEMPLATE_ORGADDR" FROM "USR21" WHERE "MANDT" = ? AND "BNAME" = ? LIMIT 1
SELECT "MANDT" , "RELID" , "BNAME" , "SRTF2" , "CLUSTR" , "CLUSTD" FROM "TPRI_DEF" WHERE "MANDT" = ? AND "RELID" = ? AND "BNAME" = ? AND "SRTF2" >= ? ORDER BY "MANDT" , "RELID" , "BNAME" , "SRTF2"
SELECT "MANDT" , "RELID" , "REPORT" , "VARIANT" , "SRTF2" , "VDATE" , "VTIME" , "VERNR" , "CLUSTR" , "CLUSTD" FROM "VARI" WHERE "MANDT" = ? AND "RELID" = ? AND "REPORT" = ? AND "VARIANT" = ? AND "SRTF2" >= ? ORDER BY "MANDT" , "RELID" , "REPORT" , "VARIANT" , "SRTF2"
SELECT "MASTER" FROM "D010INC" WHERE "INCLUDE" = ? ORDER BY MASTER
SELECT "MON_CLIENT" , "TCODE" , "MO_NAME" , "MTECLASS" , "SERVER_ID" , "CUSGRPNAME" FROM "ALTRAMONI"
SELECT "MON_CLIENT" , "TCODE" , "MO_NAME" , "MTECLASS" , "SERVER_ID" , "CUSGRPNAME" FROM "ALTRAMONI" WHERE "MO_NAME" = ?
SELECT "MON_CLIENT" , "TCODE" , "MO_NAME" , "MTECLASS" , "SERVER_ID" , "CUSGRPNAME" FROM "ALTRAMONI" WHERE "TCODE" = ? AND "MON_CLIENT" = N'*'
SELECT "NAME" , "VALUE" FROM "SSOI_DEPLOYPARAM" WHERE "NAME" = ? LIMIT 1
SELECT "NAME" FROM "EUDB" WHERE "RELID" = N'IA' AND "NAME" = ? AND "SPRSL" = N'D' AND "SRTF2" = 0 LIMIT 1
SELECT "OBJECT" FROM "DWINACTIV" WHERE "OBJECT" = ? AND "OBJ_NAME" = ? AND "UNAME" = ? LIMIT 1
SELECT "OCS_TOOL" , "PATCH" , "COMPONENT" , "COMP_REL" , "ADDON_ID" , "ADDON_REL" , "RESPONSIBL" , "IMPLE_DATE" , "IMPLE_TIME" , "STATUS" , "IMPL_MANDT" , "BTCH_STATE" , "QUEUE_ID" FROM "PAT10"
SELECT "PARAMTYPE" FROM "FUPARAREF" WHERE "FUNCNAME" = ? AND "R3STATE" = N'A' AND "PARAMETER" = N'IV_SWITCHED_OFF' AND "PARAMTYPE" = N'I' LIMIT 1
SELECT "PARAMTYPE" FROM "FUPARAREF" WHERE "FUNCNAME" = ? AND "R3STATE" = N'A' AND "PARAMETER" = N'TT_ERROR_LIST' AND "PARAMTYPE" = N'T' LIMIT 1
SELECT "PARVAL1" FROM "SMOHGLOBCFG" WHERE "PARSFAKEY" = N'RRS_COMMON' AND "PARNAME" = N'ENABLE_RR_BULK_PROCESSING' LIMIT 1
SELECT "PROGNAME" , "TYPE" , "BLOCKNR" , "BLOBLG" , "UDAT" , "UTIME" , "BLOCKLG" , "BLOCK" FROM "D346T" WHERE "PROGNAME" = ? AND "TYPE" = ? AND "BLOCKNR" >= ? ORDER BY "PROGNAME" , "TYPE" , "BLOCKNR"
SELECT "PS_POSID" FROM "DF14L" WHERE "FCTR_ID" = ? AND "AS4LOCAL" = N'A' LIMIT 1
SELECT "QDATA" FROM "REPOLOAD" WHERE "PROGNAME" = ? AND "R3STATE" = ? AND "MACH" = ? AND "MAJOR_VERS" = ?
SELECT "RELID" , "COMPONENT" , "COMPTYPE" , "ASSIGNDSYS" , "PERIODTYPE" , "PERIODSTRT" , "SRTF2" , "PROFILVERS" , "CLUSTR" , "CLUSTD" FROM "SWNCMONI" WHERE "RELID" = ? AND "COMPONENT" = ? AND "COMPTYPE" = ? AND "ASSIGNDSYS" = ? AND "PERIODTYPE" = ? AND "PERIODSTRT" = ? AND "SRTF2" >= ? ORDER BY "RELID" , "COMPONENT" , "COMPTYPE" , "ASSIGNDSYS" , "PERIODTYPE" , "PERIODSTRT" , "SRTF2"
SELECT "RELID" , "INSTANCE_NAME" , "PARAMETER_NAME" , "SRTF2" , "CLUSTR" , "CLUSTD" FROM "PFL_INDX" WHERE "RELID" = ? AND "INSTANCE_NAME" = ? AND "PARAMETER_NAME" = ? AND "SRTF2" >= ? ORDER BY "RELID" , "INSTANCE_NAME" , "PARAMETER_NAME" , "SRTF2"
SELECT "RELID" , "NAME" , "O_TYPE" , "SRTF2" , "MASTERLANG" , "VERSION" , "AUTHOR" , "I_DATE" , "I_TIME" , "M_AUTHOR" , "M_DATE" , "M_TIME" , "CLUSTR" , "CLUSTD" FROM "RSNORMDB" WHERE "RELID" = ? AND "NAME" = ? AND "O_TYPE" = ? AND "SRTF2" >= ? ORDER BY "RELID" , "NAME" , "O_TYPE" , "SRTF2"
SELECT "RELID" , "NAME" , "O_TYPE" , "SRTF2" , "MASTERLANG" , "VERSION" , "AUTHOR" , "I_DATE" , "I_TIME" , "M_AUTHOR" , "M_DATE" , "M_TIME" , "CLUSTR" , "CLUSTD" FROM "RSNORMDB" WHERE "RELID" = N'ST' AND "NAME" = ? AND "O_TYPE" = ? AND "SRTF2" = 0 LIMIT 1
SELECT "RELID" , "NAME" , "O_TYPE" , "SRTF2" , "MASTERLANG" , "VERSION" , "AUTHOR" , "I_DATE" , "I_TIME" , "M_AUTHOR" , "M_DATE" , "M_TIME" , "CLUSTR" , "CLUSTD" FROM "RSNORMDB" WHERE "RELID" = N'ST' AND "NAME" = ? AND "O_TYPE" = N'' AND "SRTF2" = 0 LIMIT 1
SELECT "RELID" , "NAME" , "SORTFIELD" , "CLUSTR" , "CLUSTD" FROM "DWTREE" WHERE "RELID" = ? AND "NAME" = ? AND "SORTFIELD" >= ? ORDER BY "RELID" , "NAME" , "SORTFIELD"
SELECT "RELID" , "NAME" , "SPRSL" , "SRTF2" , "LANGU" , "AUTOR" , "DATUM" , "ZEIT" , "VAUTOR" , "VDATUM" , "VZEIT" , "GDATUM" , "GZEIT" , "GSDATUM" , "GSZEIT" , "VERSION" , "CLUSTR" , "CLUSTD" FROM "EUDB" WHERE "RELID" = ? AND "NAME" = ? AND "SPRSL" = ? AND "SRTF2" >= ? ORDER BY "RELID" , "NAME" , "SPRSL" , "SRTF2"
SELECT "RELID" , "NAME" , "SPRSL" , "SRTF2" , "LANGU" , "AUTOR" , "DATUM" , "ZEIT" , "VAUTOR" , "VDATUM" , "VZEIT" , "GDATUM" , "GZEIT" , "GSDATUM" , "GSZEIT" , "VERSION" , "CLUSTR" , "CLUSTD" FROM "EUDB" WHERE "RELID" = ? AND "NAME" = ? AND "SPRSL" = N'D' AND "SRTF2" = 0 LIMIT 1
SELECT "RELID" , "NAME" , "SPRSL" , "SRTF2" , "LANGU" , "AUTOR" , "DATUM" , "ZEIT" , "VAUTOR" , "VDATUM" , "VZEIT" , "GDATUM" , "GZEIT" , "GSDATUM" , "GSZEIT" , "VERSION" , "CLUSTR" , "CLUSTD" FROM "EUDB" WHERE "RELID" = N'CU' AND "NAME" = ? AND "SPRSL" = N'D' AND "SRTF2" = 0 LIMIT 1
SELECT "RETRY_TIMESTAMP" FROM "D010DBOBJDEL" WHERE "DBOBJ_NAME" = ? AND "DBOBJ_KIND" = N'F' AND "DBOBJ_VERS" = 0 LIMIT 1
SELECT "RETRY_TIMESTAMP" FROM "D010DBOBJDEL" WHERE "DBOBJ_NAME" = ? AND "DBOBJ_KIND" = N'P' AND "DBOBJ_VERS" = 0 LIMIT 1
SELECT "SDATE" , "STIME" , "IDATE" , "ITIME" , "UNAM" , "UDAT" , "UTIME" , "SQLX" , "EDTX" , "DBNA" , "CLAS" , "TYPE" , "OCCURS" , "SUBC" , "APPL" , "SECU" , "CNAM" , "CDAT" , "VERN" , "LEVL" , "RSTAT" , "RMAND" , "RLOAD" , "DATALG" , "VARCL" , "DBAPL" , "FIXPT" , "SSET" , "LDBNAME" , "UCCHECK" , "MAXLINELN" FROM "REPOSRC" WHERE "PROGNAME" = ? AND "R3STATE" = ?
SELECT "SDATE" , "STIME" , "IDATE" , "ITIME" , "UNAM" , "UDAT" , "UTIME" , "SQLX" , "EDTX" , "DBNA" , "CLAS" , "TYPE" , "OCCURS" , "SUBC" , "APPL" , "SECU" , "CNAM" , "CDAT" , "VERN" , "LEVL" , "RSTAT" , "RMAND" , "RLOAD" , "DATALG" , "VARCL" , "DBAPL" , "FIXPT" , "SSET" , "LDBNAME" , "UCCHECK" , "MAXLINELN" FROM "REPOSRC" WHERE "PROGNAME" = ? AND "R3STATE" = ? FOR UPDATE
SELECT "SDATE" , "STIME" FROM "D010SINF" WHERE "PROG" = ? AND "R3STATE" = N'A' LIMIT 1
SELECT "SPOPTION" , "VALUE" FROM "TSPOPTIONS" WHERE "SPOPTION" = N'DYN_LISTFORMAT' LIMIT 1
SELECT "SPOPTION" , "VALUE" FROM "TSPOPTIONS" WHERE "SPOPTION" = N'RSDSSPTI_SCAN' FOR UPDATE
SELECT "START_GEN_NOT_BEFORE" FROM "D010DBOBJGEN" LIMIT 1
SELECT "STATUS" FROM "COVMOD" WHERE "SERVER" = ? LIMIT 1
SELECT "STATUS" FROM "COVMOD" WHERE "SERVER" = N'' LIMIT 1
SELECT "STRUCOBJN" , "NAME" , "POSITION" , "VALUE" FROM "DDHEADANNO" WHERE "STRUCOBJN" = ? AND "NAME" = N'ANALYTICS.DATACATEGORY' LIMIT 1
SELECT "STRUCOBJN" , "NAME" , "POSITION" , "VALUE" FROM "DDHEADANNO" WHERE "STRUCOBJN" = ? AND "NAME" = N'OBJECTMODEL.DATACATEGORY' LIMIT 1
SELECT "STRUCOBJN" , "NODENAME" , "FIELDNAME" , "POSITION" , "KEYFLAG" , "ROLLNAME" , "CHECKTABLE" , "INTTYPE" , "INTLEN" , "REFTABLE" , "REFFIELD" , "NOTNULL" , "DATATYPE" , "LENG" , "DECIMALS" , "DOMNAME" , "DEPTH" , "FIELDNAME_RAW" FROM "DD03ND" WHERE "STRUCOBJN" = ? AND "AS4LOCAL" = ? AND NOT "FIELDNAME" LIKE ? ORDER BY "DD03ND" . "STRUCOBJN" , "DD03ND" . "POSITION"
SELECT "STRUCOBJN" , "NODENAME" , "FIELDNAME" , "POSITION" , "KEYFLAG" , "ROLLNAME" , "CHECKTABLE" , "INTTYPE" , "INTLEN" , "REFTABLE" , "REFFIELD" , "NOTNULL" , "DATATYPE" , "LENG" , "DECIMALS" , "DOMNAME" , "DEPTH" , "FIELDNAME_RAW" FROM "DD03ND" WHERE "STRUCOBJN" IN ( ? , ? ) AND "AS4LOCAL" = ? AND NOT "FIELDNAME" LIKE ? ORDER BY "DD03ND" . "STRUCOBJN" , "DD03ND" . "POSITION"
SELECT "STRUCOBJN" , "NODENAME" , "FIELDNAME" , "POSITION" , "KEYFLAG" , "ROLLNAME" , "CHECKTABLE" , "INTTYPE" , "INTLEN" , "REFTABLE" , "REFFIELD" , "NOTNULL" , "DATATYPE" , "LENG" , "DECIMALS" , "DOMNAME" , "DEPTH" , "FIELDNAME_RAW" FROM "DD03ND" WHERE "STRUCOBJN" IN ( ? , ? , ? ) AND "AS4LOCAL" = ? AND NOT "FIELDNAME" LIKE ? ORDER BY "DD03ND" . "STRUCOBJN" , "DD03ND" . "POSITION"
SELECT "STRUCOBJN" , "NODENAME" , "STRUCOBJN_T" , "NODENAME_T" , "ASSOCIATIONNAME" , "CARD_MIN" , "CARD_MAX" , "ON_SOURCE" , "ASSOCNAME_RAW" , "ASSOCIATIONKIND" FROM "DD08B" WHERE "STRUCOBJN" = ? AND "AS4LOCAL" = ? ORDER BY "DD08B" . "STRUCOBJN"
SELECT "STRUCOBJN" , "NODENAME" , "STRUCOBJN_T" , "NODENAME_T" , "ASSOCIATIONNAME" , "CARD_MIN" , "CARD_MAX" , "ON_SOURCE" , "ASSOCNAME_RAW" , "ASSOCIATIONKIND" FROM "DD08B" WHERE "STRUCOBJN" IN ( ? , ? ) AND "AS4LOCAL" = ? ORDER BY "DD08B" . "STRUCOBJN"
SELECT "STRUCOBJN" , "NODENAME" , "STRUCOBJN_T" , "NODENAME_T" , "ASSOCIATIONNAME" , "CARD_MIN" , "CARD_MAX" , "ON_SOURCE" , "ASSOCNAME_RAW" , "ASSOCIATIONKIND" FROM "DD08B" WHERE "STRUCOBJN" IN ( ? , ? , ? ) AND "AS4LOCAL" = ? ORDER BY "DD08B" . "STRUCOBJN"
SELECT "SUBC" , "SECU" FROM "TRDIR" WHERE "NAME" = ? LIMIT 1
SELECT "SWITCH" FROM "SFW_SW_CHANGE" LIMIT 1
SELECT "SWITCH_ID" FROM "SFW_STATECHANGE" LIMIT 1
SELECT "SYM_GRP" , "SYM_KEY" , "SYM_VAL" FROM "TUCON" WHERE "SYM_GRP" = N'Cert.Check' AND "SYM_KEY" = N'AUTOABAP' LIMIT 1
SELECT "SYM_GRP" , "SYM_KEY" , "SYM_VAL" FROM "TUCON" WHERE "SYM_GRP" = N'Cert.Check' AND "SYM_KEY" = N'LASTRUN' AND "SYM_VAL" LIKE ? LIMIT 1
SELECT "SYM_GRP" , "SYM_KEY" , "SYM_VAL" FROM "TUCON" WHERE "SYM_GRP" = N'Obj. Count' AND "SYM_KEY" = N'Last Cons.'
SELECT "SYSID" , "EPS_MON" , "SCENARIO" , "SCENARIO_AO" , "GENERATE" , "BACKUP" , "CREATE_DF" , "SAVE_DF" , "DISP_CONT" , "START_DIR" , "SAVE_LAST" , "DEL_FILE" , "INACT_IMP" , "C_MODE" , "CREATE_VRS" , "ONE_PATCH" , "HELP01" , "INACTIMPAO" , "HELP02" , "MIMPPRC_AO" , "BTCHPRC_AO" , "QUEUE_CALC" , "MODADJ_BND" , "AUTO_SPAU" , "DISP_INACT" , "DISP_UNUSD" , "REQ_SFXREP" , "SMP_USER" , "R3TRANSPRC" , "HELP03" , "HELP04" , "DDIC_ACT_SUBSET" , "INT_CCHECK" , "NO_STDXPRA" , "RTA_SNDFRM" , "RTA_SYSTYP" , "RTA_CNTACT" , "SKIPCONDITIONSUM" , "NO_SIG_CHECK" , "SKIPCONDITION" , "NO_STOP_RC6" , "IMP_SIG_CHECK" , "FREEZE_UPDATE" , "NO_AIM_REPEAT" , "CVOI_TIMEOUT" FROM "PAT05" WHERE "SYSID" = ? LIMIT 1
SELECT "TABNAME" , "FIELDNAME" , "POSITION" , "KEYFLAG" , "ROLLNAME" , "CHECKTABLE" , "INTTYPE" , "INTLEN" , "REFTABLE" , "REFFIELD" , "NOTNULL" , "DATATYPE" , "LENG" , "DECIMALS" , "DOMNAME" , "DEPTH" , "DBPOSITION" FROM "DD03L" WHERE "TABNAME" = ? AND "AS4LOCAL" = ? AND NOT "FIELDNAME" LIKE ? ORDER BY "DD03L" . "TABNAME" , "DD03L" . "POSITION"
SELECT "TABNAME" , "TABCLASS" , "CLIDEP" , "BUFFERED" , "AS4DATE" , "AS4TIME" FROM "DD02L" WHERE "TABNAME" = ? AND "AS4LOCAL" = ?
SELECT "TASKTIMES" FROM "TASK_VITA_DATA" WHERE "TASKMANDT" = N'000' AND "TASKKEY" = ? LIMIT 1
SELECT "TIMESTAMP" FROM "SRT_MONI_TS" WHERE "CALLER_PROGRAM" = ? LIMIT 1
SELECT "TYPE" FROM "D020S" WHERE "PROG" = ? AND "DNUM" = ? LIMIT 1
SELECT "TYPE" FROM "SFW_DDIC_WRKLIST" LIMIT 1
SELECT "TYPEKIND" FROM "DDTYPES" WHERE "TYPENAME" = ?
SELECT * FROM "SDSH_V_DOMAIN_FX" WHERE "TABNAME" = ? AND "FIELDNAME" = ? LIMIT 1
SELECT * FROM "SDSH_V_ENTITYTAB" WHERE "TABNAME" = ? AND "FIELDNAME" = ? LIMIT 1
SELECT * FROM "SDSH_V_FIELD_TA1" WHERE "TABNAME" = ? AND "FIELDNAME" = ? LIMIT 1
SELECT * FROM "TRDIR" WHERE "NAME" = ? LIMIT 1
SELECT /* Buffer Loading */ "AREA_NAME" , "CLIENT" , "CHG_USER" , "CHG_DATE" , "CHG_TIME" , "MAX_VERSIONS" , "MAX_AREA_SIZE" , "MAX_VERSION_SIZE" , "REFRESH_TIME" , "INVALIDATE_TIME" , "IDLE_TIME" , "BUILD_KIND" FROM "SHMA_ATTR_RTS" WHERE "AREA_NAME" = ? AND "CLIENT" = ?
SELECT /* Buffer Loading */ "CLIENT" , "USERNAME" , "CIPADDR" , "ATTRIBUTE" , "SERVER" , "URL" , "CUSERNAME" , "CHOST" , "CDATE" , "CTIME" , "TIMEOUT" , "DEBUGID" , "SYSTDEBUG" , "LIFE_DAY" , "LIFE_TIME" , "ATRAVAR" , "ATRAMESS" , "ATRAUSER" , "RECATTRIB" , "CALL_URL" , "ATRA_SINGLEREC" , "CIPV6ADDR" FROM "ICFATTRIB" WHERE "CLIENT" = ? ORDER BY "ICFATTRIB" . "CLIENT" , "ICFATTRIB" . "USERNAME" , "ICFATTRIB" . "CIPADDR" , "ICFATTRIB" . "ATTRIBUTE" , "ICFATTRIB" . "SERVER" , "ICFATTRIB" . "URL"
SELECT /* Buffer Loading */ "CPCODEPAGE" , "CPATTRKIND" , "CPATTRSEQ" , "CPATTR" FROM "TCP00A" ORDER BY "TCP00A" . "CPCODEPAGE" , "TCP00A" . "CPATTRKIND" , "TCP00A" . "CPATTRSEQ"
SELECT /* Buffer Loading */ "DEVCLASS" , "INTSYS" , "CONSYS" , "CTEXT" , "KORRFLAG" , "AS4USER" , "PDEVCLASS" , "DLVUNIT" , "COMPONENT" , "NAMESPACE" , "TPCLASS" , "SHIPMENT" , "PARENTCL" , "APPLICAT" , "ERRSEVRTY" , "PERMINHER" , "INTFPREFX" , "PACKTYPE" , "RESTRICTED" , "MAINPACK" , "CREATED_BY" , "CREATED_ON" , "CHANGED_BY" , "CHANGED_ON" , "SRV_CHECK" , "CLI_CHECK" , "EXT_ALIAS" , "PROJECT_GUID" , "PROJECT_PASSDOWN" , "IS_ENHANCEABLE" , "PACKAGE_KIND" , "ENHANCED_PACKAGE" , "ACCESS_OBJECT" , "DEFAULT_INTF" , "INHERIT_CLI_INTF" , "TECH_CHG_TSTMP" , "OVERALL_TSTMP" , "ENCAPSULATION" , "DCL_ENABLED" , "SUB_KEY" , "ALLOW_STATIC" , "SWITCH_ID" , "CHECK_RULE" FROM "TDEVC" WHERE "DEVCLASS" = ?
SELECT /* Buffer Loading */ "FUNCTION" , "FNUMB" FROM "AQXINTA" ORDER BY "AQXINTA" . "FUNCTION"
SELECT /* Buffer Loading */ "MANDT" , "BADI_NAME" , "IS_IMPL" FROM "BADIISIMPLED" WHERE "MANDT" = ? AND "BADI_NAME" = ?
SELECT /* Buffer Loading */ "MANDT" , "UNAME" , "AREA" , "PARAM" , "SEQNO" , "VALUE" , "CHANGE_USER" , "CHANGE_TIMESTAMP" FROM "SALV_CSQ_PARAMS" WHERE "MANDT" = ? AND "UNAME" = ? ORDER BY "SALV_CSQ_PARAMS" . "MANDT" , "SALV_CSQ_PARAMS" . "UNAME" , "SALV_CSQ_PARAMS" . "AREA" , "SALV_CSQ_PARAMS" . "PARAM" , "SALV_CSQ_PARAMS" . "SEQNO"
SELECT /* Buffer Loading */ "MTSYSID" , "MTMCNAME" , "MTNUMRANGE" , "MTUID" , "MTCLASS" , "SETNAME" , "MTINDEX" , "EXTINDEX" , "OBJECTNAME" , "MTNAMESHRT" , "DBSTATUS" , "SEVERITY" , "STATISTREC" , "VISUSERLEV" , "KEEPALTYPE" , "KEEPALMAX" , "SECTRGTOOL" , "SECINACTIV" , "WARMUPTIME" , "DTEXTCLASS" , "DTEXTID" , "CRTBYASSI" , "CHG_USER" , "CHG_DATE" , "CHG_TIME" FROM "ALMTCUSGEN" WHERE "MTSYSID" = ? AND "MTMCNAME" = ? AND "MTNUMRANGE" = ? AND "MTUID" = ? AND "MTCLASS" = ? AND "SETNAME" = ?
SELECT /* Buffer Loading */ "ODPNAME" , "STRUCOBJN" , "FIELDNAME" , "ODPNAME_SRC" , "REASON" FROM "RSODP_ABAP_CDS" WHERE "ODPNAME" = ?
SELECT /* Buffer Loading */ "PGMID" , "OBJECT" , "OBJ_NAME" , "KORRNUM" , "SRCSYSTEM" , "AUTHOR" , "SRCDEP" , "DEVCLASS" , "GENFLAG" , "EDTFLAG" , "CPROJECT" , "MASTERLANG" , "VERSID" , "PAKNOCHECK" , "OBJSTABLTY" , "COMPONENT" , "CRELEASE" , "DELFLAG" , "TRANSLTTXT" , "CREATED_ON" , "CHECK_DATE" , "CHECK_CFG" FROM "TADIR" WHERE "PGMID" = ? AND "OBJECT" = ? AND "OBJ_NAME" = ?
SELECT /* Buffer Loading */ "PROGNAME" , "SPRSL" , "OBJ_CODE" , "TEXT" FROM "D347T" WHERE "PROGNAME" = ? AND "SPRSL" = ? AND "OBJ_CODE" = ?
SELECT /* Buffer Loading */ "RFCLANG" , "RFCDEST" , "RFCDOC1" , "RFCDOC2" , "RFCDOC3" FROM "RFCDOC" WHERE "RFCLANG" = ? AND "RFCDEST" = ?
SELECT /* Buffer Loading */ "STRUCOBJN" , "NAME" , "VALUE" FROM "RSODPABAPCDSVWHA" WHERE "STRUCOBJN" = ? AND "NAME" = ?
SELECT /* Buffer Loading */ "TABNAME" , "FIELDNAME" , "AS4LOCAL" , "SHLPNAME" , "SHLPINHER" FROM "DD35L" WHERE "TABNAME" = ? ORDER BY "DD35L" . "TABNAME" , "DD35L" . "FIELDNAME" , "DD35L" . "AS4LOCAL"
SELECT /* Buffer Loading */ "TABNAME" , "FIELDNAME" , "DDLANGUAGE" , "POSITION" , "DOMNAME" , "ROLLNAME" , "SCRLEN1" , "SCRLEN2" , "SCRLEN3" , "HEADLEN" , "SCRTEXT_S" , "SCRTEXT_M" , "SCRTEXT_L" , "REPTEXT" , "FIELDTEXT" FROM "DDFTX" WHERE "TABNAME" = ? ORDER BY "DDFTX" . "TABNAME" , "DDFTX" . "FIELDNAME" , "DDFTX" . "DDLANGUAGE"
SELECT /* Buffer Loading */ "UNAME" , "ATTRIBUTE" , "VALUE" FROM "SEWB_SETTINGS" WHERE "UNAME" = ? AND "ATTRIBUTE" = ?
SELECT /* FDA READ */ "AS4LOCAL" FROM "DD02L" WHERE "TABNAME" = ? AND "AS4LOCAL" = ?
SELECT /* FDA READ */ "BADI_NAME" , "GUI_PROG" , "GUI_CODE" , "GUI_TEXT_ID" , "HAS_DEFAULT" , "DEF_ICON_ID" , "DEF_ICON_NAME" , "DEF_MENU_TEXT" , "DEF_ICON_TEXT" , "DEF_QUICKINFO" , "ENHSPOTNAME" FROM "BADI_MENU_ELEM" WHERE "GUI_PROG" = ?
SELECT /* FDA READ */ "BFUNCTION" , "HIDE" , "ALWAYSON" , "UPGRADE" , "SORT_NO" FROM "SFW_BF_BS" WHERE "BSET" = ? AND "VERSION" = ?
SELECT /* FDA READ */ "BFUNCTION" , "VERSION" , "DEPTYPE" , "BFUNCTION2" FROM "SFW_BF_DEPEND" WHERE "BFUNCTION" = ? AND "VERSION" = ? OR "VERSION" = N'A' AND "BFUNCTION2" = ?
SELECT /* FDA READ */ "BFUNCTION" FROM "SFW_BS_BF" WHERE "BSET" = ? AND "VERSION" = N'A'
SELECT /* FDA READ */ "BSET" FROM "SFW_BF_BS" WHERE "BFUNCTION" = ? AND "VERSION" = N'A'
SELECT /* FDA READ */ "BSET" FROM "SFW_BS" WHERE "VERSION" = ? AND ( "ROOT" = N'S' OR "ROOT" = N'' )
SELECT /* FDA READ */ "BSET" FROM "SFW_BS_BF" WHERE "BFUNCTION" = ? AND "VERSION" = ?
SELECT /* FDA READ */ "BSET" FROM "SFW_BS_BS" WHERE "CHILD_BSET" = ? AND "VERSION" = N'A'
SELECT /* FDA READ */ "BSET" FROM "SFW_BS_PARENTBS" WHERE "PARENT_BSET" = ? AND "VERSION" = N'A'
SELECT /* FDA READ */ "BTCSERVER" , "CTLOBJ" , "BTCSYSTEM" , "TIMSTMPDT" , "TIMSTMPTM" , "TRACELEVEL" , "TRCTIMSTDT" , "TRCTIMSTTM" , "TRCCHUSR" , "OPMODE" , "OPMODTSTDT" , "OPMODTSTTM" , "OPMODCHUSR" FROM "BTCCTL" WHERE "CTLOBJ" = N'JOBDSDL' ORDER BY "BTCCTL" . "TIMSTMPDT" DESC , "BTCCTL" . "TIMSTMPTM" DESC
SELECT /* FDA READ */ "C" . "MANDT" , "C" . "QUEUENAME" , "R" . "STATUS" , "C" . "MODULENAME" , "R" . "LASTMSG" , "R" . "LASTERROR" , "C" . "QLNGNAME" FROM "SMOHRRQCUST" "C" INNER JOIN "SMOHRRQRT" "R" ON "C" . "MANDT" = "R" . "MANDT" AND "C" . "QUEUENAME" = "R" . "QUEUENAME" WHERE "C" . "QUEUENAME" <> N'QD'
SELECT /* FDA READ */ "CDS_TFUNC_NAME" , "DBPROC_TOP_CALLER_NAME" FROM "D010CDSTFUNCDEL" LIMIT 100
SELECT /* FDA READ */ "CHILD_BSET" FROM "SFW_BS_BS" WHERE "BSET" = ? AND "VERSION" = ?
SELECT /* FDA READ */ "CLIENT" , "ARTIFACT" , "IDP_KEY" , "RESPONSE_IS_SIGNED" , "NOTBEFORE" , "NOTONORAFTER" , "RESPONSE" FROM "SAML2_RES_ARTFCT" WHERE "NOTONORAFTER" < ? LIMIT 1000
SELECT /* FDA READ */ "CLIENT" , "DRAFT_ENTITY" , "DRAFT_KEY" , "ACCESS_TYPE" , "ACTIVE_DOCUMENT_ETAG" , "ACTIVE_DOCUMENT_ID" , "CREATED_AT" , "CREATED_BY" , "ENQUEUE_CONTEXT" , "ENQUEUE_SINCE" , "IN_PROCESS_BY" , "IN_PROCESS_SINCE" , "KEPT_BY_USER" , "LAST_CHANGED_AT" , "LAST_CHANGED_BY" , "PRINCIPAL_DRAFT_ENTITY" , "PRINCIPAL_DRAFT_KEY" FROM /* Entity name: SDRAFT_LOCK_EXP */ "VDRAFT_LOCK_EXP" ( "P_EXPIRY_EVENT" => ? , "P_CURRENT_TIME" => ? , "P_GLOBAL_TOKEN" => ? ) "SDRAFT_LOCK_EXP" WHERE "CLIENT" >= ? AND "DRAFT_ENTITY" >= ? AND "DRAFT_ENTITY" <> N'<@@ADMIN_TRACE@@>' AND "DRAFT_KEY" > ? ORDER BY "SDRAFT_LOCK_EXP" . "CLIENT" , "SDRAFT_LOCK_EXP" . "DRAFT_ENTITY" , "SDRAFT_LOCK_EXP" . "DRAFT_KEY" LIMIT ?
SELECT /* FDA READ */ "CLIENT" , "DRAFT_ENTITY" , "DRAFT_KEY" , "ACCESS_TYPE" , "ACTIVE_DOCUMENT_ETAG" , "ACTIVE_DOCUMENT_ID" , "CREATED_AT" , "CREATED_BY" , "ENQUEUE_CONTEXT" , "ENQUEUE_SINCE" , "IN_PROCESS_BY" , "IN_PROCESS_SINCE" , "KEPT_BY_USER" , "LAST_CHANGED_AT" , "LAST_CHANGED_BY" , "PRINCIPAL_DRAFT_ENTITY" , "PRINCIPAL_DRAFT_KEY" FROM /* Entity name: SDRAFT_PROC_EXP */ "VDRAFT_PROC_EXP" ( "P_EXPIRY_EVENT" => ? , "P_CURRENT_TIME" => ? , "P_GLOBAL_TOKEN" => ? ) "SDRAFT_PROC_EXP" WHERE "CLIENT" >= ? AND "DRAFT_ENTITY" >= ? AND "DRAFT_ENTITY" <> N'<@@ADMIN_TRACE@@>' AND "DRAFT_KEY" > ? ORDER BY "SDRAFT_PROC_EXP" . "CLIENT" , "SDRAFT_PROC_EXP" . "DRAFT_ENTITY" , "SDRAFT_PROC_EXP" . "DRAFT_KEY" LIMIT ?
SELECT /* FDA READ */ "CLIENT" , "DRAFT_ENTITY" , "DRAFT_KEY" , "PRINCIPAL_DRAFT_ENTITY" , "PRINCIPAL_DRAFT_KEY" , "CREATED_AT" , "CREATED_BY" , "LAST_CHANGED_AT" , "LAST_CHANGED_BY" , "ACTIVE_DOCUMENT_ID" , "ACTIVE_DOCUMENT_ETAG" , "ACCESS_TYPE" , "IN_PROCESS_BY" , "IN_PROCESS_SINCE" , "KEPT_BY_USER" , "ENQUEUE_CONTEXT" , "ENQUEUE_SINCE" FROM "SDRAFT_ADMIN" WHERE "DRAFT_ENTITY" = N'<@@ADMIN_TRACE@@>'
SELECT /* FDA READ */ "CLIENT" , "GUID" , "HASH_ID" , "ID" , "VALID_TO" , "ISSUER" FROM "SAML2_USED_ASSRT" WHERE "VALID_TO" < ? LIMIT 1000
SELECT /* FDA READ */ "CLIENT" , "HANDLE" , "ENDPOINT" , "SOURCE_ID" , "SENDER" , "RECEIVER" , "VALID_TO" , "MESSAGE" FROM "SAML2_ARTIFACT" WHERE "VALID_TO" < ? LIMIT 1000
SELECT /* FDA READ */ "CLIENT" , "ID_HASH" , "ID" , "VALID_TO" FROM "SAML2_ASSERT" WHERE "VALID_TO" < ? LIMIT 1000
SELECT /* FDA READ */ "CLIENT" , "REQUEST_IDH" , "SENDER" , "RECEIVER" , "VALID_TO" , "REQUEST_ID" , "APPLICATION_URI" FROM "SAML2_REQUEST" WHERE "VALID_TO" < ? LIMIT 1000
SELECT /* FDA READ */ "CLIENT" , "SECURITY_CONTEXT" , "TIMESTAMP" , "IDP_KEY" , "SP_KEY" , "SPNAMEQUAL_KEY" , "SESSION_INDEX_H" , "SESSION_INDEX" , "IDP_NAME_FORMAT" , "IDP_NAME_ID_H" , "IDP_NAME_ID" , "NAMEQUAL" , "SPNAMEQUAL" , "ACCESS_POLICY" FROM "SAML2_SESSION" WHERE "TIMESTAMP" < ? ORDER BY "SAML2_SESSION" . "CLIENT" , "SAML2_SESSION" . "SECURITY_CONTEXT" LIMIT 1000
SELECT /* FDA READ */ "CODE" , "L_TEXT" , "S_TEXT" , "INFO_TEXT" , "ICON_ID" FROM "CUATEXTS" WHERE "PROG" = ? AND "SPRSL" = ?
SELECT /* FDA READ */ "COMPONENT" , "COMPTYPE" , "ASSIGNDSYS" , "PERIODTYPE" , "PERIODSTRT" , "STORAGE" , "FIRSTRECDY" , "FIRSTRECTI" , "LASTRECDY" , "LASTRECTI" , "AGR_TZONE" , "FINISHED" , "IN_WEEK" , "IN_MONTH" , "IN_TOTDAY" , "IN_TOTWEEK" , "IN_TOTMONT" , "TEMPORARY_DATA" FROM "SWNCMONIINDEX" WHERE "COMPONENT" = ? AND "COMPTYPE" = ? AND "ASSIGNDSYS" = ? AND "PERIODTYPE" = ? ORDER BY "SWNCMONIINDEX" . "PERIODSTRT" DESC
SELECT /* FDA READ */ "COMPONENT" , "NEWRELEASE" , "STARTDATE" , "STARTTIME" , "ENDDATE" , "ENDTIME" , "PUTSTATUS" , "PUTTYPE" , "PUTMASTER" , "OLDRELEASE" , "MODEA01" , "MODEB01" , "MODEA10" FROM "UVERS" WHERE "COMPONENT" = ?
SELECT /* FDA READ */ "COMPONENT" , "PATCH_TYPE" , "APPLY" , "USERID" , "CHG_DATE" FROM "PAT06" WHERE "PATCH_TYPE" <> N'LCP'
SELECT /* FDA READ */ "COMPONENT" , "RELEASE" , "EXTRELEASE" , "COMP_TYPE" FROM "CVERS" ORDER BY "CVERS" . "COMPONENT"
SELECT /* FDA READ */ "CUSGRPNAME" , "WHICHTOOL" , "SETNAME" , "TOOLNAME" , "TOOLSTAT" , "CHG_USER" , "CHG_DATE" , "CHG_TIME" FROM "ALCLASTOOL" WHERE "SETNAME" = N'SAP-DEFAULT'
SELECT /* FDA READ */ "C_ALSYSID" , "C_MSEGNAME" , "C_ALUID" , "C_ALDATE" , "C_ALTIME" , "LANGU" FROM "ALALERTX" WHERE "C_ALSYSID" = ? AND "C_MSEGNAME" = ? AND "C_ALUID" = ? AND "C_ALDATE" = ? AND "C_ALTIME" = ?
SELECT /* FDA READ */ "DBOBJ_NAME" , "DBOBJ_VERS" , "DBOBJ_KIND" , "DBOBJ_DROP_STMT" , "RETRY_CNT" , "RETRY_TIMESTAMP" FROM "D010DBOBJDEL" WHERE "RETRY_TIMESTAMP" <= ? LIMIT 100
SELECT /* FDA READ */ "DDLANGUAGE" "LANGUAGE" , "DDTEXT" "LABEL" FROM "DDDDLSRC02BT" WHERE "STRUCOBJN" = ? AND ( "DDLANGUAGE" = ? OR "DDLANGUAGE" = ? ) AND "AS4LOCAL" = N'A'
SELECT /* FDA READ */ "DDLNAME" , "INDEXNAME" , "AS4LOCAL" , "UNIQUEFLAG" , "ISEXTIND" , "AS4USER" , "AS4DATE" , "AS4TIME" FROM "DDDDLSRC12B" WHERE 1 = 1 AND "DDLNAME" = ? AND "AS4LOCAL" = ?
SELECT /* FDA READ */ "DDLNAME" , "INDEXNAME" , "DDLANGUAGE" , "AS4LOCAL" , "DDTEXT" FROM "DDDDLSRC12BT" WHERE 1 = 1 AND "DDLNAME" = ? AND "DDLANGUAGE" = ? AND "AS4LOCAL" = ?
SELECT /* FDA READ */ "DDLNAME" FROM "DDDDLSRC" WHERE "AS4LOCAL" = N'A' AND "PARENTNAME" = ?
SELECT /* FDA READ */ "DEST_ID" , "DEST_APP" , "DEST_STEXT" , "DEST_STATUS" , "DEST_MAXUSER" , "DEST_PRIO" , "DEST_COMTYPE" , "DEST_COMDEST" FROM "RCCC_ENG_DEST" WHERE "DEST_STATUS" = ?
SELECT /* FDA READ */ "DEST_NAME" , "CLIENT" , "QUEUE_NAME" , "TIMESTAMP" FROM "QRFC_I_QIN_LOCK"
SELECT /* FDA READ */ "DEST_NAME" , "CLIENT" , "QUEUE_NAME" , "TIMESTAMP" FROM "QRFC_O_QOUT_LOCK"
SELECT /* FDA READ */ "DEST_NAME" , "VALID_UNTIL" FROM "BGRFC_I_DESTLOCK"
SELECT /* FDA READ */ "DEST_NAME" , "VALID_UNTIL" FROM "BGRFC_O_DESTLOCK"
SELECT /* FDA READ */ "DP_SERVER_NAME" , "RFC_SERVER_NAME" , "SCHEDULER_CNT" , "TASK_CNT_MAX" , "GW_RESOURCES" , "IDLE_TIME" , "LB_EXP_TIME" , "DEST_CNT_MAX" , "ORIG_USER" , "ORIG_CLIENT" , "ORIG_DATE" , "ORIG_TIME" FROM "BGRFC_CUST_I_SRV" WHERE "DP_SERVER_NAME" = ? OR "DP_SERVER_NAME" = N'BGRFC_INSTANCE_DEFAULTS'
SELECT /* FDA READ */ "DRAFT_ENTITY" , "EXPIRY_EVENT" , "EXPIRY_DURATION" , "EXPIRY_RELATIVE_TO" FROM "SDRAFT_LC_CONFIG" WHERE "DRAFT_ENTITY" = N'<DEFAULT>' AND "EXPIRY_EVENT" = ?
SELECT /* FDA READ */ "ENGINE_APP" , "ENGINE_STEXT" , "ENGINE_TRACE" , "ENGINE_DUMP_IN" , "ENGINE_DUMP_OUT" , "ENGINE_CLEAN_CBK" , "ENGINE_EVENT_CBK" , "ENGINE_HANDLER_CBK" FROM "RCCC_ENGINES"
SELECT /* FDA READ */ "EVENTID" , "EVENTCOUNT" , "ACTIVATED" , "EVENTPARM" , "JOBNAME" , "JOBCOUNT" , "PROCMODE" FROM "BTCEVTJOB" WHERE "EVENTID" = N'SAP_END_OF_JOB' AND "ACTIVATED" = N'X'
SELECT /* FDA READ */ "EVENT_ID" FROM "DYNABAPHDR" WHERE "TIMESTAMP" < ? AND ( "KEEP_EVENT" = N'' OR "KEEP_EVENT" IS NULL ) LIMIT ?
SELECT /* FDA READ */ "EXE_START_TIME" , "UNIT_ID" , "UNIT_KIND" FROM "BGRFC_SRV_CFM" WHERE "EXE_START_TIME" <= ? LIMIT 1000
SELECT /* FDA READ */ "FCTR_ID" , "AS4LOCAL" , "FSTUSER" , "FSTDATE" , "FSTTIME" , "LSTUSER" , "LSTDATE" , "LSTTIME" , "RELE" , "LSTRELE" , "ARIID" , "PS_POSID" , "XREF" , "CUSTASS" , "ALE_AGGR" , "DESKTOP" , "WWW" , "RELEASED" , "INCOMPLETE" , "SYNCH" , "VISIBLE" , "TSTAMP" , "UNAME1" , "UNAME2" , "SELECTABLE" FROM "DF14L" WHERE "FCTR_ID" = ? AND "AS4LOCAL" = N'A' AND "SYNCH" <> N'D'
SELECT /* FDA READ */ "FINISHED_AT" , "UNIT_ID" FROM "BGRFC_UNIT_TIME" WHERE "FINISHED_AT" >= ? AND "FINISHED_AT" <= ? AND "UNIT_KIND" = 1409196102
SELECT /* FDA READ */ "FINISHED_AT" , "UNIT_ID" FROM "BGRFC_UNIT_TIME" WHERE "FINISHED_AT" >= ? AND "FINISHED_AT" <= ? AND "UNIT_KIND" = 1409196105
SELECT /* FDA READ */ "FINISHED_AT" , "UNIT_ID" FROM "BGRFC_UNIT_TIME" WHERE "FINISHED_AT" >= ? AND "FINISHED_AT" <= ? AND "UNIT_KIND" = 1409196106
SELECT /* FDA READ */ "FINISHED_AT" , "UNIT_ID" FROM "BGRFC_UNIT_TIME" WHERE "FINISHED_AT" >= ? AND "FINISHED_AT" <= ? AND ( "UNIT_KIND" = 1409196101 OR "UNIT_KIND" = 1409196103 )
SELECT /* FDA READ */ "HOST" , "PORT" , "SSL_PORT" , "GROUP_ID" , "POS" , "STATE" FROM "SCMS_STACS"
SELECT /* FDA READ */ "HOST" , "PORT" , "SSL_PORT" , "STATE" FROM "SCMS_STACA"
SELECT /* FDA READ */ "HOST" , "PORT" , "SSL_PORT" , "STATE" FROM "SCMS_STAPX"
SELECT /* FDA READ */ "INSTNAME" , "HOST" , "TYPE" , "BANAME" , "SYSNAME" , "SYSNR" , "APSERVER" , "STATUS" , "CMPON" , "PFINST" , "PFSTART" , "HOMEDIR" , "USERNAME" , "PASSWD" , "WPNODIA" , "WPNOVB" , "WPNOBTC" , "WPNOENQ" , "WPNOSPO" , "WPNO" , "WPNOBTCA" , "SRVDIA" , "SRVVB" , "SRVBTC" , "SRVENQ" , "SRVSPO" , "SRVMSG" , "SRVGW" , "OPSYS" , "WPNOV2" , "WPNORES1" , "WPNORES2" , "SRVV2" , "SRVRES1" , "SRVRES2" , "PFLINSNAME" , "PFLSTRNAME" , "WPNORES" , "WPMAXNO" , "SRVDYNWP" FROM "TPFID"
SELECT /* FDA READ */ "JOBNAME" , "JOBCOUNT" , "JOBGROUP" , "INTREPORT" , "SDLUNAME" , "AUTHCKNAM" , "AUTHCKMAN" , "SUCCNUM" , "DELANFREP" , "SDLFLAG" , "STEPCOUNT" , "XPGACTIVE" , "JOBLOG" , "EVENTID" , "EVENTPARM" , "JOBCLASS" , "PRIORITY" , "STATUS" , "XPGTERMCTL" , "STEPFLAG" , "CREADATE" , "CREATIME" , "EXECSERVER" , "TGTSRVGRP" , "REAXSERVER_1" , "REAXSERVER_2" , "REAXSERVER_LAST" , "LASTCHDATE" , "LASTCHTIME" , "NROFTRIES" FROM "TBTCY"
SELECT /* FDA READ */ "JOBNAME" , "JOBCOUNT" , "JOBGROUP" , "INTREPORT" , "STEPCOUNT" , "SDLSTRTDT" , "SDLSTRTTM" , "BTCSYSTEM" , "SDLDATE" , "SDLTIME" , "SDLUNAME" , "LASTCHDATE" , "LASTCHTIME" , "LASTCHNAME" , "RELDATE" , "RELTIME" , "RELUNAME" , "STRTDATE" , "STRTTIME" , "ENDDATE" , "ENDTIME" , "PRDMINS" , "PRDHOURS" , "PRDDAYS" , "PRDWEEKS" , "PRDMONTHS" , "PERIODIC" , "DELANFREP" , "EMERGMODE" , "STATUS" , "NEWFLAG" , "AUTHCKNAM" , "AUTHCKMAN" , "SUCCNUM" , "PREDNUM" , "JOBLOG" , "LASTSTRTDT" , "LASTSTRTTM" , "WPNUMBER" , "WPPROCID" , "EVENTID" , "EVENTPARM" , "BTCSYSREAX" , "JOBCLASS" , "PRIORITY" , "EVENTCOUNT" , "CHECKSTAT" , "CALENDARID" , "PRDBEHAV" , "EXECSERVER" , "EOMCORRECT" , "CALCORRECT" , "REAXSERVER" , "RECLOGSYS" , "RECOBJTYPE" , "RECOBJKEY" , "RECDESCRIB" , "TGTSRVGRP" FROM "TBTCO" WHERE "JOBNAME" = N'R_JR_BTCJOBS_GENERATOR' AND "AUTHCKMAN" = ? AND "STATUS" = N'S' ORDER BY "TBTCO" . "JOBCOUNT"
SELECT /* FDA READ */ "JOBNAME" , "JOBCOUNT" , "JOBGROUP" , "INTREPORT" , "STEPCOUNT" , "SDLSTRTDT" , "SDLSTRTTM" , "BTCSYSTEM" , "SDLDATE" , "SDLTIME" , "SDLUNAME" , "LASTCHDATE" , "LASTCHTIME" , "LASTCHNAME" , "RELDATE" , "RELTIME" , "RELUNAME" , "STRTDATE" , "STRTTIME" , "ENDDATE" , "ENDTIME" , "PRDMINS" , "PRDHOURS" , "PRDDAYS" , "PRDWEEKS" , "PRDMONTHS" , "PERIODIC" , "DELANFREP" , "EMERGMODE" , "STATUS" , "NEWFLAG" , "AUTHCKNAM" , "AUTHCKMAN" , "SUCCNUM" , "PREDNUM" , "JOBLOG" , "LASTSTRTDT" , "LASTSTRTTM" , "WPNUMBER" , "WPPROCID" , "EVENTID" , "EVENTPARM" , "BTCSYSREAX" , "JOBCLASS" , "PRIORITY" , "EVENTCOUNT" , "CHECKSTAT" , "CALENDARID" , "PRDBEHAV" , "EXECSERVER" , "EOMCORRECT" , "CALCORRECT" , "REAXSERVER" , "RECLOGSYS" , "RECOBJTYPE" , "RECOBJKEY" , "RECDESCRIB" , "TGTSRVGRP" FROM "TBTCO" WHERE "JOBNAME" LIKE ? ESCAPE ? AND "STATUS" = ?
SELECT /* FDA READ */ "JOBNAME" , "JOBCOUNT" , "JOBGROUP" , "INTREPORT" , "STEPCOUNT" , "SDLSTRTDT" , "SDLSTRTTM" , "BTCSYSTEM" , "SDLDATE" , "SDLTIME" , "SDLUNAME" , "LASTCHDATE" , "LASTCHTIME" , "LASTCHNAME" , "RELDATE" , "RELTIME" , "RELUNAME" , "STRTDATE" , "STRTTIME" , "ENDDATE" , "ENDTIME" , "PRDMINS" , "PRDHOURS" , "PRDDAYS" , "PRDWEEKS" , "PRDMONTHS" , "PERIODIC" , "DELANFREP" , "EMERGMODE" , "STATUS" , "NEWFLAG" , "AUTHCKNAM" , "AUTHCKMAN" , "SUCCNUM" , "PREDNUM" , "JOBLOG" , "LASTSTRTDT" , "LASTSTRTTM" , "WPNUMBER" , "WPPROCID" , "EVENTID" , "EVENTPARM" , "BTCSYSREAX" , "JOBCLASS" , "PRIORITY" , "EVENTCOUNT" , "CHECKSTAT" , "CALENDARID" , "PRDBEHAV" , "EXECSERVER" , "EOMCORRECT" , "CALCORRECT" , "REAXSERVER" , "RECLOGSYS" , "RECOBJTYPE" , "RECOBJKEY" , "RECDESCRIB" , "TGTSRVGRP" FROM "TBTCO" WHERE "STATUS" = N'R'
SELECT /* FDA READ */ "JOBNAME" , "JOBCOUNT" , "STEPCOUNT" , "PROGNAME" , "PROGFROMLN" , "PROGTOLN" , "SDLDATE" , "SDLTIME" , "SDLUNAME" , "VARIANT" , "AUTHCKNAM" , "LISTIDENT" , "XPGPID" , "XPGTGTSYS" , "XPGRFCDEST" , "XPGPROG" , "XPGPARAMS" , "XPGFLAG" , "CONNCNTL" , "STDINCNTL" , "STDOUTCNTL" , "STDERRCNTL" , "TRACECNTL" , "TERMCNTL" , "STATUS" , "EXITCODE" , "LANGUAGE" , "EXTCMD" , "OPSYSTEM" , "PDEST" , "PRCOP" , "PLIST" , "PRTXT" , "PRIMM" , "PRREL" , "PRNEW" , "PEXPI" , "LINCT" , "LINSZ" , "PAART" , "PRBIG" , "PRSAP" , "PRREC" , "PRABT" , "PRBER" , "PRDSN" , "PTYPE" , "ARMOD" , "FOOTL" , "PRCHK" , "SAP_OBJECT" , "AR_OBJECT" , "ARCHIV_ID" , "DOC_TYPE" , "RPC_HOST" , "RPC_SERVIC" , "INTERFACE" , "MANDANT" , "REPORT" , "INFO" , "ARCTEXT" , "DATUM" , "ARCUSER" , "PRINTER" , "FORMULAR" , "ARCHIVPATH" , "PROTOKOLL" , "VERSION" , "ACHECK" , "PRIPARKEY" , "CONVID" FROM "TBTCP" WHERE "JOBNAME" = ? AND "JOBCOUNT" = ? ORDER BY "TBTCP" . "JOBNAME" , "TBTCP" . "JOBCOUNT" , "TBTCP" . "STEPCOUNT"
SELECT /* FDA READ */ "MANDANT" , "TASK_ID" , "TASK_LUW_ID" , "TASK_STAT" , "TASK_NAME" , "TASK_DEST" , "TASK_FUNC" , "TASK_UID" , "TASK_TIME" , "TASK_IFCOM" , "TASK_IFCALL" , "TASK_TIMEOUT" FROM "TASK_VITA_LOST"
SELECT /* FDA READ */ "MANDANT" , "TASK_ID" , "TASK_LUW_ID" , "TASK_STAT" , "TASK_NAME" , "TASK_DEST" , "TASK_FUNC" , "TASK_UID" , "TASK_TIME" , "TASK_IFCOM" , "TASK_IFCALL" , "TASK_TIMEOUT" FROM "TASK_VITA_MAIN"
SELECT /* FDA READ */ "MANDT" , "AUTH_CONTEXT_ID" , "CLIENT_ID" , "RO_USER" , "CREATION_TIME" , "EXPIRY_TIME" , "REDIRECT_URI" FROM "OA2_SR_A_CTX" WHERE "EXPIRY_TIME" < ? LIMIT ?
SELECT /* FDA READ */ "MANDT" , "AUTH_CONTEXT_ID" , "SCOPE_ID" , "EXPIRY_TIME" FROM "OA2_SR_A_CTX_SC" WHERE "EXPIRY_TIME" < ? LIMIT ?
SELECT /* FDA READ */ "MANDT" , "DB_KEY" , "USERA" , "CREA_DATE_TIME" , "STATUS" , "TYPE_CODE" , "ID" , "TCODE" , "CPUDT" , "CPUTM" FROM "FDC_D_DFT_HDR" WHERE "MANDT" = ? AND "CPUDT" < ? AND "TCODE" LIKE ? LIMIT ?
SELECT /* FDA READ */ "MANDT" , "RT_CONTEXT_ID" , "CLIENT_ID" , "RO_USER" , "CREATION_TIME" , "EXPIRY_TIME" , "ALGORITHM" , "HASH" FROM "OA2_SR_RT_CTX" WHERE "EXPIRY_TIME" < ? LIMIT ?
SELECT /* FDA READ */ "MANDT" , "RT_CONTEXT_ID" , "SCOPE_ID" , "EXPIRY_TIME" FROM "OA2_SR_RT_CTX_SC" WHERE "EXPIRY_TIME" < ? LIMIT ?
SELECT /* FDA READ */ "MANDT" , "RT_CONTEXT_ID" , "SERVER_CONTEXT_ID" , "EXPIRY_TIME" FROM "OA2_SR_RT_CTX_AT" WHERE "EXPIRY_TIME" < ? LIMIT ?
SELECT /* FDA READ */ "MANDT" , "SERVER_CONTEXT_ID" , "CLIENT_ID" , "RO_USER" , "CREATION_TIME" , "EXPIRY_TIME" , "GRANT_TYPE" , "AUTH_CONTEXT_ID" FROM "OA2_SR_CTX" WHERE "EXPIRY_TIME" < ? LIMIT ?
SELECT /* FDA READ */ "MANDT" , "SERVER_CONTEXT_ID" , "SCOPESET_ID" , "SCOPE_ID" , "EXPIRY_TIME" FROM "OA2_SR_CTX_SCSET" WHERE "EXPIRY_TIME" < ? LIMIT ?
SELECT /* FDA READ */ "MANDT" , "SERVER_CONTEXT_ID" , "SCOPE_ID" , "EXPIRY_TIME" FROM "OA2_SR_CTX_SC" WHERE "EXPIRY_TIME" < ? LIMIT ?
SELECT /* FDA READ */ "MANDT" , "USERA" , "TMPTY" , "TMPID" , "CRDAT" , "AEDAT" , "AETIM" , "LAUFI" , "ENQ_CONTEXT_ID" FROM "FDC_D_ACCDOC_TMP" WHERE "MANDT" = ? AND "RELID" = N'FI' AND ( "AEDAT" < ? OR "AEDAT" = ? AND "AETIM" < ? ) ORDER BY "FDC_D_ACCDOC_TMP" . "TMPID"
SELECT /* FDA READ */ "MANDT" , "USERA" , "TMPTY" , "TMPID" , "CRDAT" , "AEDAT" , "AETIM" , "LAUFI" , "ENQ_CONTEXT_ID" FROM "FDC_D_ACCDOC_TMP" WHERE "RELID" = N'FI' AND "TMPTY" = N'T' AND ( "LAUFI" <> ? OR "ENQ_CONTEXT_ID" <> ? ) AND ( "AEDAT" < ? OR "AEDAT" = ? AND "AETIM" < ? ) AND "XLOCK_DELETED" = N'' ORDER BY "FDC_D_ACCDOC_TMP" . "TMPID"
SELECT /* FDA READ */ "MONITOR_JOBNAME" , "ACTIVE" , "POSITIVE_JOBLIST" , "NEGATIVE_JOBLIST" , "MAX_RUNTIME_MIN" , "AUTOCOMPLT_ALERT" , "MTE_CLASS" FROM "ALLONGJOB_CTRL"
SELECT /* FDA READ */ "MTSYSID" , "MTMCNAME" , "MTNUMRANGE" , "MTUID" , "MTCLASS" , "WHICHTOOL" , "SETNAME" , "MTINDEX" , "EXTINDEX" , "OBJECTNAME" , "MTNAMESHRT" , "TOOLNAME" , "TOOLSTAT" , "CHG_USER" , "CHG_DATE" , "CHG_TIME" FROM "ALTIDTOOL" WHERE "SETNAME" = N'SAP-DEFAULT'
SELECT /* FDA READ */ "MTSYSID" , "MTMCNAME" , "MTNUMRANGE" , "MTUID" , "MTCLASS" , "WHICHTOOL" , "VALFR_DATE" , "VALFR_TIME" , "VALTO_DATE" , "VALTO_TIME" , "TIME_ZONE" , "TOOLNAME" , "TOOLDISPAT" , "TOOLSTATUS" , "USECLASS" , "CHG_USER" , "TSTMP" FROM "CCMSBIMETH" WHERE "MTSYSID" = ? AND "MTMCNAME" = ? AND "MTNUMRANGE" = ? AND "MTUID" = ? AND "MTCLASS" = ? AND "WHICHTOOL" = ? ORDER BY "CCMSBIMETH" . "TSTMP" , "CCMSBIMETH" . "VALTO_DATE" , "CCMSBIMETH" . "VALTO_TIME"
SELECT /* FDA READ */ "NAME" "ANNONAME" , "TEXT" "VALUE" , "DDLANGUAGE" "LANGUAGE" , N'' "SOURCEDDLX" FROM "DDHEADANNOT" WHERE "STRUCOBJN" = ? AND ( "DDLANGUAGE" = ? OR "DDLANGUAGE" = ? )
SELECT /* FDA READ */ "OBJ_TYPE" , "OBJ_CODE" , "SUB_CODE" , "TEXTTYPE" , "TEXT" , "PATH" FROM "RSMPTEXTS" WHERE "PROGNAME" = ? AND "SPRSL" = ? ORDER BY "RSMPTEXTS" . "PROGNAME" , "RSMPTEXTS" . "SPRSL" , "RSMPTEXTS" . "OBJ_TYPE" , "RSMPTEXTS" . "OBJ_CODE" , "RSMPTEXTS" . "SUB_CODE" , "RSMPTEXTS" . "TEXTTYPE"
SELECT /* FDA READ */ "OCS_TOOL" , "SEM_STATE" , "JOBNAME" , "JOBCOUNT" , "COMMAND" , "REPORT" , "IMM_START" , "SDLSTRTDT" , "SDLSTRTTM" , "LASTSTRTDT" , "LASTSTRTTM" , "STATUS" , "BTCSERVER" FROM "PAT10B" WHERE "SEM_STATE" = ? ORDER BY "PAT10B" . "OCS_TOOL" , "PAT10B" . "SEM_STATE"
SELECT /* FDA READ */ "PADEST" FROM "TSP03" WHERE "PAMETHOD" IN ( ? , ? )
SELECT /* FDA READ */ "PARENT_BSET" FROM "SFW_BS_PARENTBS" WHERE "BSET" = ? AND "VERSION" = ?
SELECT /* FDA READ */ "PATCH" , "SEQUENCE" , "STEPNAME" , "STEPCOND" , "RET_CODE" , "MESSAGE" , "REASON" , "SCENARIO" , "VALID_CONJ" FROM "PAT01"
SELECT /* FDA READ */ "PATCH" , "SHORT_TEXT" , "STATUS" , "DELIV_DATE" , "DELIV_TIME" , "RESPONSIBL" , "IMPLE_DATE" , "IMPLE_TIME" , "L_IMPL_REL" , "CONFLICTS" , "CONFIRMED" , "BACKUP" , "FROM_REL" , "TO_REL" , "OS" , "DB" , "PATCH_TYPE" , "ANCESTOR" , "STRICT_SEQ" , "NO_GEN" , "SPAMFIX" , "ADDON_ID" , "ADDON_REL" , "IGN_CONFLI" , "AP_ANCEST" , "EPSFILSIZ" , "HI_ANCEST" , "COMP_REL" , "COMPONENT" FROM "PAT03"
SELECT /* FDA READ */ "PATCH" , "VERSION" , "SHORT_TEXT" , "STATUS" , "DELIV_DATE" , "DELIV_TIME" , "RESPONSIBL" , "IMPLE_DATE" , "IMPLE_TIME" , "L_IMPL_REL" , "CONFLICTS" , "CONFIRMED" , "BACKUP" , "FROM_REL" , "TO_REL" , "OS" , "DB" , "PATCH_TYPE" , "ANCESTOR" , "STRICT_SEQ" , "NO_GEN" , "SPAMFIX" , "ADDON_ID" , "ADDON_REL" , "IGN_CONFLI" , "AP_ANCEST" , "EPSFILSIZ" , "HI_ANCEST" , "COMP_REL" , "COMPONENT" FROM "PAT03_PRE"
SELECT /* FDA READ */ "PJIDENT" , "PJNUMMER" , "PJDEST" , "PJPAPER" , "PJPHYPAPER" , "PJCREATIME" , "PJSTATUS" , "PJINFO" , "PJCOPIES" , "PJSTRTPAGE" , "PJENDPAGE" , "PJOWNER" , "PJFINADONE" , "PJFINASERR" , "PJFINAHERR" , "PJHOSTID" , "PJCLIENT" , "PJSTRTTIME" , "PJAENDTIME" , "PJHENDTIME" , "PJINFOMSG" , "PJSIZE" , "PJERRPROT" , "PJPRIO" , "PJREASON" , "PJTITLE" , "PJRECEIVER" , "PJDIVISION" , "PJTELENUM" , "PJWORKHOST" , "PJSERVER" , "PJLFDDCOPY" , "PJLFDPCOPY" , "PJPOSNAME" , "PJACTTIME" FROM "TSP02" WHERE "PJSTATUS" = N'2' AND "PJINFO" < 256 ORDER BY "TSP02" . "PJSERVER" , "TSP02" . "PJCREATIME"
SELECT /* FDA READ */ "PROGNAME" , "SPRSL" , "OBJ_TYPE" , "OBJ_CODE" , "SUB_CODE" , "TEXTTYPE" , "TEXT" , "PATH" FROM "RSMPTEXTS" WHERE "PROGNAME" = ? AND "SPRSL" = ? AND "TEXT" <> N'' ORDER BY "RSMPTEXTS" . "PROGNAME" , "RSMPTEXTS" . "SPRSL" , "RSMPTEXTS" . "OBJ_TYPE" , "RSMPTEXTS" . "OBJ_CODE" , "RSMPTEXTS" . "SUB_CODE" , "RSMPTEXTS" . "TEXTTYPE"
SELECT /* FDA READ */ "SAPCLIENT" , "OPID" , "LOGNO" , "SAPUSER" , "TIMESTAMP" , "LOCATION" , "ERROR_CATEGORY" , "SUBCATEGORY" , "T100_AREA" , "T100_MSGNO" , "SHORT_TEXT" , "PROXY_NAME" , "ERRLOC_COMPONENT" , "ERRLOC_PACKAGE" , "ERRLOC_PROGRAM" , "ERRLOC_INCLUDE" , "ERRLOC_ROWNO" , "ERRLOC_FTYPE" , "MESSAGE_ID" , "SEQUENCE_ID" , "QUEUE_NAME" , "REMOTE_ADDRESS" , "APPLSERVER" , "APPLID" , "ROOT_CTX_ID" , "CONNECTION_ID" , "CONNECTION_CNT" , "TRANSACTION_ID" , "ROOT_TERM_ID" , "EXPIRE" , "ERROR_CONTEXT" , "HTML_PAGE" , "COMMTYPE" , "FIRST_TSTMP" , "ERRCOUNT" , "T100_MSGV1" , "T100_MSGV2" , "T100_MSGV3" , "T100_MSGV4" , "CALLSTACK" , "COMMTYPENAME" , "IFNAME" , "CALLSTACK_XSIZE" , "CONFIG_XSIZE" , "PAYLOAD_XSIZE" FROM "SRT_UTIL_ERRLOG" WHERE "SAPCLIENT" = ? AND "TIMESTAMP" BETWEEN ? AND ?
SELECT /* FDA READ */ "SETNAME" , "STARTDATE" , "STARTTIME" , "ENDDATE" , "ENDTIME" , "MODENAME" , "TARGET" , "SETTYPE" FROM "BTCOMSET" WHERE "SETNAME" = ? ORDER BY "BTCOMSET" . "SETNAME" , "BTCOMSET" . "STARTDATE" , "BTCOMSET" . "STARTTIME"
SELECT /* FDA READ */ "SPRAS" , "NAME32" , "NAME80" FROM "SFW_BFT" WHERE "BFUNCTION" = ?
SELECT /* FDA READ */ "SPRAS" , "NAME32" , "NAME80" FROM "SFW_BST" WHERE "BSET" = ?
SELECT /* FDA READ */ "SQLTAB" , "INDEXNAME" , "AS4LOCAL" , "AS4VERS" , "AUTHCLASS" , "UNIQUEFLAG" , "AS4USER" , "AS4DATE" , "AS4TIME" , "ACTFLAG" , "DBINDEX" , "DBSTATE" , "DBINCLEXCL" , "DBSYSSEL1" , "DBSYSSEL2" , "DBSYSSEL3" , "DBSYSSEL4" , "ISEXTIND" , "FULL_TEXT" , "LANGU_COLUMN" , "MIME_TYPE_COL" , "MIME_TYPE" , "LANGU_DETECTION" , "FAST_PREPROCESS" , "FUZZY_SEARCH_INDX" , "SEARCH_ONLY" , "UPDATE_MODE" , "CONFIGURATION" , "PHRASE_INDX_RATIO" , "TEXT_ANALYSIS" , "TOKEN_SEPARATORS" FROM "DD12L" WHERE 1 = 1 AND "SQLTAB" = ? AND "AS4LOCAL" = ?
SELECT /* FDA READ */ "STATUS" , COUNT(*) FROM "RCCD_ENG_LOG" WHERE "MANDT" = ? AND "APP" = ? GROUP BY "STATUS"
SELECT /* FDA READ */ "SWITCH_ID" , "SWITCHTYPE" FROM "SFW_SW_BF" WHERE "BFUNCTION" = ? AND "VERSION" = ?
SELECT /* FDA READ */ "SWITCH_ID" FROM "SFW_BF_SW" WHERE "BFUNCTION" = ? AND "VERSION" = N'A'
SELECT /* FDA READ */ "UNIT_ID" , "TIMESTAMP" , "SCHEDULER_ID" , "SCHEDULER_INST" , "STATE" FROM "QRFC_I_EXE_STATE" WHERE "SCHEDULER_ID" = ? AND "SCHEDULER_INST" = ? AND ( "STATE" = 21201 OR "STATE" = 21202 )
SELECT /* FDA READ */ "UNIT_ID" , "TIMESTAMP" , "SCHEDULER_ID" , "SCHEDULER_INST" , "STATE" FROM "TRFC_I_EXE_STATE" WHERE "SCHEDULER_ID" = ? AND "SCHEDULER_INST" = ? AND ( "STATE" = 21201 OR "STATE" = 21202 )
SELECT /* FDA READ */ "VALID_UNTIL" , "LOCK_ID" , "UNIT_KIND" FROM "BGRFC_LOCK_TIME" WHERE "VALID_UNTIL" <= ? LIMIT 1000
SELECT /* FDA READ */ DISTINCT  "ABAP_PROGNAME" FROM "D010DBOBJ" WHERE NOT "ABAP_PROGNAME" IN ( SELECT "TRDIR" . "NAME" FROM "TRDIR" ) LIMIT 20
SELECT /* FDA READ */ DISTINCT  "CLIENT" , "DRAFT_ENTITY" FROM "SDRAFT_ADMIN" ORDER BY "SDRAFT_ADMIN" . "DRAFT_ENTITY"
SELECT /* FDA READ */ DISTINCT  "CODE" , "MODIF" FROM "CUATEXTS" WHERE "PROG" = ? AND "MODIF" = N'A'
SELECT /* FDA READ */ DISTINCT  "COMPONENT" FROM "SFW_COMPONENT" WHERE "BSET" = ?
SELECT /* FDA READ */ DISTINCT  "DDLNAME" FROM "DDLDEPENDENCY" WHERE "OBJECTNAME" = ? AND "OBJECTTYPE" = ?
SELECT /* FDA READ */ DISTINCT  "DEST_NAME" FROM "BGRFC_I_RUNNABLE"
SELECT /* FDA READ */ DISTINCT  "DEST_NAME" FROM "BGRFC_O_RUNNABLE"
SELECT /* FDA READ */ DISTINCT  "MANDT" FROM "SMOHRRQCUST"
SELECT /* FDA READ */ DISTINCT  "SCHEDULER_INST" , "SCHEDULER_ID" FROM "QRFC_I_EXE_STATE"
SELECT /* FDA READ */ DISTINCT  "SCHEDULER_INST" , "SCHEDULER_ID" FROM "QRFC_O_EXE_STATE"
SELECT /* FDA READ */ DISTINCT  "SCHEDULER_INST" , "SCHEDULER_ID" FROM "TRFC_I_EXE_STATE"
SELECT /* FDA READ */ DISTINCT  "SCHEDULER_INST" , "SCHEDULER_ID" FROM "TRFC_O_EXE_STATE"
SELECT /* FDA WRITE */ DISTINCT  "PAT03" . "PATCH" , "PAT03" . "COMP_REL" , "PAT03" . "COMPONENT" FROM "PAT03" , ? AS "t_00" ("C_0" NVARCHAR(30), "C_1" NVARCHAR(10)) WHERE "PAT03" . "STATUS" = N'I' AND "PAT03" . "CONFIRMED" = N'X' AND "PAT03" . "PATCH_TYPE" = N'CPK' AND "PAT03" . "COMPONENT" = "t_00" . "C_0" AND "PAT03" . "COMP_REL" = "t_00" . "C_1"
SELECT /* FDA WRITE */ DISTINCT  "TADIR" . "DEVCLASS" FROM "TADIR" , ? AS "t_00" ("C_0" NVARCHAR(30)) WHERE "TADIR" . "PGMID" = N'R3TR' AND "TADIR" . "OBJECT" IN ( ? , ? ) AND "TADIR" . "DEVCLASS" = "t_00" . "C_0"
SELECT AMDP_NAME FROM  "DDTBFUNCDEP"  WHERE AS4LOCAL = 'A' AND STRUCOBJN =  ?
SELECT COLUMN_NAME FROM VIEW_COLUMNS WHERE SCHEMA_NAME= ?  AND VIEW_NAME= ?  AND IS_NULLABLE='FALSE'
SELECT COUNT(*) FROM "/SAPAPO/TSQAP" WHERE "MANDT" = ?
SELECT COUNT(*) FROM "/SAPAPO/TSQMLA" WHERE "MANDT" = ?
SELECT COUNT(*) FROM "/SAPAPO/TSQMLAR" WHERE "MANDT" = ?
SELECT COUNT(*) FROM "/SAPAPO/TSQMLASA" WHERE "MANDT" = ?
SELECT COUNT(*) FROM "/SAPAPO/TSQMLO" WHERE "MANDT" = ?
SELECT COUNT(*) FROM "/SAPAPO/TSQMLOR" WHERE "MANDT" = ?
SELECT COUNT(*) FROM "/SAPAPO/TSQMLOSA" WHERE "MANDT" = ?
SELECT COUNT(*) FROM "/SAPAPO/TSQMP" WHERE "MANDT" = ?
SELECT COUNT(*) FROM "/SAPAPO/TSQR" WHERE "MANDT" = ?
SELECT COUNT(*) FROM "/SAPAPO/TSQRP" WHERE "MANDT" = ?
SELECT COUNT(*) FROM "/SAPAPO/TSQUEUE" WHERE "MANDT" = ?
SELECT COUNT(*) FROM "ALTRAMONI"
SELECT COUNT(*) FROM "RCCD_ENG_LOG" WHERE "MANDT" = ?
SELECT COUNT(*) FROM "RCCD_ENG_LOG" WHERE "MANDT" = ? AND "APP" = ?
SELECT COUNT(*) FROM "SFW_AIM_WORKLIST"
SELECT COUNT(*) FROM "SFW_BF" WHERE "BFUNCTION" = ? AND "VERSION" = ?
SELECT COUNT(*) FROM "SMOHMSGQAC" WHERE "MANDT" = ?
SELECT COUNT(*) FROM "SMOHMSGQEB" WHERE "MANDT" = ?
SELECT COUNT(*) FROM "SMOHMSGQEX" WHERE "MANDT" = ?
SELECT COUNT(*) FROM "SMOHMSGQRD" WHERE "MANDT" = ?
SELECT COUNT(*) FROM "SMOHMSGQRE" WHERE "MANDT" = ?
SELECT COUNT(*) FROM "SMOHMSGQSU" WHERE "MANDT" = ?
SELECT COUNT(*) FROM "TRPRAGMA" WHERE "EXT" <> ?
SELECT COUNT(*) FROM "TSP01"
SELECT DISTINCT  "BSET" FROM "SFW_BF_BS" WHERE "BSET" IN ( ? , ? , ? , ? , ? , ? , ? , ? , ? , ? , ? , ? , ? , ? , ? , ? , ? ) AND "VERSION" = ?
SELECT DISTINCT  "BSET" FROM "SFW_BS_BF" WHERE "BSET" IN ( ? , ? , ? , ? ) AND "VERSION" = ?
SELECT DISTINCT  "BSET" FROM "SFW_BS_BS" WHERE "BSET" IN ( ? , ? , ? , ? ) AND "VERSION" = ?
SELECT DISTINCT  "DDLNAME" , "AS4LOCAL" , "TABKAT" , "TABART" , "PUFFERUNG" , "SCHFELDANZ" , "PROTOKOLL" , "AS4USER" , "AS4DATE" , "AS4TIME" , "UEBERSETZ" , "BUFALLOW" , "ROWORCOLST" FROM "DDDDLSRC09B" WHERE "DDLNAME" IN ( ? ) AND "AS4LOCAL" = ?
SELECT DISTINCT  "DDLNAME" , "DDLANGUAGE" , "AS4LOCAL" , "DDTEXT" FROM "DDDDLSRCT" WHERE "DDLNAME" IN ( ? ) AND "DDLANGUAGE" = ? AND "AS4LOCAL" = ?
SELECT DISTINCT  "DDLNAME" , "STRUCOBJN" , "DDLANGUAGE" , "AS4LOCAL" , "DDTEXT" FROM "DDDDLSRC02BT" WHERE "STRUCOBJN" IN ( ? ) AND "DDLANGUAGE" = ? AND "AS4LOCAL" = ?
SELECT DISTINCT  "DDLNAME" , "STRUCOBJN" , "NODENAME" , "DDLANGUAGE" , "AS4LOCAL" , "FIELDNAME" , "DEPTH" , "DDTEXT" , "FIELDLABEL" , "QUICKINFO" FROM "DDDDLSRC03NT" WHERE "STRUCOBJN" IN ( ? ) AND "DDLANGUAGE" = ? AND "AS4LOCAL" = ?
SELECT DISTINCT  "DOMNAME" , "AS4LOCAL" , "AS4VERS" , "DATATYPE" , "LENG" , "OUTPUTLEN" , "DECIMALS" , "LOWERCASE" , "SIGNFLAG" , "LANGFLAG" , "VALEXI" , "ENTITYTAB" , "CONVEXIT" , "MASK" , "MASKLEN" , "ACTFLAG" , "APPLCLASS" , "AUTHCLASS" , "AS4USER" , "AS4DATE" , "AS4TIME" , "DOMMASTER" , "RESERVEDOM" , "DOMGLOBAL" , "APPENDNAME" , "APPEXIST" , "PROXYTYPE" , "OUTPUTSTYLE" , "AMPMFORMAT" , "ABAP_LANGUAGE_VERSION" FROM "DD01L" WHERE "DOMNAME" IN ( ? ) AND "AS4LOCAL" = ?
SELECT DISTINCT  "DOMNAME" , "AS4LOCAL" , "AS4VERS" , "DATATYPE" , "LENG" , "OUTPUTLEN" , "DECIMALS" , "LOWERCASE" , "SIGNFLAG" , "LANGFLAG" , "VALEXI" , "ENTITYTAB" , "CONVEXIT" , "MASK" , "MASKLEN" , "ACTFLAG" , "APPLCLASS" , "AUTHCLASS" , "AS4USER" , "AS4DATE" , "AS4TIME" , "DOMMASTER" , "RESERVEDOM" , "DOMGLOBAL" , "APPENDNAME" , "APPEXIST" , "PROXYTYPE" , "OUTPUTSTYLE" , "AMPMFORMAT" , "ABAP_LANGUAGE_VERSION" FROM "DD01L" WHERE "DOMNAME" IN ( ? , ? ) AND "AS4LOCAL" = ?
SELECT DISTINCT  "DOMNAME" , "AS4LOCAL" , "AS4VERS" , "DATATYPE" , "LENG" , "OUTPUTLEN" , "DECIMALS" , "LOWERCASE" , "SIGNFLAG" , "LANGFLAG" , "VALEXI" , "ENTITYTAB" , "CONVEXIT" , "MASK" , "MASKLEN" , "ACTFLAG" , "APPLCLASS" , "AUTHCLASS" , "AS4USER" , "AS4DATE" , "AS4TIME" , "DOMMASTER" , "RESERVEDOM" , "DOMGLOBAL" , "APPENDNAME" , "APPEXIST" , "PROXYTYPE" , "OUTPUTSTYLE" , "AMPMFORMAT" , "ABAP_LANGUAGE_VERSION" FROM "DD01L" WHERE "DOMNAME" IN ( ? , ? , ? ) AND "AS4LOCAL" = ?
SELECT DISTINCT  "DOMNAME" , "AS4LOCAL" , "AS4VERS" , "DATATYPE" , "LENG" , "OUTPUTLEN" , "DECIMALS" , "LOWERCASE" , "SIGNFLAG" , "LANGFLAG" , "VALEXI" , "ENTITYTAB" , "CONVEXIT" , "MASK" , "MASKLEN" , "ACTFLAG" , "APPLCLASS" , "AUTHCLASS" , "AS4USER" , "AS4DATE" , "AS4TIME" , "DOMMASTER" , "RESERVEDOM" , "DOMGLOBAL" , "APPENDNAME" , "APPEXIST" , "PROXYTYPE" , "OUTPUTSTYLE" , "AMPMFORMAT" , "ABAP_LANGUAGE_VERSION" FROM "DD01L" WHERE "DOMNAME" IN ( ? , ? , ? , ? ) AND "AS4LOCAL" = ?
SELECT DISTINCT  "DOMNAME" , "AS4LOCAL" , "AS4VERS" , "DATATYPE" , "LENG" , "OUTPUTLEN" , "DECIMALS" , "LOWERCASE" , "SIGNFLAG" , "LANGFLAG" , "VALEXI" , "ENTITYTAB" , "CONVEXIT" , "MASK" , "MASKLEN" , "ACTFLAG" , "APPLCLASS" , "AUTHCLASS" , "AS4USER" , "AS4DATE" , "AS4TIME" , "DOMMASTER" , "RESERVEDOM" , "DOMGLOBAL" , "APPENDNAME" , "APPEXIST" , "PROXYTYPE" , "OUTPUTSTYLE" , "AMPMFORMAT" , "ABAP_LANGUAGE_VERSION" FROM "DD01L" WHERE "DOMNAME" IN ( ? , ? , ? , ? , ? ) AND "AS4LOCAL" = ?
SELECT DISTINCT  "DOMNAME" , "AS4LOCAL" , "AS4VERS" , "DATATYPE" , "LENG" , "OUTPUTLEN" , "DECIMALS" , "LOWERCASE" , "SIGNFLAG" , "LANGFLAG" , "VALEXI" , "ENTITYTAB" , "CONVEXIT" , "MASK" , "MASKLEN" , "ACTFLAG" , "APPLCLASS" , "AUTHCLASS" , "AS4USER" , "AS4DATE" , "AS4TIME" , "DOMMASTER" , "RESERVEDOM" , "DOMGLOBAL" , "APPENDNAME" , "APPEXIST" , "PROXYTYPE" , "OUTPUTSTYLE" , "AMPMFORMAT" , "ABAP_LANGUAGE_VERSION" FROM "DD01L" WHERE "DOMNAME" IN ( ? , ? , ? , ? , ? , ? , ? , ? ) AND "AS4LOCAL" = ?
SELECT DISTINCT  "DRAFT_ENTITY" , "EXPIRY_EVENT" , "EXPIRY_DURATION" , "EXPIRY_RELATIVE_TO" FROM "SDRAFT_LC_CONFIG" WHERE "EXPIRY_EVENT" = ? AND "DRAFT_ENTITY" IN ( ? , ? , ? , ? , ? , ? )
SELECT DISTINCT  "INSTANCENAME" FROM "SEC_CONTEXT_COPY"
SELECT DISTINCT  "PARENT_BSET" FROM "SFW_BS_PARENTBS" WHERE "PARENT_BSET" IN ( ? , ? ) AND "VERSION" = ?
SELECT DISTINCT  "ROLLNAME" "DTELNAME" , "DDLANGUAGE" "LANGU" , "SCRTEXT_S" "SHORT" , "SCRTEXT_M" "MIDDLE" , "SCRTEXT_L" "LONG" , "SCRLEN3" "LEN_LONG" , "DDTEXT" "QUICKINFO" , "REPTEXT" "HEADING" FROM "DD04V" WHERE "ROLLNAME" IN ( ? ) AND ( "DDLANGUAGE" = ? OR "DDLANGUAGE" = ? )
SELECT DISTINCT  "ROLLNAME" "DTELNAME" , "DDLANGUAGE" "LANGU" , "SCRTEXT_S" "SHORT" , "SCRTEXT_M" "MIDDLE" , "SCRTEXT_L" "LONG" , "SCRLEN3" "LEN_LONG" , "DDTEXT" "QUICKINFO" , "REPTEXT" "HEADING" FROM "DD04V" WHERE "ROLLNAME" IN ( ? , ? ) AND ( "DDLANGUAGE" = ? OR "DDLANGUAGE" = ? )
SELECT DISTINCT  "ROLLNAME" "DTELNAME" , "DDLANGUAGE" "LANGU" , "SCRTEXT_S" "SHORT" , "SCRTEXT_M" "MIDDLE" , "SCRTEXT_L" "LONG" , "SCRLEN3" "LEN_LONG" , "DDTEXT" "QUICKINFO" , "REPTEXT" "HEADING" FROM "DD04V" WHERE "ROLLNAME" IN ( ? , ? , ? ) AND ( "DDLANGUAGE" = ? OR "DDLANGUAGE" = ? )
SELECT DISTINCT  "ROLLNAME" "DTELNAME" , "DDLANGUAGE" "LANGU" , "SCRTEXT_S" "SHORT" , "SCRTEXT_M" "MIDDLE" , "SCRTEXT_L" "LONG" , "SCRLEN3" "LEN_LONG" , "DDTEXT" "QUICKINFO" , "REPTEXT" "HEADING" FROM "DD04V" WHERE "ROLLNAME" IN ( ? , ? , ? , ? ) AND ( "DDLANGUAGE" = ? OR "DDLANGUAGE" = ? )
SELECT DISTINCT  "ROLLNAME" "DTELNAME" , "DDLANGUAGE" "LANGU" , "SCRTEXT_S" "SHORT" , "SCRTEXT_M" "MIDDLE" , "SCRTEXT_L" "LONG" , "SCRLEN3" "LEN_LONG" , "DDTEXT" "QUICKINFO" , "REPTEXT" "HEADING" FROM "DD04V" WHERE "ROLLNAME" IN ( ? , ? , ? , ? , ? ) AND ( "DDLANGUAGE" = ? OR "DDLANGUAGE" = ? )
SELECT DISTINCT  "ROLLNAME" "DTELNAME" , "DDLANGUAGE" "LANGU" , "SCRTEXT_S" "SHORT" , "SCRTEXT_M" "MIDDLE" , "SCRTEXT_L" "LONG" , "SCRLEN3" "LEN_LONG" , "DDTEXT" "QUICKINFO" , "REPTEXT" "HEADING" FROM "DD04V" WHERE "ROLLNAME" IN ( ? , ? , ? , ? , ? , ? , ? ) AND ( "DDLANGUAGE" = ? OR "DDLANGUAGE" = ? )
SELECT DISTINCT  "ROLLNAME" "DTELNAME" , "DDLANGUAGE" "LANGU" , "SCRTEXT_S" "SHORT" , "SCRTEXT_M" "MIDDLE" , "SCRTEXT_L" "LONG" , "SCRLEN3" "LEN_LONG" , "DDTEXT" "QUICKINFO" , "REPTEXT" "HEADING" FROM "DD04V" WHERE "ROLLNAME" IN ( ? , ? , ? , ? , ? , ? , ? , ? , ? ) AND ( "DDLANGUAGE" = ? OR "DDLANGUAGE" = ? )
SELECT DISTINCT  "ROLLNAME" , "AS4LOCAL" , "AS4VERS" , "DOMNAME" , "ROUTPUTLEN" , "MEMORYID" , "LOGFLAG" , "HEADLEN" , "SCRLEN1" , "SCRLEN2" , "SCRLEN3" , "ACTFLAG" , "APPLCLASS" , "AUTHCLASS" , "AS4USER" , "AS4DATE" , "AS4TIME" , "DTELMASTER" , "RESERVEDTE" , "DTELGLOBAL" , "SHLPNAME" , "SHLPFIELD" , "DEFFDNAME" , "DATATYPE" , "LENG" , "DECIMALS" , "OUTPUTLEN" , "LOWERCASE" , "SIGNFLAG" , "CONVEXIT" , "VALEXI" , "ENTITYTAB" , "REFKIND" , "REFTYPE" , "PROXYTYPE" , "LTRFLDDIS" , "BIDICTRLC" , "NOHISTORY" , "ABAP_LANGUAGE_VERSION" FROM "DD04L" WHERE "ROLLNAME" IN ( ? ) AND "AS4LOCAL" = ?
SELECT DISTINCT  "ROLLNAME" , "AS4LOCAL" , "AS4VERS" , "DOMNAME" , "ROUTPUTLEN" , "MEMORYID" , "LOGFLAG" , "HEADLEN" , "SCRLEN1" , "SCRLEN2" , "SCRLEN3" , "ACTFLAG" , "APPLCLASS" , "AUTHCLASS" , "AS4USER" , "AS4DATE" , "AS4TIME" , "DTELMASTER" , "RESERVEDTE" , "DTELGLOBAL" , "SHLPNAME" , "SHLPFIELD" , "DEFFDNAME" , "DATATYPE" , "LENG" , "DECIMALS" , "OUTPUTLEN" , "LOWERCASE" , "SIGNFLAG" , "CONVEXIT" , "VALEXI" , "ENTITYTAB" , "REFKIND" , "REFTYPE" , "PROXYTYPE" , "LTRFLDDIS" , "BIDICTRLC" , "NOHISTORY" , "ABAP_LANGUAGE_VERSION" FROM "DD04L" WHERE "ROLLNAME" IN ( ? , ? ) AND "AS4LOCAL" = ?
SELECT DISTINCT  "ROLLNAME" , "AS4LOCAL" , "AS4VERS" , "DOMNAME" , "ROUTPUTLEN" , "MEMORYID" , "LOGFLAG" , "HEADLEN" , "SCRLEN1" , "SCRLEN2" , "SCRLEN3" , "ACTFLAG" , "APPLCLASS" , "AUTHCLASS" , "AS4USER" , "AS4DATE" , "AS4TIME" , "DTELMASTER" , "RESERVEDTE" , "DTELGLOBAL" , "SHLPNAME" , "SHLPFIELD" , "DEFFDNAME" , "DATATYPE" , "LENG" , "DECIMALS" , "OUTPUTLEN" , "LOWERCASE" , "SIGNFLAG" , "CONVEXIT" , "VALEXI" , "ENTITYTAB" , "REFKIND" , "REFTYPE" , "PROXYTYPE" , "LTRFLDDIS" , "BIDICTRLC" , "NOHISTORY" , "ABAP_LANGUAGE_VERSION" FROM "DD04L" WHERE "ROLLNAME" IN ( ? , ? , ? ) AND "AS4LOCAL" = ?
SELECT DISTINCT  "ROLLNAME" , "AS4LOCAL" , "AS4VERS" , "DOMNAME" , "ROUTPUTLEN" , "MEMORYID" , "LOGFLAG" , "HEADLEN" , "SCRLEN1" , "SCRLEN2" , "SCRLEN3" , "ACTFLAG" , "APPLCLASS" , "AUTHCLASS" , "AS4USER" , "AS4DATE" , "AS4TIME" , "DTELMASTER" , "RESERVEDTE" , "DTELGLOBAL" , "SHLPNAME" , "SHLPFIELD" , "DEFFDNAME" , "DATATYPE" , "LENG" , "DECIMALS" , "OUTPUTLEN" , "LOWERCASE" , "SIGNFLAG" , "CONVEXIT" , "VALEXI" , "ENTITYTAB" , "REFKIND" , "REFTYPE" , "PROXYTYPE" , "LTRFLDDIS" , "BIDICTRLC" , "NOHISTORY" , "ABAP_LANGUAGE_VERSION" FROM "DD04L" WHERE "ROLLNAME" IN ( ? , ? , ? , ? ) AND "AS4LOCAL" = ?
SELECT DISTINCT  "ROLLNAME" , "AS4LOCAL" , "AS4VERS" , "DOMNAME" , "ROUTPUTLEN" , "MEMORYID" , "LOGFLAG" , "HEADLEN" , "SCRLEN1" , "SCRLEN2" , "SCRLEN3" , "ACTFLAG" , "APPLCLASS" , "AUTHCLASS" , "AS4USER" , "AS4DATE" , "AS4TIME" , "DTELMASTER" , "RESERVEDTE" , "DTELGLOBAL" , "SHLPNAME" , "SHLPFIELD" , "DEFFDNAME" , "DATATYPE" , "LENG" , "DECIMALS" , "OUTPUTLEN" , "LOWERCASE" , "SIGNFLAG" , "CONVEXIT" , "VALEXI" , "ENTITYTAB" , "REFKIND" , "REFTYPE" , "PROXYTYPE" , "LTRFLDDIS" , "BIDICTRLC" , "NOHISTORY" , "ABAP_LANGUAGE_VERSION" FROM "DD04L" WHERE "ROLLNAME" IN ( ? , ? , ? , ? , ? , ? ) AND "AS4LOCAL" = ?
SELECT DISTINCT  "ROLLNAME" , "AS4LOCAL" , "AS4VERS" , "DOMNAME" , "ROUTPUTLEN" , "MEMORYID" , "LOGFLAG" , "HEADLEN" , "SCRLEN1" , "SCRLEN2" , "SCRLEN3" , "ACTFLAG" , "APPLCLASS" , "AUTHCLASS" , "AS4USER" , "AS4DATE" , "AS4TIME" , "DTELMASTER" , "RESERVEDTE" , "DTELGLOBAL" , "SHLPNAME" , "SHLPFIELD" , "DEFFDNAME" , "DATATYPE" , "LENG" , "DECIMALS" , "OUTPUTLEN" , "LOWERCASE" , "SIGNFLAG" , "CONVEXIT" , "VALEXI" , "ENTITYTAB" , "REFKIND" , "REFTYPE" , "PROXYTYPE" , "LTRFLDDIS" , "BIDICTRLC" , "NOHISTORY" , "ABAP_LANGUAGE_VERSION" FROM "DD04L" WHERE "ROLLNAME" IN ( ? , ? , ? , ? , ? , ? , ? , ? ) AND "AS4LOCAL" = ?
SELECT DISTINCT  "ROLLNAME" , "DDLANGUAGE" , "AS4LOCAL" , "AS4VERS" , "DDTEXT" , "REPTEXT" , "SCRTEXT_S" , "SCRTEXT_M" , "SCRTEXT_L" FROM "DD04T" WHERE "ROLLNAME" IN ( ? ) AND "DDLANGUAGE" = ? AND "AS4LOCAL" = ?
SELECT DISTINCT  "ROLLNAME" , "DDLANGUAGE" , "AS4LOCAL" , "AS4VERS" , "DDTEXT" , "REPTEXT" , "SCRTEXT_S" , "SCRTEXT_M" , "SCRTEXT_L" FROM "DD04T" WHERE "ROLLNAME" IN ( ? , ? ) AND "DDLANGUAGE" = ? AND "AS4LOCAL" = ?
SELECT DISTINCT  "ROLLNAME" , "DDLANGUAGE" , "AS4LOCAL" , "AS4VERS" , "DDTEXT" , "REPTEXT" , "SCRTEXT_S" , "SCRTEXT_M" , "SCRTEXT_L" FROM "DD04T" WHERE "ROLLNAME" IN ( ? , ? , ? ) AND "DDLANGUAGE" = ? AND "AS4LOCAL" = ?
SELECT DISTINCT  "ROLLNAME" , "DDLANGUAGE" , "AS4LOCAL" , "AS4VERS" , "DDTEXT" , "REPTEXT" , "SCRTEXT_S" , "SCRTEXT_M" , "SCRTEXT_L" FROM "DD04T" WHERE "ROLLNAME" IN ( ? , ? , ? , ? ) AND "DDLANGUAGE" = ? AND "AS4LOCAL" = ?
SELECT DISTINCT  "ROLLNAME" , "DDLANGUAGE" , "AS4LOCAL" , "AS4VERS" , "DDTEXT" , "REPTEXT" , "SCRTEXT_S" , "SCRTEXT_M" , "SCRTEXT_L" FROM "DD04T" WHERE "ROLLNAME" IN ( ? , ? , ? , ? , ? , ? ) AND "DDLANGUAGE" = ? AND "AS4LOCAL" = ?
SELECT DISTINCT  "ROLLNAME" , "DDLANGUAGE" , "AS4LOCAL" , "AS4VERS" , "DDTEXT" , "REPTEXT" , "SCRTEXT_S" , "SCRTEXT_M" , "SCRTEXT_L" FROM "DD04T" WHERE "ROLLNAME" IN ( ? , ? , ? , ? , ? , ? , ? , ? ) AND "DDLANGUAGE" = ? AND "AS4LOCAL" = ?
SELECT DISTINCT  "RT_UUID" FROM "DDLX_RT_EXTENDS" WHERE "VARIANT" = ? AND "EXTENDED_ARTIFACT" IN ( ? )
SELECT DISTINCT  "STRUCOBJN" "ENTITYNAME" , "FIELDNAME" "ELEMENTNAME" , "DDLANGUAGE" "LANGUAGE" , "FIELDLABEL" "LABEL" , "QUICKINFO" FROM "DDDDLSRC03NT" WHERE "STRUCOBJN" IN ( ? ) AND "NODENAME" = N'.NODE1' AND ( "DDLANGUAGE" = ? OR "DDLANGUAGE" = ? ) AND "AS4LOCAL" = N'A'
SELECT DISTINCT  "STRUCOBJN" , "AS4LOCAL" , "CHGUSER" , "CHGDATE" , "CHGTIME" , "STRUCOBJCLASS" , "PARENTNAME" , "TABART" , "ACTFLAG" , "ACLROOTTAB" , "ACLENTRYTAB" , "ACLREF" , "CLIINDEP" , "CLIDEP" , "DELIVERYCLASS" , "CLIENTFIELD" , "ALLDATAINCL" , "EXVIEW_INCLUDED" , "CLASSNAME" , "STRUCOBJN_RAW" FROM "DD02B" WHERE "STRUCOBJN" IN ( ? ) AND "AS4LOCAL" = ?
SELECT DISTINCT  "STRUCOBJN" , "DDLANGUAGE" , "LFIELDNAME" , "NAME" , "TEXT" FROM "DDFIELDANNOT" WHERE "STRUCOBJN" IN ( ? ) AND ( "DDLANGUAGE" = ? OR "DDLANGUAGE" = ? )
SELECT DISTINCT  "STRUCOBJN" , "NODENAME" , "AS4LOCAL" , "DDLANGUAGE" , "DDTEXT" FROM "DD02BNDT" WHERE "STRUCOBJN" IN ( ? ) AND "DDLANGUAGE" = ? AND "AS4LOCAL" = ?
SELECT DISTINCT  "STRUCOBJN" , "NODENAME" , "AS4LOCAL" , "NODEKIND" , "DBTABNAME" , "DBOBJKIND" , "SUFFIX" , "NDPOSITION" , "NODEORIGIN" , "ISROOTNODE" , "DBISMASTER" , "CLIENTFIELD" , "EXVIEW_INCLUDED" , "WITH_PARAMETERS" , "ACCESSCTRL_TARGET" , "ACCESSCTRL_NOT_ALLOWED" , "NONTRP_INCLUDED" , "AMDP_NAME" , "TBFUNC_INCLUDED" , "SESSION_VAR_EX" , "BASEOBJ_NR" , "USED_SESSION_VARS" , "HDB_ONLY_ENTITY_INCLUDED" , "ROOTNODE_REF" FROM "DD02BND" WHERE "STRUCOBJN" IN ( ? ) AND "AS4LOCAL" = ?
SELECT DISTINCT  "STRUCOBJN" , "NODENAME" , "AS4LOCAL" , "TABKAT" , "TABART" , "PUFFERUNG" , "SCHFELDANZ" , "PROTOKOLL" , "AS4USER" , "AS4DATE" , "AS4TIME" , "UEBERSETZ" , "BUFALLOW" , "ROWORCOLST" FROM "DD09B" WHERE "STRUCOBJN" IN ( ? ) AND "AS4LOCAL" = ?
SELECT DISTINCT  "STRUCOBJN" , "NODENAME" , "ASSOCIATIONNAME" , "AS4LOCAL" , "STRUCOBJN_T" , "NODENAME_T" , "TYPEKIND_T" , "ASSOCIATIONKIND" , "CHECKINDICATOR" , "CARDINALITY" , "CARD_MIN" , "CARD_MAX" , "ASSORIGIN" , "DOPATH_T" , "ON_SOURCE" , "ASSOCNAME_RAW" , "ASSOCNAME_ORIG" , "STRUCOBJN_S" , "EXTENDNAME" , "IS_REDIRECTED" FROM "DD08B" WHERE "STRUCOBJN" IN ( ? ) AND "AS4LOCAL" = ?
SELECT DISTINCT  "STRUCOBJN" , "NODENAME" , "ASSOCIATIONNAME" , "DDLANGUAGE" , "AS4LOCAL" , "DDTEXT" FROM "DD08BT" WHERE "STRUCOBJN" IN ( ? ) AND "DDLANGUAGE" = ? AND "AS4LOCAL" = ?
SELECT DISTINCT  "STRUCOBJN" , "NODENAME" , "ASSOCIATIONNAME" , "FIELDNAME_T" , "AS4LOCAL" , "FDPOSITION" , "NODENAME_S" , "FIELDNAME" , "IF_NAME" , "IF_ATTRIBUT" , "OPERATOR" , "UP_NODENAME_S" , "UP_FIELDNAME" , "UP_IF_NAME" , "UP_IF_ATTRIBUT" , "ABAP_SYSTEM_VAR" , "UP_OPERATOR" , "SIDE_INFO" , "AND_OR" FROM "DD05B" WHERE "STRUCOBJN" IN ( ? ) AND "AS4LOCAL" = ?
SELECT DISTINCT  "STRUCOBJN" , "NODENAME" , "ASSOCIATIONNAME" , "FIELDNAME_VS" , "AS4LOCAL" , "FDPOSITION" , "OPERATOR" , "FIELDNAME_T" , "UP_OPERATOR" , "UP_FIELDNAME_T" FROM "DD05F" WHERE "STRUCOBJN" IN ( ? ) AND "AS4LOCAL" = ?
SELECT DISTINCT  "STRUCOBJN" , "NODENAME" , "DDLANGUAGE" , "AS4LOCAL" , "FIELDNAME" , "DEPTH" , "DDTEXT" , "FIELDLABEL" , "QUICKINFO" FROM "DD03NT" WHERE "STRUCOBJN" IN ( ? ) AND "DDLANGUAGE" = ? AND "AS4LOCAL" = ?
SELECT DISTINCT  "STRUCOBJN" , "NODENAME" , "FIELDNAME" , "AS4LOCAL" , "POSITION" , "KEYFLAG" , "ROLLNAME" , "CHECKTABLE" , "ADMINFIELD" , "INTTYPE" , "INTLEN" , "REFTABLE" , "PRECFIELD" , "REFFIELD" , "NOTNULL" , "DATATYPE" , "LENG" , "DECIMALS" , "DOMNAME" , "SHLPORIGIN" , "TABLETYPE" , "DEPTH" , "COMPTYPE" , "REFTYPE" , "LANGUFLAG" , "ANONYMOUS" , "OUTPUTSTYLE" , "ENABLED" , "TRANSIENT" , "FIELDNAMEDBS" , "LFIELDNAME" , "FIELDORIGIN" , "APPENDSTRUNAME" , "FIELDNAME_RAW" , "SQL_PASSVALUE" , "OUTPUTLEN" , "IS_VIRTUAL" , "IS_CALCULATED" , "EXTENDNAME" FROM "DD03ND" WHERE "STRUCOBJN" IN ( ? ) AND "AS4LOCAL" = ?
SELECT DISTINCT  "STRUCOBJN" , "NODENAME" , "INDEXNAME" , "AS4LOCAL" , "UNIQUEFLAG" , "ISEXTIND" FROM "DD12B" WHERE "STRUCOBJN" IN ( ? ) AND "AS4LOCAL" = ?
SELECT DISTINCT  "STRUCOBJN" , "NODENAME" , "PARAMETERNAME" , "DDLANGUAGE" , "AS4LOCAL" , "DDTEXT" FROM "DD10BT" WHERE "STRUCOBJN" IN ( ? ) AND "DDLANGUAGE" = ? AND "AS4LOCAL" = ?
SELECT DISTINCT  "STRUCOBJN" , "NODENAME" , "PARAMETERNAME" , "POSNR" , "AS4LOCAL" , "ROLLNAME" , "COMPTYPE" , "DATATYPE" , "LENG" , "DECIMALS" , "PARAMETERNAME_RAW" , "ABAPTYPE" , "DBLENGTH" , "DBLENGTH2" , "DIGITS" , "SYSTFIELD" , "PARAMETERTYPE" FROM "DD10B" WHERE "STRUCOBJN" IN ( ? ) AND "AS4LOCAL" = ?
SELECT DISTINCT  "TABNAME" , "AS4LOCAL" , "AS4VERS" , "TABCLASS" , "SQLTAB" , "DATMIN" , "DATMAX" , "DATAVG" , "CLIDEP" , "BUFFERED" , "COMPRFLAG" , "LANGDEP" , "ACTFLAG" , "APPLCLASS" , "AUTHCLASS" , "AS4USER" , "AS4DATE" , "AS4TIME" , "MASTERLANG" , "MAINFLAG" , "CONTFLAG" , "RESERVETAB" , "GLOBALFLAG" , "PROZPUFF" , "VIEWCLASS" , "VIEWGRANT" , "MULTIPLEX" , "SHLPEXI" , "PROXYTYPE" , "EXCLASS" , "WRONGCL" , "ALWAYSTRP" , "ALLDATAINCL" , "WITH_PARAMETERS" , "EXVIEW_INCLUDED" , "KEYMAX_FEATURE" , "KEYLEN_FEATURE" , "TABLEN_FEATURE" , "NONTRP_INCLUDED" , "VIEWREF" , "VIEWREF_ERR" , "VIEWREF_POS_CHG" , "TBFUNC_INCLUDED" , "IS_GTT" , "SESSION_VAR_EX" , "FROM_ENTITY" , "PK_IS_INVHASH" , "USED_SESSION_VARS" , "ABAP_LANGUAGE_VERSION" , "HDB_ONLY_ENTITY_INCLUDED" FROM "DD02L" WHERE "TABNAME" IN ( ? ) AND "AS4LOCAL" = ?
SELECT DISTINCT  "TABNAME" , "AS4LOCAL" , "AS4VERS" , "TABCLASS" , "SQLTAB" , "DATMIN" , "DATMAX" , "DATAVG" , "CLIDEP" , "BUFFERED" , "COMPRFLAG" , "LANGDEP" , "ACTFLAG" , "APPLCLASS" , "AUTHCLASS" , "AS4USER" , "AS4DATE" , "AS4TIME" , "MASTERLANG" , "MAINFLAG" , "CONTFLAG" , "RESERVETAB" , "GLOBALFLAG" , "PROZPUFF" , "VIEWCLASS" , "VIEWGRANT" , "MULTIPLEX" , "SHLPEXI" , "PROXYTYPE" , "EXCLASS" , "WRONGCL" , "ALWAYSTRP" , "ALLDATAINCL" , "WITH_PARAMETERS" , "EXVIEW_INCLUDED" , "KEYMAX_FEATURE" , "KEYLEN_FEATURE" , "TABLEN_FEATURE" , "NONTRP_INCLUDED" , "VIEWREF" , "VIEWREF_ERR" , "VIEWREF_POS_CHG" , "TBFUNC_INCLUDED" , "IS_GTT" , "SESSION_VAR_EX" , "FROM_ENTITY" , "PK_IS_INVHASH" , "USED_SESSION_VARS" , "ABAP_LANGUAGE_VERSION" , "HDB_ONLY_ENTITY_INCLUDED" FROM "DD02L" WHERE "TABNAME" IN ( ? , ? , ? ) AND "AS4LOCAL" = ?
SELECT DISTINCT  "TABNAME" , "AS4LOCAL" , "AS4VERS" , "TABKAT" , "TABART" , "PUFFERUNG" , "SCHFELDANZ" , "PROTOKOLL" , "SPEICHPUFF" , "AS4USER" , "AS4DATE" , "AS4TIME" , "TRANSPFLAG" , "RESERVE" , "UEBERSETZ" , "ACTFLAG" , "BUFALLOW" , "JAVAONLY" , "ROWORCOLST" , "SHARINGTYPE" FROM "DD09L" WHERE "TABNAME" IN ( ? ) AND "AS4LOCAL" = ?
SELECT DISTINCT  "TABNAME" , "FIELDNAME" , "AS4LOCAL" , "AS4VERS" , "CHECKTABLE" , "FRKART" , "CLASFIELD" , "CLASVALUE" , "CARDLEFT" , "CARD" , "CHECKFLAG" , "ARBGB" , "MSGNR" , "NOINHERIT" FROM "DD08L" WHERE "TABNAME" IN ( ? ) AND "AS4LOCAL" = ?
SELECT DISTINCT  "TABNAME" , "FIELDNAME" , "AS4LOCAL" , "AS4VERS" , "POSITION" , "KEYFLAG" , "MANDATORY" , "ROLLNAME" , "CHECKTABLE" , "ADMINFIELD" , "INTTYPE" , "INTLEN" , "REFTABLE" , "PRECFIELD" , "REFFIELD" , "CONROUT" , "NOTNULL" , "DATATYPE" , "LENG" , "DECIMALS" , "DOMNAME" , "SHLPORIGIN" , "TABLETYPE" , "DEPTH" , "COMPTYPE" , "REFTYPE" , "LANGUFLAG" , "DBPOSITION" , "ANONYMOUS" , "OUTPUTSTYLE" , "SRS_ID" FROM "DD03L" WHERE "TABNAME" IN ( ? ) AND "AS4LOCAL" = ?
SELECT DISTINCT  "TABNAME" , "FIELDNAME" , "AS4LOCAL" , "SHLPNAME" , "SHLPINHER" FROM "DD35L" WHERE "TABNAME" IN ( ? ) AND "AS4LOCAL" = ?
SELECT MIN( "CREA_SHORT" ) FROM "SWNCCOLLPARAM" WHERE "CREA_SHORT" <> 0
SELECT MIN( "FINISHED_AT" ) , MAX( "FINISHED_AT" ) FROM "BGRFC_UNIT_TIME" WHERE "FINISHED_AT" <= ? AND "UNIT_KIND" = 1409196102
SELECT MIN( "FINISHED_AT" ) , MAX( "FINISHED_AT" ) FROM "BGRFC_UNIT_TIME" WHERE "FINISHED_AT" <= ? AND "UNIT_KIND" = 1409196105
SELECT MIN( "FINISHED_AT" ) , MAX( "FINISHED_AT" ) FROM "BGRFC_UNIT_TIME" WHERE "FINISHED_AT" <= ? AND "UNIT_KIND" = 1409196106
SELECT MIN( "FINISHED_AT" ) , MAX( "FINISHED_AT" ) FROM "BGRFC_UNIT_TIME" WHERE "FINISHED_AT" <= ? AND ( "UNIT_KIND" = 1409196101 OR "UNIT_KIND" = 1409196103 )
SELECT MIN(SEQNUMBER) FROM DDLOG
SELECT N'X' FROM "DD02L" WHERE "TABNAME" = ? AND "TABCLASS" = N'VIEW' LIMIT 1
SELECT N'X' FROM "SDRAFT_LC_CONFIG" WHERE "DRAFT_ENTITY" = N'<DEFAULT>' LIMIT 1
SELECT PARAMETERNAME, PARAMETERNAME_RAW, POSNR, ROLLNAME, COMPTYPE, DATATYPE, DECIMALS, DBLENGTH, DBLENGTH2, DIGITS, SYSTFIELD FROM  "DD10B"  WHERE AS4LOCAL = 'A' AND STRUCOBJN =  ?  ORDER BY POSNR
SELECT SEQNUMBER, SYSTEMID, NBLENGTH, NOTEBOOK FROM DDLOG WHERE SEQNUMBER >  ? ORDER BY SEQNUMBER
SELECT TOP 1 "PROG" , "DNUM" , "TYPE" , "FNUM" , "DGRP" , "BZMX" , "BZBR" , "MILI" , "MICO" , "MALI" , "MACO" , "NOLI" , "NOCO" , "VALP" , "CUAN" , "HDAT" , "SPRA" , "CUPO" , "DGEN" , "TGEN" FROM "D020S" WHERE "PROG" = ? AND "DNUM" = ?
SELECT TOP 1 "PROG" , "DYNR" , "LANG" , "FLDN" , "DTXT" FROM "D021T" WHERE "PROG" = ? AND "DYNR" = ? AND "LANG" = ? AND "FLDN" = ?
SELECT TOP 1 "PROGNAME" , "SPRACHE" , "TYPE" , "BLOCKNR" , "BLOBLG" , "UDAT" , "UTIME" , "BLOCKLG" , "BLOCK" FROM "D345T" WHERE "PROGNAME" = ? AND "SPRACHE" = ? AND "TYPE" = ? AND "BLOCKNR" = ? FOR UPDATE
SELECT TOP 1 "PROGNAME" , "STATUS" , "TYPE" , "BLOCKNR" , "BLOBLG" , "UDAT" , "UTIME" , "BLOCKLG" , "BLOCK" FROM "D342L" WHERE "PROGNAME" = ? AND "STATUS" = ? AND "TYPE" = ? AND "BLOCKNR" = ? FOR UPDATE
SELECT TOP 1 "WHAT" FROM "D1GEN"
SELECT TOP 1 D.DATABASE_NAME || '/' || H.VALUE, L.HOST, CURRENT_USER, CURRENT_SCHEMA, CURRENT_CONNECTION FROM M_DATABASE D, SYS.M_HOST_INFORMATION H, SYS.M_LANDSCAPE_HOST_CONFIGURATION L WHERE H.KEY = 'sapsystem' AND L.INDEXSERVER_ACTUAL_ROLE = 'MASTER' 
SELECT TOP 1 D.VERSION, H.VALUE FROM M_DATABASE D LEFT OUTER JOIN SYS.M_HOST_INFORMATION H ON H.KEY = 'build_branch'
SELECT TOP 1 HOST, CURRENT_CONNECTION FROM SYS.M_LANDSCAPE_HOST_CONFIGURATION WHERE INDEXSERVER_ACTUAL_ROLE = 'MASTER' 
SELECT VERSION, "EXTENSIONS" FROM "DYNPSOURCE" WHERE PROGNAME = ? AND DYNPNUMBER = ? AND R3STATE = 'A'
SELECT VERSION, "FIELDINFO" FROM "DYNPSOURCE" WHERE PROGNAME = ? AND DYNPNUMBER = ? AND R3STATE = 'A'
SELECT VERSION, "LOGICINFO" FROM "DYNPSOURCE" WHERE PROGNAME = ? AND DYNPNUMBER = ? AND R3STATE = 'A'
