SELECT "BTCSERVER" , "CTLOBJ" , "BTCSYSTEM" , "TIMSTMPDT" , "TIMSTMPTM" , "TRACELEVEL" , "TRCTIMSTDT" , "TRCTIMSTTM" , "TRCCHUSR" , "OPMODE" , "OPMODTSTDT" , "OPMODTSTTM" , "OPMODCHUSR" FROM "BTCCTL" WHERE "BTCSERVER" = ? AND "CTLOBJ" = ? LIMIT 1
SELECT "C" . "MANDT" , "C" . "QUEUENAME" , "R" . "STATUS" , "C" . "MODULENAME" , "R" . "LASTMSG" , "R" . "LASTERROR" , "C" . "QLNGNAME" FROM "SMOHRRQCUST" "C" INNER JOIN "SMOHRRQRT" "R" ON "C" . "MANDT" = "R" . "MANDT" AND "C" . "QUEUENAME" = "R" . "QUEUENAME" WHERE "C" . "MANDT" = N'000' AND "C" . "QUEUENAME" = N'QD' LIMIT 1
SELECT "CCMS_OBJ" , "TOKEN" , "VALUE" , "OWNER_CLS" , "TOKNTYPE" , "VALUE_CLS" , "ACTIVE" , "MAJVERSION" , "MINVERSION" , "SEMANTIC" , "PROVIDER" , "SCHEME" , "REPORTER" , "TIMESTAMP" , "REM_TZONE" , "SUBTYPE" FROM "CSMBK" WHERE "CCMS_OBJ" = ? AND "TOKEN" = ? LIMIT 1
SELECT "CHG_TSTMP" , "LOAD_TSTMP" , "LOAD_VERSION" , "LOAD_DATA" FROM "DDANNOLOAD" WHERE "ENTITY" = ? AND "VARIANT" = ? AND "DDLS_EXTEND" = ? AND "METADATA_EXTENSION" = ? AND "STATE" = N'V' LIMIT 1
SELECT "CLIENT" , "ID" , "USERID" , "LINK" , "START_TIMESTAMP" , "EOL_TIMESTAMP" , "AUTHNMETHODS" , "EXT_SESSMAN" , "TIMEOUT_CHECK" , "HAS_SUCCESSOR" , "XSRF_TOKEN" FROM "SECURITY_CONTEXT" WHERE "EOL_TIMESTAMP" > ? AND "EOL_TIMESTAMP" < ?
SELECT "CLIENT" , "ID" , "USERID" , "LINK" , "START_TIMESTAMP" , "EOL_TIMESTAMP" , "AUTHNMETHODS" , "EXT_SESSMAN" , "TIMEOUT_CHECK" , "HAS_SUCCESSOR" , "XSRF_TOKEN" FROM "SECURITY_CONTEXT" WHERE "TIMEOUT_CHECK" = ?
SELECT "CLIENT" , "OBJECT" , "SUBOBJECT" , "NRRANGENR" , "TOYEAR" , "FROMNUMBER" , "TONUMBER" , "NRLEVEL" , "EXTERNIND" FROM "NRIV" WHERE "CLIENT" = ? AND "OBJECT" = ? AND "SUBOBJECT" = ? AND "NRRANGENR" = ? AND "TOYEAR" = ? FOR UPDATE
SELECT "CLIENT" , "OBJECT" , "SUBOBJECT" , "NRRANGENR" , "TOYEAR" , "FROMNUMBER" , "TONUMBER" , "NRLEVEL" , "EXTERNIND" FROM "NRIV" WHERE "CLIENT" = ? AND "OBJECT" = ? AND "SUBOBJECT" = ? AND "NRRANGENR" = ? AND "TOYEAR" = N'0000' LIMIT 1
SELECT "COMPONENT" , "COMPTYPE" , "ASSIGNDSYS" , "PERIODTYPE" , "PERIODSTRT" , "STORAGE" , "FIRSTRECDY" , "FIRSTRECTI" , "LASTRECDY" , "LASTRECTI" , "AGR_TZONE" , "FINISHED" , "IN_WEEK" , "IN_MONTH" , "IN_TOTDAY" , "IN_TOTWEEK" , "IN_TOTMONT" , "TEMPORARY_DATA" FROM "SWNCMONIINDEX" WHERE "COMPONENT" = ? AND "COMPTYPE" = ? AND "ASSIGNDSYS" = ? AND "PERIODTYPE" = ? AND "PERIODSTRT" = ? AND "STORAGE" = ? LIMIT 1
SELECT "COMPONENT" , "COMPTYPE" , "ASSIGNDSYS" , "PERIODTYPE" , "PERIODSTRT" , "STORAGE" , "FIRSTRECDY" , "FIRSTRECTI" , "LASTRECDY" , "LASTRECTI" , "AGR_TZONE" , "FINISHED" , "IN_WEEK" , "IN_MONTH" , "IN_TOTDAY" , "IN_TOTWEEK" , "IN_TOTMONT" , "TEMPORARY_DATA" FROM "SWNCMONIINDEX" WHERE "COMPONENT" = ? AND "COMPTYPE" = ? AND "ASSIGNDSYS" = ? AND "PERIODTYPE" = ? ORDER BY "SWNCMONIINDEX" . "PERIODSTRT" DESC , "SWNCMONIINDEX" . "LASTRECDY" DESC , "SWNCMONIINDEX" . "LASTRECTI" DESC LIMIT 1
SELECT "CUSERNAME" , "DEBUGID" , "SYSTDEBUG" , "SERVER" , "CALL_URL" FROM "ICFATTRIB" WHERE "CLIENT" = ? AND "USERNAME" = ? AND "CIPADDR" = ? AND "ATTRIBUTE" = ? AND ( "URL" = ? OR "URL" = ? AND "SERVER" = ? ) AND ( "CDATE" = ? AND ( "TIMEOUT" > ? OR "CTIME" < ? AND "TIMEOUT" <= ? ) OR "CDATE" = ? AND "TIMEOUT" > ? AND "TIMEOUT" <= ? )
SELECT "CUSGRPNAME" , "SETNAME" , "LINENUMBER" , "FROMSGCLAS" , "FROMSGID" , "TOMSGCLAS" , "TOMSGID" , "MSGVALUE" , "SEVERITY" FROM "ALGRPMCFIL" WHERE "CUSGRPNAME" = ? AND "SETNAME" = ?
SELECT "DATA" FROM "REPOTEXT" WHERE "PROGNAME" = ? AND "R3STATE" = ? AND "LANGUAGE" = ?
SELECT "DD02B" . "AS4LOCAL" , "DD02B" . "STRUCOBJN" , "DD02B" . "STRUCOBJCLASS" , "DD02B" . "PARENTNAME" , "DD02BND" . "DBTABNAME" , "DD02B" . "TABART" , "DD02B" . "CLIDEP" , "DD02BND" . "CLIENTFIELD" , "DD02B" . "STRUCOBJN_RAW" , "DD02BND" . "AMDP_NAME" , "DD02BND" . "ACCESSCTRL_TARGET" , "DD02BND" . "WITH_PARAMETERS" , "DD02BND" . "ISROOTNODE" FROM "DD02B" INNER JOIN "DD02BND" ON "DD02B" . "STRUCOBJN" = "DD02BND" . "STRUCOBJN" AND "DD02B" . "AS4LOCAL" = "DD02BND" . "AS4LOCAL" WHERE "DD02B" . "STRUCOBJN" = ? AND ( "DD02B" . "AS4LOCAL" = ? OR "DD02B" . "AS4LOCAL" = ? ) ORDER BY "DD02B" . "STRUCOBJN" , "DD02B" . "AS4LOCAL" DESC
SELECT "DD02B" . "AS4LOCAL" , "DD02B" . "STRUCOBJN" , "DD02B" . "STRUCOBJCLASS" , "DD02B" . "PARENTNAME" , "DD02BND" . "DBTABNAME" , "DD02B" . "TABART" , "DD02B" . "CLIDEP" , "DD02BND" . "CLIENTFIELD" , "DD02B" . "STRUCOBJN_RAW" , "DD02BND" . "AMDP_NAME" , "DD02BND" . "ACCESSCTRL_TARGET" , "DD02BND" . "WITH_PARAMETERS" , "DD02BND" . "ISROOTNODE" FROM "DD02B" INNER JOIN "DD02BND" ON "DD02B" . "STRUCOBJN" = "DD02BND" . "STRUCOBJN" AND "DD02B" . "AS4LOCAL" = "DD02BND" . "AS4LOCAL" WHERE "DD02B" . "STRUCOBJN" IN ( ? , ? ) AND ( "DD02B" . "AS4LOCAL" = ? OR "DD02B" . "AS4LOCAL" = ? ) ORDER BY "DD02B" . "STRUCOBJN" , "DD02B" . "AS4LOCAL" DESC
SELECT "DD02B" . "AS4LOCAL" , "DD02B" . "STRUCOBJN" , "DD02B" . "STRUCOBJCLASS" , "DD02B" . "PARENTNAME" , "DD02BND" . "DBTABNAME" , "DD02B" . "TABART" , "DD02B" . "CLIDEP" , "DD02BND" . "CLIENTFIELD" , "DD02B" . "STRUCOBJN_RAW" , "DD02BND" . "AMDP_NAME" , "DD02BND" . "ACCESSCTRL_TARGET" , "DD02BND" . "WITH_PARAMETERS" , "DD02BND" . "ISROOTNODE" FROM "DD02B" INNER JOIN "DD02BND" ON "DD02B" . "STRUCOBJN" = "DD02BND" . "STRUCOBJN" AND "DD02B" . "AS4LOCAL" = "DD02BND" . "AS4LOCAL" WHERE "DD02B" . "STRUCOBJN" IN ( ? , ? , ? ) AND ( "DD02B" . "AS4LOCAL" = ? OR "DD02B" . "AS4LOCAL" = ? ) ORDER BY "DD02B" . "STRUCOBJN" , "DD02B" . "AS4LOCAL" DESC
SELECT "DDLNAME" , "AS4LOCAL" , "AS4USER" , "AS4DATE" , "AS4TIME" , "SOURCE" , "PARENTNAME" , "ACTFLAG" , "CHGFLAG" , "SOURCE_TYPE" , "SOURCE_ORIGIN" , "ABAP_LANGUAGE_VERSION" FROM "DDDDLSRC" WHERE "DDLNAME" IN ( ? ) AND "AS4LOCAL" = ?
SELECT "DELETION_TIME" FROM "BGRFC_CUST_I_SYS" WHERE "ENTRY_ID" = N'SYSTEM' LIMIT 1
SELECT "DELETION_TIME" FROM "BGRFC_CUST_O_SYS" WHERE "ENTRY_ID" = N'SYSTEM' LIMIT 1
SELECT "DOCM_VERSION" , "TM_SYS_TYPE" , "TM_SYS_SUBTYPE" , "PROPERTY_ID" , "PROPERTY_VALUE" , "DOCR_CHANGED_AT" , "DOCR_CHANGED_BY" FROM "/STMC/CR_CONFIG" WHERE "DOCM_VERSION" = ? AND "TM_SYS_TYPE" = ? AND "TM_SYS_SUBTYPE" = ? AND "PROPERTY_ID" = ? LIMIT 1
SELECT "DTS_INSTANCE" , "TRACE" , "USE_SLD" , "DAYS_UNTIL_CHECK" , "DATE_LAST_CHECK" , "CHECK_SLD_NOW" , "LAST_CHG_USER" , "LAST_CHG_DATE" , "LAST_CHG_TIME" , "SCHED_JOB_REPEAT" , "MAP_JOB_REPEAT" FROM "ALDTSCTRL" WHERE "DTS_INSTANCE" = N'CCMS_DTS_Control_Record' LIMIT 1
SELECT "EVENTID" , "CHANGEUSER" , "TIMESTMPDT" , "TIMESTMPTM" FROM "BTCSEV" WHERE "EVENTID" = ? LIMIT 1
SELECT "FUNCNAME" , "PNAME" , "INCLUDE" , "FREEDATE" , "APPL" , "MAND" , "FMODE" , "HOST" , "UTASK" , "PNAME_MAIN" , "RFCSCOPE" , "RFCVERS" FROM "TFDIR" WHERE "FUNCNAME" = ? LIMIT 1
SELECT "ID" FROM "UCONHTTPCUSTHEAD" WHERE "ID" = ? AND "MANDT" = ? LIMIT 1
SELECT "INST_NAME" , "LAST_TIME" , "LAST_DATE" , "DUMMYTXT" FROM "ALTSTLOD"
SELECT "JOBCOUNT" FROM "TBTCO" WHERE "JOBNAME" = ? AND "JOBCOUNT" = ? LIMIT 1
SELECT "JOBNAME" , "JOBCOUNT" , "BTCSYSTEM" , "JOBGROUP" , "INTREPORT" , "SDLSTRTDT" , "SDLSTRTTM" , "PRDMINS" , "PRDHOURS" , "PRDDAYS" , "PRDWEEKS" , "PRDMONTHS" , "PERIODIC" , "DELANFREP" , "EMERGMODE" , "SDLUNAME" , "AUTHCKNAM" , "AUTHCKMAN" , "SUCCNUM" , "EOMCORRECT" , "JOBCLASS" , "PRIORITY" , "EXECSERVER" , "CALCORRECT" , "TGTSRVGRP" FROM "TBTCS" WHERE "JOBNAME" = ? AND "JOBCOUNT" = ? LIMIT 1
SELECT "JOBNAME" , "JOBCOUNT" , "CTXTTYPE" , "CTXTVAL" , "CTXTTEXT" FROM "TBTCCNTXT" WHERE "JOBNAME" = ? AND "JOBCOUNT" = ? AND "CTXTTYPE" = N'SJOBREPO' AND "CTXTVAL" = N'J' LIMIT 1
SELECT "JOBNAME" , "JOBCOUNT" , "CTXTTYPE" , "CTXTVAL" , "CTXTTEXT" FROM "TBTCCNTXT" WHERE "JOBNAME" = ? AND "JOBCOUNT" = ? AND "CTXTTYPE" = N'SOLMAN_REQUEST_ID' LIMIT 1
SELECT "JOBNAME" , "JOBCOUNT" , "CTXTTYPE" , "CTXTVAL" , "CTXTTEXT" FROM "TBTCCNTXT" WHERE "JOBNAME" = ? AND "JOBCOUNT" = ? AND "CTXTTYPE" = N'TIMEZONE' LIMIT 1
SELECT "JOBNAME" , "JOBCOUNT" , "JOBGROUP" , "INTREPORT" , "SDLUNAME" , "AUTHCKNAM" , "AUTHCKMAN" , "SUCCNUM" , "DELANFREP" , "SDLFLAG" , "STEPCOUNT" , "XPGACTIVE" , "JOBLOG" , "EVENTID" , "EVENTPARM" , "JOBCLASS" , "PRIORITY" , "STATUS" , "XPGTERMCTL" , "STEPFLAG" , "CREADATE" , "CREATIME" , "EXECSERVER" , "TGTSRVGRP" , "REAXSERVER_1" , "REAXSERVER_2" , "REAXSERVER_LAST" , "LASTCHDATE" , "LASTCHTIME" , "NROFTRIES" FROM "TBTCY" WHERE "JOBNAME" = ? AND "JOBCOUNT" = ? LIMIT 1
SELECT "JOBNAME" , "JOBCOUNT" , "JOBGROUP" , "INTREPORT" , "STEPCOUNT" , "SDLSTRTDT" , "SDLSTRTTM" , "BTCSYSTEM" , "SDLDATE" , "SDLTIME" , "SDLUNAME" , "LASTCHDATE" , "LASTCHTIME" , "LASTCHNAME" , "RELDATE" , "RELTIME" , "RELUNAME" , "STRTDATE" , "STRTTIME" , "ENDDATE" , "ENDTIME" , "PRDMINS" , "PRDHOURS" , "PRDDAYS" , "PRDWEEKS" , "PRDMONTHS" , "PERIODIC" , "DELANFREP" , "EMERGMODE" , "STATUS" , "NEWFLAG" , "AUTHCKNAM" , "AUTHCKMAN" , "SUCCNUM" , "PREDNUM" , "JOBLOG" , "LASTSTRTDT" , "LASTSTRTTM" , "WPNUMBER" , "WPPROCID" , "EVENTID" , "EVENTPARM" , "BTCSYSREAX" , "JOBCLASS" , "PRIORITY" , "EVENTCOUNT" , "CHECKSTAT" , "CALENDARID" , "PRDBEHAV" , "EXECSERVER" , "EOMCORRECT" , "CALCORRECT" , "REAXSERVER" , "RECLOGSYS" , "RECOBJTYPE" , "RECOBJKEY" , "RECDESCRIB" , "TGTSRVGRP" FROM "TBTCO" WHERE "JOBNAME" = ? AND "JOBCOUNT" = ? LIMIT 1
SELECT "JOBNAME" , "JOBCOUNT" , "ROOT_CONTEXT_ID" , "CONNECTION_ID" , "CONNECT_COUNTER" , "TRANSACTION_ID" , "CLIENT_ID" , "USER_ID" , "COMPONENT_ID" , "COMPONENT_TYPE" , "CREATION_EPP" , "CREA_JOBEPPREC" , "PASSPORT_XSTRING" FROM "BTCJOBEPP" WHERE "JOBNAME" = ? AND "JOBCOUNT" = ? LIMIT 1
SELECT "JOBNAME" , "JOBCOUNT" , "STEPCOUNT" , "PROGNAME" , "PROGFROMLN" , "PROGTOLN" , "SDLDATE" , "SDLTIME" , "SDLUNAME" , "VARIANT" , "AUTHCKNAM" , "LISTIDENT" , "XPGPID" , "XPGTGTSYS" , "XPGRFCDEST" , "XPGPROG" , "XPGPARAMS" , "XPGFLAG" , "CONNCNTL" , "STDINCNTL" , "STDOUTCNTL" , "STDERRCNTL" , "TRACECNTL" , "TERMCNTL" , "STATUS" , "EXITCODE" , "LANGUAGE" , "EXTCMD" , "OPSYSTEM" , "PDEST" , "PRCOP" , "PLIST" , "PRTXT" , "PRIMM" , "PRREL" , "PRNEW" , "PEXPI" , "LINCT" , "LINSZ" , "PAART" , "PRBIG" , "PRSAP" , "PRREC" , "PRABT" , "PRBER" , "PRDSN" , "PTYPE" , "ARMOD" , "FOOTL" , "PRCHK" , "SAP_OBJECT" , "AR_OBJECT" , "ARCHIV_ID" , "DOC_TYPE" , "RPC_HOST" , "RPC_SERVIC" , "INTERFACE" , "MANDANT" , "REPORT" , "INFO" , "ARCTEXT" , "DATUM" , "ARCUSER" , "PRINTER" , "FORMULAR" , "ARCHIVPATH" , "PROTOKOLL" , "VERSION" , "ACHECK" , "PRIPARKEY" , "CONVID" FROM "TBTCP" WHERE "JOBNAME" = ? AND "JOBCOUNT" = ? LIMIT 1
SELECT "KEY1" , "KEY2" , "APPL" , "PRDATE" , "REORG" , "PDEST" , "PRCOP" , "PLIST" , "PRTXT" , "PRIMM" , "PRREL" , "PRNEW" , "PEXPI" , "LINCT" , "LINSZ" , "PAART" , "PRBIG" , "PRSAP" , "PRREC" , "PRABT" , "PRBER" , "PRDSN" , "PTYPE" , "ARMOD" , "FOOTL" , "PRIOT" , "PRUNX" , "PRCHK" , "PARLISTLEN" , "PARAMLIST" FROM "TPRI_PAR" WHERE "KEY1" = ? AND "KEY2" = ?
SELECT "MON_CLIENT" , "TCODE" , "MO_NAME" , "MTECLASS" , "SERVER_ID" , "CUSGRPNAME" FROM "ALTRAMONI"
SELECT "MON_CLIENT" , "TCODE" , "MO_NAME" , "MTECLASS" , "SERVER_ID" , "CUSGRPNAME" FROM "ALTRAMONI" WHERE "MO_NAME" = ?
SELECT "MON_CLIENT" , "TCODE" , "MO_NAME" , "MTECLASS" , "SERVER_ID" , "CUSGRPNAME" FROM "ALTRAMONI" WHERE "TCODE" = ? AND "MON_CLIENT" = N'*'
SELECT "OCS_TOOL" , "PATCH" , "COMPONENT" , "COMP_REL" , "ADDON_ID" , "ADDON_REL" , "RESPONSIBL" , "IMPLE_DATE" , "IMPLE_TIME" , "STATUS" , "IMPL_MANDT" , "BTCH_STATE" , "QUEUE_ID" FROM "PAT10"
SELECT "PARVAL1" FROM "SMOHGLOBCFG" WHERE "PARSFAKEY" = N'RRS_COMMON' AND "PARNAME" = N'ENABLE_RR_BULK_PROCESSING' LIMIT 1
SELECT "PFNAME" , "VERSNR" , "TXT" , "TYPE" , "STATE" , "CREFPF" , "MDATE" , "MTIME" , "MUSR" , "GDATE" , "GTIME" , "GUSR" , "PFFILE" , "OPSYS" , "SYSNR" , "SYSNAME" , "SERVERNAME" FROM "TPFHT" WHERE "PFFILE" = ? AND "TYPE" = ?
SELECT "PFNAME" , "VERSNR" , "TXT" , "TYPE" , "STATE" , "CREFPF" , "MDATE" , "MTIME" , "MUSR" , "GDATE" , "GTIME" , "GUSR" , "PFFILE" , "OPSYS" , "SYSNR" , "SYSNAME" , "SERVERNAME" FROM "TPFHT" WHERE "PFNAME" = ? AND "VERSNR" = ? LIMIT 1
SELECT "PS_POSID" FROM "DF14L" WHERE "FCTR_ID" = ? AND "AS4LOCAL" = N'A' LIMIT 1
SELECT "QDATA" FROM "REPOLOAD" WHERE "PROGNAME" = ? AND "R3STATE" = ? AND "MACH" = ? AND "MAJOR_VERS" = ?
SELECT "RELID" , "COMPONENT" , "COMPTYPE" , "ASSIGNDSYS" , "PERIODTYPE" , "PERIODSTRT" , "SRTF2" , "PROFILVERS" , "CLUSTR" , "CLUSTD" FROM "SWNCMONI" WHERE "RELID" = ? AND "COMPONENT" = ? AND "COMPTYPE" = ? AND "ASSIGNDSYS" = ? AND "PERIODTYPE" = ? AND "PERIODSTRT" = ? AND "SRTF2" >= ? ORDER BY "RELID" , "COMPONENT" , "COMPTYPE" , "ASSIGNDSYS" , "PERIODTYPE" , "PERIODSTRT" , "SRTF2"
SELECT "RELID" , "DOCM_VERSION" , "DOCR_LANGUAGE" , "DOCR_CACHE_ID" , "SRTF2" , "CLUSTR" , "CLUSTD" FROM "/STMC/CR_CACHE" WHERE "RELID" = ? AND "DOCM_VERSION" = ? AND "DOCR_LANGUAGE" = ? AND "DOCR_CACHE_ID" = ? AND "SRTF2" >= ? ORDER BY "RELID" , "DOCM_VERSION" , "DOCR_LANGUAGE" , "DOCR_CACHE_ID" , "SRTF2"
SELECT "RELID" , "INSTANCE_NAME" , "PARAMETER_NAME" , "SRTF2" , "CLUSTR" , "CLUSTD" FROM "PFL_INDX" WHERE "RELID" = ? AND "INSTANCE_NAME" = ? AND "PARAMETER_NAME" = ? AND "SRTF2" >= ? ORDER BY "RELID" , "INSTANCE_NAME" , "PARAMETER_NAME" , "SRTF2"
SELECT "RELID" , "SCHEME" , "CLASS" , "ACTIVE" , "DOMVERS" , "SUBVERS" , "SRTF2" , "STRUKVERSN" , "SPERR" , "AEDAT" , "USERA" , "PGMID" , "BEGDT" , "ENDDT" , "CLUSTR" , "CLUSTD" FROM "CSMBK_CL" WHERE "RELID" = ? AND "SCHEME" = ? AND "CLASS" = ? AND "ACTIVE" = ? AND "DOMVERS" = ? AND "SUBVERS" = ? AND "SRTF2" >= ? ORDER BY "RELID" , "SCHEME" , "CLASS" , "ACTIVE" , "DOMVERS" , "SUBVERS" , "SRTF2"
SELECT "RELID" , "SCHEME" , "CLASS" , "ACTIVE" , "DOMVERS" , "SUBVERS" , "SRTF2" , "STRUKVERSN" , "SPERR" , "AEDAT" , "USERA" , "PGMID" , "BEGDT" , "ENDDT" , "CLUSTR" , "CLUSTD" FROM "CSMBK_CL" WHERE "RELID" = N'BC' AND "SCHEME" = ? AND "CLASS" = ? LIMIT 1
SELECT "RELID" , "SCHEME" , "CLASS" , "TOKEN" , "ACTIVE" , "DOMVERS" , "SUBVERS" , "SRTF2" , "STRUKVERSN" , "SPERR" , "AEDAT" , "USERA" , "PGMID" , "BEGDT" , "ENDDT" , "CLUSTR" , "CLUSTD" FROM "CSMBK_TK" WHERE "RELID" = ? AND "SCHEME" = ? AND "CLASS" = ? AND "TOKEN" = ? AND "ACTIVE" = ? AND "DOMVERS" = ? AND "SUBVERS" = ? AND "SRTF2" >= ? ORDER BY "RELID" , "SCHEME" , "CLASS" , "TOKEN" , "ACTIVE" , "DOMVERS" , "SUBVERS" , "SRTF2"
SELECT "RETRY_TIMESTAMP" FROM "D010DBOBJDEL" WHERE "DBOBJ_NAME" = ? AND "DBOBJ_KIND" = N'F' AND "DBOBJ_VERS" = 0 LIMIT 1
SELECT "RETRY_TIMESTAMP" FROM "D010DBOBJDEL" WHERE "DBOBJ_NAME" = ? AND "DBOBJ_KIND" = N'P' AND "DBOBJ_VERS" = 0 LIMIT 1
SELECT "SCHEME" , "CLASS" , "SUPER_SCH" , "SUPER_CLS" , "EXT_NAMING" , "IMMED_PAR" , "ABAP_CLASS" , "JAVA_CLASS" FROM "CSM_CLSINH" WHERE "SCHEME" = ? AND "CLASS" = ? AND "IMMED_PAR" = ? LIMIT 1
SELECT "SDATE" , "STIME" FROM "D010SINF" WHERE "PROG" = ? AND "R3STATE" = N'A' LIMIT 1
SELECT "SPOPTION" , "VALUE" FROM "TSPOPTIONS" WHERE "SPOPTION" = N'RSDSSPTI_SCAN' FOR UPDATE
SELECT "START_GEN_NOT_BEFORE" FROM "D010DBOBJGEN" LIMIT 1
SELECT "STATUS" FROM "COVMOD" WHERE "SERVER" = ? LIMIT 1
SELECT "STATUS" FROM "COVMOD" WHERE "SERVER" = N'' LIMIT 1
SELECT "STRUCOBJN" , "NAME" , "POSITION" , "VALUE" FROM "DDHEADANNO" WHERE "STRUCOBJN" = ? AND "NAME" = N'ANALYTICS.DATACATEGORY' LIMIT 1
SELECT "STRUCOBJN" , "NAME" , "POSITION" , "VALUE" FROM "DDHEADANNO" WHERE "STRUCOBJN" = ? AND "NAME" = N'OBJECTMODEL.DATACATEGORY' LIMIT 1
SELECT "STRUCOBJN" , "NODENAME" , "FIELDNAME" , "POSITION" , "KEYFLAG" , "ROLLNAME" , "CHECKTABLE" , "INTTYPE" , "INTLEN" , "REFTABLE" , "REFFIELD" , "NOTNULL" , "DATATYPE" , "LENG" , "DECIMALS" , "DOMNAME" , "DEPTH" , "FIELDNAME_RAW" FROM "DD03ND" WHERE "STRUCOBJN" = ? AND "AS4LOCAL" = ? AND NOT "FIELDNAME" LIKE ? ORDER BY "DD03ND" . "STRUCOBJN" , "DD03ND" . "POSITION"
SELECT "STRUCOBJN" , "NODENAME" , "FIELDNAME" , "POSITION" , "KEYFLAG" , "ROLLNAME" , "CHECKTABLE" , "INTTYPE" , "INTLEN" , "REFTABLE" , "REFFIELD" , "NOTNULL" , "DATATYPE" , "LENG" , "DECIMALS" , "DOMNAME" , "DEPTH" , "FIELDNAME_RAW" FROM "DD03ND" WHERE "STRUCOBJN" IN ( ? , ? ) AND "AS4LOCAL" = ? AND NOT "FIELDNAME" LIKE ? ORDER BY "DD03ND" . "STRUCOBJN" , "DD03ND" . "POSITION"
SELECT "STRUCOBJN" , "NODENAME" , "STRUCOBJN_T" , "NODENAME_T" , "ASSOCIATIONNAME" , "CARD_MIN" , "CARD_MAX" , "ON_SOURCE" , "ASSOCNAME_RAW" , "ASSOCIATIONKIND" FROM "DD08B" WHERE "STRUCOBJN" = ? AND "AS4LOCAL" = ? ORDER BY "DD08B" . "STRUCOBJN"
SELECT "STRUCOBJN" , "NODENAME" , "STRUCOBJN_T" , "NODENAME_T" , "ASSOCIATIONNAME" , "CARD_MIN" , "CARD_MAX" , "ON_SOURCE" , "ASSOCNAME_RAW" , "ASSOCIATIONKIND" FROM "DD08B" WHERE "STRUCOBJN" IN ( ? , ? ) AND "AS4LOCAL" = ? ORDER BY "DD08B" . "STRUCOBJN"
SELECT "SUPEROBJ" , "SUBORDOBJ" , "ASSOCOBJ" , "ASSOCCLS" , "ASSOSUBTYP" , "ARITY" , "DOM_SYSTEM" , "HOM_SYSTEM" , "MNT_DEST" , "SUPTOKEN" , "SUPTOKTYP" , "SUPOBJNM" , "SUPCLASS" , "SUBTOKEN" , "SUBTOKTYP" , "SUBOBJNM" , "SUBCLASS" , "ACTIVE" , "MAJVERSION" , "MINVERSION" , "REPORTER" , "SEMANTIC" , "PROVIDER" , "SCHEME" , "TIMESTAMP" , "REM_TZONE" , "SUPSCHEME" , "SUBSCHEME" , "NAMESPACE" , "NAMESPTYP" , "NAMESPDES" , "SUPNAMESP" , "SUBNAMESP" FROM "CSMBK_ASC" WHERE "SUPEROBJ" = ? AND "SUBORDOBJ" = ? AND "ASSOCCLS" = ? LIMIT 1
SELECT "SYM_GRP" , "SYM_KEY" , "SYM_VAL" FROM "TUCON" WHERE "SYM_GRP" = N'Cert.Check' AND "SYM_KEY" = N'AUTOABAP' LIMIT 1
SELECT "SYM_GRP" , "SYM_KEY" , "SYM_VAL" FROM "TUCON" WHERE "SYM_GRP" = N'Cert.Check' AND "SYM_KEY" = N'LASTRUN' AND "SYM_VAL" LIKE ? LIMIT 1
SELECT "SYM_GRP" , "SYM_KEY" , "SYM_VAL" FROM "TUCON" WHERE "SYM_GRP" = N'Obj. Count' AND "SYM_KEY" = N'Last Cons.'
SELECT "TABNAME" , "FIELDNAME" , "POSITION" , "KEYFLAG" , "ROLLNAME" , "CHECKTABLE" , "INTTYPE" , "INTLEN" , "REFTABLE" , "REFFIELD" , "NOTNULL" , "DATATYPE" , "LENG" , "DECIMALS" , "DOMNAME" , "DEPTH" , "DBPOSITION" FROM "DD03L" WHERE "TABNAME" = ? AND "AS4LOCAL" = ? AND NOT "FIELDNAME" LIKE ? ORDER BY "DD03L" . "TABNAME" , "DD03L" . "POSITION"
SELECT "TABNAME" , "TABCLASS" , "CLIDEP" , "BUFFERED" , "AS4DATE" , "AS4TIME" FROM "DD02L" WHERE "TABNAME" = ? AND "AS4LOCAL" = ?
SELECT "TASKID" FROM "TBTC_TASK" WHERE "JOBNAME" = ? AND "JOBCOUNT" = ? LIMIT 1
SELECT "TASKTIMES" FROM "TASK_VITA_DATA" WHERE "TASKMANDT" = N'000' AND "TASKKEY" = ? LIMIT 1
SELECT "TIMESTAMP" FROM "SRT_MONI_TS" WHERE "CALLER_PROGRAM" = ? LIMIT 1
SELECT "TM_SYS_ID" , "DOCR_VALID_TO" , "DOCR_VALID_FROM" , "TM_SYS_TYPE" , "TM_SYS_SUBTYPE" , "TM_TECHNICAL_ID" , "TM_SYS_RELEASE" , "TM_DC_RELEASE" , "TM_SYS_HASH" , "TM_ENV_HASH" , "TM_AUTH_GROUP" , "CHK_STATUS" , "WORK_MODE" , "USAGE_MODE" , "TIME_ZONE" , "SYNC_MODE" , "SYNC_LAST_AT" , "SYNC_NEXT_AT" , "SYNC_SYS_HASH" , "SYNC_ENV_HASH" , "DOCR_LABEL_ID" , "DOCR_LABEL_SHORT" , "DOCR_LABEL_LONG" , "DOCR_DOC_ID" , "DOCR_CHANGED_AT" , "DOCR_CHANGED_BY" FROM "/STMC/TM_SYS" WHERE "TM_SYS_TYPE" = ? AND "TM_TECHNICAL_ID" = ? LIMIT 1
SELECT "TYPEKIND" FROM "DDTYPES" WHERE "TYPENAME" = ?
SELECT "UNAM" , "UDAT" , "UTIME" , "DATALG" FROM "REPOTEXT" WHERE "PROGNAME" = ? AND "R3STATE" = ? AND "LANGUAGE" = ?
SELECT "VALUE" FROM "SBLM_PARAM" WHERE "NAME" = N'LOG2_LIMIT' LIMIT 1
SELECT "VBKEY" , "VBMANDT" , "VBUSR" , "VBACCNT" , "VBREPORT" , "VBTCODE" , "VBENQKEY" , "VBRC" , "VBNAME" , "VBCONTEXT" , "VBSTATE" , "VBCLIINFO" , "VBLANG" , "VBDATFM" , "VBDCPFM" , "VBDATE" , "VBTRANSID" , "VBETRANSID" , "VBETRANSLN" , "VBCLINAME" , "VBZONLO" , "VBTIMOFF" , "TEMPERATURE" , "MEMORY_EXEMPTION" FROM "VBHDR" WHERE "VBNAME" = ? AND "VBSTATE" = ? AND "VBRC" = ? AND "VBDATE" < ?
SELECT "VIRTHOSTNAME" FROM "UCONVIRTHOSTHEAD" WHERE "VIRTHOSTNAME" = ? AND "VERSION" = N'A' AND "CLIENT" = ? LIMIT 1
SELECT * FROM "TRDIR" WHERE "NAME" = ? LIMIT 1
SELECT /* Buffer Loading */ "AREA_NAME" , "CLIENT" , "CHG_USER" , "CHG_DATE" , "CHG_TIME" , "MAX_VERSIONS" , "MAX_AREA_SIZE" , "MAX_VERSION_SIZE" , "REFRESH_TIME" , "INVALIDATE_TIME" , "IDLE_TIME" , "BUILD_KIND" FROM "SHMA_ATTR_RTS" WHERE "AREA_NAME" = ? AND "CLIENT" = ?
SELECT /* Buffer Loading */ "CLIENT" , "ROLE" , "APPLICATION_ID" , "USERNAME" , "CHANNEL_ID" , "CHANNEL_EXTENSION_ID" , "ACTIVATION_MODE" , "CCLIENT" , "CUSERNAME" , "CTIMESTAMP" , "EXP_TIME" FROM "AMC_LOG_ADMIN_V" WHERE "CLIENT" = ? AND "ROLE" = ? ORDER BY "AMC_LOG_ADMIN_V" . "CLIENT" , "AMC_LOG_ADMIN_V" . "ROLE" , "AMC_LOG_ADMIN_V" . "APPLICATION_ID" , "AMC_LOG_ADMIN_V" . "USERNAME" , "AMC_LOG_ADMIN_V" . "CHANNEL_ID" , "AMC_LOG_ADMIN_V" . "CHANNEL_EXTENSION_ID" , "AMC_LOG_ADMIN_V" . "ACTIVATION_MODE"
SELECT /* Buffer Loading */ "CLIENT" , "SESSION_ID" , "CATEGORY" , "NAME" , "SEVERITY" , "STATUS" , "STARTED" , "STOPPED" , "MAX_MSG_CNT" , "MSG_CNT" , "ERROR_MSG_CNT" , "INFO_DBG_MSG_CNT" FROM "TRACE_SESSION" WHERE "CLIENT" = ? ORDER BY "TRACE_SESSION" . "CLIENT" , "TRACE_SESSION" . "SESSION_ID"
SELECT /* Buffer Loading */ "CONFIG_ID" , "CONFIG_TYPE" , "CONFIG_VAR" , "LANGU" , "DESCRIPTION" FROM "WDY_CONFIG_DATT" WHERE "CONFIG_ID" = ? ORDER BY "WDY_CONFIG_DATT" . "CONFIG_ID" , "WDY_CONFIG_DATT" . "CONFIG_TYPE" , "WDY_CONFIG_DATT" . "CONFIG_VAR" , "WDY_CONFIG_DATT" . "LANGU"
SELECT /* Buffer Loading */ "CUSGRPNAME" , "SETNAME" , "DBSTATUS" , "ALERTMODE" , "ALERTSHIFT" , "CRTBYASSI" , "CHG_USER" , "CHG_DATE" , "CHG_TIME" FROM "ALGRPCUSMG" WHERE "CUSGRPNAME" = ? AND "SETNAME" = ?
SELECT /* Buffer Loading */ "CUSGRPNAME" , "SETNAME" , "DBSTATUS" , "RAISEVALUE" , "RAISESEVER" , "ACTMSGMODE" , "ACTMSGMAXS" , "ACTMSGUNIT" , "MAXALPROID" , "KEEPLINTYP" , "KEEPLINMAX" , "FILTERTYPE" , "CRTBYASSI" , "CHG_USER" , "CHG_DATE" , "CHG_TIME" FROM "ALGRPCUSMC" WHERE "CUSGRPNAME" = ? AND "SETNAME" = ?
SELECT /* Buffer Loading */ "CUSGRPNAME" , "SETNAME" , "DBSTATUS" , "RELVALTYPE" , "THRESHDIR" , "THRESHG2Y" , "THRESHY2R" , "THRESHY2G" , "THRESHR2Y" , "MSGCLASS" , "MSGID" , "VALUNIT" , "DECIMALS" , "CRTBYASSI" , "CHG_USER" , "CHG_DATE" , "CHG_TIME" FROM "ALGRPCUSPF" WHERE "CUSGRPNAME" = ? AND "SETNAME" = ?
SELECT /* Buffer Loading */ "CUSGRPNAME" , "SETNAME" , "DBSTATUS" , "SEVERITY" , "STATISTREC" , "VISUSERLEV" , "KEEPALTYPE" , "KEEPALMAX" , "SECTRGTOOL" , "SECINACTIV" , "WARMUPTIME" , "DTEXTCLASS" , "DTEXTID" , "CRTBYASSI" , "CHG_USER" , "CHG_DATE" , "CHG_TIME" FROM "ALGRPCUSGE" WHERE "CUSGRPNAME" = ? AND "SETNAME" = ?
SELECT /* Buffer Loading */ "CUSGRPNAME" , "WHICHTOOL" , "SETNAME" , "TOOLNAME" , "TOOLSTAT" , "CHG_USER" , "CHG_DATE" , "CHG_TIME" FROM "ALCLASTOOL" WHERE "CUSGRPNAME" = ? ORDER BY "ALCLASTOOL" . "CUSGRPNAME" , "ALCLASTOOL" . "WHICHTOOL" , "ALCLASTOOL" . "SETNAME"
SELECT /* Buffer Loading */ "DOCM_VERSION" , "TM_SYS_TYPE" , "TM_SYS_SUBTYPE" , "PROPERTY_ID" , "PROPERTY_VALUE" , "DOCR_CHANGED_AT" , "DOCR_CHANGED_BY" FROM "/STMC/CR_CONFIG" WHERE "DOCM_VERSION" = ? AND "TM_SYS_TYPE" = ? AND "TM_SYS_SUBTYPE" = ? AND "PROPERTY_ID" = ?
SELECT /* Buffer Loading */ "ID" , "OBJECT" , "LANGU" , "TYP" , "VERSION" , "MASTERLANG" , "TXTLINES" , "DOKSTATE" , "SELFDEF" FROM "DOKIL" WHERE "ID" = ? AND "OBJECT" = ? AND "LANGU" = ? AND "TYP" = ?
SELECT /* Buffer Loading */ "MANDT" , "APP_NAME" , "MAT_CREATE" , "IND_SECTOR" , "MAT_TYPE" , "TAX_CLASS" , "BACKGROUND" , "SP_CALC" , "SP_DETERM_LEVEL" , "SP_DETERM_SEQ" , "PP_DETERM_SEQ" , "REF_PLANT" , "EXT_CATALOG" , "DEFAULT_PLT" , "SINGLE_RES_RET" , "MS_MAX_RESULTS" , "MS_DISP_PAGE" , "MS_FUZZY_MODE" , "ATP_ZERO_DISPLAY" , "ATP_DETAIL_DISP" , "RFC_DEST" , "SO_ACTIVE" , "TREX_UPDATE" , "STD_SCRN_NBR" , "ENH_SCRN_NBR" , "DISPLAY_PRICES" , "OWN_PLANT_AVAIL" , "CBP_AVAIL" , "OTHER_PLT_AVAIL" , "OWN_PLANT_CHANGE" , "OTHER_PLT_MARC" , "INFORECORD_LEVEL" , "SEARCH_ENGINE" , "HIDE_PLANT_FILT" , "FILTER_DISPLAY" , "METHOD_MATERIAL" , "METHOD_CATALOG" , "CHANGE_MATERIAL" , "MAINT_GROUP" , "MGROUP_TEXT" , "PLANT_DATA" , "ITEM_ADD_METHOD" FROM "WSDT_BASIC_CFG" WHERE "MANDT" = ? ORDER BY "WSDT_BASIC_CFG" . "MANDT" , "WSDT_BASIC_CFG" . "APP_NAME"
SELECT /* Buffer Loading */ "MANDT" , "REPORT" , "VARIANT" , "FLAG1" , "FLAG2" , "TRANSPORT" , "ENVIRONMNT" , "PROTECTED" , "SECU" , "VERSION" , "ENAME" , "EDAT" , "ETIME" , "AENAME" , "AEDAT" , "AETIME" , "MLANGU" , "XFLAG1" , "XFLAG2" FROM "VARID" WHERE "MANDT" = ? AND "REPORT" = ? ORDER BY "VARID" . "MANDT" , "VARID" . "REPORT" , "VARID" . "VARIANT" , "VARID" . "FLAG1" , "VARID" . "FLAG2"
SELECT /* Buffer Loading */ "MANDT" , "SERV_IMPL" , "SERV_OPERATION" , "IMPL_CLASS" , "ALSORT" , "CONFIG_TP" , "REFSTORE" FROM "WESC_SERV_IMPL" WHERE "MANDT" = ? ORDER BY "WESC_SERV_IMPL" . "MANDT" , "WESC_SERV_IMPL" . "SERV_IMPL"
SELECT /* Buffer Loading */ "MANDT" , "WDUSER" , "USER_ID" , "CONFIG_ID" , "CONFIG_TYPE" , "CONFIG_VAR" , "CONFIG_VIEW" , "LANGU" , "DESCRIPTION" FROM "WDY_CONF_USERT" WHERE "MANDT" = ? AND "WDUSER" = ? AND "USER_ID" = ? AND "CONFIG_ID" = ? ORDER BY "WDY_CONF_USERT" . "MANDT" , "WDY_CONF_USERT" . "WDUSER" , "WDY_CONF_USERT" . "USER_ID" , "WDY_CONF_USERT" . "CONFIG_ID" , "WDY_CONF_USERT" . "CONFIG_TYPE" , "WDY_CONF_USERT" . "CONFIG_VAR" , "WDY_CONF_USERT" . "CONFIG_VIEW" , "WDY_CONF_USERT" . "LANGU"
SELECT /* Buffer Loading */ "MANDT" , "WDUSER" , "USER_ID" , "CONFIG_ID" , "CONFIG_TYPE" , "CONFIG_VAR" , "CONFIG_VIEW" , "LANGU" , "TEXT_ID" , "DESCRIPTION" FROM "WDY_CONF_USERT2" WHERE "MANDT" = ? AND "WDUSER" = ? AND "USER_ID" = ? AND "CONFIG_ID" = ? ORDER BY "WDY_CONF_USERT2" . "MANDT" , "WDY_CONF_USERT2" . "WDUSER" , "WDY_CONF_USERT2" . "USER_ID" , "WDY_CONF_USERT2" . "CONFIG_ID" , "WDY_CONF_USERT2" . "CONFIG_TYPE" , "WDY_CONF_USERT2" . "CONFIG_VAR" , "WDY_CONF_USERT2" . "CONFIG_VIEW" , "WDY_CONF_USERT2" . "LANGU" , "WDY_CONF_USERT2" . "TEXT_ID"
SELECT /* Buffer Loading */ "MSGCLASS" , "MSGLANGU" , "MSGID" , "MSGTEXT" FROM "TXMIMSG" WHERE "MSGCLASS" = ? AND "MSGLANGU" = ? ORDER BY "TXMIMSG" . "MSGCLASS" , "TXMIMSG" . "MSGLANGU" , "TXMIMSG" . "MSGID"
SELECT /* Buffer Loading */ "MTE_CLASS" , "T100_ARBGB" , "T100_MSGNR" FROM "ALF1DEFLT" WHERE "MTE_CLASS" = ?
SELECT /* Buffer Loading */ "MTSYSID" , "MTMCNAME" , "MTNUMRANGE" , "MTUID" , "MTCLASS" , "SETNAME" , "MTINDEX" , "EXTINDEX" , "OBJECTNAME" , "MTNAMESHRT" , "DBSTATUS" , "RAISEVALUE" , "RAISESEVER" , "ACTMSGMODE" , "ACTMSGMAXS" , "ACTMSGUNIT" , "MAXALPROID" , "KEEPLINTYP" , "KEEPLINMAX" , "FILTERTYPE" , "CRTBYASSI" , "CHG_USER" , "CHG_DATE" , "CHG_TIME" FROM "ALMTCUSMSC" WHERE "MTSYSID" = ? AND "MTMCNAME" = ? AND "MTNUMRANGE" = ? AND "MTUID" = ? AND "MTCLASS" = ? AND "SETNAME" = ?
SELECT /* Buffer Loading */ "MTSYSID" , "MTMCNAME" , "MTNUMRANGE" , "MTUID" , "MTCLASS" , "SETNAME" , "MTINDEX" , "EXTINDEX" , "OBJECTNAME" , "MTNAMESHRT" , "DBSTATUS" , "RELVALTYPE" , "THRESHDIR" , "THRESHG2Y" , "THRESHY2R" , "THRESHY2G" , "THRESHR2Y" , "MSGCLASS" , "MSGID" , "VALUNIT" , "DECIMALS" , "CRTBYASSI" , "CHG_USER" , "CHG_DATE" , "CHG_TIME" FROM "ALMTCUSPER" WHERE "MTSYSID" = ? AND "MTMCNAME" = ? AND "MTNUMRANGE" = ? AND "MTUID" = ? AND "MTCLASS" = ? AND "SETNAME" = ?
SELECT /* Buffer Loading */ "MTSYSID" , "MTMCNAME" , "MTNUMRANGE" , "MTUID" , "MTCLASS" , "SETNAME" , "MTINDEX" , "EXTINDEX" , "OBJECTNAME" , "MTNAMESHRT" , "DBSTATUS" , "SEVERITY" , "STATISTREC" , "VISUSERLEV" , "KEEPALTYPE" , "KEEPALMAX" , "SECTRGTOOL" , "SECINACTIV" , "WARMUPTIME" , "DTEXTCLASS" , "DTEXTID" , "CRTBYASSI" , "CHG_USER" , "CHG_DATE" , "CHG_TIME" FROM "ALMTCUSGEN" WHERE "MTSYSID" = ? AND "MTMCNAME" = ? AND "MTNUMRANGE" = ? AND "MTUID" = ? AND "MTCLASS" = ? AND "SETNAME" = ?
SELECT /* Buffer Loading */ "NAME" , "SPRSL" , "TEXT" FROM "TRDIRT" WHERE "NAME" = ? AND "SPRSL" = ?
SELECT /* Buffer Loading */ "OBJECTTYPE" , "AI_VERSION" , "ENAME" , "EDATE" , "ETIME" , "UNAME" , "UDATE" , "UTIME" , "PST_ACCESS_CLASS" , "OBJTYPE_GROUP" FROM "WVOBJECTTYPES" ORDER BY "WVOBJECTTYPES" . "OBJECTTYPE" , "WVOBJECTTYPES" . "AI_VERSION"
SELECT /* Buffer Loading */ "OBJECTTYPE" , "AI_VERSION" , "LANGUAGE" , "UINAME_SINGULAR" , "UINAME_PLURAL" , "UINAME_ACCUSATIV" , "DESCRIPTION" FROM "WVOBJECTTYPES_T" ORDER BY "WVOBJECTTYPES_T" . "OBJECTTYPE" , "WVOBJECTTYPES_T" . "AI_VERSION" , "WVOBJECTTYPES_T" . "LANGUAGE"
SELECT /* Buffer Loading */ "OBJECTTYPE" , "AI_VERSION" , "SCOPE_ID" , "EDITOR_CLASS" FROM "WVOBJTYPES_SCOPE" ORDER BY "WVOBJTYPES_SCOPE" . "OBJECTTYPE" , "WVOBJTYPES_SCOPE" . "AI_VERSION" , "WVOBJTYPES_SCOPE" . "SCOPE_ID"
SELECT /* Buffer Loading */ "ODPNAME" , "STRUCOBJN" , "FIELDNAME" , "ODPNAME_SRC" , "REASON" FROM "RSODP_ABAP_CDS" WHERE "ODPNAME" = ?
SELECT /* Buffer Loading */ "PARNAME" , "PARVALUE" FROM "SWNC_SETTINGS" ORDER BY "SWNC_SETTINGS" . "PARNAME"
SELECT /* Buffer Loading */ "PROFILE" , "STORAGE_TYPE" , "ACTIVE" , "CHANGED_ON" , "CHANGED_BY" FROM "SWNCCOLLSTORAGE" ORDER BY "SWNCCOLLSTORAGE" . "PROFILE" , "SWNCCOLLSTORAGE" . "STORAGE_TYPE"
SELECT /* Buffer Loading */ "RFCDEST" , "APPLSERVER" , "STAT" , "TLEV" , "MTSYSID" , "MTMCNAME" , "MTNUMRANGE" , "MTUID" , "MTCLASS" , "MTINDEX" , "EXTINDEX" , "CODEPAGE" , "OUTDATE" , "PAGESIZE" FROM "LDAPGATEW" ORDER BY "LDAPGATEW" . "RFCDEST"
SELECT /* Buffer Loading */ "SPRSL" , "ARBGB" , "MSGNR" , "TEXT" FROM "T100" WHERE "SPRSL" = ? AND "ARBGB" = ? AND "MSGNR" = ?
SELECT /* Buffer Loading */ "STRUCOBJN" , "NAME" , "VALUE" FROM "RSODPABAPCDSVWHA" WHERE "STRUCOBJN" = ? AND "NAME" = ?
SELECT /* Buffer Loading */ "TYPE" , "ACTIVE" FROM "ASTAT_TYP2" ORDER BY "ASTAT_TYP2" . "TYPE"
SELECT /* FDA READ */ "C" . "MANDT" , "C" . "QUEUENAME" , "R" . "STATUS" , "C" . "MODULENAME" , "R" . "LASTMSG" , "R" . "LASTERROR" , "C" . "QLNGNAME" FROM "SMOHRRQCUST" "C" INNER JOIN "SMOHRRQRT" "R" ON "C" . "MANDT" = "R" . "MANDT" AND "C" . "QUEUENAME" = "R" . "QUEUENAME" WHERE "C" . "QUEUENAME" <> N'QD'
SELECT /* FDA READ */ "CCMS_OBJ" , "SCOPE_OBJ" , "SCHEME" , "CLASS" , "NAMESPACE" , "NS_CLASS" , "SAP_KEY" , "CIM_KEY" , "DISPLAYNM" , "STATUS" , "SEMANTIC" , "DOMSYSTEM" , "HOMSYSTEM" , "TIMESTAMP" , "REPORTER" , "PROVIDER" FROM "CSMBK_OB2" WHERE "SAP_KEY" = ?
SELECT /* FDA READ */ "CCMS_OBJ" , "SCOPE_OBJ" , "SCHEME" , "CLASS" , "NAMESPACE" , "NS_CLASS" , "SAP_KEY" , "CIM_KEY" , "DISPLAYNM" , "STATUS" , "SEMANTIC" , "DOMSYSTEM" , "HOMSYSTEM" , "TIMESTAMP" , "REPORTER" , "PROVIDER" FROM "CSMBK_OB2" WHERE "SCHEME" = N'SAP' AND "CLASS" = N'BCManagedObjectsCollection'
SELECT /* FDA READ */ "CLASSNUM" , "CLASSNAME" , "GROUPTYPE" , "TIMERERD" , "LOGRERD" , "FAVTYPE" FROM "RZLLICLASS"
SELECT /* FDA READ */ "CLIENT" , "AREA" , "PARAM" , "SUBPARAM" , "GENERIC" , "VALUE" , "CHGTSTAMP" , "CHGUSER" FROM "SXMSCONFVL" WHERE "AREA" = N'RUNTIME' AND "PARAM" = N'ENGINE_TYPE' AND "SUBPARAM" = N''
SELECT /* FDA READ */ "CLIENT" , "ARTIFACT" , "IDP_KEY" , "RESPONSE_IS_SIGNED" , "NOTBEFORE" , "NOTONORAFTER" , "RESPONSE" FROM "SAML2_RES_ARTFCT" WHERE "NOTONORAFTER" < ? LIMIT 1000
SELECT /* FDA READ */ "CLIENT" , "DRAFT_ENTITY" , "DRAFT_KEY" , "ACCESS_TYPE" , "ACTIVE_DOCUMENT_ETAG" , "ACTIVE_DOCUMENT_ID" , "CREATED_AT" , "CREATED_BY" , "ENQUEUE_CONTEXT" , "ENQUEUE_SINCE" , "IN_PROCESS_BY" , "IN_PROCESS_SINCE" , "KEPT_BY_USER" , "LAST_CHANGED_AT" , "LAST_CHANGED_BY" , "PRINCIPAL_DRAFT_ENTITY" , "PRINCIPAL_DRAFT_KEY" FROM /* Entity name: SDRAFT_LOCK_EXP */ "VDRAFT_LOCK_EXP" ( "P_EXPIRY_EVENT" => ? , "P_CURRENT_TIME" => ? , "P_GLOBAL_TOKEN" => ? ) "SDRAFT_LOCK_EXP" WHERE "CLIENT" >= ? AND "DRAFT_ENTITY" >= ? AND "DRAFT_ENTITY" <> N'<@@ADMIN_TRACE@@>' AND "DRAFT_KEY" > ? ORDER BY "SDRAFT_LOCK_EXP" . "CLIENT" , "SDRAFT_LOCK_EXP" . "DRAFT_ENTITY" , "SDRAFT_LOCK_EXP" . "DRAFT_KEY" LIMIT ?
SELECT /* FDA READ */ "CLIENT" , "DRAFT_ENTITY" , "DRAFT_KEY" , "ACCESS_TYPE" , "ACTIVE_DOCUMENT_ETAG" , "ACTIVE_DOCUMENT_ID" , "CREATED_AT" , "CREATED_BY" , "ENQUEUE_CONTEXT" , "ENQUEUE_SINCE" , "IN_PROCESS_BY" , "IN_PROCESS_SINCE" , "KEPT_BY_USER" , "LAST_CHANGED_AT" , "LAST_CHANGED_BY" , "PRINCIPAL_DRAFT_ENTITY" , "PRINCIPAL_DRAFT_KEY" FROM /* Entity name: SDRAFT_PROC_EXP */ "VDRAFT_PROC_EXP" ( "P_EXPIRY_EVENT" => ? , "P_CURRENT_TIME" => ? , "P_GLOBAL_TOKEN" => ? ) "SDRAFT_PROC_EXP" WHERE "CLIENT" >= ? AND "DRAFT_ENTITY" >= ? AND "DRAFT_ENTITY" <> N'<@@ADMIN_TRACE@@>' AND "DRAFT_KEY" > ? ORDER BY "SDRAFT_PROC_EXP" . "CLIENT" , "SDRAFT_PROC_EXP" . "DRAFT_ENTITY" , "SDRAFT_PROC_EXP" . "DRAFT_KEY" LIMIT ?
SELECT /* FDA READ */ "CLIENT" , "DRAFT_ENTITY" , "DRAFT_KEY" , "PRINCIPAL_DRAFT_ENTITY" , "PRINCIPAL_DRAFT_KEY" , "CREATED_AT" , "CREATED_BY" , "LAST_CHANGED_AT" , "LAST_CHANGED_BY" , "ACTIVE_DOCUMENT_ID" , "ACTIVE_DOCUMENT_ETAG" , "ACCESS_TYPE" , "IN_PROCESS_BY" , "IN_PROCESS_SINCE" , "KEPT_BY_USER" , "ENQUEUE_CONTEXT" , "ENQUEUE_SINCE" FROM "SDRAFT_ADMIN" WHERE "DRAFT_ENTITY" = N'<@@ADMIN_TRACE@@>'
SELECT /* FDA READ */ "CLIENT" , "GUID" , "HASH_ID" , "ID" , "VALID_TO" , "ISSUER" FROM "SAML2_USED_ASSRT" WHERE "VALID_TO" < ? LIMIT 1000
SELECT /* FDA READ */ "CLIENT" , "HANDLE" , "ENDPOINT" , "SOURCE_ID" , "SENDER" , "RECEIVER" , "VALID_TO" , "MESSAGE" FROM "SAML2_ARTIFACT" WHERE "VALID_TO" < ? LIMIT 1000
SELECT /* FDA READ */ "CLIENT" , "ID_HASH" , "ID" , "VALID_TO" FROM "SAML2_ASSERT" WHERE "VALID_TO" < ? LIMIT 1000
SELECT /* FDA READ */ "CLIENT" , "REQUEST_IDH" , "SENDER" , "RECEIVER" , "VALID_TO" , "REQUEST_ID" , "APPLICATION_URI" FROM "SAML2_REQUEST" WHERE "VALID_TO" < ? LIMIT 1000
SELECT /* FDA READ */ "CLIENT" , "SECURITY_CONTEXT" , "TIMESTAMP" , "IDP_KEY" , "SP_KEY" , "SPNAMEQUAL_KEY" , "SESSION_INDEX_H" , "SESSION_INDEX" , "IDP_NAME_FORMAT" , "IDP_NAME_ID_H" , "IDP_NAME_ID" , "NAMEQUAL" , "SPNAMEQUAL" , "ACCESS_POLICY" FROM "SAML2_SESSION" WHERE "TIMESTAMP" < ? ORDER BY "SAML2_SESSION" . "CLIENT" , "SAML2_SESSION" . "SECURITY_CONTEXT" LIMIT 1000
SELECT /* FDA READ */ "CLIENT" , "TCODE" , "REPORT" , "USERID" , "MO_CLASS" , "MIN_BACK" , "KEEPAL_U1" , "KEEPAL_U2" , "THRESH_U1" , "THRESH_U2" FROM "/SOMO/MA_UPDERR2"
SELECT /* FDA READ */ "CLIENT_ID" , "SERVER" , "DISABLE" , "BLACKLIST_SIZE" , "START_STOP_TIMESTAMP" , "INIT_LOG_TIMESTAMP" , "UNAME" FROM "SBLM_ACTIVATION" WHERE "SERVER" = N'*' AND ( "CLIENT_ID" = N'*' OR "BLACKLIST_SIZE" > 0 )
SELECT /* FDA READ */ "COMPONENT" , "COMPTYPE" , "ASSIGNDSYS" , "PERIODTYPE" , "PERIODSTRT" , "STORAGE" , "FIRSTRECDY" , "FIRSTRECTI" , "LASTRECDY" , "LASTRECTI" , "AGR_TZONE" , "FINISHED" , "IN_WEEK" , "IN_MONTH" , "IN_TOTDAY" , "IN_TOTWEEK" , "IN_TOTMONT" , "TEMPORARY_DATA" FROM "SWNCMONIINDEX" WHERE "COMPONENT" = ? AND "COMPTYPE" = ? AND "ASSIGNDSYS" = ? AND "PERIODTYPE" = ? ORDER BY "SWNCMONIINDEX" . "PERIODSTRT" DESC
SELECT /* FDA READ */ "CUSGRPNAME" , "WHICHTOOL" , "SETNAME" , "TOOLNAME" , "TOOLSTAT" , "CHG_USER" , "CHG_DATE" , "CHG_TIME" FROM "ALCLASTOOL" WHERE "SETNAME" = N'SAP-DEFAULT'
SELECT /* FDA READ */ "DBOBJ_NAME" , "DBOBJ_VERS" , "DBOBJ_KIND" , "DBOBJ_DROP_STMT" , "RETRY_CNT" , "RETRY_TIMESTAMP" FROM "D010DBOBJDEL" WHERE "RETRY_TIMESTAMP" <= ? LIMIT 100
SELECT /* FDA READ */ "DDLANGUAGE" "LANGUAGE" , "DDTEXT" "LABEL" FROM "DDDDLSRC02BT" WHERE "STRUCOBJN" = ? AND ( "DDLANGUAGE" = ? OR "DDLANGUAGE" = ? ) AND "AS4LOCAL" = N'A'
SELECT /* FDA READ */ "DDLNAME" , "INDEXNAME" , "AS4LOCAL" , "UNIQUEFLAG" , "ISEXTIND" , "AS4USER" , "AS4DATE" , "AS4TIME" FROM "DDDDLSRC12B" WHERE 1 = 1 AND "DDLNAME" = ? AND "AS4LOCAL" = ?
SELECT /* FDA READ */ "DDLNAME" , "INDEXNAME" , "DDLANGUAGE" , "AS4LOCAL" , "DDTEXT" FROM "DDDDLSRC12BT" WHERE 1 = 1 AND "DDLNAME" = ? AND "DDLANGUAGE" = ? AND "AS4LOCAL" = ?
SELECT /* FDA READ */ "DDLNAME" FROM "DDDDLSRC" WHERE "AS4LOCAL" = N'A' AND "PARENTNAME" = ?
SELECT /* FDA READ */ "DEST_ID" , "DEST_APP" , "DEST_STEXT" , "DEST_STATUS" , "DEST_MAXUSER" , "DEST_PRIO" , "DEST_COMTYPE" , "DEST_COMDEST" FROM "RCCC_ENG_DEST" WHERE "DEST_STATUS" = ?
SELECT /* FDA READ */ "DEST_NAME" , "CLIENT" , "QUEUE_NAME" , "TIMESTAMP" FROM "QRFC_I_QIN_LOCK"
SELECT /* FDA READ */ "DEST_NAME" , "CLIENT" , "QUEUE_NAME" , "TIMESTAMP" FROM "QRFC_O_QOUT_LOCK"
SELECT /* FDA READ */ "DEST_NAME" , "VALID_UNTIL" FROM "BGRFC_I_DESTLOCK"
SELECT /* FDA READ */ "DEST_NAME" , "VALID_UNTIL" FROM "BGRFC_O_DESTLOCK"
SELECT /* FDA READ */ "DP_SERVER_NAME" , "RFC_SERVER_NAME" , "SCHEDULER_CNT" , "TASK_CNT_MAX" , "GW_RESOURCES" , "IDLE_TIME" , "LB_EXP_TIME" , "DEST_CNT_MAX" , "ORIG_USER" , "ORIG_CLIENT" , "ORIG_DATE" , "ORIG_TIME" FROM "BGRFC_CUST_I_SRV" WHERE "DP_SERVER_NAME" = ? OR "DP_SERVER_NAME" = N'BGRFC_INSTANCE_DEFAULTS'
SELECT /* FDA READ */ "DRAFT_ENTITY" , "EXPIRY_EVENT" , "EXPIRY_DURATION" , "EXPIRY_RELATIVE_TO" FROM "SDRAFT_LC_CONFIG" WHERE "DRAFT_ENTITY" = N'<DEFAULT>' AND "EXPIRY_EVENT" = ?
SELECT /* FDA READ */ "ENGINE_APP" , "ENGINE_STEXT" , "ENGINE_TRACE" , "ENGINE_DUMP_IN" , "ENGINE_DUMP_OUT" , "ENGINE_CLEAN_CBK" , "ENGINE_EVENT_CBK" , "ENGINE_HANDLER_CBK" FROM "RCCC_ENGINES"
SELECT /* FDA READ */ "EVENTID" , "EVENTCOUNT" , "ACTIVATED" , "EVENTPARM" , "JOBNAME" , "JOBCOUNT" , "PROCMODE" FROM "BTCEVTJOB" WHERE "EVENTID" = ? AND "ACTIVATED" = N'X' AND "EVENTPARM" = ?
SELECT /* FDA READ */ "EVENTID" , "EVENTCOUNT" , "ACTIVATED" , "EVENTPARM" , "JOBNAME" , "JOBCOUNT" , "PROCMODE" FROM "BTCEVTJOB" WHERE "EVENTID" = N'SAP_END_OF_JOB' AND "ACTIVATED" = N'X'
SELECT /* FDA READ */ "EVENT_ID" FROM "DYNABAPHDR" WHERE "TIMESTAMP" < ? AND ( "KEEP_EVENT" = N'' OR "KEEP_EVENT" IS NULL ) LIMIT ?
SELECT /* FDA READ */ "EXE_START_TIME" , "UNIT_ID" , "UNIT_KIND" FROM "BGRFC_SRV_CFM" WHERE "EXE_START_TIME" <= ? LIMIT 1000
SELECT /* FDA READ */ "FINISHED_AT" , "UNIT_ID" FROM "BGRFC_UNIT_TIME" WHERE "FINISHED_AT" >= ? AND "FINISHED_AT" <= ? AND "UNIT_KIND" = 1409196102
SELECT /* FDA READ */ "FINISHED_AT" , "UNIT_ID" FROM "BGRFC_UNIT_TIME" WHERE "FINISHED_AT" >= ? AND "FINISHED_AT" <= ? AND "UNIT_KIND" = 1409196105
SELECT /* FDA READ */ "FINISHED_AT" , "UNIT_ID" FROM "BGRFC_UNIT_TIME" WHERE "FINISHED_AT" >= ? AND "FINISHED_AT" <= ? AND "UNIT_KIND" = 1409196106
SELECT /* FDA READ */ "FINISHED_AT" , "UNIT_ID" FROM "BGRFC_UNIT_TIME" WHERE "FINISHED_AT" >= ? AND "FINISHED_AT" <= ? AND ( "UNIT_KIND" = 1409196101 OR "UNIT_KIND" = 1409196103 )
SELECT /* FDA READ */ "HOST" , "PORT" , "SSL_PORT" , "GROUP_ID" , "POS" , "STATE" FROM "SCMS_STACS"
SELECT /* FDA READ */ "HOST" , "PORT" , "SSL_PORT" , "STATE" FROM "SCMS_STACA"
SELECT /* FDA READ */ "HOST" , "PORT" , "SSL_PORT" , "STATE" FROM "SCMS_STAPX"
SELECT /* FDA READ */ "JOBCOUNT" FROM "TBTCO" WHERE "JOBNAME" = ? AND "JOBCOUNT" LIKE ? ORDER BY "TBTCO" . "JOBCOUNT"
SELECT /* FDA READ */ "JOBNAME" , "JOBCOUNT" , "BTCSYSTEM" , "JOBGROUP" , "INTREPORT" , "SDLSTRTDT" , "SDLSTRTTM" , "PRDMINS" , "PRDHOURS" , "PRDDAYS" , "PRDWEEKS" , "PRDMONTHS" , "PERIODIC" , "DELANFREP" , "EMERGMODE" , "SDLUNAME" , "AUTHCKNAM" , "AUTHCKMAN" , "SUCCNUM" , "EOMCORRECT" , "JOBCLASS" , "PRIORITY" , "EXECSERVER" , "CALCORRECT" , "TGTSRVGRP" FROM "TBTCS" WHERE ( "SDLSTRTDT" = ? AND "SDLSTRTTM" <= ? OR "SDLSTRTDT" < ? ) AND ( "EXECSERVER" = ? OR "EXECSERVER" = N'' AND ( "BTCSYSTEM" = ? OR "BTCSYSTEM" = ? OR "BTCSYSTEM" = N'' ) ) ORDER BY "TBTCS" . "JOBCLASS" , "TBTCS" . "SDLSTRTDT" , "TBTCS" . "SDLSTRTTM"
SELECT /* FDA READ */ "JOBNAME" , "JOBCOUNT" , "JOBGROUP" , "INTREPORT" , "STEPCOUNT" , "SDLSTRTDT" , "SDLSTRTTM" , "BTCSYSTEM" , "SDLDATE" , "SDLTIME" , "SDLUNAME" , "LASTCHDATE" , "LASTCHTIME" , "LASTCHNAME" , "RELDATE" , "RELTIME" , "RELUNAME" , "STRTDATE" , "STRTTIME" , "ENDDATE" , "ENDTIME" , "PRDMINS" , "PRDHOURS" , "PRDDAYS" , "PRDWEEKS" , "PRDMONTHS" , "PERIODIC" , "DELANFREP" , "EMERGMODE" , "STATUS" , "NEWFLAG" , "AUTHCKNAM" , "AUTHCKMAN" , "SUCCNUM" , "PREDNUM" , "JOBLOG" , "LASTSTRTDT" , "LASTSTRTTM" , "WPNUMBER" , "WPPROCID" , "EVENTID" , "EVENTPARM" , "BTCSYSREAX" , "JOBCLASS" , "PRIORITY" , "EVENTCOUNT" , "CHECKSTAT" , "CALENDARID" , "PRDBEHAV" , "EXECSERVER" , "EOMCORRECT" , "CALCORRECT" , "REAXSERVER" , "RECLOGSYS" , "RECOBJTYPE" , "RECOBJKEY" , "RECDESCRIB" , "TGTSRVGRP" FROM "TBTCO" WHERE "STATUS" = N'R'
SELECT /* FDA READ */ "JOBNAME" , "JOBCOUNT" , "STEPCOUNT" , "PROGNAME" , "PROGFROMLN" , "PROGTOLN" , "SDLDATE" , "SDLTIME" , "SDLUNAME" , "VARIANT" , "AUTHCKNAM" , "LISTIDENT" , "XPGPID" , "XPGTGTSYS" , "XPGRFCDEST" , "XPGPROG" , "XPGPARAMS" , "XPGFLAG" , "CONNCNTL" , "STDINCNTL" , "STDOUTCNTL" , "STDERRCNTL" , "TRACECNTL" , "TERMCNTL" , "STATUS" , "EXITCODE" , "LANGUAGE" , "EXTCMD" , "OPSYSTEM" , "PDEST" , "PRCOP" , "PLIST" , "PRTXT" , "PRIMM" , "PRREL" , "PRNEW" , "PEXPI" , "LINCT" , "LINSZ" , "PAART" , "PRBIG" , "PRSAP" , "PRREC" , "PRABT" , "PRBER" , "PRDSN" , "PTYPE" , "ARMOD" , "FOOTL" , "PRCHK" , "SAP_OBJECT" , "AR_OBJECT" , "ARCHIV_ID" , "DOC_TYPE" , "RPC_HOST" , "RPC_SERVIC" , "INTERFACE" , "MANDANT" , "REPORT" , "INFO" , "ARCTEXT" , "DATUM" , "ARCUSER" , "PRINTER" , "FORMULAR" , "ARCHIVPATH" , "PROTOKOLL" , "VERSION" , "ACHECK" , "PRIPARKEY" , "CONVID" FROM "TBTCP" WHERE "JOBNAME" = ? AND "JOBCOUNT" = ?
SELECT /* FDA READ */ "LOGIC_DEST" , "LODEST_TEX" , "ALERT" , "INSTANCE" , "DB_SERVER" , "AGENT_DEST" FROM "LOGIC_DEST" ORDER BY "LOGIC_DEST" . "LOGIC_DEST" , "LOGIC_DEST" . "DB_SERVER"
SELECT /* FDA READ */ "MANDANT" , "TASK_ID" , "TASK_LUW_ID" , "TASK_STAT" , "TASK_NAME" , "TASK_DEST" , "TASK_FUNC" , "TASK_UID" , "TASK_TIME" , "TASK_IFCOM" , "TASK_IFCALL" , "TASK_TIMEOUT" FROM "TASK_VITA_LOST"
SELECT /* FDA READ */ "MANDANT" , "TASK_ID" , "TASK_LUW_ID" , "TASK_STAT" , "TASK_NAME" , "TASK_DEST" , "TASK_FUNC" , "TASK_UID" , "TASK_TIME" , "TASK_IFCOM" , "TASK_IFCALL" , "TASK_TIMEOUT" FROM "TASK_VITA_MAIN"
SELECT /* FDA READ */ "MANDT" , "AUTH_CONTEXT_ID" , "CLIENT_ID" , "RO_USER" , "CREATION_TIME" , "EXPIRY_TIME" , "REDIRECT_URI" FROM "OA2_SR_A_CTX" WHERE "EXPIRY_TIME" < ? LIMIT ?
SELECT /* FDA READ */ "MANDT" , "AUTH_CONTEXT_ID" , "SCOPE_ID" , "EXPIRY_TIME" FROM "OA2_SR_A_CTX_SC" WHERE "EXPIRY_TIME" < ? LIMIT ?
SELECT /* FDA READ */ "MANDT" , "RT_CONTEXT_ID" , "CLIENT_ID" , "RO_USER" , "CREATION_TIME" , "EXPIRY_TIME" , "ALGORITHM" , "HASH" FROM "OA2_SR_RT_CTX" WHERE "EXPIRY_TIME" < ? LIMIT ?
SELECT /* FDA READ */ "MANDT" , "RT_CONTEXT_ID" , "SCOPE_ID" , "EXPIRY_TIME" FROM "OA2_SR_RT_CTX_SC" WHERE "EXPIRY_TIME" < ? LIMIT ?
SELECT /* FDA READ */ "MANDT" , "RT_CONTEXT_ID" , "SERVER_CONTEXT_ID" , "EXPIRY_TIME" FROM "OA2_SR_RT_CTX_AT" WHERE "EXPIRY_TIME" < ? LIMIT ?
SELECT /* FDA READ */ "MANDT" , "SERVER_CONTEXT_ID" , "CLIENT_ID" , "RO_USER" , "CREATION_TIME" , "EXPIRY_TIME" , "GRANT_TYPE" , "AUTH_CONTEXT_ID" FROM "OA2_SR_CTX" WHERE "EXPIRY_TIME" < ? LIMIT ?
SELECT /* FDA READ */ "MANDT" , "SERVER_CONTEXT_ID" , "SCOPESET_ID" , "SCOPE_ID" , "EXPIRY_TIME" FROM "OA2_SR_CTX_SCSET" WHERE "EXPIRY_TIME" < ? LIMIT ?
SELECT /* FDA READ */ "MANDT" , "SERVER_CONTEXT_ID" , "SCOPE_ID" , "EXPIRY_TIME" FROM "OA2_SR_CTX_SC" WHERE "EXPIRY_TIME" < ? LIMIT ?
SELECT /* FDA READ */ "MANDT" , "USERA" , "TMPTY" , "TMPID" , "CRDAT" , "AEDAT" , "AETIM" , "LAUFI" , "ENQ_CONTEXT_ID" FROM "FDC_D_ACCDOC_TMP" WHERE "MANDT" = ? AND "RELID" = N'FI' AND ( "AEDAT" < ? OR "AEDAT" = ? AND "AETIM" < ? ) ORDER BY "FDC_D_ACCDOC_TMP" . "TMPID"
SELECT /* FDA READ */ "MANDT" , "USERA" , "TMPTY" , "TMPID" , "CRDAT" , "AEDAT" , "AETIM" , "LAUFI" , "ENQ_CONTEXT_ID" FROM "FDC_D_ACCDOC_TMP" WHERE "RELID" = N'FI' AND "TMPTY" = N'T' AND ( "LAUFI" <> ? OR "ENQ_CONTEXT_ID" <> ? ) AND ( "AEDAT" < ? OR "AEDAT" = ? AND "AETIM" < ? ) AND "XLOCK_DELETED" = N'' ORDER BY "FDC_D_ACCDOC_TMP" . "TMPID"
SELECT /* FDA READ */ "MONITOR_JOBNAME" , "ACTIVE" , "POSITIVE_JOBLIST" , "NEGATIVE_JOBLIST" , "MAX_RUNTIME_MIN" , "AUTOCOMPLT_ALERT" , "MTE_CLASS" FROM "ALLONGJOB_CTRL"
SELECT /* FDA READ */ "MTSYSID" , "MTMCNAME" , "MTNUMRANGE" , "MTUID" , "MTCLASS" , "NO_OF_SETS" FROM "ALPFTHRHIST_RWS"
SELECT /* FDA READ */ "MTSYSID" , "MTMCNAME" , "MTNUMRANGE" , "MTUID" , "MTCLASS" , "VALFR_DATE" , "VALFR_TIME" , "VALTO_DATE" , "VALTO_TIME" , "TIME_ZONE" , "CUSTSTATUS" , "USECLASS" , "SEVERITY" , "STATISTREC" , "VISUSERLEV" , "KEEPALTYPE" , "KEEPALMAX" , "SECTRGTOOL" , "SECINACTIV" , "WARMUPTIME" , "DTEXTCLASS" , "DTEXTID" , "CUSGRPNAME" , "CHG_USER" , "TSTMP" FROM "CCMSBIDATA" WHERE "MTSYSID" = ? AND "MTMCNAME" = ? AND "MTNUMRANGE" = ? AND "MTUID" = ? AND "MTCLASS" = ? ORDER BY "CCMSBIDATA" . "TSTMP" , "CCMSBIDATA" . "VALTO_DATE" , "CCMSBIDATA" . "VALTO_TIME"
SELECT /* FDA READ */ "MTSYSID" , "MTMCNAME" , "MTNUMRANGE" , "MTUID" , "MTCLASS" , "VALFR_DATE" , "VALFR_TIME" , "VALTO_DATE" , "VALTO_TIME" , "TIME_ZONE" , "RELVALTYPE" , "THRESHDIR" , "THRESHG2Y" , "THRESHY2R" , "THRESHY2G" , "THRESHR2Y" , "MSGCLASS" , "MSGID" , "CUSGRPNAME" , "NEWCUSSTAT" , "VALUNIT" , "DECIMALS" , "CHG_USER" , "TSTMP" FROM "CCMSBITHRH" WHERE "MTSYSID" = ? AND "MTMCNAME" = ? AND "MTNUMRANGE" = ? AND "MTUID" = ? AND "MTCLASS" = ? ORDER BY "CCMSBITHRH" . "TSTMP" , "CCMSBITHRH" . "VALTO_DATE" , "CCMSBITHRH" . "VALTO_TIME"
SELECT /* FDA READ */ "MTSYSID" , "MTMCNAME" , "MTNUMRANGE" , "MTUID" , "MTCLASS" , "WHICHTOOL" , "SETNAME" , "MTINDEX" , "EXTINDEX" , "OBJECTNAME" , "MTNAMESHRT" , "TOOLNAME" , "TOOLSTAT" , "CHG_USER" , "CHG_DATE" , "CHG_TIME" FROM "ALTIDTOOL" WHERE "MTSYSID" = ? AND "MTMCNAME" = ? AND "MTNUMRANGE" = ? AND "MTUID" = ? AND "MTCLASS" = ? AND "SETNAME" = ?
SELECT /* FDA READ */ "MTSYSID" , "MTMCNAME" , "MTNUMRANGE" , "MTUID" , "MTCLASS" , "WHICHTOOL" , "SETNAME" , "MTINDEX" , "EXTINDEX" , "OBJECTNAME" , "MTNAMESHRT" , "TOOLNAME" , "TOOLSTAT" , "CHG_USER" , "CHG_DATE" , "CHG_TIME" FROM "ALTIDTOOL" WHERE "SETNAME" = N'SAP-DEFAULT'
SELECT /* FDA READ */ "MTSYSID" , "MTMCNAME" , "MTNUMRANGE" , "MTUID" , "MTCLASS" , "WHICHTOOL" , "VALFR_DATE" , "VALFR_TIME" , "VALTO_DATE" , "VALTO_TIME" , "TIME_ZONE" , "TOOLNAME" , "TOOLDISPAT" , "TOOLSTATUS" , "USECLASS" , "CHG_USER" , "TSTMP" FROM "CCMSBIMETH" WHERE "MTSYSID" = ? AND "MTMCNAME" = ? AND "MTNUMRANGE" = ? AND "MTUID" = ? AND "MTCLASS" = ? AND "WHICHTOOL" = ? ORDER BY "CCMSBIMETH" . "TSTMP" , "CCMSBIMETH" . "VALTO_DATE" , "CCMSBIMETH" . "VALTO_TIME"
SELECT /* FDA READ */ "NAME" "ANNONAME" , "TEXT" "VALUE" , "DDLANGUAGE" "LANGUAGE" , N'' "SOURCEDDLX" FROM "DDHEADANNOT" WHERE "STRUCOBJN" = ? AND ( "DDLANGUAGE" = ? OR "DDLANGUAGE" = ? )
SELECT /* FDA READ */ "OCS_TOOL" , "SEM_STATE" , "JOBNAME" , "JOBCOUNT" , "COMMAND" , "REPORT" , "IMM_START" , "SDLSTRTDT" , "SDLSTRTTM" , "LASTSTRTDT" , "LASTSTRTTM" , "STATUS" , "BTCSERVER" FROM "PAT10B" WHERE "SEM_STATE" = ? ORDER BY "PAT10B" . "OCS_TOOL" , "PAT10B" . "SEM_STATE"
SELECT /* FDA READ */ "PADEST" FROM "TSP03" WHERE "PAMETHOD" IN ( ? , ? )
SELECT /* FDA READ */ "PATCH" , "SEQUENCE" , "STEPNAME" , "STEPCOND" , "RET_CODE" , "MESSAGE" , "REASON" , "SCENARIO" , "VALID_CONJ" FROM "PAT01"
SELECT /* FDA READ */ "PFNAME" , "VERSNR" , "PARNAME" , "PARNR" , "COMNR" , "DENAME" , "CHKPRG" , "MODPROG" , "CREFPF" , "PSTATE" , "PVALUE" FROM "TPFET" WHERE "PFNAME" = ? AND "VERSNR" = ? ORDER BY "TPFET" . "PARNR" , "TPFET" . "COMNR"
SELECT /* FDA READ */ "PFNAME" , "VERSNR" , "TXT" , "TYPE" , "STATE" , "CREFPF" , "MDATE" , "MTIME" , "MUSR" , "GDATE" , "GTIME" , "GUSR" , "PFFILE" , "OPSYS" , "SYSNR" , "SYSNAME" , "SERVERNAME" FROM "TPFHT" WHERE "PFNAME" = ?
SELECT /* FDA READ */ "PJIDENT" , "PJNUMMER" , "PJDEST" , "PJPAPER" , "PJPHYPAPER" , "PJCREATIME" , "PJSTATUS" , "PJINFO" , "PJCOPIES" , "PJSTRTPAGE" , "PJENDPAGE" , "PJOWNER" , "PJFINADONE" , "PJFINASERR" , "PJFINAHERR" , "PJHOSTID" , "PJCLIENT" , "PJSTRTTIME" , "PJAENDTIME" , "PJHENDTIME" , "PJINFOMSG" , "PJSIZE" , "PJERRPROT" , "PJPRIO" , "PJREASON" , "PJTITLE" , "PJRECEIVER" , "PJDIVISION" , "PJTELENUM" , "PJWORKHOST" , "PJSERVER" , "PJLFDDCOPY" , "PJLFDPCOPY" , "PJPOSNAME" , "PJACTTIME" FROM "TSP02" WHERE "PJSTATUS" = N'2' AND "PJINFO" < 256 ORDER BY "TSP02" . "PJSERVER" , "TSP02" . "PJCREATIME"
SELECT /* FDA READ */ "RELID" , "SCHEME" , "CLASS" , "ACTIVE" , "DOMVERS" , "SUBVERS" , "SRTF2" , "STRUKVERSN" , "SPERR" , "AEDAT" , "USERA" , "PGMID" , "BEGDT" , "ENDDT" , "CLUSTR" , "CLUSTD" FROM "CSMBK_CL" WHERE "RELID" = ? AND "SCHEME" = ? AND "CLASS" = ? AND "ACTIVE" = ?
SELECT /* FDA READ */ "RELID" , "SCHEME" , "CLASS" , "TOKEN" , "ACTIVE" , "DOMVERS" , "SUBVERS" , "SRTF2" , "STRUKVERSN" , "SPERR" , "AEDAT" , "USERA" , "PGMID" , "BEGDT" , "ENDDT" , "CLUSTR" , "CLUSTD" FROM "CSMBK_TK" WHERE "RELID" = ? AND "SCHEME" = ? AND "CLASS" = ? AND "TOKEN" = ? AND "ACTIVE" = ?
SELECT /* FDA READ */ "SAPCLIENT" , "OPID" , "LOGNO" , "SAPUSER" , "TIMESTAMP" , "LOCATION" , "ERROR_CATEGORY" , "SUBCATEGORY" , "T100_AREA" , "T100_MSGNO" , "SHORT_TEXT" , "PROXY_NAME" , "ERRLOC_COMPONENT" , "ERRLOC_PACKAGE" , "ERRLOC_PROGRAM" , "ERRLOC_INCLUDE" , "ERRLOC_ROWNO" , "ERRLOC_FTYPE" , "MESSAGE_ID" , "SEQUENCE_ID" , "QUEUE_NAME" , "REMOTE_ADDRESS" , "APPLSERVER" , "APPLID" , "ROOT_CTX_ID" , "CONNECTION_ID" , "CONNECTION_CNT" , "TRANSACTION_ID" , "ROOT_TERM_ID" , "EXPIRE" , "ERROR_CONTEXT" , "HTML_PAGE" , "COMMTYPE" , "FIRST_TSTMP" , "ERRCOUNT" , "T100_MSGV1" , "T100_MSGV2" , "T100_MSGV3" , "T100_MSGV4" , "CALLSTACK" , "COMMTYPENAME" , "IFNAME" , "CALLSTACK_XSIZE" , "CONFIG_XSIZE" , "PAYLOAD_XSIZE" FROM "SRT_UTIL_ERRLOG" WHERE "SAPCLIENT" = ? AND "TIMESTAMP" BETWEEN ? AND ?
SELECT /* FDA READ */ "SCHEME" , "CLASS" , "SUPER_SCH" , "SUPER_CLS" , "EXT_NAMING" , "IMMED_PAR" , "ABAP_CLASS" , "JAVA_CLASS" FROM "CSM_CLSINH" WHERE "SUPER_SCH" = ? AND "SUPER_CLS" = ?
SELECT /* FDA READ */ "SETNAME" , "STARTDATE" , "STARTTIME" , "ENDDATE" , "ENDTIME" , "MODENAME" , "TARGET" , "SETTYPE" FROM "BTCOMSET" WHERE "SETNAME" = ? ORDER BY "BTCOMSET" . "SETNAME" , "BTCOMSET" . "STARTDATE" , "BTCOMSET" . "STARTTIME"
SELECT /* FDA READ */ "STARTDATE" , "STARTTIME" , "TARGET" , "SETTYPE" , "SETSTARTDT" , "SETSTARTTM" FROM "BTCOMSDL" WHERE ( "STARTDATE" = ? AND "STARTTIME" <= ? OR "STARTDATE" < ? ) AND ( "TARGET" = ? OR "TARGET" = N'' )
SELECT /* FDA READ */ "STATUS" , COUNT(*) FROM "RCCD_ENG_LOG" WHERE "MANDT" = ? AND "APP" = ? GROUP BY "STATUS"
SELECT /* FDA READ */ "SYSID" , "CONTEXT" , "CONTXTSTAT" , "CTXCLASS" , "CTXOWNER" , "SEGMENT" , "SEGMENTTYP" , "DESTINAT" , "SEGMSTATUS" , "RESP_MSSY" , "VERSION" , "CHG_USER" , "CHG_DATE" , "CHG_TIME" , "SEGSTATMST" , "SEGSTATCNT" , "SEGMSERVER" , "SEGMHOST" , "CONTXTTYPE" , "CTX_SYSID" , "CTX_MCNAME" , "CTX_NUMRNG" , "CTX_UID" , "CTX_CLAS" , "CTX_INDEX" , "CTX_EXTIDX" , "RESERVE_C" , "RESERVE_I" , "CTXCLIENT" , "CSMSYSID" , "DESTINAT_2" FROM "ALCONSEG"
SELECT /* FDA READ */ "SYSID" , "CONTEXT" , "CONTXTSTAT" , "CTXCLASS" , "CTXOWNER" , "SEGMENT" , "SEGMENTTYP" , "DESTINAT" , "SEGMSTATUS" , "RESP_MSSY" , "VERSION" , "CHG_USER" , "CHG_DATE" , "CHG_TIME" , "SEGSTATMST" , "SEGSTATCNT" , "SEGMSERVER" , "SEGMHOST" , "CONTXTTYPE" , "CTX_SYSID" , "CTX_MCNAME" , "CTX_NUMRNG" , "CTX_UID" , "CTX_CLAS" , "CTX_INDEX" , "CTX_EXTIDX" , "RESERVE_C" , "RESERVE_I" , "CTXCLIENT" , "CSMSYSID" , "DESTINAT_2" FROM "ALCONSEG" WHERE "SYSID" = ? AND "SEGMSTATUS" = N'O'
SELECT /* FDA READ */ "SYSID" , "CONTEXT" , "CONTXTSTAT" , "CTXCLASS" , "CTXOWNER" , "SEGMENT" , "SEGMENTTYP" , "DESTINAT" , "SEGMSTATUS" , "RESP_MSSY" , "VERSION" , "CHG_USER" , "CHG_DATE" , "CHG_TIME" , "SEGSTATMST" , "SEGSTATCNT" , "SEGMSERVER" , "SEGMHOST" , "CONTXTTYPE" , "CTX_SYSID" , "CTX_MCNAME" , "CTX_NUMRNG" , "CTX_UID" , "CTX_CLAS" , "CTX_INDEX" , "CTX_EXTIDX" , "RESERVE_C" , "RESERVE_I" , "CTXCLIENT" , "CSMSYSID" , "DESTINAT_2" FROM "ALCONSEG" WHERE "SYSID" = ? AND "SEGMSTATUS" = N'S'
SELECT /* FDA READ */ "SYSID" , "JOBNAME" , "CUSGRPNAME" , "RESERVE_I" , "RESERVE_C" , "MTECLASS" FROM "ALBTCMON"
SELECT /* FDA READ */ "TJOB" . "JOBNAME" , "TJOB" . "JOBCOUNT" , "TJOB" . "JOBGROUP" , "TJOB" . "INTREPORT" , "TJOB" . "STEPCOUNT" , "TJOB" . "SDLSTRTDT" , "TJOB" . "SDLSTRTTM" , "TJOB" . "BTCSYSTEM" , "TJOB" . "SDLDATE" , "TJOB" . "SDLTIME" , "TJOB" . "SDLUNAME" , "TJOB" . "LASTCHDATE" , "TJOB" . "LASTCHTIME" , "TJOB" . "LASTCHNAME" , "TJOB" . "RELDATE" , "TJOB" . "RELTIME" , "TJOB" . "RELUNAME" , "TJOB" . "STRTDATE" , "TJOB" . "STRTTIME" , "TJOB" . "ENDDATE" , "TJOB" . "ENDTIME" , "TJOB" . "PRDMINS" , "TJOB" . "PRDHOURS" , "TJOB" . "PRDDAYS" , "TJOB" . "PRDWEEKS" , "TJOB" . "PRDMONTHS" , "TJOB" . "PERIODIC" , "TJOB" . "DELANFREP" , "TJOB" . "EMERGMODE" , "TJOB" . "STATUS" , "TJOB" . "NEWFLAG" , "TJOB" . "AUTHCKNAM" , "TJOB" . "AUTHCKMAN" , "TJOB" . "SUCCNUM" , "TJOB" . "PREDNUM" , "TJOB" . "JOBLOG" , "TJOB" . "LASTSTRTDT" , "TJOB" . "LASTSTRTTM" , "TJOB" . "WPNUMBER" , "TJOB" . "WPPROCID" , "TJOB" . "EVENTID" , "TJOB" . "EVENTPARM" , "TJOB" . "BTCSYSREAX" , "TJOB" . "JOBCLASS" , "TJOB" . "PRIORITY" , "TJOB" . "EVENTCOUNT" , "TJOB" . "CHECKSTAT" , "TJOB" . "CALENDARID" , "TJOB" . "PRDBEHAV" , "TJOB" . "EXECSERVER" , "TJOB" . "EOMCORRECT" , "TJOB" . "CALCORRECT" , "TJOB" . "REAXSERVER" , "TJOB" . "RECLOGSYS" , "TJOB" . "RECOBJTYPE" , "TJOB" . "RECOBJKEY" , "TJOB" . "RECDESCRIB" , "TJOB" . "TGTSRVGRP" FROM "TBTCP" "TSTEP" INNER JOIN "TBTCO" "TJOB" ON "TJOB" . "JOBCOUNT" = "TSTEP" . "JOBCOUNT" AND "TJOB" . "JOBNAME" = "TSTEP" . "JOBNAME" AND "TJOB" . "STATUS" = ? WHERE "TSTEP" . "PROGNAME" = ?
SELECT /* FDA READ */ "TM_EXTERNAL_ID" , "KIND" , "TM_SYS_ID" FROM "/STMC/TM_SYS_EID" WHERE "TM_SYS_ID" = ?
SELECT /* FDA READ */ "TYPE" , "OBJ" , "NAME" , "CLAS" , MAX( "ACTION" ) FROM "SBLM_BLACKLIST" GROUP BY "TYPE" , "OBJ" , "NAME" , "CLAS"
SELECT /* FDA READ */ "UNIT_ID" , "TIMESTAMP" , "SCHEDULER_ID" , "SCHEDULER_INST" , "STATE" FROM "QRFC_I_EXE_STATE" WHERE "SCHEDULER_ID" = ? AND "SCHEDULER_INST" = ? AND ( "STATE" = 21201 OR "STATE" = 21202 )
SELECT /* FDA READ */ "UNIT_ID" , "TIMESTAMP" , "SCHEDULER_ID" , "SCHEDULER_INST" , "STATE" FROM "TRFC_I_EXE_STATE" WHERE "SCHEDULER_ID" = ? AND "SCHEDULER_INST" = ? AND ( "STATE" = 21201 OR "STATE" = 21202 )
SELECT /* FDA READ */ "VALID_UNTIL" , "LOCK_ID" , "UNIT_KIND" FROM "BGRFC_LOCK_TIME" WHERE "VALID_UNTIL" <= ? LIMIT 1000
SELECT /* FDA READ */ DISTINCT  "CLIENT" , "DRAFT_ENTITY" FROM "SDRAFT_ADMIN" ORDER BY "SDRAFT_ADMIN" . "DRAFT_ENTITY"
SELECT /* FDA READ */ DISTINCT  "DDLNAME" FROM "DDLDEPENDENCY" WHERE "OBJECTNAME" = ? AND "OBJECTTYPE" = ?
SELECT /* FDA READ */ DISTINCT  "DEST_NAME" FROM "BGRFC_I_RUNNABLE"
SELECT /* FDA READ */ DISTINCT  "DEST_NAME" FROM "BGRFC_O_RUNNABLE"
SELECT /* FDA READ */ DISTINCT  "ELEMENT_TYPE" FROM "/STMC/OSMS1" WHERE "SYS_ID" = ?
SELECT /* FDA READ */ DISTINCT  "MANDT" FROM "SMOHRRQCUST"
SELECT /* FDA READ */ DISTINCT  "SCHEDULER_INST" , "SCHEDULER_ID" FROM "QRFC_I_EXE_STATE"
SELECT /* FDA READ */ DISTINCT  "SCHEDULER_INST" , "SCHEDULER_ID" FROM "QRFC_O_EXE_STATE"
SELECT /* FDA READ */ DISTINCT  "SCHEDULER_INST" , "SCHEDULER_ID" FROM "TRFC_I_EXE_STATE"
SELECT /* FDA READ */ DISTINCT  "SCHEDULER_INST" , "SCHEDULER_ID" FROM "TRFC_O_EXE_STATE"
SELECT /* FDA READ */ DISTINCT  "SYS_ID" FROM "/STMC/OSMS1"
SELECT /* FDA READ */ DISTINCT  "TIME_GRANULARITY" FROM "/STMC/OSMS1" WHERE "SYS_ID" = ? AND "ELEMENT_TYPE" = ?
SELECT COLUMN_NAME FROM (  SELECT COLUMN_NAME, POSITION FROM SYS.TABLE_COLUMNS WHERE SCHEMA_NAME = CURRENT_USER AND TABLE_NAME =  ?  UNION  SELECT COLUMN_NAME, POSITION FROM SYS.VIEW_COLUMNS WHERE SCHEMA_NAME = CURRENT_USER AND VIEW_NAME =  ?  ) ORDER BY POSITION
SELECT COLUMN_NAME FROM VIEW_COLUMNS WHERE SCHEMA_NAME= ?  AND VIEW_NAME= ?  AND IS_NULLABLE='FALSE'
SELECT COUNT(*) FROM "/SAPAPO/TSQAP" WHERE "MANDT" = ?
SELECT COUNT(*) FROM "/SAPAPO/TSQMLA" WHERE "MANDT" = ?
SELECT COUNT(*) FROM "/SAPAPO/TSQMLAR" WHERE "MANDT" = ?
SELECT COUNT(*) FROM "/SAPAPO/TSQMLASA" WHERE "MANDT" = ?
SELECT COUNT(*) FROM "/SAPAPO/TSQMLO" WHERE "MANDT" = ?
SELECT COUNT(*) FROM "/SAPAPO/TSQMLOR" WHERE "MANDT" = ?
SELECT COUNT(*) FROM "/SAPAPO/TSQMLOSA" WHERE "MANDT" = ?
SELECT COUNT(*) FROM "/SAPAPO/TSQMP" WHERE "MANDT" = ?
SELECT COUNT(*) FROM "/SAPAPO/TSQR" WHERE "MANDT" = ?
SELECT COUNT(*) FROM "/SAPAPO/TSQRP" WHERE "MANDT" = ?
SELECT COUNT(*) FROM "/SAPAPO/TSQUEUE" WHERE "MANDT" = ?
SELECT COUNT(*) FROM "ALALERTDB"
SELECT COUNT(*) FROM "ALALRTGUID"
SELECT COUNT(*) FROM "ALTRAMONI"
SELECT COUNT(*) FROM "RCCD_ENG_LOG" WHERE "MANDT" = ?
SELECT COUNT(*) FROM "RCCD_ENG_LOG" WHERE "MANDT" = ? AND "APP" = ?
SELECT COUNT(*) FROM "SMOHMSGQAC" WHERE "MANDT" = ?
SELECT COUNT(*) FROM "SMOHMSGQEB" WHERE "MANDT" = ?
SELECT COUNT(*) FROM "SMOHMSGQEX" WHERE "MANDT" = ?
SELECT COUNT(*) FROM "SMOHMSGQRD" WHERE "MANDT" = ?
SELECT COUNT(*) FROM "SMOHMSGQRE" WHERE "MANDT" = ?
SELECT COUNT(*) FROM "SMOHMSGQSU" WHERE "MANDT" = ?
SELECT COUNT(*) FROM "TBTCY"
SELECT COUNT(*) FROM "TSP01"
SELECT COUNT(*) FROM "V_LNAMES" WHERE "SERVERNAME" = ?
SELECT COUNT(*) FROM "WPBHELP_URL" WHERE "MANDT" = ? AND "ACTIVE" = N'X'
SELECT DATA FROM  "DYNPLOAD"  WHERE PROGNAME =  ? AND DYNPNUMBER =  ? AND TYPE =  ? AND VERSION =  ?
SELECT DISTINCT  "CUSGRPNAME" FROM "ALCLASTOOL" WHERE "TOOLNAME" = N'CCMS_MSS_BACKUP_CHK' AND "CUSGRPNAME" LIKE ?
SELECT DISTINCT  "CUSGRPNAME" FROM "ALCLASTOOL" WHERE "TOOLNAME" = N'CCMS_MSS_BACKUP_RUNNING' AND "CUSGRPNAME" LIKE ?
SELECT DISTINCT  "CUSGRPNAME" FROM "ALCLASTOOL" WHERE "TOOLNAME" = N'CCMS_MSS_BACKUP_TLOG_CHK' AND "CUSGRPNAME" LIKE ?
SELECT DISTINCT  "CUSGRPNAME" FROM "ALCLASTOOL" WHERE "TOOLNAME" = N'CCMS_MSS_ERRORLOG' AND "CUSGRPNAME" LIKE ?
SELECT DISTINCT  "CUSGRPNAME" FROM "ALCLASTOOL" WHERE "TOOLNAME" = N'CCMS_MSS_HEALTH_SQLSETUP' AND "CUSGRPNAME" LIKE ?
SELECT DISTINCT  "CUSGRPNAME" FROM "ALCLASTOOL" WHERE "TOOLNAME" = N'CCMS_MSS_SPACE_MGMT' AND "CUSGRPNAME" LIKE ?
SELECT DISTINCT  "DDLNAME" , "AS4LOCAL" , "TABKAT" , "TABART" , "PUFFERUNG" , "SCHFELDANZ" , "PROTOKOLL" , "AS4USER" , "AS4DATE" , "AS4TIME" , "UEBERSETZ" , "BUFALLOW" , "ROWORCOLST" FROM "DDDDLSRC09B" WHERE "DDLNAME" IN ( ? ) AND "AS4LOCAL" = ?
SELECT DISTINCT  "DDLNAME" , "DDLANGUAGE" , "AS4LOCAL" , "DDTEXT" FROM "DDDDLSRCT" WHERE "DDLNAME" IN ( ? ) AND "DDLANGUAGE" = ? AND "AS4LOCAL" = ?
SELECT DISTINCT  "DDLNAME" , "STRUCOBJN" , "DDLANGUAGE" , "AS4LOCAL" , "DDTEXT" FROM "DDDDLSRC02BT" WHERE "STRUCOBJN" IN ( ? ) AND "DDLANGUAGE" = ? AND "AS4LOCAL" = ?
SELECT DISTINCT  "DDLNAME" , "STRUCOBJN" , "NODENAME" , "DDLANGUAGE" , "AS4LOCAL" , "FIELDNAME" , "DEPTH" , "DDTEXT" , "FIELDLABEL" , "QUICKINFO" FROM "DDDDLSRC03NT" WHERE "STRUCOBJN" IN ( ? ) AND "DDLANGUAGE" = ? AND "AS4LOCAL" = ?
SELECT DISTINCT  "DOMNAME" , "AS4LOCAL" , "AS4VERS" , "DATATYPE" , "LENG" , "OUTPUTLEN" , "DECIMALS" , "LOWERCASE" , "SIGNFLAG" , "LANGFLAG" , "VALEXI" , "ENTITYTAB" , "CONVEXIT" , "MASK" , "MASKLEN" , "ACTFLAG" , "APPLCLASS" , "AUTHCLASS" , "AS4USER" , "AS4DATE" , "AS4TIME" , "DOMMASTER" , "RESERVEDOM" , "DOMGLOBAL" , "APPENDNAME" , "APPEXIST" , "PROXYTYPE" , "OUTPUTSTYLE" , "AMPMFORMAT" , "ABAP_LANGUAGE_VERSION" FROM "DD01L" WHERE "DOMNAME" IN ( ? ) AND "AS4LOCAL" = ?
SELECT DISTINCT  "DOMNAME" , "AS4LOCAL" , "AS4VERS" , "DATATYPE" , "LENG" , "OUTPUTLEN" , "DECIMALS" , "LOWERCASE" , "SIGNFLAG" , "LANGFLAG" , "VALEXI" , "ENTITYTAB" , "CONVEXIT" , "MASK" , "MASKLEN" , "ACTFLAG" , "APPLCLASS" , "AUTHCLASS" , "AS4USER" , "AS4DATE" , "AS4TIME" , "DOMMASTER" , "RESERVEDOM" , "DOMGLOBAL" , "APPENDNAME" , "APPEXIST" , "PROXYTYPE" , "OUTPUTSTYLE" , "AMPMFORMAT" , "ABAP_LANGUAGE_VERSION" FROM "DD01L" WHERE "DOMNAME" IN ( ? , ? ) AND "AS4LOCAL" = ?
SELECT DISTINCT  "DOMNAME" , "AS4LOCAL" , "AS4VERS" , "DATATYPE" , "LENG" , "OUTPUTLEN" , "DECIMALS" , "LOWERCASE" , "SIGNFLAG" , "LANGFLAG" , "VALEXI" , "ENTITYTAB" , "CONVEXIT" , "MASK" , "MASKLEN" , "ACTFLAG" , "APPLCLASS" , "AUTHCLASS" , "AS4USER" , "AS4DATE" , "AS4TIME" , "DOMMASTER" , "RESERVEDOM" , "DOMGLOBAL" , "APPENDNAME" , "APPEXIST" , "PROXYTYPE" , "OUTPUTSTYLE" , "AMPMFORMAT" , "ABAP_LANGUAGE_VERSION" FROM "DD01L" WHERE "DOMNAME" IN ( ? , ? , ? ) AND "AS4LOCAL" = ?
SELECT DISTINCT  "DRAFT_ENTITY" , "EXPIRY_EVENT" , "EXPIRY_DURATION" , "EXPIRY_RELATIVE_TO" FROM "SDRAFT_LC_CONFIG" WHERE "EXPIRY_EVENT" = ? AND "DRAFT_ENTITY" IN ( ? , ? , ? , ? , ? , ? )
SELECT DISTINCT  "INSTANCENAME" FROM "SEC_CONTEXT_COPY"
SELECT DISTINCT  "ROLLNAME" "DTELNAME" , "DDLANGUAGE" "LANGU" , "SCRTEXT_S" "SHORT" , "SCRTEXT_M" "MIDDLE" , "SCRTEXT_L" "LONG" , "SCRLEN3" "LEN_LONG" , "DDTEXT" "QUICKINFO" , "REPTEXT" "HEADING" FROM "DD04V" WHERE "ROLLNAME" IN ( ? , ? ) AND ( "DDLANGUAGE" = ? OR "DDLANGUAGE" = ? )
SELECT DISTINCT  "ROLLNAME" "DTELNAME" , "DDLANGUAGE" "LANGU" , "SCRTEXT_S" "SHORT" , "SCRTEXT_M" "MIDDLE" , "SCRTEXT_L" "LONG" , "SCRLEN3" "LEN_LONG" , "DDTEXT" "QUICKINFO" , "REPTEXT" "HEADING" FROM "DD04V" WHERE "ROLLNAME" IN ( ? , ? , ? ) AND ( "DDLANGUAGE" = ? OR "DDLANGUAGE" = ? )
SELECT DISTINCT  "ROLLNAME" "DTELNAME" , "DDLANGUAGE" "LANGU" , "SCRTEXT_S" "SHORT" , "SCRTEXT_M" "MIDDLE" , "SCRTEXT_L" "LONG" , "SCRLEN3" "LEN_LONG" , "DDTEXT" "QUICKINFO" , "REPTEXT" "HEADING" FROM "DD04V" WHERE "ROLLNAME" IN ( ? , ? , ? , ? ) AND ( "DDLANGUAGE" = ? OR "DDLANGUAGE" = ? )
SELECT DISTINCT  "ROLLNAME" , "AS4LOCAL" , "AS4VERS" , "DOMNAME" , "ROUTPUTLEN" , "MEMORYID" , "LOGFLAG" , "HEADLEN" , "SCRLEN1" , "SCRLEN2" , "SCRLEN3" , "ACTFLAG" , "APPLCLASS" , "AUTHCLASS" , "AS4USER" , "AS4DATE" , "AS4TIME" , "DTELMASTER" , "RESERVEDTE" , "DTELGLOBAL" , "SHLPNAME" , "SHLPFIELD" , "DEFFDNAME" , "DATATYPE" , "LENG" , "DECIMALS" , "OUTPUTLEN" , "LOWERCASE" , "SIGNFLAG" , "CONVEXIT" , "VALEXI" , "ENTITYTAB" , "REFKIND" , "REFTYPE" , "PROXYTYPE" , "LTRFLDDIS" , "BIDICTRLC" , "NOHISTORY" , "ABAP_LANGUAGE_VERSION" FROM "DD04L" WHERE "ROLLNAME" IN ( ? ) AND "AS4LOCAL" = ?
SELECT DISTINCT  "ROLLNAME" , "AS4LOCAL" , "AS4VERS" , "DOMNAME" , "ROUTPUTLEN" , "MEMORYID" , "LOGFLAG" , "HEADLEN" , "SCRLEN1" , "SCRLEN2" , "SCRLEN3" , "ACTFLAG" , "APPLCLASS" , "AUTHCLASS" , "AS4USER" , "AS4DATE" , "AS4TIME" , "DTELMASTER" , "RESERVEDTE" , "DTELGLOBAL" , "SHLPNAME" , "SHLPFIELD" , "DEFFDNAME" , "DATATYPE" , "LENG" , "DECIMALS" , "OUTPUTLEN" , "LOWERCASE" , "SIGNFLAG" , "CONVEXIT" , "VALEXI" , "ENTITYTAB" , "REFKIND" , "REFTYPE" , "PROXYTYPE" , "LTRFLDDIS" , "BIDICTRLC" , "NOHISTORY" , "ABAP_LANGUAGE_VERSION" FROM "DD04L" WHERE "ROLLNAME" IN ( ? , ? ) AND "AS4LOCAL" = ?
SELECT DISTINCT  "ROLLNAME" , "AS4LOCAL" , "AS4VERS" , "DOMNAME" , "ROUTPUTLEN" , "MEMORYID" , "LOGFLAG" , "HEADLEN" , "SCRLEN1" , "SCRLEN2" , "SCRLEN3" , "ACTFLAG" , "APPLCLASS" , "AUTHCLASS" , "AS4USER" , "AS4DATE" , "AS4TIME" , "DTELMASTER" , "RESERVEDTE" , "DTELGLOBAL" , "SHLPNAME" , "SHLPFIELD" , "DEFFDNAME" , "DATATYPE" , "LENG" , "DECIMALS" , "OUTPUTLEN" , "LOWERCASE" , "SIGNFLAG" , "CONVEXIT" , "VALEXI" , "ENTITYTAB" , "REFKIND" , "REFTYPE" , "PROXYTYPE" , "LTRFLDDIS" , "BIDICTRLC" , "NOHISTORY" , "ABAP_LANGUAGE_VERSION" FROM "DD04L" WHERE "ROLLNAME" IN ( ? , ? , ? ) AND "AS4LOCAL" = ?
SELECT DISTINCT  "ROLLNAME" , "DDLANGUAGE" , "AS4LOCAL" , "AS4VERS" , "DDTEXT" , "REPTEXT" , "SCRTEXT_S" , "SCRTEXT_M" , "SCRTEXT_L" FROM "DD04T" WHERE "ROLLNAME" IN ( ? ) AND "DDLANGUAGE" = ? AND "AS4LOCAL" = ?
SELECT DISTINCT  "ROLLNAME" , "DDLANGUAGE" , "AS4LOCAL" , "AS4VERS" , "DDTEXT" , "REPTEXT" , "SCRTEXT_S" , "SCRTEXT_M" , "SCRTEXT_L" FROM "DD04T" WHERE "ROLLNAME" IN ( ? , ? ) AND "DDLANGUAGE" = ? AND "AS4LOCAL" = ?
SELECT DISTINCT  "ROLLNAME" , "DDLANGUAGE" , "AS4LOCAL" , "AS4VERS" , "DDTEXT" , "REPTEXT" , "SCRTEXT_S" , "SCRTEXT_M" , "SCRTEXT_L" FROM "DD04T" WHERE "ROLLNAME" IN ( ? , ? , ? ) AND "DDLANGUAGE" = ? AND "AS4LOCAL" = ?
SELECT DISTINCT  "RT_UUID" FROM "DDLX_RT_EXTENDS" WHERE "VARIANT" = ? AND "EXTENDED_ARTIFACT" IN ( ? )
SELECT DISTINCT  "STRUCOBJN" "ENTITYNAME" , "FIELDNAME" "ELEMENTNAME" , "DDLANGUAGE" "LANGUAGE" , "FIELDLABEL" "LABEL" , "QUICKINFO" FROM "DDDDLSRC03NT" WHERE "STRUCOBJN" IN ( ? ) AND "NODENAME" = N'.NODE1' AND ( "DDLANGUAGE" = ? OR "DDLANGUAGE" = ? ) AND "AS4LOCAL" = N'A'
SELECT DISTINCT  "STRUCOBJN" , "AS4LOCAL" , "CHGUSER" , "CHGDATE" , "CHGTIME" , "STRUCOBJCLASS" , "PARENTNAME" , "TABART" , "ACTFLAG" , "ACLROOTTAB" , "ACLENTRYTAB" , "ACLREF" , "CLIINDEP" , "CLIDEP" , "DELIVERYCLASS" , "CLIENTFIELD" , "ALLDATAINCL" , "EXVIEW_INCLUDED" , "CLASSNAME" , "STRUCOBJN_RAW" FROM "DD02B" WHERE "STRUCOBJN" IN ( ? ) AND "AS4LOCAL" = ?
SELECT DISTINCT  "STRUCOBJN" , "DDLANGUAGE" , "LFIELDNAME" , "NAME" , "TEXT" FROM "DDFIELDANNOT" WHERE "STRUCOBJN" IN ( ? ) AND ( "DDLANGUAGE" = ? OR "DDLANGUAGE" = ? )
SELECT DISTINCT  "STRUCOBJN" , "NODENAME" , "AS4LOCAL" , "DDLANGUAGE" , "DDTEXT" FROM "DD02BNDT" WHERE "STRUCOBJN" IN ( ? ) AND "DDLANGUAGE" = ? AND "AS4LOCAL" = ?
SELECT DISTINCT  "STRUCOBJN" , "NODENAME" , "AS4LOCAL" , "NODEKIND" , "DBTABNAME" , "DBOBJKIND" , "SUFFIX" , "NDPOSITION" , "NODEORIGIN" , "ISROOTNODE" , "DBISMASTER" , "CLIENTFIELD" , "EXVIEW_INCLUDED" , "WITH_PARAMETERS" , "ACCESSCTRL_TARGET" , "ACCESSCTRL_NOT_ALLOWED" , "NONTRP_INCLUDED" , "AMDP_NAME" , "TBFUNC_INCLUDED" , "SESSION_VAR_EX" , "BASEOBJ_NR" , "USED_SESSION_VARS" , "HDB_ONLY_ENTITY_INCLUDED" , "ROOTNODE_REF" FROM "DD02BND" WHERE "STRUCOBJN" IN ( ? ) AND "AS4LOCAL" = ?
SELECT DISTINCT  "STRUCOBJN" , "NODENAME" , "AS4LOCAL" , "TABKAT" , "TABART" , "PUFFERUNG" , "SCHFELDANZ" , "PROTOKOLL" , "AS4USER" , "AS4DATE" , "AS4TIME" , "UEBERSETZ" , "BUFALLOW" , "ROWORCOLST" FROM "DD09B" WHERE "STRUCOBJN" IN ( ? ) AND "AS4LOCAL" = ?
SELECT DISTINCT  "STRUCOBJN" , "NODENAME" , "ASSOCIATIONNAME" , "AS4LOCAL" , "STRUCOBJN_T" , "NODENAME_T" , "TYPEKIND_T" , "ASSOCIATIONKIND" , "CHECKINDICATOR" , "CARDINALITY" , "CARD_MIN" , "CARD_MAX" , "ASSORIGIN" , "DOPATH_T" , "ON_SOURCE" , "ASSOCNAME_RAW" , "ASSOCNAME_ORIG" , "STRUCOBJN_S" , "EXTENDNAME" , "IS_REDIRECTED" FROM "DD08B" WHERE "STRUCOBJN" IN ( ? ) AND "AS4LOCAL" = ?
SELECT DISTINCT  "STRUCOBJN" , "NODENAME" , "ASSOCIATIONNAME" , "DDLANGUAGE" , "AS4LOCAL" , "DDTEXT" FROM "DD08BT" WHERE "STRUCOBJN" IN ( ? ) AND "DDLANGUAGE" = ? AND "AS4LOCAL" = ?
SELECT DISTINCT  "STRUCOBJN" , "NODENAME" , "ASSOCIATIONNAME" , "FIELDNAME_T" , "AS4LOCAL" , "FDPOSITION" , "NODENAME_S" , "FIELDNAME" , "IF_NAME" , "IF_ATTRIBUT" , "OPERATOR" , "UP_NODENAME_S" , "UP_FIELDNAME" , "UP_IF_NAME" , "UP_IF_ATTRIBUT" , "ABAP_SYSTEM_VAR" , "UP_OPERATOR" , "SIDE_INFO" , "AND_OR" FROM "DD05B" WHERE "STRUCOBJN" IN ( ? ) AND "AS4LOCAL" = ?
SELECT DISTINCT  "STRUCOBJN" , "NODENAME" , "ASSOCIATIONNAME" , "FIELDNAME_VS" , "AS4LOCAL" , "FDPOSITION" , "OPERATOR" , "FIELDNAME_T" , "UP_OPERATOR" , "UP_FIELDNAME_T" FROM "DD05F" WHERE "STRUCOBJN" IN ( ? ) AND "AS4LOCAL" = ?
SELECT DISTINCT  "STRUCOBJN" , "NODENAME" , "DDLANGUAGE" , "AS4LOCAL" , "FIELDNAME" , "DEPTH" , "DDTEXT" , "FIELDLABEL" , "QUICKINFO" FROM "DD03NT" WHERE "STRUCOBJN" IN ( ? ) AND "DDLANGUAGE" = ? AND "AS4LOCAL" = ?
SELECT DISTINCT  "STRUCOBJN" , "NODENAME" , "FIELDNAME" , "AS4LOCAL" , "POSITION" , "KEYFLAG" , "ROLLNAME" , "CHECKTABLE" , "ADMINFIELD" , "INTTYPE" , "INTLEN" , "REFTABLE" , "PRECFIELD" , "REFFIELD" , "NOTNULL" , "DATATYPE" , "LENG" , "DECIMALS" , "DOMNAME" , "SHLPORIGIN" , "TABLETYPE" , "DEPTH" , "COMPTYPE" , "REFTYPE" , "LANGUFLAG" , "ANONYMOUS" , "OUTPUTSTYLE" , "ENABLED" , "TRANSIENT" , "FIELDNAMEDBS" , "LFIELDNAME" , "FIELDORIGIN" , "APPENDSTRUNAME" , "FIELDNAME_RAW" , "SQL_PASSVALUE" , "OUTPUTLEN" , "IS_VIRTUAL" , "IS_CALCULATED" , "EXTENDNAME" FROM "DD03ND" WHERE "STRUCOBJN" IN ( ? ) AND "AS4LOCAL" = ?
SELECT DISTINCT  "STRUCOBJN" , "NODENAME" , "INDEXNAME" , "AS4LOCAL" , "UNIQUEFLAG" , "ISEXTIND" FROM "DD12B" WHERE "STRUCOBJN" IN ( ? ) AND "AS4LOCAL" = ?
SELECT DISTINCT  "STRUCOBJN" , "NODENAME" , "PARAMETERNAME" , "DDLANGUAGE" , "AS4LOCAL" , "DDTEXT" FROM "DD10BT" WHERE "STRUCOBJN" IN ( ? ) AND "DDLANGUAGE" = ? AND "AS4LOCAL" = ?
SELECT DISTINCT  "STRUCOBJN" , "NODENAME" , "PARAMETERNAME" , "POSNR" , "AS4LOCAL" , "ROLLNAME" , "COMPTYPE" , "DATATYPE" , "LENG" , "DECIMALS" , "PARAMETERNAME_RAW" , "ABAPTYPE" , "DBLENGTH" , "DBLENGTH2" , "DIGITS" , "SYSTFIELD" , "PARAMETERTYPE" FROM "DD10B" WHERE "STRUCOBJN" IN ( ? ) AND "AS4LOCAL" = ?
SELECT DISTINCT  "TABNAME" , "AS4LOCAL" , "AS4VERS" , "TABCLASS" , "SQLTAB" , "DATMIN" , "DATMAX" , "DATAVG" , "CLIDEP" , "BUFFERED" , "COMPRFLAG" , "LANGDEP" , "ACTFLAG" , "APPLCLASS" , "AUTHCLASS" , "AS4USER" , "AS4DATE" , "AS4TIME" , "MASTERLANG" , "MAINFLAG" , "CONTFLAG" , "RESERVETAB" , "GLOBALFLAG" , "PROZPUFF" , "VIEWCLASS" , "VIEWGRANT" , "MULTIPLEX" , "SHLPEXI" , "PROXYTYPE" , "EXCLASS" , "WRONGCL" , "ALWAYSTRP" , "ALLDATAINCL" , "WITH_PARAMETERS" , "EXVIEW_INCLUDED" , "KEYMAX_FEATURE" , "KEYLEN_FEATURE" , "TABLEN_FEATURE" , "NONTRP_INCLUDED" , "VIEWREF" , "VIEWREF_ERR" , "VIEWREF_POS_CHG" , "TBFUNC_INCLUDED" , "IS_GTT" , "SESSION_VAR_EX" , "FROM_ENTITY" , "PK_IS_INVHASH" , "USED_SESSION_VARS" , "ABAP_LANGUAGE_VERSION" , "HDB_ONLY_ENTITY_INCLUDED" FROM "DD02L" WHERE "TABNAME" IN ( ? ) AND "AS4LOCAL" = ?
SELECT DISTINCT  "TABNAME" , "DDLANGUAGE" , "AS4LOCAL" , "FIELDNAME" , "DDTEXT" FROM "DD03T" WHERE "TABNAME" = ? AND "FIELDNAME" = ? AND "DDLANGUAGE" = ? AND "AS4LOCAL" = N'A'
SELECT MAX( "ID" ) FROM "SBLM_ADMIN_LOG" WHERE "CLIENT_ID" = ? AND "DAT" = ? AND "TIM" = ?
SELECT MAX( "TIMESTAMP" ) FROM "BUFF_PRELOAD_DUR" WHERE "SERVER_NAME" = ?
SELECT MAX( "TIMESTAMP" ) FROM "BUFF_PRELOAD_STA" WHERE "SERVER_NAME" = ?
SELECT MIN( "CREA_SHORT" ) FROM "SWNCCOLLPARAM" WHERE "CREA_SHORT" <> 0
SELECT MIN( "FINISHED_AT" ) , MAX( "FINISHED_AT" ) FROM "BGRFC_UNIT_TIME" WHERE "FINISHED_AT" <= ? AND "UNIT_KIND" = 1409196102
SELECT MIN( "FINISHED_AT" ) , MAX( "FINISHED_AT" ) FROM "BGRFC_UNIT_TIME" WHERE "FINISHED_AT" <= ? AND "UNIT_KIND" = 1409196105
SELECT MIN( "FINISHED_AT" ) , MAX( "FINISHED_AT" ) FROM "BGRFC_UNIT_TIME" WHERE "FINISHED_AT" <= ? AND "UNIT_KIND" = 1409196106
SELECT MIN( "FINISHED_AT" ) , MAX( "FINISHED_AT" ) FROM "BGRFC_UNIT_TIME" WHERE "FINISHED_AT" <= ? AND ( "UNIT_KIND" = 1409196101 OR "UNIT_KIND" = 1409196103 )
SELECT N'X' FROM "SDRAFT_LC_CONFIG" WHERE "DRAFT_ENTITY" = N'<DEFAULT>' LIMIT 1
SELECT PARAMETERNAME, PARAMETERNAME_RAW, POSNR, ROLLNAME, COMPTYPE, DATATYPE, DECIMALS, DBLENGTH, DBLENGTH2, DIGITS, SYSTFIELD FROM  "DD10B"  WHERE AS4LOCAL = 'A' AND STRUCOBJN =  ?  ORDER BY POSNR
SELECT SEQNUMBER, SYSTEMID, NBLENGTH, NOTEBOOK FROM DDLOG WHERE SEQNUMBER >  ? ORDER BY SEQNUMBER
SELECT TOP 1 "WHAT" FROM "D1GEN"
SELECT TOP 1 D.DATABASE_NAME || '/' || H.VALUE, L.HOST, CURRENT_USER, CURRENT_SCHEMA, CURRENT_CONNECTION FROM M_DATABASE D, SYS.M_HOST_INFORMATION H, SYS.M_LANDSCAPE_HOST_CONFIGURATION L WHERE H.KEY = 'sapsystem' AND L.INDEXSERVER_ACTUAL_ROLE = 'MASTER' 
SELECT TOP 1 D.VERSION, H.VALUE FROM M_DATABASE D LEFT OUTER JOIN SYS.M_HOST_INFORMATION H ON H.KEY = 'build_branch'
SELECT TOP 1 HOST, CURRENT_CONNECTION FROM SYS.M_LANDSCAPE_HOST_CONFIGURATION WHERE INDEXSERVER_ACTUAL_ROLE = 'MASTER' 
SELECT TOP 1 TO_CHAR (CURRENT_TIMESTAMP, 'YYYYMMDDHH24MISS'), TO_CHAR (CURRENT_UTCTIMESTAMP, 'YYYYMMDDHH24MISS') FROM SYS.DUMMY
