SELECT "ABSTRACT" FROM "/BOBF/OBM_OBJ" WHERE "BO_KEY" = ? AND "VERSION" = N'00000' LIMIT 1
SELECT "C" . "MANDT" , "C" . "QUEUENAME" , "R" . "STATUS" , "C" . "MODULENAME" , "R" . "LASTMSG" , "R" . "LASTERROR" , "C" . "QLNGNAME" FROM "SMOHRRQCUST" "C" INNER JOIN "SMOHRRQRT" "R" ON "C" . "MANDT" = "R" . "MANDT" AND "C" . "QUEUENAME" = "R" . "QUEUENAME" WHERE "C" . "MANDT" = N'000' AND "C" . "QUEUENAME" = N'QD' LIMIT 1
SELECT "CLIENT" , "ID" , "USERID" , "LINK" , "START_TIMESTAMP" , "EOL_TIMESTAMP" , "AUTHNMETHODS" , "EXT_SESSMAN" , "TIMEOUT_CHECK" , "HAS_SUCCESSOR" , "XSRF_TOKEN" FROM "SECURITY_CONTEXT" WHERE "EOL_TIMESTAMP" > ? AND "EOL_TIMESTAMP" < ?
SELECT "CLIENT" , "ID" , "USERID" , "LINK" , "START_TIMESTAMP" , "EOL_TIMESTAMP" , "AUTHNMETHODS" , "EXT_SESSMAN" , "TIMEOUT_CHECK" , "HAS_SUCCESSOR" , "XSRF_TOKEN" FROM "SECURITY_CONTEXT" WHERE "TIMEOUT_CHECK" = ?
SELECT "CLIENT" , "OBJECT" , "SUBOBJECT" , "NRRANGENR" , "TOYEAR" , "FROMNUMBER" , "TONUMBER" , "NRLEVEL" , "EXTERNIND" FROM "NRIV" WHERE "CLIENT" = ? AND "OBJECT" = ? AND "SUBOBJECT" = ? AND "NRRANGENR" = ? AND "TOYEAR" = ? FOR UPDATE
SELECT "CLIENT" , "OBJECT" , "SUBOBJECT" , "NRRANGENR" , "TOYEAR" , "FROMNUMBER" , "TONUMBER" , "NRLEVEL" , "EXTERNIND" FROM "NRIV" WHERE "CLIENT" = ? AND "OBJECT" = ? AND "SUBOBJECT" = ? AND "NRRANGENR" = ? AND "TOYEAR" = N'0000' LIMIT 1
SELECT "CUSERNAME" , "DEBUGID" , "SYSTDEBUG" , "SERVER" , "CALL_URL" FROM "ICFATTRIB" WHERE "CLIENT" = ? AND "USERNAME" = ? AND "CIPADDR" = ? AND "ATTRIBUTE" = ? AND ( "URL" = ? OR "URL" = ? AND "SERVER" = ? ) AND ( "CDATE" = ? AND ( "TIMEOUT" > ? OR "CTIME" < ? AND "TIMEOUT" <= ? ) OR "CDATE" = ? AND "TIMEOUT" > ? AND "TIMEOUT" <= ? )
SELECT "DATA" FROM "REPOTEXT" WHERE "PROGNAME" = ? AND "R3STATE" = ? AND "LANGUAGE" = ?
SELECT "DELETION_TIME" FROM "BGRFC_CUST_I_SYS" WHERE "ENTRY_ID" = N'SYSTEM' LIMIT 1
SELECT "DELETION_TIME" FROM "BGRFC_CUST_O_SYS" WHERE "ENTRY_ID" = N'SYSTEM' LIMIT 1
SELECT "DOCM_VERSION" , "TM_SYS_TYPE" , "TM_SYS_SUBTYPE" , "PROPERTY_ID" , "PROPERTY_VALUE" , "DOCR_CHANGED_AT" , "DOCR_CHANGED_BY" FROM "/STMC/CR_CONFIG" WHERE "DOCM_VERSION" = ? AND "TM_SYS_TYPE" = ? AND "TM_SYS_SUBTYPE" = ? AND "PROPERTY_ID" = ? LIMIT 1
SELECT "DTS_INSTANCE" , "TRACE" , "USE_SLD" , "DAYS_UNTIL_CHECK" , "DATE_LAST_CHECK" , "CHECK_SLD_NOW" , "LAST_CHG_USER" , "LAST_CHG_DATE" , "LAST_CHG_TIME" , "SCHED_JOB_REPEAT" , "MAP_JOB_REPEAT" FROM "ALDTSCTRL" WHERE "DTS_INSTANCE" = N'CCMS_DTS_Control_Record' LIMIT 1
SELECT "ICM_USER" , "LAST_USER" , "LAST_DATE" FROM "TRX_BC_RESET_INF" WHERE "ICM_USER" = N'(^O^)<(_ _)>' LIMIT 1
SELECT "INST_NAME" , "LAST_TIME" , "LAST_DATE" , "DUMMYTXT" FROM "ALTSTLOD"
SELECT "MANDT" , "MTEXT" , "ORT01" , "MWAER" , "ADRNR" , "CCCATEGORY" , "CCCORACTIV" , "CCNOCLIIND" , "CCCOPYLOCK" , "CCNOCASCAD" , "CCSOFTLOCK" , "CCORIGCONT" , "CCIMAILDIS" , "CCTEMPLOCK" , "CHANGEUSER" , "CHANGEDATE" , "LOGSYS" FROM "T000" WHERE "MANDT" = ? LIMIT 1
SELECT "MANDT" , "RELID" , "LANGU" , "TYPE_ID" , "ADD_ID" , "SRTF2" , "TIMESTAMP" , "CLUSTR" , "CLUSTD" FROM "/IWBEP/I_MGW_CTC" WHERE "MANDT" = ? AND "RELID" = ? AND "LANGU" = ? AND "TYPE_ID" = ? AND "ADD_ID" = ? AND "SRTF2" >= ? ORDER BY "MANDT" , "RELID" , "LANGU" , "TYPE_ID" , "ADD_ID" , "SRTF2"
SELECT "MANDT" , "RELID" , "LANGU" , "TYPE_ID" , "ADD_ID" , "SRTF2" , "TIMESTAMP" , "CLUSTR" , "CLUSTD" FROM "/IWFND/I_MED_CTC" WHERE "MANDT" = ? AND "RELID" = ? AND "LANGU" = ? AND "TYPE_ID" = ? AND "ADD_ID" = ? AND "SRTF2" >= ? ORDER BY "MANDT" , "RELID" , "LANGU" , "TYPE_ID" , "ADD_ID" , "SRTF2"
SELECT "MANDT" , "SEMANTICS" , "TYPE" , "LANGUAGE" , "DESCRIPTION" , "MODIFIED_BY" , "MODIFIED_AT" FROM "ESH_CU_SEMT" WHERE "MANDT" = ? AND "LANGUAGE" = ? AND "SEMANTICS" = ? AND "TYPE" = ? LIMIT 1
SELECT "MODEL_IDENTIFIER" , "IS_ACTIVE" , "ENTITY_ID" , "TXT_OBJECT_TYPE" , "TXT_OBJECT_ID" FROM "/IWFND/I_MED_TXR" "TXR" WHERE "MODEL_IDENTIFIER" IN ( ? ) AND "IS_ACTIVE" = ?
SELECT "MODEL_IDENTIFIER" , "IS_ACTIVE" , "EXTERNAL_TYPE" , "EXTERNAL_NAME" , "EXT_MODEL_TNAME" FROM "/IWFND/I_MED_EMM" WHERE "MODEL_IDENTIFIER" = ? LIMIT 1
SELECT "MODEL_IDENTIFIER" , "MODEL_NAME" , "GSDO_TYPE" , "VERSION" , "MODEL_TYPE" , "ROOT_ND_ENTY_ID" , "DEFAULT_QUERY" , "CREATED_BY" , "CHANGED_BY" , "CREATED_TIMESTMP" , "CHANGED_TIMESTMP" FROM "/IWFND/I_MED_OHD" WHERE "MODEL_IDENTIFIER" = ? LIMIT 1
SELECT "MON_CLIENT" , "TCODE" , "MO_NAME" , "MTECLASS" , "SERVER_ID" , "CUSGRPNAME" FROM "ALTRAMONI"
SELECT "MON_CLIENT" , "TCODE" , "MO_NAME" , "MTECLASS" , "SERVER_ID" , "CUSGRPNAME" FROM "ALTRAMONI" WHERE "MO_NAME" = ?
SELECT "MON_CLIENT" , "TCODE" , "MO_NAME" , "MTECLASS" , "SERVER_ID" , "CUSGRPNAME" FROM "ALTRAMONI" WHERE "TCODE" = ? AND "MON_CLIENT" = N'*'
SELECT "NAME" , "EXTENSION" , "VERSION" , "OBJ_KEY" , "BO_KEY" , "ROOT_NODE_KEY" , "BUFFER_CLASS" , "MAPPER_CLASS" , "SP_MAPPER_CLASS" , "SP_CLASS" , "CONST_INTERFACE" , "ACCESS_CLASS" , "STATUS_CLASS" , "DERIVATOR_CLASS" , "CLEANUP_MODE" , "ENQUEUE_SCOPE" , "OBJCAT" , "PROXY_INCOMPLETE" , "PROXY_CHECKSUM" , "PROXY_TIME" , "GENIL_ENABLED" , "GENIL_COMP_NAME" , "GENIL_PREFIX" , "CHECK_SERVICES" , "CHK_SERV_ASSOC" , "CHK_SERV_ACTION" , "FINAL" , "EXTENDIBLE" , "ABSTRACT" , "NAMESPACE" , "PREFIX" , "TD_CONTAINER" , "AUTH_CHECK_RELEVANT" , "ES_RELEVANT" , "ES_TEMPLATE" , "ES_DATA_EXTRACTOR_CLASS" , "LAST_CI_RELEVANT_CHANGE" , "LAST_CI_GENERATION" , "OBJECT_MODEL_GENERATED" , "OBJECT_MODEL_CDS_VIEW_NAME" , "OBJECT_MODEL_GEN_TOOL" , "FEATURE_ANNOTATION" , "SMART_VALIDATIONS" , "CREATE_USER" , "CREATE_TIME" , "CHANGE_USER" , "CHANGE_TIME" , "LAST_CHANGE_USER" , "LAST_CHANGE_TIME" , "IS_RAP_BO" FROM "/BOBF/OBM_OBJ" WHERE "BO_KEY" = ? AND "VERSION" = ? LIMIT 2
SELECT "OCS_TOOL" , "PATCH" , "COMPONENT" , "COMP_REL" , "ADDON_ID" , "ADDON_REL" , "RESPONSIBL" , "IMPLE_DATE" , "IMPLE_TIME" , "STATUS" , "IMPL_MANDT" , "BTCH_STATE" , "QUEUE_ID" FROM "PAT10"
SELECT "OHD" . "MODEL_IDENTIFIER" , "OHD" . "GSDO_TYPE" , "OHD" . "VERSION" , "OHD" . "MODEL_TYPE" , "INH" . "BASE_MDL_IDENT" FROM "/IWFND/I_MED_INH" "INH" INNER JOIN "/IWFND/I_MED_OHD" "OHD" ON "INH" . "MODEL_IDENTIFIER" = "OHD" . "MODEL_IDENTIFIER" AND "INH" . "IS_ACTIVE" = "OHD" . "IS_ACTIVE" WHERE "INH" . "MODEL_IDENTIFIER" = ? AND "INH" . "IS_ACTIVE" = ? LIMIT 1
SELECT "PARVAL1" FROM "SMOHGLOBCFG" WHERE "PARSFAKEY" = N'RRS_COMMON' AND "PARNAME" = N'ENABLE_RR_BULK_PROCESSING' LIMIT 1
SELECT "PGMID" , "OBJECT" , "OBJ_NAME" , "KORRNUM" , "SRCSYSTEM" , "AUTHOR" , "SRCDEP" , "DEVCLASS" , "GENFLAG" , "EDTFLAG" , "CPROJECT" , "MASTERLANG" , "VERSID" , "PAKNOCHECK" , "OBJSTABLTY" , "COMPONENT" , "CRELEASE" , "DELFLAG" , "TRANSLTTXT" , "CREATED_ON" , "CHECK_DATE" , "CHECK_CFG" FROM "TADIR" WHERE "PGMID" = N'HEAD' AND "OBJECT" = N'SYST' AND "OBJ_NAME" = N'' LIMIT 1
SELECT "PROGNAME" , "R3STATE" , "SQLX" , "EDTX" , "DBNA" , "CLAS" , "TYPE" , "OCCURS" , "SUBC" , "APPL" , "SECU" , "CNAM" , "CDAT" , "VERN" , "LEVL" , "RSTAT" , "RMAND" , "RLOAD" , "UNAM" , "UDAT" , "UTIME" , "DATALG" , "VARCL" , "DBAPL" , "FIXPT" , "SSET" , "SDATE" , "STIME" , "IDATE" , "ITIME" , "LDBNAME" , "UCCHECK" , "MAXLINELN" , "DATA" FROM "REPOSRC" WHERE "PROGNAME" IN ( ? )
SELECT "QDATA" FROM "REPOLOAD" WHERE "PROGNAME" = ? AND "R3STATE" = ? AND "MACH" = ? AND "MAJOR_VERS" = ?
SELECT "RELID" , "DOCM_VERSION" , "DOCR_LANGUAGE" , "DOCR_CACHE_ID" , "SRTF2" , "CLUSTR" , "CLUSTD" FROM "/STMC/CR_CACHE" WHERE "RELID" = ? AND "DOCM_VERSION" = ? AND "DOCR_LANGUAGE" = ? AND "DOCR_CACHE_ID" = ? AND "SRTF2" >= ? ORDER BY "RELID" , "DOCM_VERSION" , "DOCR_LANGUAGE" , "DOCR_CACHE_ID" , "SRTF2"
SELECT "RETRY_TIMESTAMP" FROM "D010DBOBJDEL" WHERE "DBOBJ_NAME" = ? AND "DBOBJ_KIND" = N'F' AND "DBOBJ_VERS" = 0 LIMIT 1
SELECT "RETRY_TIMESTAMP" FROM "D010DBOBJDEL" WHERE "DBOBJ_NAME" = ? AND "DBOBJ_KIND" = N'P' AND "DBOBJ_VERS" = 0 LIMIT 1
SELECT "SDATE" , "STIME" , "IDATE" , "ITIME" , "UNAM" , "UDAT" , "UTIME" , "SQLX" , "EDTX" , "DBNA" , "CLAS" , "TYPE" , "OCCURS" , "SUBC" , "APPL" , "SECU" , "CNAM" , "CDAT" , "VERN" , "LEVL" , "RSTAT" , "RMAND" , "RLOAD" , "DATALG" , "VARCL" , "DBAPL" , "FIXPT" , "SSET" , "LDBNAME" , "UCCHECK" , "MAXLINELN" FROM "REPOSRC" WHERE "PROGNAME" = ? AND "R3STATE" = ?
SELECT "SPOPTION" , "VALUE" FROM "TSPOPTIONS" WHERE "SPOPTION" = N'RSDSSPTI_SCAN' FOR UPDATE
SELECT "START_GEN_NOT_BEFORE" FROM "D010DBOBJGEN" LIMIT 1
SELECT "STATUS" FROM "COVMOD" WHERE "SERVER" = ? LIMIT 1
SELECT "STATUS" FROM "COVMOD" WHERE "SERVER" = N'' LIMIT 1
SELECT "SYM_GRP" , "SYM_KEY" , "SYM_VAL" FROM "TUCON" WHERE "SYM_GRP" = N'Cert.Check' AND "SYM_KEY" = N'AUTOABAP' LIMIT 1
SELECT "SYM_GRP" , "SYM_KEY" , "SYM_VAL" FROM "TUCON" WHERE "SYM_GRP" = N'Cert.Check' AND "SYM_KEY" = N'LASTRUN' AND "SYM_VAL" LIKE ? LIMIT 1
SELECT "SYM_GRP" , "SYM_KEY" , "SYM_VAL" FROM "TUCON" WHERE "SYM_GRP" = N'Obj. Count' AND "SYM_KEY" = N'Last Cons.'
SELECT "TASKTIMES" FROM "TASK_VITA_DATA" WHERE "TASKMANDT" = N'000' AND "TASKKEY" = ? LIMIT 1
SELECT "TIMESTAMP" FROM "SRT_MONI_TS" WHERE "CALLER_PROGRAM" = ? LIMIT 1
SELECT "TM_SYS_ID" , "DOCR_VALID_TO" , "DOCR_VALID_FROM" , "TM_SYS_TYPE" , "TM_SYS_SUBTYPE" , "TM_TECHNICAL_ID" , "TM_SYS_RELEASE" , "TM_DC_RELEASE" , "TM_SYS_HASH" , "TM_ENV_HASH" , "TM_AUTH_GROUP" , "CHK_STATUS" , "WORK_MODE" , "USAGE_MODE" , "TIME_ZONE" , "SYNC_MODE" , "SYNC_LAST_AT" , "SYNC_NEXT_AT" , "SYNC_SYS_HASH" , "SYNC_ENV_HASH" , "DOCR_LABEL_ID" , "DOCR_LABEL_SHORT" , "DOCR_LABEL_LONG" , "DOCR_DOC_ID" , "DOCR_CHANGED_AT" , "DOCR_CHANGED_BY" FROM "/STMC/TM_SYS" WHERE "TM_SYS_TYPE" = ? AND "TM_TECHNICAL_ID" = ? LIMIT 1
SELECT "TREX_RFCDEST" FROM "ESH_ADM_TREX" WHERE "MANDT" = ? AND "ESH_KEY" = N'ESH' LIMIT 1
SELECT "UNAM" , "UDAT" , "UTIME" , "DATALG" FROM "REPOTEXT" WHERE "PROGNAME" = ? AND "R3STATE" = ? AND "LANGUAGE" = ?
SELECT * FROM "TRDIR" WHERE "NAME" = ? LIMIT 1
SELECT /* Buffer Loading */ "AREA_NAME" , "CLIENT" , "CHG_USER" , "CHG_DATE" , "CHG_TIME" , "MAX_VERSIONS" , "MAX_AREA_SIZE" , "MAX_VERSION_SIZE" , "REFRESH_TIME" , "INVALIDATE_TIME" , "IDLE_TIME" , "BUILD_KIND" FROM "SHMA_ATTR_RTS" WHERE "AREA_NAME" = ? AND "CLIENT" = ?
SELECT /* Buffer Loading */ "CLSNAME" , "CLSTYPE" , "UUID" , "REMOTE" FROM "SEOCLASS" WHERE "CLSNAME" = ?
SELECT /* Buffer Loading */ "DOCM_VERSION" , "TM_SYS_TYPE" , "TM_SYS_SUBTYPE" , "PROPERTY_ID" , "PROPERTY_VALUE" , "DOCR_CHANGED_AT" , "DOCR_CHANGED_BY" FROM "/STMC/CR_CONFIG" WHERE "DOCM_VERSION" = ? AND "TM_SYS_TYPE" = ? AND "TM_SYS_SUBTYPE" = ? AND "PROPERTY_ID" = ?
SELECT /* Buffer Loading */ "EX_CLT" , "EX_USER" FROM "USER_EXEMPTION" WHERE "EX_CLT" = ? AND "EX_USER" = ?
SELECT /* Buffer Loading */ "ID" , "TYPE" , "AUTH_CHECK" , "INTERNAL" , "REUSABLE" FROM "EUOBJ" ORDER BY "EUOBJ" . "ID"
SELECT /* Buffer Loading */ "ID" , "TYPE" , "EDITOR" , "TADIR" , "E071" , "AUTH_CHECK" , "INTERNAL" FROM "EUOBJV" ORDER BY "EUOBJV" . "ID"
SELECT /* Buffer Loading */ "NAME" , "SPRSL" , "TEXT" FROM "TRDIRT" WHERE "NAME" = ? AND "SPRSL" = ?
SELECT /* Buffer Loading */ "PGMID" , "OBJECT" , "OBJ_NAME" , "KORRNUM" , "SRCSYSTEM" , "AUTHOR" , "SRCDEP" , "DEVCLASS" , "GENFLAG" , "EDTFLAG" , "CPROJECT" , "MASTERLANG" , "VERSID" , "PAKNOCHECK" , "OBJSTABLTY" , "COMPONENT" , "CRELEASE" , "DELFLAG" , "TRANSLTTXT" , "CREATED_ON" , "CHECK_DATE" , "CHECK_CFG" FROM "TADIR" WHERE "PGMID" = ? AND "OBJECT" = ? AND "OBJ_NAME" = ?
SELECT /* Buffer Loading */ "PROGNAME" , "SPRSL" , "OBJ_CODE" , "TEXT" FROM "D347T" WHERE "PROGNAME" = ? AND "SPRSL" = ? AND "OBJ_CODE" = ?
SELECT /* Buffer Loading */ "SPRAS" , "TYPE" , "STEXT" , "SINGULAR" FROM "EUOBJT" WHERE "SPRAS" = ? AND "TYPE" = ?
SELECT /* FDA READ */ "BO_KEY" , "OBSERVED_BO_KEY" FROM "/BOBF/OBM_SUBSCR"
SELECT /* FDA READ */ "BO_KEY" , "PREDECESSOR_BO" , "SUCCESSOR_BO" FROM "/BOBF/OBM_FINORD"
SELECT /* FDA READ */ "BO_KEY" , "VERSION" , "ABSTRACT" FROM "/BOBF/OBM_OBJ"
SELECT /* FDA READ */ "C" . "MANDT" , "C" . "QUEUENAME" , "R" . "STATUS" , "C" . "MODULENAME" , "R" . "LASTMSG" , "R" . "LASTERROR" , "C" . "QLNGNAME" FROM "SMOHRRQCUST" "C" INNER JOIN "SMOHRRQRT" "R" ON "C" . "MANDT" = "R" . "MANDT" AND "C" . "QUEUENAME" = "R" . "QUEUENAME" WHERE "C" . "QUEUENAME" <> N'QD'
SELECT /* FDA READ */ "CLASSNAME" , "METHODINDX" , "METHODNAME" , "FLAGS" FROM "TMDIR" WHERE "CLASSNAME" = ?
SELECT /* FDA READ */ "CLIENT" , "ARTIFACT" , "IDP_KEY" , "RESPONSE_IS_SIGNED" , "NOTBEFORE" , "NOTONORAFTER" , "RESPONSE" FROM "SAML2_RES_ARTFCT" WHERE "NOTONORAFTER" < ? LIMIT 1000
SELECT /* FDA READ */ "CLIENT" , "DRAFT_ENTITY" , "DRAFT_KEY" , "ACCESS_TYPE" , "ACTIVE_DOCUMENT_ETAG" , "ACTIVE_DOCUMENT_ID" , "CREATED_AT" , "CREATED_BY" , "ENQUEUE_CONTEXT" , "ENQUEUE_SINCE" , "IN_PROCESS_BY" , "IN_PROCESS_SINCE" , "KEPT_BY_USER" , "LAST_CHANGED_AT" , "LAST_CHANGED_BY" , "PRINCIPAL_DRAFT_ENTITY" , "PRINCIPAL_DRAFT_KEY" FROM /* Entity name: SDRAFT_LOCK_EXP */ "VDRAFT_LOCK_EXP" ( "P_EXPIRY_EVENT" => ? , "P_CURRENT_TIME" => ? , "P_GLOBAL_TOKEN" => ? ) "SDRAFT_LOCK_EXP" WHERE "CLIENT" >= ? AND "DRAFT_ENTITY" >= ? AND "DRAFT_ENTITY" <> N'<@@ADMIN_TRACE@@>' AND "DRAFT_KEY" > ? ORDER BY "SDRAFT_LOCK_EXP" . "CLIENT" , "SDRAFT_LOCK_EXP" . "DRAFT_ENTITY" , "SDRAFT_LOCK_EXP" . "DRAFT_KEY" LIMIT ?
SELECT /* FDA READ */ "CLIENT" , "DRAFT_ENTITY" , "DRAFT_KEY" , "ACCESS_TYPE" , "ACTIVE_DOCUMENT_ETAG" , "ACTIVE_DOCUMENT_ID" , "CREATED_AT" , "CREATED_BY" , "ENQUEUE_CONTEXT" , "ENQUEUE_SINCE" , "IN_PROCESS_BY" , "IN_PROCESS_SINCE" , "KEPT_BY_USER" , "LAST_CHANGED_AT" , "LAST_CHANGED_BY" , "PRINCIPAL_DRAFT_ENTITY" , "PRINCIPAL_DRAFT_KEY" FROM /* Entity name: SDRAFT_PROC_EXP */ "VDRAFT_PROC_EXP" ( "P_EXPIRY_EVENT" => ? , "P_CURRENT_TIME" => ? , "P_GLOBAL_TOKEN" => ? ) "SDRAFT_PROC_EXP" WHERE "CLIENT" >= ? AND "DRAFT_ENTITY" >= ? AND "DRAFT_ENTITY" <> N'<@@ADMIN_TRACE@@>' AND "DRAFT_KEY" > ? ORDER BY "SDRAFT_PROC_EXP" . "CLIENT" , "SDRAFT_PROC_EXP" . "DRAFT_ENTITY" , "SDRAFT_PROC_EXP" . "DRAFT_KEY" LIMIT ?
SELECT /* FDA READ */ "CLIENT" , "DRAFT_ENTITY" , "DRAFT_KEY" , "PRINCIPAL_DRAFT_ENTITY" , "PRINCIPAL_DRAFT_KEY" , "CREATED_AT" , "CREATED_BY" , "LAST_CHANGED_AT" , "LAST_CHANGED_BY" , "ACTIVE_DOCUMENT_ID" , "ACTIVE_DOCUMENT_ETAG" , "ACCESS_TYPE" , "IN_PROCESS_BY" , "IN_PROCESS_SINCE" , "KEPT_BY_USER" , "ENQUEUE_CONTEXT" , "ENQUEUE_SINCE" FROM "SDRAFT_ADMIN" WHERE "DRAFT_ENTITY" = N'<@@ADMIN_TRACE@@>'
SELECT /* FDA READ */ "CLIENT" , "GUID" , "HASH_ID" , "ID" , "VALID_TO" , "ISSUER" FROM "SAML2_USED_ASSRT" WHERE "VALID_TO" < ? LIMIT 1000
SELECT /* FDA READ */ "CLIENT" , "HANDLE" , "ENDPOINT" , "SOURCE_ID" , "SENDER" , "RECEIVER" , "VALID_TO" , "MESSAGE" FROM "SAML2_ARTIFACT" WHERE "VALID_TO" < ? LIMIT 1000
SELECT /* FDA READ */ "CLIENT" , "ID_HASH" , "ID" , "VALID_TO" FROM "SAML2_ASSERT" WHERE "VALID_TO" < ? LIMIT 1000
SELECT /* FDA READ */ "CLIENT" , "REQUEST_IDH" , "SENDER" , "RECEIVER" , "VALID_TO" , "REQUEST_ID" , "APPLICATION_URI" FROM "SAML2_REQUEST" WHERE "VALID_TO" < ? LIMIT 1000
SELECT /* FDA READ */ "CLIENT" , "SECURITY_CONTEXT" , "TIMESTAMP" , "IDP_KEY" , "SP_KEY" , "SPNAMEQUAL_KEY" , "SESSION_INDEX_H" , "SESSION_INDEX" , "IDP_NAME_FORMAT" , "IDP_NAME_ID_H" , "IDP_NAME_ID" , "NAMEQUAL" , "SPNAMEQUAL" , "ACCESS_POLICY" FROM "SAML2_SESSION" WHERE "TIMESTAMP" < ? ORDER BY "SAML2_SESSION" . "CLIENT" , "SAML2_SESSION" . "SECURITY_CONTEXT" LIMIT 1000
SELECT /* FDA READ */ "CUSGRPNAME" , "WHICHTOOL" , "SETNAME" , "TOOLNAME" , "TOOLSTAT" , "CHG_USER" , "CHG_DATE" , "CHG_TIME" FROM "ALCLASTOOL" WHERE "SETNAME" = N'SAP-DEFAULT'
SELECT /* FDA READ */ "DBOBJ_NAME" , "DBOBJ_VERS" , "DBOBJ_KIND" , "DBOBJ_DROP_STMT" , "RETRY_CNT" , "RETRY_TIMESTAMP" FROM "D010DBOBJDEL" WHERE "RETRY_TIMESTAMP" <= ? LIMIT 100
SELECT /* FDA READ */ "DEST_ID" , "DEST_APP" , "DEST_STEXT" , "DEST_STATUS" , "DEST_MAXUSER" , "DEST_PRIO" , "DEST_COMTYPE" , "DEST_COMDEST" FROM "RCCC_ENG_DEST" WHERE "DEST_STATUS" = ?
SELECT /* FDA READ */ "DEST_NAME" , "CLIENT" , "QUEUE_NAME" , "TIMESTAMP" FROM "QRFC_I_QIN_LOCK"
SELECT /* FDA READ */ "DEST_NAME" , "CLIENT" , "QUEUE_NAME" , "TIMESTAMP" FROM "QRFC_O_QOUT_LOCK"
SELECT /* FDA READ */ "DEST_NAME" , "VALID_UNTIL" FROM "BGRFC_I_DESTLOCK"
SELECT /* FDA READ */ "DEST_NAME" , "VALID_UNTIL" FROM "BGRFC_O_DESTLOCK"
SELECT /* FDA READ */ "DP_SERVER_NAME" , "RFC_SERVER_NAME" , "SCHEDULER_CNT" , "TASK_CNT_MAX" , "GW_RESOURCES" , "IDLE_TIME" , "LB_EXP_TIME" , "DEST_CNT_MAX" , "ORIG_USER" , "ORIG_CLIENT" , "ORIG_DATE" , "ORIG_TIME" FROM "BGRFC_CUST_I_SRV" WHERE "DP_SERVER_NAME" = ? OR "DP_SERVER_NAME" = N'BGRFC_INSTANCE_DEFAULTS'
SELECT /* FDA READ */ "DRAFT_ENTITY" , "EXPIRY_EVENT" , "EXPIRY_DURATION" , "EXPIRY_RELATIVE_TO" FROM "SDRAFT_LC_CONFIG" WHERE "DRAFT_ENTITY" = N'<DEFAULT>' AND "EXPIRY_EVENT" = ?
SELECT /* FDA READ */ "ENGINE_APP" , "ENGINE_STEXT" , "ENGINE_TRACE" , "ENGINE_DUMP_IN" , "ENGINE_DUMP_OUT" , "ENGINE_CLEAN_CBK" , "ENGINE_EVENT_CBK" , "ENGINE_HANDLER_CBK" FROM "RCCC_ENGINES"
SELECT /* FDA READ */ "EVENT_ID" FROM "DYNABAPHDR" WHERE "TIMESTAMP" < ? AND ( "KEEP_EVENT" = N'' OR "KEEP_EVENT" IS NULL ) LIMIT ?
SELECT /* FDA READ */ "EXE_START_TIME" , "UNIT_ID" , "UNIT_KIND" FROM "BGRFC_SRV_CFM" WHERE "EXE_START_TIME" <= ? LIMIT 1000
SELECT /* FDA READ */ "FINISHED_AT" , "UNIT_ID" FROM "BGRFC_UNIT_TIME" WHERE "FINISHED_AT" >= ? AND "FINISHED_AT" <= ? AND "UNIT_KIND" = 1409196102
SELECT /* FDA READ */ "FINISHED_AT" , "UNIT_ID" FROM "BGRFC_UNIT_TIME" WHERE "FINISHED_AT" >= ? AND "FINISHED_AT" <= ? AND "UNIT_KIND" = 1409196105
SELECT /* FDA READ */ "FINISHED_AT" , "UNIT_ID" FROM "BGRFC_UNIT_TIME" WHERE "FINISHED_AT" >= ? AND "FINISHED_AT" <= ? AND "UNIT_KIND" = 1409196106
SELECT /* FDA READ */ "FINISHED_AT" , "UNIT_ID" FROM "BGRFC_UNIT_TIME" WHERE "FINISHED_AT" >= ? AND "FINISHED_AT" <= ? AND ( "UNIT_KIND" = 1409196101 OR "UNIT_KIND" = 1409196103 )
SELECT /* FDA READ */ "HOST" , "PORT" , "SSL_PORT" , "GROUP_ID" , "POS" , "STATE" FROM "SCMS_STACS"
SELECT /* FDA READ */ "HOST" , "PORT" , "SSL_PORT" , "STATE" FROM "SCMS_STACA"
SELECT /* FDA READ */ "HOST" , "PORT" , "SSL_PORT" , "STATE" FROM "SCMS_STAPX"
SELECT /* FDA READ */ "JOBNAME" , "JOBCOUNT" , "JOBGROUP" , "INTREPORT" , "STEPCOUNT" , "SDLSTRTDT" , "SDLSTRTTM" , "BTCSYSTEM" , "SDLDATE" , "SDLTIME" , "SDLUNAME" , "LASTCHDATE" , "LASTCHTIME" , "LASTCHNAME" , "RELDATE" , "RELTIME" , "RELUNAME" , "STRTDATE" , "STRTTIME" , "ENDDATE" , "ENDTIME" , "PRDMINS" , "PRDHOURS" , "PRDDAYS" , "PRDWEEKS" , "PRDMONTHS" , "PERIODIC" , "DELANFREP" , "EMERGMODE" , "STATUS" , "NEWFLAG" , "AUTHCKNAM" , "AUTHCKMAN" , "SUCCNUM" , "PREDNUM" , "JOBLOG" , "LASTSTRTDT" , "LASTSTRTTM" , "WPNUMBER" , "WPPROCID" , "EVENTID" , "EVENTPARM" , "BTCSYSREAX" , "JOBCLASS" , "PRIORITY" , "EVENTCOUNT" , "CHECKSTAT" , "CALENDARID" , "PRDBEHAV" , "EXECSERVER" , "EOMCORRECT" , "CALCORRECT" , "REAXSERVER" , "RECLOGSYS" , "RECOBJTYPE" , "RECOBJKEY" , "RECDESCRIB" , "TGTSRVGRP" FROM "TBTCO" WHERE "STATUS" = N'R'
SELECT /* FDA READ */ "MANDANT" , "TASK_ID" , "TASK_LUW_ID" , "TASK_STAT" , "TASK_NAME" , "TASK_DEST" , "TASK_FUNC" , "TASK_UID" , "TASK_TIME" , "TASK_IFCOM" , "TASK_IFCALL" , "TASK_TIMEOUT" FROM "TASK_VITA_LOST"
SELECT /* FDA READ */ "MANDANT" , "TASK_ID" , "TASK_LUW_ID" , "TASK_STAT" , "TASK_NAME" , "TASK_DEST" , "TASK_FUNC" , "TASK_UID" , "TASK_TIME" , "TASK_IFCOM" , "TASK_IFCALL" , "TASK_TIMEOUT" FROM "TASK_VITA_MAIN"
SELECT /* FDA READ */ "MANDT" , "AUTH_CONTEXT_ID" , "CLIENT_ID" , "RO_USER" , "CREATION_TIME" , "EXPIRY_TIME" , "REDIRECT_URI" FROM "OA2_SR_A_CTX" WHERE "EXPIRY_TIME" < ? LIMIT ?
SELECT /* FDA READ */ "MANDT" , "AUTH_CONTEXT_ID" , "SCOPE_ID" , "EXPIRY_TIME" FROM "OA2_SR_A_CTX_SC" WHERE "EXPIRY_TIME" < ? LIMIT ?
SELECT /* FDA READ */ "MANDT" , "BUFFER_VERSION" , "CONNECTOR_ID" , "CONNECTION_GUID" , "STATUS" , "CONTENT_FORMAT" , "CONTENT_CHECKSUM" , "CONTENT" , "UPDATE_TIMESTAMP" , "UPDATE_USER" , "CDS_ENTITY" , "IS_INTERNAL" , "IS_ROOT" , "DEFAULT_REQUEST_TYPE_ID" , "BLUEPRINT_CHECKSUM" FROM "ESH_RUBU_SC" WHERE "MANDT" = ? AND "BUFFER_VERSION" = ?
SELECT /* FDA READ */ "MANDT" , "DB_KEY" , "USERA" , "CREA_DATE_TIME" , "STATUS" , "TYPE_CODE" , "ID" , "TCODE" , "CPUDT" , "CPUTM" FROM "FDC_D_DFT_HDR" WHERE "MANDT" = ? AND "CPUDT" < ? AND "TCODE" LIKE ? LIMIT ?
SELECT /* FDA READ */ "MANDT" , "PARAM_GUID" , "PARAM_NAME" , "VALUE" , "TIMESTMP" , "LOGSYS" FROM "ESH_ADM_PARAM" WHERE "PARAM_NAME" = ?
SELECT /* FDA READ */ "MANDT" , "RT_CONTEXT_ID" , "CLIENT_ID" , "RO_USER" , "CREATION_TIME" , "EXPIRY_TIME" , "ALGORITHM" , "HASH" FROM "OA2_SR_RT_CTX" WHERE "EXPIRY_TIME" < ? LIMIT ?
SELECT /* FDA READ */ "MANDT" , "RT_CONTEXT_ID" , "SCOPE_ID" , "EXPIRY_TIME" FROM "OA2_SR_RT_CTX_SC" WHERE "EXPIRY_TIME" < ? LIMIT ?
SELECT /* FDA READ */ "MANDT" , "RT_CONTEXT_ID" , "SERVER_CONTEXT_ID" , "EXPIRY_TIME" FROM "OA2_SR_RT_CTX_AT" WHERE "EXPIRY_TIME" < ? LIMIT ?
SELECT /* FDA READ */ "MANDT" , "SERVER_CONTEXT_ID" , "CLIENT_ID" , "RO_USER" , "CREATION_TIME" , "EXPIRY_TIME" , "GRANT_TYPE" , "AUTH_CONTEXT_ID" FROM "OA2_SR_CTX" WHERE "EXPIRY_TIME" < ? LIMIT ?
SELECT /* FDA READ */ "MANDT" , "SERVER_CONTEXT_ID" , "SCOPESET_ID" , "SCOPE_ID" , "EXPIRY_TIME" FROM "OA2_SR_CTX_SCSET" WHERE "EXPIRY_TIME" < ? LIMIT ?
SELECT /* FDA READ */ "MANDT" , "SERVER_CONTEXT_ID" , "SCOPE_ID" , "EXPIRY_TIME" FROM "OA2_SR_CTX_SC" WHERE "EXPIRY_TIME" < ? LIMIT ?
SELECT /* FDA READ */ "MANDT" , "USERA" , "TMPTY" , "TMPID" , "CRDAT" , "AEDAT" , "AETIM" , "LAUFI" , "ENQ_CONTEXT_ID" FROM "FDC_D_ACCDOC_TMP" WHERE "MANDT" = ? AND "RELID" = N'FI' AND ( "AEDAT" < ? OR "AEDAT" = ? AND "AETIM" < ? ) ORDER BY "FDC_D_ACCDOC_TMP" . "TMPID"
SELECT /* FDA READ */ "MANDT" , "USERA" , "TMPTY" , "TMPID" , "CRDAT" , "AEDAT" , "AETIM" , "LAUFI" , "ENQ_CONTEXT_ID" FROM "FDC_D_ACCDOC_TMP" WHERE "RELID" = N'FI' AND "TMPTY" = N'T' AND ( "LAUFI" <> ? OR "ENQ_CONTEXT_ID" <> ? ) AND ( "AEDAT" < ? OR "AEDAT" = ? AND "AETIM" < ? ) AND "XLOCK_DELETED" = N'' ORDER BY "FDC_D_ACCDOC_TMP" . "TMPID"
SELECT /* FDA READ */ "MODEL_IDENTIFIER" , "IS_ACTIVE" , "BASE_MDL_IDENT" FROM "/IWFND/I_MED_INH" WHERE "BASE_MDL_IDENT" = ? AND "IS_ACTIVE" = ?
SELECT /* FDA READ */ "MONITOR_JOBNAME" , "ACTIVE" , "POSITIVE_JOBLIST" , "NEGATIVE_JOBLIST" , "MAX_RUNTIME_MIN" , "AUTOCOMPLT_ALERT" , "MTE_CLASS" FROM "ALLONGJOB_CTRL"
SELECT /* FDA READ */ "MTSYSID" , "MTMCNAME" , "MTNUMRANGE" , "MTUID" , "MTCLASS" , "WHICHTOOL" , "SETNAME" , "MTINDEX" , "EXTINDEX" , "OBJECTNAME" , "MTNAMESHRT" , "TOOLNAME" , "TOOLSTAT" , "CHG_USER" , "CHG_DATE" , "CHG_TIME" FROM "ALTIDTOOL" WHERE "SETNAME" = N'SAP-DEFAULT'
SELECT /* FDA READ */ "NAME" , "BO_KEY" , "REF_BO_KEY" FROM "/BOBF/OBM_NODE" WHERE "NODE_TYPE" = N'D'
SELECT /* FDA READ */ "NAME" , "EXTENSION" , "VERSION" , "DISABLED_EL_KEY" , "BO_KEY" , "CONTENT_NODE_KEY" , "CONTENT_KEY" , "CREATE_USER" , "CREATE_TIME" , "CHANGE_USER" , "CHANGE_TIME" FROM "/BOBF/OBM_DISEL" WHERE "BO_KEY" = ? AND "VERSION" = ?
SELECT /* FDA READ */ "NAME" , "EXTENSION" , "VERSION" , "PROPERTY_KEY" , "BO_KEY" , "CONTENT_CAT" , "CONTENT_KEY" , "HIERARCHY_KEY" , "ATTRIBUTE_NAME" , "PROPERTY_NAME" , "PROPERTY_VALUE" , "FINAL" , "CREATE_USER" , "CREATE_TIME" , "CHANGE_USER" , "CHANGE_TIME" FROM "/BOBF/OBM_PRXPTY" WHERE "BO_KEY" = ? AND "VERSION" = ?
SELECT /* FDA READ */ "NAME" , "VALUE" FROM "/UI2/CHIP_CSTAT" WHERE "NAME" = ? OR "NAME" = ?
SELECT /* FDA READ */ "OCS_TOOL" , "SEM_STATE" , "JOBNAME" , "JOBCOUNT" , "COMMAND" , "REPORT" , "IMM_START" , "SDLSTRTDT" , "SDLSTRTTM" , "LASTSTRTDT" , "LASTSTRTTM" , "STATUS" , "BTCSERVER" FROM "PAT10B" WHERE "SEM_STATE" = ? ORDER BY "PAT10B" . "OCS_TOOL" , "PAT10B" . "SEM_STATE"
SELECT /* FDA READ */ "PADEST" FROM "TSP03" WHERE "PAMETHOD" IN ( ? , ? )
SELECT /* FDA READ */ "PATCH" , "SEQUENCE" , "STEPNAME" , "STEPCOND" , "RET_CODE" , "MESSAGE" , "REASON" , "SCENARIO" , "VALID_CONJ" FROM "PAT01"
SELECT /* FDA READ */ "PJIDENT" , "PJNUMMER" , "PJDEST" , "PJPAPER" , "PJPHYPAPER" , "PJCREATIME" , "PJSTATUS" , "PJINFO" , "PJCOPIES" , "PJSTRTPAGE" , "PJENDPAGE" , "PJOWNER" , "PJFINADONE" , "PJFINASERR" , "PJFINAHERR" , "PJHOSTID" , "PJCLIENT" , "PJSTRTTIME" , "PJAENDTIME" , "PJHENDTIME" , "PJINFOMSG" , "PJSIZE" , "PJERRPROT" , "PJPRIO" , "PJREASON" , "PJTITLE" , "PJRECEIVER" , "PJDIVISION" , "PJTELENUM" , "PJWORKHOST" , "PJSERVER" , "PJLFDDCOPY" , "PJLFDPCOPY" , "PJPOSNAME" , "PJACTTIME" FROM "TSP02" WHERE "PJSTATUS" = N'2' AND "PJINFO" < 256 ORDER BY "TSP02" . "PJSERVER" , "TSP02" . "PJCREATIME"
SELECT /* FDA READ */ "SAPCLIENT" , "OPID" , "LOGNO" , "SAPUSER" , "TIMESTAMP" , "LOCATION" , "ERROR_CATEGORY" , "SUBCATEGORY" , "T100_AREA" , "T100_MSGNO" , "SHORT_TEXT" , "PROXY_NAME" , "ERRLOC_COMPONENT" , "ERRLOC_PACKAGE" , "ERRLOC_PROGRAM" , "ERRLOC_INCLUDE" , "ERRLOC_ROWNO" , "ERRLOC_FTYPE" , "MESSAGE_ID" , "SEQUENCE_ID" , "QUEUE_NAME" , "REMOTE_ADDRESS" , "APPLSERVER" , "APPLID" , "ROOT_CTX_ID" , "CONNECTION_ID" , "CONNECTION_CNT" , "TRANSACTION_ID" , "ROOT_TERM_ID" , "EXPIRE" , "ERROR_CONTEXT" , "HTML_PAGE" , "COMMTYPE" , "FIRST_TSTMP" , "ERRCOUNT" , "T100_MSGV1" , "T100_MSGV2" , "T100_MSGV3" , "T100_MSGV4" , "CALLSTACK" , "COMMTYPENAME" , "IFNAME" , "CALLSTACK_XSIZE" , "CONFIG_XSIZE" , "PAYLOAD_XSIZE" FROM "SRT_UTIL_ERRLOG" WHERE "SAPCLIENT" = ? AND "TIMESTAMP" BETWEEN ? AND ?
SELECT /* FDA READ */ "SETNAME" , "STARTDATE" , "STARTTIME" , "ENDDATE" , "ENDTIME" , "MODENAME" , "TARGET" , "SETTYPE" FROM "BTCOMSET" WHERE "SETNAME" = ? ORDER BY "BTCOMSET" . "SETNAME" , "BTCOMSET" . "STARTDATE" , "BTCOMSET" . "STARTTIME"
SELECT /* FDA READ */ "SRC_MODEL_ID" , "IS_ACTIVE" , "SRC_ENTITY_ID" , "MAPPING_TYPE" , "SRV_IDENTIFIER" , "TRG_MODEL_ID" , "TRG_ENTITY_ID" , "TRG_OPERA_TYPE" FROM "/IWFND/I_MED_MHD" WHERE "SRC_MODEL_ID" = ? AND "SRV_IDENTIFIER" = ? AND "IS_ACTIVE" = ?
SELECT /* FDA READ */ "STATUS" , COUNT(*) FROM "RCCD_ENG_LOG" WHERE "MANDT" = ? AND "APP" = ? GROUP BY "STATUS"
SELECT /* FDA READ */ "TM_EXTERNAL_ID" , "KIND" , "TM_SYS_ID" FROM "/STMC/TM_SYS_EID" WHERE "TM_SYS_ID" = ?
SELECT /* FDA READ */ "UNIT_ID" , "TIMESTAMP" , "SCHEDULER_ID" , "SCHEDULER_INST" , "STATE" FROM "QRFC_I_EXE_STATE" WHERE "SCHEDULER_ID" = ? AND "SCHEDULER_INST" = ? AND ( "STATE" = 21201 OR "STATE" = 21202 )
SELECT /* FDA READ */ "UNIT_ID" , "TIMESTAMP" , "SCHEDULER_ID" , "SCHEDULER_INST" , "STATE" FROM "TRFC_I_EXE_STATE" WHERE "SCHEDULER_ID" = ? AND "SCHEDULER_INST" = ? AND ( "STATE" = 21201 OR "STATE" = 21202 )
SELECT /* FDA READ */ "VALID_UNTIL" , "LOCK_ID" , "UNIT_KIND" FROM "BGRFC_LOCK_TIME" WHERE "VALID_UNTIL" <= ? LIMIT 1000
SELECT /* FDA READ */ "VBKEY" , "VBDATE" FROM "VBHDR" WHERE NOT "VBDATE" LIKE ? AND "VBRC" BETWEEN 0 AND 255
SELECT /* FDA READ */ /* Buffer Loading */ "MANDT" , "LOG_USE_CASE" , "LOG_LEVEL" FROM "/IWBEP/C_LOGLV" WHERE "MANDT" = ? ORDER BY "/IWBEP/C_LOGLV" . "MANDT" , "/IWBEP/C_LOGLV" . "LOG_USE_CASE"
SELECT /* FDA READ */ /* Buffer Loading */ "MANDT" , "NAME" , "USERNAME" , "SERVER" , "IS_PROGRAM" , "ACTDEFAULT" , "ACTMODE" , "ACT_USER" , "ACT_TSTAMP" , "EXP_TSTAMP" FROM "AAB_ID_ACT" WHERE "MANDT" = ? ORDER BY "AAB_ID_ACT" . "MANDT" , "AAB_ID_ACT" . "NAME" , "AAB_ID_ACT" . "USERNAME" , "AAB_ID_ACT" . "SERVER" , "AAB_ID_ACT" . "IS_PROGRAM" , "AAB_ID_ACT" . "ACTDEFAULT"
SELECT /* FDA READ */ DISTINCT  "CLIENT" , "DRAFT_ENTITY" FROM "SDRAFT_ADMIN" ORDER BY "SDRAFT_ADMIN" . "DRAFT_ENTITY"
SELECT /* FDA READ */ DISTINCT  "DEST_NAME" FROM "BGRFC_I_RUNNABLE"
SELECT /* FDA READ */ DISTINCT  "DEST_NAME" FROM "BGRFC_O_RUNNABLE"
SELECT /* FDA READ */ DISTINCT  "ELEMENT_TYPE" FROM "/STMC/OSMS1" WHERE "SYS_ID" = ?
SELECT /* FDA READ */ DISTINCT  "ENTITY_ID" "UUID" FROM "/IWFND/I_MED_VEH" WHERE "MODEL_IDENTIFIER" = ?
SELECT /* FDA READ */ DISTINCT  "MANDT" FROM "SMOHRRQCUST"
SELECT /* FDA READ */ DISTINCT  "SCHEDULER_INST" , "SCHEDULER_ID" FROM "QRFC_I_EXE_STATE"
SELECT /* FDA READ */ DISTINCT  "SCHEDULER_INST" , "SCHEDULER_ID" FROM "QRFC_O_EXE_STATE"
SELECT /* FDA READ */ DISTINCT  "SCHEDULER_INST" , "SCHEDULER_ID" FROM "TRFC_I_EXE_STATE"
SELECT /* FDA READ */ DISTINCT  "SCHEDULER_INST" , "SCHEDULER_ID" FROM "TRFC_O_EXE_STATE"
SELECT /* FDA READ */ DISTINCT  "SYS_ID" FROM "/STMC/OSMS1"
SELECT /* FDA READ */ DISTINCT  "TIME_GRANULARITY" FROM "/STMC/OSMS1" WHERE "SYS_ID" = ? AND "ELEMENT_TYPE" = ?
SELECT /* FDA WRITE */ DISTINCT  "TFDIR" . "FUNCNAME" FROM "TFDIR" , ? AS "t_00" ("C_0" NVARCHAR(30)) WHERE "TFDIR" . "FUNCNAME" = "t_00" . "C_0"
SELECT AMDP_NAME FROM  "DDTBFUNCDEP"  WHERE AS4LOCAL = 'A' AND STRUCOBJN =  ?
SELECT COUNT(*) FROM "/SAPAPO/TSQAP" WHERE "MANDT" = ?
SELECT COUNT(*) FROM "/SAPAPO/TSQMLA" WHERE "MANDT" = ?
SELECT COUNT(*) FROM "/SAPAPO/TSQMLAR" WHERE "MANDT" = ?
SELECT COUNT(*) FROM "/SAPAPO/TSQMLASA" WHERE "MANDT" = ?
SELECT COUNT(*) FROM "/SAPAPO/TSQMLO" WHERE "MANDT" = ?
SELECT COUNT(*) FROM "/SAPAPO/TSQMLOR" WHERE "MANDT" = ?
SELECT COUNT(*) FROM "/SAPAPO/TSQMLOSA" WHERE "MANDT" = ?
SELECT COUNT(*) FROM "/SAPAPO/TSQMP" WHERE "MANDT" = ?
SELECT COUNT(*) FROM "/SAPAPO/TSQR" WHERE "MANDT" = ?
SELECT COUNT(*) FROM "/SAPAPO/TSQRP" WHERE "MANDT" = ?
SELECT COUNT(*) FROM "/SAPAPO/TSQUEUE" WHERE "MANDT" = ?
SELECT COUNT(*) FROM "ALALERTDB"
SELECT COUNT(*) FROM "ALALRTGUID"
SELECT COUNT(*) FROM "ALTRAMONI"
SELECT COUNT(*) FROM "RCCD_ENG_LOG" WHERE "MANDT" = ?
SELECT COUNT(*) FROM "RCCD_ENG_LOG" WHERE "MANDT" = ? AND "APP" = ?
SELECT COUNT(*) FROM "SMOHMSGQAC" WHERE "MANDT" = ?
SELECT COUNT(*) FROM "SMOHMSGQEB" WHERE "MANDT" = ?
SELECT COUNT(*) FROM "SMOHMSGQEX" WHERE "MANDT" = ?
SELECT COUNT(*) FROM "SMOHMSGQRD" WHERE "MANDT" = ?
SELECT COUNT(*) FROM "SMOHMSGQRE" WHERE "MANDT" = ?
SELECT COUNT(*) FROM "SMOHMSGQSU" WHERE "MANDT" = ?
SELECT COUNT(*) FROM "TSP01"
SELECT COUNT(*) FROM ( SELECT 1 FROM "ESH_RUBU_MEM_INV" WHERE "AREA_NAME" = ? AND ( "INST_NAME" = ? OR "INST_NAME" = N'' ) AND "INVAL_TS" >= ? LIMIT 1 )
SELECT DISTINCT  "DDLNAME" , "OBJECTNAME" , "STATE" , "OBJECTTYPE" FROM "DDLDEPENDENCY" WHERE "DDLNAME" IN ( ? )
SELECT DISTINCT  "DDLNAME" FROM "DDLDEPENDENCY" WHERE "OBJECTNAME" IN ( ? ) AND "OBJECTTYPE" = ?
SELECT DISTINCT  "DRAFT_ENTITY" , "EXPIRY_EVENT" , "EXPIRY_DURATION" , "EXPIRY_RELATIVE_TO" FROM "SDRAFT_LC_CONFIG" WHERE "EXPIRY_EVENT" = ? AND "DRAFT_ENTITY" IN ( ? , ? , ? , ? , ? , ? )
SELECT DISTINCT  "INSTANCENAME" FROM "SEC_CONTEXT_COPY"
SELECT DISTINCT  "NAME" , "EXTENSION" , "VERSION" , "ACF_MAP_KEY" , "ACF" , "AUTH_OBJ_NAME" , "BO_KEY" , "NODE_KEY" , "ASSOC_KEY" , "TARGET_NODE_KEY" , "TARGET_FIELD_NAME" , "CREATE_USER" , "CREATE_TIME" , "CHANGE_USER" , "CHANGE_TIME" FROM "/BOBF/ACF_MAP" WHERE "BO_KEY" IN ( ? ) AND "VERSION" = ?
SELECT DISTINCT  "NAME" , "EXTENSION" , "VERSION" , "ACT_KEY" , "ACT_CAT" , "ACT_NAME" , "ACT_ESR_NAME" , "ACT_GENIL_NAME" , "ACT_CARDINALITY" , "NODE_KEY" , "ACT_CLASS" , "PARAM_DATA_TYPE" , "PARAM_CDS_ABSTRACT_ENTITY" , "ESR_PARAM_DATA_T" , "EDIT_MODE" , "EXEC_ONLY_ALL" , "SP_MAPPER_CLASS" , "USE_PROXY_TYPE" , "PREPARE_IMPL" , "CHK_ACT_ALSO_INT" , "BASE_ACTION_KEY" , "EXTENDIBLE" , "EXPORT_PARAM" , "EXPORT_PARAM_S" , "EXPORT_PARAM_TT" , "EXPORT_PARAM_CDS_ABSTR_ENTITY" , "EXPORT_PARAM_BO" , "EXPORT_PARAM_ND" , "EXPORT_CARDINALITY" , "EXPORT_PARAM_LINK_TO_INSTANCE" , "ACT_ANNOTATION" FROM "/BOBF/ACT_LIST" WHERE "BO_KEY" IN ( ? ) AND "VERSION" = ?
SELECT DISTINCT  "NAME" , "EXTENSION" , "VERSION" , "ALTKEY_KEY" , "NODE_KEY" , "ALTKEY_NAME" , "ALTKEY_ESR_NAME" , "DATA_TYPE" , "DATA_TABLE_TYPE" , "PRX_DATA_TYPE" , "SECKEYNAME" , "NOT_UNIQUE" , "SP_MAPPER_CLASS" FROM "/BOBF/OBM_ALTKEY" WHERE "BO_KEY" IN ( ? ) AND "VERSION" = ?
SELECT DISTINCT  "NAME" , "EXTENSION" , "VERSION" , "ASSOCB_KEY" , "BO_KEY" , "ASSOC_KEY" , "ATTRIBUTE_CAT" , "ATTRIBUTE" , "FROM_BINDING_CAT" , "FROM_BINDING" , "TO_BINDING_CAT" , "TO_BINDING" , "SIGN" , "CONST_INTERFACE" , "DATA_ACCESS_RELE" , "ALTKEY" , "CREATE_USER" , "CREATE_TIME" , "CHANGE_USER" , "CHANGE_TIME" FROM "/BOBF/OBM_ASSOCB" WHERE "BO_KEY" IN ( ? ) AND "VERSION" = ?
SELECT DISTINCT  "NAME" , "EXTENSION" , "VERSION" , "ASSOC_KEY" , "ASSOC_TYPE" , "ASSOC_CAT" , "ASSOC_NAME" , "ASSOC_ESR_NAME" , "ASSOC_GENIL_NAME" , "ASSOC_CLASS" , "SOURCE_NODE_KEY" , "ATTR_NAME_SOURCE" , "TARGET_NODE_KEY" , "PARAM_DATA_TYPE" , "CARDINALITY" , "QUERY_KEY" , "SECKEYNAME" , "CHANGE_RESOLVE" , "ESR_PARAM_DATA_T" , "ASSOC_RESOLVE" , "USE_PROXY_TYPE" , "SP_MAPPER_CLASS" FROM "/BOBF/OBM_ASSOC" WHERE "BO_KEY" IN ( ? ) AND "VERSION" = ?
SELECT DISTINCT  "NAME" , "EXTENSION" , "VERSION" , "AUTH_OBJ_KEY" , "AUTH_OBJ_NAME" , "BO_KEY" , "NODE_KEY" , "CREATE_USER" , "CREATE_TIME" , "CHANGE_USER" , "CHANGE_TIME" FROM "/BOBF/AUTH_OBJ" WHERE "BO_KEY" IN ( ? ) AND "VERSION" = ?
SELECT DISTINCT  "NAME" , "EXTENSION" , "VERSION" , "CONF_KEY" , "ASSOC_KEY" , "NODE_CAT_KEY" FROM "/BOBF/OBM_ASSOCC" WHERE "BO_KEY" IN ( ? ) AND "VERSION" = ?
SELECT DISTINCT  "NAME" , "EXTENSION" , "VERSION" , "CONF_KEY" , "BO_KEY" , "ACT_KEY" , "NODE_CAT_KEY" , "CREATE_USER" , "CREATE_TIME" , "CHANGE_USER" , "CHANGE_TIME" FROM "/BOBF/ACT_CONF" WHERE "BO_KEY" IN ( ? ) AND "VERSION" = ?
SELECT DISTINCT  "NAME" , "EXTENSION" , "VERSION" , "CONF_KEY" , "BO_KEY" , "ACT_KEY" , "VAL_KEY" , "NODE_CAT_KEY" , "CREATE_USER" , "CREATE_TIME" , "CHANGE_USER" , "CHANGE_TIME" FROM "/BOBF/VAL_CONF" WHERE "BO_KEY" IN ( ? ) AND "VERSION" = ?
SELECT DISTINCT  "NAME" , "EXTENSION" , "VERSION" , "CONF_KEY" , "BO_KEY" , "EXEC_TIME" , "DET_KEY" , "NODE_CAT_KEY" , "CREATE_USER" , "CREATE_TIME" , "CHANGE_USER" , "CHANGE_TIME" FROM "/BOBF/DET_CONF" WHERE "BO_KEY" IN ( ? ) AND "VERSION" = ?
SELECT DISTINCT  "NAME" , "EXTENSION" , "VERSION" , "CONF_KEY" , "BO_KEY" , "RTW_KEY" , "ATTRIBUTE_NAME" , "ACCESS_CAT" , "CONTENT_CAT" , "CREATE_USER" , "CREATE_TIME" , "CHANGE_USER" , "CHANGE_TIME" FROM "/BOBF/OBM_RTW_A" WHERE "BO_KEY" IN ( ? ) AND "VERSION" = ? AND "ACCESS_CAT" = N'W' AND "CONTENT_CAT" = N'D'
SELECT DISTINCT  "NAME" , "EXTENSION" , "VERSION" , "CONF_KEY" , "GROUP_KEY" , "CONTENT_KEY" , "CONTENT_CAT" FROM "/BOBF/OBM_GROUPC" WHERE "BO_KEY" IN ( ? ) AND "VERSION" = ?
SELECT DISTINCT  "NAME" , "EXTENSION" , "VERSION" , "DET_KEY" , "BO_KEY" , "DET_NAME" , "NODE_KEY" , "DET_CAT" , "DET_CLASS" , "EDIT_MODE" , "NO_EXEC_IF_FAIL" , "CHECK_IMPL" , "CHECK_DELTA_IMPL" , "TD_CONTAINER" , "TD_CONTAINER_VAR" , "CREATE_USER" , "CREATE_TIME" , "CHANGE_USER" , "CHANGE_TIME" , "DET_PATTERN" , "SIMPLIFIED_DT_TAG" , "OBJECT_MODEL_GENERATED" FROM "/BOBF/DET_LIST" WHERE "BO_KEY" IN ( ? ) AND "VERSION" = ?
SELECT DISTINCT  "NAME" , "EXTENSION" , "VERSION" , "GROUP_KEY" , "BO_KEY" , "GROUP_NAME" , "GROUP_CAT" , "NODE_KEY" , "STATUS_VARIABLE" , "STA_VAR_KEY" , "ACT_KEY" , "CHECK_IMMEDIATE" , "CREATE_USER" , "CREATE_TIME" , "CHANGE_USER" , "CHANGE_TIME" FROM "/BOBF/OBM_GROUP" WHERE "BO_KEY" IN ( ? ) AND "VERSION" = ? AND ( "GROUP_CAT" = N'1' OR "GROUP_CAT" = N'3' )
SELECT DISTINCT  "NAME" , "EXTENSION" , "VERSION" , "MAP_KEY" , "BO_KEY" , "CONTENT_KEY" , "CONTENT_CAT" , "HIERARCHY_KEY" , "FIELDNAME_EXT" , "FIELDNAME_INT" , "CONV_RULE" , "REDUNDANT_ATTR" , "CONST_INTERFACE" , "READ_REPEATABLE" , "CREATE_USER" , "CREATE_TIME" , "CHANGE_USER" , "CHANGE_TIME" FROM "/BOBF/OBM_MAP" WHERE "BO_KEY" IN ( ? ) AND "VERSION" = ?
SELECT DISTINCT  "NAME" , "EXTENSION" , "VERSION" , "NET_KEY" , "BO_KEY" , "DET_KEY_FROM" , "DET_KEY_TO" , "CREATE_USER" , "CREATE_TIME" , "CHANGE_USER" , "CHANGE_TIME" FROM "/BOBF/DET_NET" WHERE "BO_KEY" IN ( ? ) AND "VERSION" = ?
SELECT DISTINCT  "NAME" , "EXTENSION" , "VERSION" , "NET_KEY" , "BO_KEY" , "VAL_KEY_FROM" , "VAL_KEY_TO" , "CREATE_USER" , "CREATE_TIME" , "CHANGE_USER" , "CHANGE_TIME" FROM "/BOBF/VAL_NET" WHERE "BO_KEY" IN ( ? ) AND "VERSION" = ?
SELECT DISTINCT  "NAME" , "EXTENSION" , "VERSION" , "NODE_CAT_KEY" , "BO_KEY" , "NODE_KEY" , "NODE_CAT_NAME" , "STATUS_SCHEMA" , "STAT_SCHEMA_KEY" , "CREATE_USER" , "CREATE_TIME" , "CHANGE_USER" , "CHANGE_TIME" FROM "/BOBF/OBM_NCAT" WHERE "BO_KEY" IN ( ? ) AND "VERSION" = ?
SELECT DISTINCT  "NAME" , "EXTENSION" , "VERSION" , "NODE_KEY" , "BO_KEY" , "OBJ_KEY" , "NODE_NAME" , "NODE_ESR_NAME" , "NODE_ESR_PREFIX" , "NODE_GENIL_NAME" , "DATA_TYPE" , "DATA_DATA_TYPE" , "DATA_DATA_TYPE_T" , "DATA_TABLE_TYPE" , "GDT_DATA_TYPE" , "PRX_DAT_DAT_TYPE" , "EXT_INCL_NAME" , "EXT_INCL_NAME_T" , "DATABASE_TABLE" , "NODE_TYPE" , "NODE_CAT_KEY" , "SP_MAPPER_CLASS" , "SP_ID_MAP_CLASS" , "BUF_CLASS" , "MAPPER_CLASS" , "DELEGATION_CLASS" , "LCP_WRAP_CLASS" , "LOADABLE" , "LOCKABLE" , "TRANSIENT" , "SUBTREE_PROPERTY" , "KEY_INHERITED" , "USE_PROXY_TYPE" , "NODE_CLASS" , "ALIAS_RETRIEVE" , "ALIAS_RETRIEVE_S" , "ALIAS_CREATE_S" , "ALIAS_UPDATE_S" , "ALIAS_DELETE_S" , "KEY_SECKEYNAME" , "ROOT_SECKEYNAME" , "STA_CHILD_ASSOC" , "STA_PARENT_ASSOC" , "REF_BO_KEY" , "REF_NODE_KEY" , "EXTENDIBLE" , "AUTH_CHECK_CLASS" , "AUTH_CHECK_RELEVANT" , "TEXT_NODE_ADT" , "OBJECT_MODEL_GENERATED" , "OBJECT_MODEL_CDS_VIEW_NAME" , "OBJECT_MDL_ACTIVE_PERSISTENCE" , "OBJECT_MODEL_DELETED_IND" , "LAST_RELEVANT_DDIC_CHANGE" , "DRAFT_CLASS" , "OBJECT_MDL_LASTSTATECHANGEID" , "DRAFT_DATA_TYPE" , "OBJECT_MDL_DRAFT_PERSISTENCE" , "DRAFT_PERSISTENCE_KEY_TYPE" , "ACTIVE_PERSISTENCE_KEY_TYPE" , "SEMANTICS_CREATED_AT" , "SEMANTICS_CREATED_AT_DATE" , "SEMANTICS_CREATED_AT_TIME" , "SEMANTICS_CREATED_BY" , "SEMANTICS_LAST_CHANGED_AT" , "SEMANTICS_LAST_CHANGED_AT_DATE" , "SEMANTICS_LAST_CHANGED_AT_TIME" , "SEMANTICS_LAST_CHANGED_BY" , "OBJECT_MODEL_DATA_CATEGORY" , "CREATE_USER" , "CREATE_TIME" , "CHANGE_USER" , "CHANGE_TIME" FROM "/BOBF/OBM_NODE" WHERE "BO_KEY" IN ( ? ) AND "VERSION" = ?
SELECT DISTINCT  "NAME" , "EXTENSION" , "VERSION" , "PROPERTY_KEY" , "BO_KEY" , "NODE_KEY" , "NODE_CAT_KEY" , "ATTRIBUTE_NAME" , "PROPERTY_NAME" , "PROPERTY_VALUE" , "FINAL" , "CREATE_USER" , "CREATE_TIME" , "CHANGE_USER" , "CHANGE_TIME" FROM "/BOBF/OBM_PROPTY" WHERE "BO_KEY" IN ( ? ) AND "VERSION" = ?
SELECT DISTINCT  "NAME" , "EXTENSION" , "VERSION" , "QUERY_KEY" , "NODE_KEY" , "QUERY_NAME" , "QUERY_ESR_NAME" , "QUERY_GENIL_NAME" , "DATA_TYPE" , "PRX_DATA_TYPE" , "QUERY_CLASS" , "SP_MAPPER_CLASS" , "USE_PROXY_TYPE" , "RESULT_TYPE" , "RESULT_TYPE_T" , "HANA_VIEW" FROM "/BOBF/OBM_QUERY" WHERE "BO_KEY" IN ( ? ) AND "VERSION" = ?
SELECT DISTINCT  "NAME" , "EXTENSION" , "VERSION" , "RTW_KEY" , "BO_KEY" , "ACCESS_CAT" , "CONTENT_CAT" , "CONTENT_KEY" , "NODE_KEY" , "ASSOC_KEY" , "TRIGGER_CREATE" , "TRIGGER_UPDATE" , "TRIGGER_DELETE" , "TRIGGER_CHECK" , "TRIGGER_LOAD" , "TRIGGER_PROPERTY" , "TRIGGER_LOCK" , "TRIGGER_RETRIEVE" , "MODELED_ONLY" , "CREATE_USER" , "CREATE_TIME" , "CHANGE_USER" , "CHANGE_TIME" FROM "/BOBF/OBM_RTW" WHERE "BO_KEY" IN ( ? ) AND "VERSION" = ? AND "MODELED_ONLY" = N''
SELECT DISTINCT  "NAME" , "EXTENSION" , "VERSION" , "STA_DERIV_KEY" , "NODE_KEY" , "DERIV_NAME" , "DERIV_ESR_NAME" , "DERIVATOR_CAT" , "DERIVATOR_CLASS" FROM "/BOBF/STA_DERIV" WHERE "BO_KEY" IN ( ? ) AND "VERSION" = ?
SELECT DISTINCT  "NAME" , "EXTENSION" , "VERSION" , "STA_SCHEMA_KEY" , "BO_KEY" , "NODE_KEY" , "SCHEMA_NAME" , "SCHEMA_ESR_NAME" , "CREATE_USER" , "CREATE_TIME" , "CHANGE_USER" , "CHANGE_TIME" FROM "/BOBF/STA_SCHEMA" WHERE "BO_KEY" IN ( ? ) AND "VERSION" = ?
SELECT DISTINCT  "NAME" , "EXTENSION" , "VERSION" , "STA_VAR_KEY" , "NODE_KEY" , "STA_VAR_NAME" , "STA_VAR_ESR_NAME" , "STA_VAR_CAT" , "ATTRIBUTE_NAME" FROM "/BOBF/STA_VAR" WHERE "BO_KEY" IN ( ? ) AND "VERSION" = ?
SELECT DISTINCT  "NAME" , "EXTENSION" , "VERSION" , "VAL_KEY" , "BO_KEY" , "VAL_NAME" , "NODE_KEY" , "VAL_CLASS" , "VAL_CAT" , "NO_EXEC_IF_FAIL" , "CHECK_IMPL" , "CHECK_DELTA_IMPL" , "TD_CONTAINER" , "TD_CONTAINER_VAR" , "CREATE_USER" , "CREATE_TIME" , "CHANGE_USER" , "CHANGE_TIME" , "VAL_IMPACT" , "VAL_SUB_CAT" , "SIMPLIFIED_DT_TAG" , "OBJECT_MODEL_GENERATED" FROM "/BOBF/VAL_LIST" WHERE "BO_KEY" IN ( ? ) AND "VERSION" = ?
SELECT DISTINCT  "NAME" , "EXTENSION" , "VERSION" , "VSET_CL_KEY" , "BO_KEY" , "VSET_KEY" , "CODE_NAME" , "CREATE_USER" , "CREATE_TIME" , "CHANGE_USER" , "CHANGE_TIME" FROM "/BOBF/OBM_CODE_L" WHERE "BO_KEY" IN ( ? ) AND "VERSION" = ?
SELECT DISTINCT  "NAME" , "EXTENSION" , "VERSION" , "VSET_KEY" , "BO_KEY" , "CONTENT_CAT" , "CONTENT_KEY" , "VSET_NAME" , "VSET_ESR_NAME" , "VSET_CAT" , "VALUE_SET_CLASS" , "NODE_KEY" , "ASSOC_KEY" , "CODE_CIF_NAME" , "TD_CONTAINER" , "TD_CONTAINER_VAR" , "CREATE_USER" , "CREATE_TIME" , "CHANGE_USER" , "CHANGE_TIME" FROM "/BOBF/OBM_VSET" WHERE "BO_KEY" IN ( ? ) AND "VERSION" = ?
SELECT DISTINCT  "TABNAME" , "AS4LOCAL" , "AS4VERS" , "TABCLASS" , "SQLTAB" , "DATMIN" , "DATMAX" , "DATAVG" , "CLIDEP" , "BUFFERED" , "COMPRFLAG" , "LANGDEP" , "ACTFLAG" , "APPLCLASS" , "AUTHCLASS" , "AS4USER" , "AS4DATE" , "AS4TIME" , "MASTERLANG" , "MAINFLAG" , "CONTFLAG" , "RESERVETAB" , "GLOBALFLAG" , "PROZPUFF" , "VIEWCLASS" , "VIEWGRANT" , "MULTIPLEX" , "SHLPEXI" , "PROXYTYPE" , "EXCLASS" , "WRONGCL" , "ALWAYSTRP" , "ALLDATAINCL" , "WITH_PARAMETERS" , "EXVIEW_INCLUDED" , "KEYMAX_FEATURE" , "KEYLEN_FEATURE" , "TABLEN_FEATURE" , "NONTRP_INCLUDED" , "VIEWREF" , "VIEWREF_ERR" , "VIEWREF_POS_CHG" , "TBFUNC_INCLUDED" , "IS_GTT" , "SESSION_VAR_EX" , "FROM_ENTITY" , "PK_IS_INVHASH" , "USED_SESSION_VARS" , "ABAP_LANGUAGE_VERSION" , "HDB_ONLY_ENTITY_INCLUDED" FROM "DD02L" WHERE "TABNAME" IN ( ? ) AND "AS4LOCAL" = ?
SELECT HOST, VERSION FROM "SYS"."M_DATABASE"
SELECT MAX( "TIMESTAMP_OF_LAST_READ_ACCESS" ) "TIMESTAMP_OF_LAST_READ_ACCESS" , "PRELOAD_OPERATION" , "OBJECT_NAME" , "SERVER_NAME" FROM "BUFF_PRELOAD" WHERE "SERVER_NAME" = ? AND "PRELOAD_OPERATION" IN ( ? , ? , ? , ? , ? ) AND "TIMESTAMP_OF_LAST_READ_ACCESS" > ? AND "TIMESTAMP_OF_LAST_READ_ACCESS" <= ? GROUP BY "OBJECT_NAME" , "PRELOAD_OPERATION" , "SERVER_NAME" HAVING MAX( "BUFF_PRELOAD" . "TIMESTAMP_OF_LAST_READ_ACCESS" ) <= ? ) SELECT "T1" . "TIMESTAMP_OF_LAST_READ_ACCESS" , "T1" . "PRELOAD_OPERATION" , "T1" . "OBJECT_NAME" , "T3" . "ADDITIONAL_DATA" FROM "+CTE1" "T1" INNER JOIN "BUFF_PRELOAD" "T3" ON "T1" . "TIMESTAMP_OF_LAST_READ_ACCESS" = "T3" . "TIMESTAMP_OF_LAST_READ_ACCESS" AND "T1" . "OBJECT_NAME" = "T3" . "OBJECT_NAME" AND "T1" . "PRELOAD_OPERATION" = "T3" . "PRELOAD_OPERATION" AND "T1" . "SERVER_NAME" = "T3" . "SERVER_NAME" ORDER BY "T1" . "TIMESTAMP_OF_LAST_READ_ACCESS" DESC , "T1" . "OBJECT_NAME" LIMIT 1000
SELECT MIN( "FINISHED_AT" ) , MAX( "FINISHED_AT" ) FROM "BGRFC_UNIT_TIME" WHERE "FINISHED_AT" <= ? AND "UNIT_KIND" = 1409196102
SELECT MIN( "FINISHED_AT" ) , MAX( "FINISHED_AT" ) FROM "BGRFC_UNIT_TIME" WHERE "FINISHED_AT" <= ? AND "UNIT_KIND" = 1409196105
SELECT MIN( "FINISHED_AT" ) , MAX( "FINISHED_AT" ) FROM "BGRFC_UNIT_TIME" WHERE "FINISHED_AT" <= ? AND "UNIT_KIND" = 1409196106
SELECT MIN( "FINISHED_AT" ) , MAX( "FINISHED_AT" ) FROM "BGRFC_UNIT_TIME" WHERE "FINISHED_AT" <= ? AND ( "UNIT_KIND" = 1409196101 OR "UNIT_KIND" = 1409196103 )
SELECT MIN(SEQNUMBER) FROM DDLOG
SELECT N'X' FROM "SDRAFT_LC_CONFIG" WHERE "DRAFT_ENTITY" = N'<DEFAULT>' LIMIT 1
SELECT PARAMETERNAME, PARAMETERNAME_RAW, POSNR, ROLLNAME, COMPTYPE, DATATYPE, DECIMALS, DBLENGTH, DBLENGTH2, DIGITS, SYSTFIELD FROM  "DD10B"  WHERE AS4LOCAL = 'A' AND STRUCOBJN =  ?  ORDER BY POSNR
SELECT SEQNUMBER, SYSTEMID, NBLENGTH, NOTEBOOK FROM DDLOG WHERE SEQNUMBER >  ? ORDER BY SEQNUMBER
SELECT TOP 1 "WHAT" FROM "D1GEN"
SELECT TOP 1 D.DATABASE_NAME || '/' || H.VALUE, L.HOST, CURRENT_USER, CURRENT_SCHEMA, CURRENT_CONNECTION FROM M_DATABASE D, SYS.M_HOST_INFORMATION H, SYS.M_LANDSCAPE_HOST_CONFIGURATION L WHERE H.KEY = 'sapsystem' AND L.INDEXSERVER_ACTUAL_ROLE = 'MASTER' 
SELECT TOP 1 D.VERSION, H.VALUE FROM M_DATABASE D LEFT OUTER JOIN SYS.M_HOST_INFORMATION H ON H.KEY = 'build_branch'
SELECT TOP 1 HOST, CURRENT_CONNECTION FROM SYS.M_LANDSCAPE_HOST_CONFIGURATION WHERE INDEXSERVER_ACTUAL_ROLE = 'MASTER' 
