SELECT "A" . "COUNTRY" FROM "ADRC" "A" INNER JOIN "USR21" "U" ON "A" . "CLIENT" = "U" . "MANDT" AND "U" . "ADDRNUMBER" = "A" . "ADDRNUMBER" AND "U" . "BNAME" = ? WHERE "A" . "CLIENT" = ? LIMIT 1
SELECT "ABAP_PROGNAME" FROM "D010DBOBJ" WHERE "ABAP_PROGNAME" = ? LIMIT 1
SELECT "BADI_NAME" , "FILTER_NAME" , "TYPE" , "CONSTANT" FROM "BADI_FILTER" WHERE "BADI_NAME" = ?
SELECT "BADI_NAME" , "INTERFACE_NAME" , "SINGLE_USE" , "CONTEXT_MODE" , "DEFAULT_CLASS" , "AMDP_DBSYS" FROM "BADI_MAIN" WHERE "BADI_NAME" = ?
SELECT "BADI_NAME" , "POS" , "ENHNAME" , "BADI_IMPL" , "CLASS_NAME" , "IS_DEFAULT" FROM "BADI_IMPL" WHERE "BADI_NAME" = ?
SELECT "BNAME" , "IDENTITY_GUID" FROM "USR21" WHERE "MANDT" = ? AND "BPPERSON" = ? LIMIT 1
SELECT "BTCSERVER" , "CTLOBJ" , "BTCSYSTEM" , "TIMSTMPDT" , "TIMSTMPTM" , "TRACELEVEL" , "TRCTIMSTDT" , "TRCTIMSTTM" , "TRCCHUSR" , "OPMODE" , "OPMODTSTDT" , "OPMODTSTTM" , "OPMODCHUSR" FROM "BTCCTL" WHERE "BTCSERVER" = ? AND "CTLOBJ" = ? LIMIT 1
SELECT "CHECKTABLE" FROM "SDSH_V_CHECK_TAB" WHERE "TABNAME" = ? AND "FIELDNAME" = ? LIMIT 1
SELECT "CLIENT" , "ID" , "USERID" , "LINK" , "START_TIMESTAMP" , "EOL_TIMESTAMP" , "AUTHNMETHODS" , "EXT_SESSMAN" , "TIMEOUT_CHECK" , "HAS_SUCCESSOR" , "XSRF_TOKEN" FROM "SECURITY_CONTEXT" WHERE "EOL_TIMESTAMP" > ? AND "EOL_TIMESTAMP" < ?
SELECT "CLIENT" , "ID" , "USERID" , "LINK" , "START_TIMESTAMP" , "EOL_TIMESTAMP" , "AUTHNMETHODS" , "EXT_SESSMAN" , "TIMEOUT_CHECK" , "HAS_SUCCESSOR" , "XSRF_TOKEN" FROM "SECURITY_CONTEXT" WHERE "TIMEOUT_CHECK" = ?
SELECT "CLIENT" , "OBJECT" , "SUBOBJECT" , "NRRANGENR" , "TOYEAR" , "FROMNUMBER" , "TONUMBER" , "NRLEVEL" , "EXTERNIND" FROM "NRIV" WHERE "CLIENT" = ? AND "OBJECT" = ? AND "SUBOBJECT" = ? AND "NRRANGENR" = ? AND "TOYEAR" = N'0000' LIMIT 1
SELECT "CLIENT" , "PARTNER" , "KUNNR" , "CRUSER" , "CRDAT" , "CRTIM" FROM "BD001" WHERE "CLIENT" = ? AND "PARTNER" = ? LIMIT 1
SELECT "CLIENT" , "PARTNER" , "LGTYP" , "LGNUM" , "INFCT" , "COMRG" , "CLBRG" , "COPRG" , "COMREG_DAT" , "M_BONIWERT" , "M_BONIDAT" FROM "BUT001" WHERE "CLIENT" = ? AND "PARTNER" = ? LIMIT 1
SELECT "CLIENT" , "PARTNER" , "TYPE" , "BPKIND" , "BU_GROUP" , "BPEXT" , "BU_SORT1" , "BU_SORT2" , "SOURCE" , "TITLE" , "XDELE" , "XBLCK" , "AUGRP" , "TITLE_LET" , "BU_LOGSYS" , "CONTACT" , "NOT_RELEASED" , "NOT_LG_COMPETENT" , "PRINT_MODE" , "BP_EEW_DUMMY" , "RATE" , "NAME_ORG1" , "NAME_ORG2" , "NAME_ORG3" , "NAME_ORG4" , "LEGAL_ENTY" , "IND_SECTOR" , "LEGAL_ORG" , "FOUND_DAT" , "LIQUID_DAT" , "LOCATION_1" , "LOCATION_2" , "LOCATION_3" , "NAME_LAST" , "NAME_FIRST" , "NAME_LST2" , "NAME_LAST2" , "NAMEMIDDLE" , "TITLE_ACA1" , "TITLE_ACA2" , "TITLE_ROYL" , "PREFIX1" , "PREFIX2" , "NAME1_TEXT" , "NICKNAME" , "INITIALS" , "NAMEFORMAT" , "NAMCOUNTRY" , "LANGU_CORR" , "XSEXM" , "XSEXF" , "BIRTHPL" , "MARST" , "EMPLO" , "JOBGR" , "NATIO" , "CNTAX" , "CNDSC" , "PERSNUMBER" , "XSEXU" , "XUBNAME" , "BU_LANGU" , "GENDER" , "BIRTHDT" , "DEATHDT" , "PERNO" , "CHILDREN" , "MEM_HOUSE" , "BIRTHDT_STATUS" , "PARTGRPTYP" , "NAME_GRP1" , "NAME_GRP2" , "MC_NAME1" , "MC_NAME2" , "CRUSR" , "CRDAT" , "CRTIM" , "CHUSR" , "CHDAT" , "CHTIM" , "PARTNER_GUID" , "ADDRCOMM" , "TD_SWITCH" , "IS_ORG_CENTRE" , "DB_KEY" , "VALID_FROM" , "VALID_TO" , "XPCPT" , "NATPERS" , "MILVE" , "NUC_SEC" , "PAR_REL" , "BP_SORT" , "KBANKS" , "KBANKL" FROM "BUT000" WHERE "CLIENT" = ? AND "PARTNER" = ? LIMIT 1
SELECT "CLIENT" , "PARTNER" , "TYPE" , "BPKIND" , "BU_GROUP" , "BPEXT" , "BU_SORT1" , "BU_SORT2" , "SOURCE" , "TITLE" , "XDELE" , "XBLCK" , "AUGRP" , "TITLE_LET" , "BU_LOGSYS" , "CONTACT" , "NOT_RELEASED" , "NOT_LG_COMPETENT" , "PRINT_MODE" , "BP_EEW_DUMMY" , "RATE" , "NAME_ORG1" , "NAME_ORG2" , "NAME_ORG3" , "NAME_ORG4" , "LEGAL_ENTY" , "IND_SECTOR" , "LEGAL_ORG" , "FOUND_DAT" , "LIQUID_DAT" , "LOCATION_1" , "LOCATION_2" , "LOCATION_3" , "NAME_LAST" , "NAME_FIRST" , "NAME_LST2" , "NAME_LAST2" , "NAMEMIDDLE" , "TITLE_ACA1" , "TITLE_ACA2" , "TITLE_ROYL" , "PREFIX1" , "PREFIX2" , "NAME1_TEXT" , "NICKNAME" , "INITIALS" , "NAMEFORMAT" , "NAMCOUNTRY" , "LANGU_CORR" , "XSEXM" , "XSEXF" , "BIRTHPL" , "MARST" , "EMPLO" , "JOBGR" , "NATIO" , "CNTAX" , "CNDSC" , "PERSNUMBER" , "XSEXU" , "XUBNAME" , "BU_LANGU" , "GENDER" , "BIRTHDT" , "DEATHDT" , "PERNO" , "CHILDREN" , "MEM_HOUSE" , "BIRTHDT_STATUS" , "PARTGRPTYP" , "NAME_GRP1" , "NAME_GRP2" , "MC_NAME1" , "MC_NAME2" , "CRUSR" , "CRDAT" , "CRTIM" , "CHUSR" , "CHDAT" , "CHTIM" , "PARTNER_GUID" , "ADDRCOMM" , "TD_SWITCH" , "IS_ORG_CENTRE" , "DB_KEY" , "VALID_FROM" , "VALID_TO" , "XPCPT" , "NATPERS" , "MILVE" , "NUC_SEC" , "PAR_REL" , "BP_SORT" , "KBANKS" , "KBANKL" FROM "BUT000" WHERE "CLIENT" = ? AND "PARTNER_GUID" = ? LIMIT 1
SELECT "CLIENT" , "PARTNER_GUID" , "CUSTOMER" , "CRUSER" , "CRDAT" , "CRTIM" FROM "CVI_CUST_LINK" WHERE "CLIENT" = ? AND "PARTNER_GUID" = ? LIMIT 1
SELECT "CLIENT" , "PARTNER_GUID" , "VENDOR" , "CRUSER" , "CRDAT" , "CRTIM" FROM "CVI_VEND_LINK" WHERE "CLIENT" = ? AND "PARTNER_GUID" = ? LIMIT 1
SELECT "CLIENT" , "USER_NAME" , "APPLICATION" , "COUNTER" , "TIMESTAMP" , "SEARCH_TYPE" , "SEARCH_ID" , "SEARCH_FIELDS_LN" , "SEARCH_FIELDS" FROM "BUT_LOCA_PSHIST" WHERE "CLIENT" = ? AND "USER_NAME" = ? AND "APPLICATION" IN ( ? ) AND NOT "SEARCH_ID" IN ( ? , ? )
SELECT "CPCODEPAGE" , "CPATTRKIND" , "CPATTRSEQ" , "CPATTR" FROM "TCP00A" ORDER BY "CPCODEPAGE" , "CPATTRKIND" , "CPATTRSEQ"
SELECT "CUSTOMER" FROM "CVI_CUST_LINK" WHERE "CLIENT" = ? AND "PARTNER_GUID" = ? LIMIT 1
SELECT "DATA" FROM "REPOSRC" WHERE "PROGNAME" = ? AND "R3STATE" = ?
SELECT "DATA" FROM "REPOTEXT" WHERE "PROGNAME" = ? AND "R3STATE" = ? AND "LANGUAGE" = ?
SELECT "DDTEXT" FROM "DD02T" WHERE "TABNAME" = ? AND "DDLANGUAGE" = ? AND "AS4LOCAL" = N'A'
SELECT "DELETION_TIME" FROM "BGRFC_CUST_I_SYS" WHERE "ENTRY_ID" = N'SYSTEM' LIMIT 1
SELECT "DELETION_TIME" FROM "BGRFC_CUST_O_SYS" WHERE "ENTRY_ID" = N'SYSTEM' LIMIT 1
SELECT "DEVCLASS" , "VERSION" , "SWITCH_ID" FROM "D010PACKAGE" WHERE "DEVCLASS" = ? AND "VERSION" = ? ORDER BY "DEVCLASS" , "VERSION" , "SWITCH_ID"
SELECT "DOMNAME" , "AS4LOCAL" , "AS4VERS" , "DATATYPE" , "LENG" , "OUTPUTLEN" , "DECIMALS" , "LOWERCASE" , "SIGNFLAG" , "LANGFLAG" , "VALEXI" , "ENTITYTAB" , "CONVEXIT" , "MASK" , "MASKLEN" , "ACTFLAG" , "APPLCLASS" , "AUTHCLASS" , "AS4USER" , "AS4DATE" , "AS4TIME" , "DOMMASTER" , "RESERVEDOM" , "DOMGLOBAL" , "APPENDNAME" , "APPEXIST" , "PROXYTYPE" , "OUTPUTSTYLE" , "AMPMFORMAT" , "ABAP_LANGUAGE_VERSION" FROM "DD01L" WHERE "DOMNAME" = ? AND "AS4LOCAL" = N'A'
SELECT "ENHNAME" , "VERSION" , "SORT_LEVEL" FROM "ENHSORT" WHERE "ENHNAME" = ? AND "VERSION" = ? ORDER BY "ENHNAME" , "VERSION"
SELECT "ENHSPOT" , "VERSION" FROM "ENHSPOTHEADER" WHERE "ENHSPOT" = ? AND "VERSION" = ? ORDER BY "ENHSPOT" , "VERSION"
SELECT "EVENTID" , "CHANGEUSER" , "TIMESTMPDT" , "TIMESTMPTM" FROM "BTCSEV" WHERE "EVENTID" = ? LIMIT 1
SELECT "FUNCNAME" , "PNAME" , "INCLUDE" , "FREEDATE" , "APPL" , "MAND" , "FMODE" , "HOST" , "UTASK" , "PNAME_MAIN" , "RFCSCOPE" , "RFCVERS" FROM "TFDIR" WHERE "FUNCNAME" = ? LIMIT 1
SELECT "INCLUDE" FROM "D010INC" WHERE "MASTER" = ? ORDER BY INCLUDE
SELECT "JOBCOUNT" FROM "TBTCO" WHERE "JOBNAME" = ? AND "JOBCOUNT" = ? LIMIT 1
SELECT "JOBNAME" , "JOBCOUNT" , "BTCSYSTEM" , "JOBGROUP" , "INTREPORT" , "SDLSTRTDT" , "SDLSTRTTM" , "PRDMINS" , "PRDHOURS" , "PRDDAYS" , "PRDWEEKS" , "PRDMONTHS" , "PERIODIC" , "DELANFREP" , "EMERGMODE" , "SDLUNAME" , "AUTHCKNAM" , "AUTHCKMAN" , "SUCCNUM" , "EOMCORRECT" , "JOBCLASS" , "PRIORITY" , "EXECSERVER" , "CALCORRECT" , "TGTSRVGRP" FROM "TBTCS" WHERE "JOBNAME" = ? AND "JOBCOUNT" = ? LIMIT 1
SELECT "JOBNAME" , "JOBCOUNT" , "CTXTTYPE" , "CTXTVAL" , "CTXTTEXT" FROM "TBTCCNTXT" WHERE "JOBNAME" = ? AND "JOBCOUNT" = ? AND "CTXTTYPE" = N'SJOBREPO' AND "CTXTVAL" = N'J' LIMIT 1
SELECT "JOBNAME" , "JOBCOUNT" , "CTXTTYPE" , "CTXTVAL" , "CTXTTEXT" FROM "TBTCCNTXT" WHERE "JOBNAME" = ? AND "JOBCOUNT" = ? AND "CTXTTYPE" = N'SOLMAN_REQUEST_ID' LIMIT 1
SELECT "JOBNAME" , "JOBCOUNT" , "CTXTTYPE" , "CTXTVAL" , "CTXTTEXT" FROM "TBTCCNTXT" WHERE "JOBNAME" = ? AND "JOBCOUNT" = ? AND "CTXTTYPE" = N'TIMEZONE' LIMIT 1
SELECT "JOBNAME" , "JOBCOUNT" , "JOBGROUP" , "INTREPORT" , "SDLUNAME" , "AUTHCKNAM" , "AUTHCKMAN" , "SUCCNUM" , "DELANFREP" , "SDLFLAG" , "STEPCOUNT" , "XPGACTIVE" , "JOBLOG" , "EVENTID" , "EVENTPARM" , "JOBCLASS" , "PRIORITY" , "STATUS" , "XPGTERMCTL" , "STEPFLAG" , "CREADATE" , "CREATIME" , "EXECSERVER" , "TGTSRVGRP" , "REAXSERVER_1" , "REAXSERVER_2" , "REAXSERVER_LAST" , "LASTCHDATE" , "LASTCHTIME" , "NROFTRIES" FROM "TBTCY" WHERE "JOBNAME" = ? AND "JOBCOUNT" = ? LIMIT 1
SELECT "JOBNAME" , "JOBCOUNT" , "JOBGROUP" , "INTREPORT" , "STEPCOUNT" , "SDLSTRTDT" , "SDLSTRTTM" , "BTCSYSTEM" , "SDLDATE" , "SDLTIME" , "SDLUNAME" , "LASTCHDATE" , "LASTCHTIME" , "LASTCHNAME" , "RELDATE" , "RELTIME" , "RELUNAME" , "STRTDATE" , "STRTTIME" , "ENDDATE" , "ENDTIME" , "PRDMINS" , "PRDHOURS" , "PRDDAYS" , "PRDWEEKS" , "PRDMONTHS" , "PERIODIC" , "DELANFREP" , "EMERGMODE" , "STATUS" , "NEWFLAG" , "AUTHCKNAM" , "AUTHCKMAN" , "SUCCNUM" , "PREDNUM" , "JOBLOG" , "LASTSTRTDT" , "LASTSTRTTM" , "WPNUMBER" , "WPPROCID" , "EVENTID" , "EVENTPARM" , "BTCSYSREAX" , "JOBCLASS" , "PRIORITY" , "EVENTCOUNT" , "CHECKSTAT" , "CALENDARID" , "PRDBEHAV" , "EXECSERVER" , "EOMCORRECT" , "CALCORRECT" , "REAXSERVER" , "RECLOGSYS" , "RECOBJTYPE" , "RECOBJKEY" , "RECDESCRIB" , "TGTSRVGRP" FROM "TBTCO" WHERE "JOBNAME" = ? AND "JOBCOUNT" = ? LIMIT 1
SELECT "JOBNAME" , "JOBCOUNT" , "ROOT_CONTEXT_ID" , "CONNECTION_ID" , "CONNECT_COUNTER" , "TRANSACTION_ID" , "CLIENT_ID" , "USER_ID" , "COMPONENT_ID" , "COMPONENT_TYPE" , "CREATION_EPP" , "CREA_JOBEPPREC" , "PASSPORT_XSTRING" FROM "BTCJOBEPP" WHERE "JOBNAME" = ? AND "JOBCOUNT" = ? LIMIT 1
SELECT "JOBNAME" , "JOBCOUNT" , "STEPCOUNT" , "PROGNAME" , "PROGFROMLN" , "PROGTOLN" , "SDLDATE" , "SDLTIME" , "SDLUNAME" , "VARIANT" , "AUTHCKNAM" , "LISTIDENT" , "XPGPID" , "XPGTGTSYS" , "XPGRFCDEST" , "XPGPROG" , "XPGPARAMS" , "XPGFLAG" , "CONNCNTL" , "STDINCNTL" , "STDOUTCNTL" , "STDERRCNTL" , "TRACECNTL" , "TERMCNTL" , "STATUS" , "EXITCODE" , "LANGUAGE" , "EXTCMD" , "OPSYSTEM" , "PDEST" , "PRCOP" , "PLIST" , "PRTXT" , "PRIMM" , "PRREL" , "PRNEW" , "PEXPI" , "LINCT" , "LINSZ" , "PAART" , "PRBIG" , "PRSAP" , "PRREC" , "PRABT" , "PRBER" , "PRDSN" , "PTYPE" , "ARMOD" , "FOOTL" , "PRCHK" , "SAP_OBJECT" , "AR_OBJECT" , "ARCHIV_ID" , "DOC_TYPE" , "RPC_HOST" , "RPC_SERVIC" , "INTERFACE" , "MANDANT" , "REPORT" , "INFO" , "ARCTEXT" , "DATUM" , "ARCUSER" , "PRINTER" , "FORMULAR" , "ARCHIVPATH" , "PROTOKOLL" , "VERSION" , "ACHECK" , "PRIPARKEY" , "CONVID" FROM "TBTCP" WHERE "JOBNAME" = ? AND "JOBCOUNT" = ? LIMIT 1
SELECT "KEY1" , "KEY2" , "APPL" , "PRDATE" , "REORG" , "PDEST" , "PRCOP" , "PLIST" , "PRTXT" , "PRIMM" , "PRREL" , "PRNEW" , "PEXPI" , "LINCT" , "LINSZ" , "PAART" , "PRBIG" , "PRSAP" , "PRREC" , "PRABT" , "PRBER" , "PRDSN" , "PTYPE" , "ARMOD" , "FOOTL" , "PRIOT" , "PRUNX" , "PRCHK" , "PARLISTLEN" , "PARAMLIST" FROM "TPRI_PAR" WHERE "KEY1" = ? AND "KEY2" = ?
SELECT "LDATA" FROM "REPOLOAD" WHERE "PROGNAME" = ? AND "R3STATE" = ? AND "MACH" = ? AND "MAJOR_VERS" = ?
SELECT "LTRFLDDIS" , "BIDICTRLC" FROM "DD04L" WHERE "ROLLNAME" = ? AND "AS4LOCAL" = N'A' AND "AS4VERS" = N'0000' LIMIT 1
SELECT "MANDT" , "BANKS" , "BANKL" , "BANKN" , "BKONT" , "IBAN" , "VALID_FROM" , "ERNAM" , "ERDAT" , "TABNAME" , "TABKEY" FROM "TIBAN" WHERE "MANDT" = ? AND "BANKS" = ? AND "BANKL" = ? AND "BANKN" = ? AND "BKONT" = ? LIMIT 1
SELECT "MANDT" , "BANKS" , "BANKL" , "ERDAT" , "ERNAM" , "BANKA" , "PROVZ" , "STRAS" , "ORT01" , "SWIFT" , "BGRUP" , "XPGRO" , "LOEVM" , "BNKLZ" , "PSKTO" , "ADRNR" , "BRNCH" , "CHKME" , "VERS" , "IBAN_RULE" , "SDD_B2B" , "SDD_COR1" , "SDD_RTRANS" , "ZNOCHECK" , "ZACC_LEN" , "ZRES1" , "ZRES2" , "ZRES3" , "ZRES4" , "ZRES5" , "ZRES6" , "ZRES7" , "ZRES8" , "ZRES9" , "ZRES10" , "BICKY" , "RCCODE" FROM "BNKA" WHERE "MANDT" = ? AND "BANKS" = ? AND "BANKL" = ? LIMIT 1
SELECT "MANDT" , "BNAME" , "BCODE" , "GLTGV" , "GLTGB" , "USTYP" , "CLASS" , "LOCNT" , "UFLAG" , "ACCNT" , "ANAME" , "ERDAT" , "TRDAT" , "LTIME" , "OCOD1" , "BCDA1" , "CODV1" , "OCOD2" , "BCDA2" , "CODV2" , "OCOD3" , "BCDA3" , "CODV3" , "OCOD4" , "BCDA4" , "CODV4" , "OCOD5" , "BCDA5" , "CODV5" , "VERSN" , "CODVN" , "TZONE" , "ZBVMASTER" , "PASSCODE" , "PWDCHGDATE" , "PWDSTATE" , "RESERVED" , "PWDHISTORY" , "PWDLGNDATE" , "PWDSETDATE" , "PWDINITIAL" , "PWDLOCKDATE" , "PWDSALTEDHASH" , "SECURITY_POLICY" FROM "USR02" WHERE "MANDT" = ? AND "BNAME" = ? LIMIT 1
SELECT "MANDT" , "BNAME" , "PERSNUMBER" , "ADDRNUMBER" , "KOSTL" , "START_MENU" , "IDADTYPE" , "BPPERSON" , "ORGANIZATION" , "RESPONSIBLE" , "TECHDESC" , "IDENTITY_GUID" , "TEMPLATE_ORGTYPE" , "TEMPLATE_ORGADDR" FROM "USR21" WHERE "MANDT" = ? AND "BNAME" = ? LIMIT 1
SELECT "MANDT" , "LIFNR" , "LAND1" , "NAME1" , "NAME2" , "NAME3" , "NAME4" , "ORT01" , "ORT02" , "PFACH" , "PSTL2" , "PSTLZ" , "REGIO" , "SORTL" , "STRAS" , "ADRNR" , "MCOD1" , "MCOD2" , "MCOD3" , "ANRED" , "BAHNS" , "BBBNR" , "BBSNR" , "BEGRU" , "BRSCH" , "BUBKZ" , "DATLT" , "DTAMS" , "DTAWS" , "ERDAT" , "ERNAM" , "ESRNR" , "KONZS" , "KTOKK" , "KUNNR" , "LNRZA" , "LOEVM" , "SPERR" , "SPERM" , "SPRAS" , "STCD1" , "STCD2" , "STKZA" , "STKZU" , "TELBX" , "TELF1" , "TELF2" , "TELFX" , "TELTX" , "TELX1" , "XCPDK" , "XZEMP" , "VBUND" , "FISKN" , "STCEG" , "STKZN" , "SPERQ" , "GBORT" , "GBDAT" , "SEXKZ" , "KRAUS" , "REVDB" , "QSSYS" , "KTOCK" , "PFORT" , "WERKS" , "LTSNA" , "WERKR" , "PLKAL" , "DUEFL" , "TXJCD" , "SPERZ" , "SCACD" , "SFRGR" , "LZONE" , "XLFZA" , "DLGRP" , "FITYP" , "STCDT" , "REGSS" , "ACTSS" , "STCD3" , "STCD4" , "STCD5" , "IPISP" , "TAXBS" , "PROFS" , "STGDL" , "EMNFR" , "LFURL" , "J_1KFREPRE" , "J_1KFTBUS" , "J_1KFTIND" , "CONFS" , "UPDAT" , "UPTIM" , "NODEL" , "QSSYSDAT" , "PODKZB" , "FISKU" , "STENR" , "CARRIER_CONF" , "MIN_COMP" , "TERM_LI" , "CRC_NUM" , "CVP_XBLCK" , "RG" , "EXP" , "UF" , "RGDATE" , "RIC" , "RNE" , "RNEDATE" , "CNAE" , "LEGALNAT" , "CRTN" , "ICMSTAXPAY" , "INDTYP" , "TDT" , "COMSIZE" , "DECREGPC" , "LFA1_EEW_SUPP" , "J_SC_CAPITAL" , "J_SC_CURRENCY" , "ALC" , "PMT_OFFICE" , "PPA_RELEVANT" , "PSOFG" , "PSOIS" , "PSON1" , "PSON2" , "PSON3" , "PSOVN" , "PSOTL" , "PSOHS" , "PSOST" , "BORGR_DATUN" , "BORGR_YEAUN" , "ADDR2_STREET" , "ADDR2_HOUSE_NUM" , "ADDR2_POST" , "ADDR2_CITY" , "ADDR2_COUNTRY" , "CATEG" , "PARTNER_NAME" , "PARTNER_UTR" , "STATUS" , "VFNUM" , "VFNID" , "CRN" , "J_1IEXCD" , "J_1IEXRN" , "J_1IEXRG" , "J_1IEXDI" , "J_1IEXCO" , "J_1ICSTNO" , "J_1ILSTNO" , "J_1IPANNO" , "J_1IEXCIVE" , "J_1ISSIST" , "J_1IVTYP" , "J_1IVENCRE" , "AEDAT" , "USNAM" , "J_1ISERN" , "J_1IPANREF" , "J_1IPANVALDT" , "J_1I_CUSTOMS" , "J_1IDEDREF" , "VEN_CLASS" , "ENTY_CD" , "RES_CNTRY" , "RES_REGION" , "CCODE" , "ENTPUB" , "ESCRIT" , "DVALSS" , "FRMCSS" , "CODCAE" , "AUSDIV" , "TRANSPORT_CHAIN" , "STAGING_TIME" , "SCHEDULING_TYPE" , "SUBMI_RELEVANT" FROM "LFA1" WHERE "MANDT" = ? AND "LIFNR" = ? LIMIT 1
SELECT "MANDT" , "MERCH" FROM "TCCM" WHERE "MANDT" = ? LIMIT 1
SELECT "MANDT" , "PARTNER" , "STCEG" , "XCPDK" , "FAKSD" , "SPERR_SUPPL" , "SPERR_CUST" , "SPERM" , "SPERZ" , "KUNNR" , "CARRIER_CONF" , "CNFEXP" , "CARRIER_CAT" , "SHIPPER_SEC_STS" , "SHIPPER_CODE" , "SHIPPER_VALIDITY" , "KNOWN_DATE" , "REG_AC" , "IATA_AC" , "CASS_ACCOUNT" , "ETD_OFFSET" , "CALENDAR" , "REG_AG_VALIDITY" , "EDI_COMM_PROFILE" , "ENH_GEN" , "GR_BLOCK_BY_VENDOR" FROM "/SCMB/D_BPTMGEN" WHERE "MANDT" = ? AND "PARTNER" = ? LIMIT 1
SELECT "MANDT" , "PLVAR" , "OTYPE" , "OBJID" , "SUBTY" , "ISTAT" , "BEGDA" , "ENDDA" , "VARYF" , "SEQNR" , "INFTY" , "OTJID" , "AEDTM" , "UNAME" , "REASN" , "HISTO" , "ITXNR" , "STAT2" , "PERNR" , "CP_ORIG" , "ORIG_SYSTEM" FROM "HRP5580" WHERE "MANDT" = ? LIMIT 1
SELECT "MANDT" , "RELID" , "SRTFD" , "SRTF2" , "LOEKZ" , "SPERR" , "AEDAT" , "USERA" , "PGMID" , "BEGDT" , "ENDDT" , "CLUSTR" , "CLUSTD" FROM "INDX" WHERE "MANDT" = ? AND "RELID" = ? AND "SRTFD" = ? AND "SRTF2" >= ? ORDER BY "MANDT" , "RELID" , "SRTFD" , "SRTF2"
SELECT "MANDT" , "XPRA_NAME" , "EXECUTED_AT" , "EXECUTED_BY" FROM "FS4BPU_XPRA" WHERE "MANDT" = ? AND "XPRA_NAME" = N'RFS4BPU_CONVERT_BUSINESS_USER' LIMIT 1
SELECT "MASTER" FROM "D010INC" WHERE "INCLUDE" = ? ORDER BY MASTER
SELECT "METHODNAME" , "METHODINDX" , "FLAGS" FROM "TMDIR" WHERE "CLASSNAME" = ? ORDER BY "METHODINDX"
SELECT "NAME" , "VALUE" FROM "SSOI_DEPLOYPARAM" WHERE "NAME" = ? LIMIT 1
SELECT "OBJID" FROM "HRP5580" WHERE "MANDT" = ?
SELECT "PGMID" , "OBJECT" , "OBJ_NAME" , "DEVCLASS" FROM "TADIR" WHERE "PGMID" = ? AND "OBJECT" = ? AND "OBJ_NAME" = ?
SELECT "PROG" , "DNUM" , "TYPE" , "FNUM" , "DGRP" , "BZMX" , "BZBR" , "MILI" , "MICO" , "MALI" , "MACO" , "NOLI" , "NOCO" , "VALP" , "CUAN" , "HDAT" , "SPRA" , "CUPO" , "DGEN" , "TGEN" FROM "D020S" WHERE "PROG" = ? AND "DNUM" = ? LIMIT 1
SELECT "PROG" , "DYNR" , "LANG" , "FLDN" , "DTXT" FROM "D021T" WHERE "PROG" = ? AND "DYNR" = ? AND "LANG" = ? ORDER BY "PROG" , "DYNR" , "LANG" , "FLDN"
SELECT "PROGNAME" , "OBJ_NAME" , "OBJECT" , "COVRESET1" , "COVRESET2" , "COVR1_COND" , "HASTADIR" , "INIT" , "UP_SDATE" , "UP_STIME" , "UNICODE" , "UNICO_COND" , "VERSION" FROM "COVREF" WHERE "RELID" = N'AT' AND "PROGNAME" = ? AND "SRTF2" = 0 LIMIT 1
SELECT "PROGNAME" , "PROG_HASH_GEN" , "OFFSET_HASH_GEN" , "METADATA" FROM "COV_GENDATA" WHERE "PROGNAME" = ? LIMIT 1
SELECT "PROGNAME" , "SPRACHE" , "TYPE" , "BLOCKNR" , "BLOBLG" , "UDAT" , "UTIME" , "BLOCKLG" , "BLOCK" FROM "D345T" WHERE "PROGNAME" = ? AND "SPRACHE" = ? AND "TYPE" = ? AND "BLOCKNR" >= ? ORDER BY "PROGNAME" , "SPRACHE" , "TYPE" , "BLOCKNR"
SELECT "PROGNAME" , "STATUS" , "TYPE" , "BLOCKNR" , "BLOBLG" , "UDAT" , "UTIME" , "BLOCKLG" , "BLOCK" FROM "D342L" WHERE "PROGNAME" = ? AND "STATUS" = ? AND "TYPE" = ? AND "BLOCKNR" >= ? ORDER BY "PROGNAME" , "STATUS" , "TYPE" , "BLOCKNR"
SELECT "QDATA" FROM "REPOLOAD" WHERE "PROGNAME" = ? AND "R3STATE" = ? AND "MACH" = ? AND "MAJOR_VERS" = ?
SELECT "RELID" , "MANDANT" , "USERNAME" , "SHLPNAME" , "SHLPTYPE" , "SRTF2" , "CLUSTR" , "CLUSTD" FROM "DDF4PSINDX" WHERE "RELID" = ? AND "MANDANT" = ? AND "USERNAME" = ? AND "SHLPNAME" = ? AND "SHLPTYPE" = ? AND "SRTF2" >= ? ORDER BY "RELID" , "MANDANT" , "USERNAME" , "SHLPNAME" , "SHLPTYPE" , "SRTF2"
SELECT "SDATE" , "STIME" , "IDATE" , "ITIME" , "UNAM" , "UDAT" , "UTIME" , "SQLX" , "EDTX" , "DBNA" , "CLAS" , "TYPE" , "OCCURS" , "SUBC" , "APPL" , "SECU" , "CNAM" , "CDAT" , "VERN" , "LEVL" , "RSTAT" , "RMAND" , "RLOAD" , "DATALG" , "VARCL" , "DBAPL" , "FIXPT" , "SSET" , "LDBNAME" , "UCCHECK" , "MAXLINELN" FROM "REPOSRC" WHERE "PROGNAME" = ? AND "R3STATE" = ?
SELECT "SDATE" , "STIME" , "IDATE" , "ITIME" , "UNAM" , "UDAT" , "UTIME" , "SQLX" , "EDTX" , "DBNA" , "CLAS" , "TYPE" , "OCCURS" , "SUBC" , "APPL" , "SECU" , "CNAM" , "CDAT" , "VERN" , "LEVL" , "RSTAT" , "RMAND" , "RLOAD" , "DATALG" , "VARCL" , "DBAPL" , "FIXPT" , "SSET" , "LDBNAME" , "UCCHECK" , "MAXLINELN" FROM "REPOSRC" WHERE "PROGNAME" = ? AND "R3STATE" = ? FOR UPDATE
SELECT "SDATE" , "STIME" FROM "REPOSRC" WHERE "PROGNAME" = ? AND "R3STATE" = N'A' LIMIT 1
SELECT "SUBC" FROM "TRDIR" WHERE "NAME" = ? AND "SUBC" IN ( ? , ? , ? , ? , ? ) LIMIT 1
SELECT "SYSID" , "CONTEXT" , "CONTXTSTAT" , "CTXCLASS" , "CTXOWNER" , "SEGMENT" , "SEGMENTTYP" , "DESTINAT" , "SEGMSTATUS" , "RESP_MSSY" , "VERSION" , "CHG_USER" , "CHG_DATE" , "CHG_TIME" , "SEGSTATMST" , "SEGSTATCNT" , "SEGMSERVER" , "SEGMHOST" , "CONTXTTYPE" , "CTX_SYSID" , "CTX_MCNAME" , "CTX_NUMRNG" , "CTX_UID" , "CTX_CLAS" , "CTX_INDEX" , "CTX_EXTIDX" , "RESERVE_C" , "RESERVE_I" , "CTXCLIENT" , "CSMSYSID" , "DESTINAT_2" FROM "ALCONSEG" WHERE "SYSID" = ? AND "CONTEXT" = ? LIMIT 1
SELECT "TABNAME" FROM "D010TAB" WHERE "MASTER" = ? ORDER BY TABNAME
SELECT "TASKID" FROM "TBTC_TASK" WHERE "JOBNAME" = ? AND "JOBCOUNT" = ? LIMIT 1
SELECT "TYPE" FROM "D020S" WHERE "PROG" = ? AND "DNUM" = ? LIMIT 1
SELECT "TYPE" FROM "TVDIR" WHERE "AREA" = ? LIMIT 1
SELECT "UCCHECK" FROM "TRDIR" WHERE "NAME" = ? LIMIT 1
SELECT "UNAM" , "UDAT" , "UTIME" , "DATALG" FROM "REPOTEXT" WHERE "PROGNAME" = ? AND "R3STATE" = ? AND "LANGUAGE" = ?
SELECT "UNAM" , "UDAT" , "UTIME" , "L_DATALG" , "Q_DATALG" , "SDAT" , "STIME" , "MINOR_VERS" , "MAJOR_VERS" FROM "REPOLOAD" WHERE "PROGNAME" = ? AND "R3STATE" = ? AND "MACH" = ? AND "MAJOR_VERS" = ?
SELECT "VENDOR" FROM "CVI_VEND_LINK" WHERE "CLIENT" = ? AND "PARTNER_GUID" = ? LIMIT 1
SELECT * FROM "D010ENH" WHERE "IS_ENH" = ? AND "PROGRAMNAME" = ? ORDER BY "IS_ENH" , "PROGRAMNAME" , "VERSION" , "ENHNAME" , "ID"
SELECT * FROM "M_FKFI1" WHERE "MANDT" = ? LIMIT ?
SELECT * FROM "SDSH_V_DOMAIN_FX" WHERE "TABNAME" = ? AND "FIELDNAME" = ? LIMIT 1
SELECT * FROM "SDSH_V_ENTITYTAB" WHERE "TABNAME" = ? AND "FIELDNAME" = ? LIMIT 1
SELECT * FROM "SDSH_V_FIELD_TA1" WHERE "TABNAME" = ? AND "FIELDNAME" = ? LIMIT 1
SELECT * FROM "TRDIR" WHERE "NAME" = ? LIMIT 1
SELECT /* Buffer Loading */ "CPCODEPAGE" , "CPATTRKIND" , "CPATTRSEQ" , "CPATTR" FROM "TCP00A" ORDER BY "TCP00A" . "CPCODEPAGE" , "TCP00A" . "CPATTRKIND" , "TCP00A" . "CPATTRSEQ"
SELECT /* Buffer Loading */ "DOMNAME" , "AS4LOCAL" , "VALPOS" , "AS4VERS" , "DOMVALUE_L" , "DOMVALUE_H" , "APPVAL" FROM "DD07L" WHERE "DOMNAME" = ? ORDER BY "DD07L" . "DOMNAME" , "DD07L" . "AS4LOCAL" , "DD07L" . "VALPOS" , "DD07L" . "AS4VERS"
SELECT /* Buffer Loading */ "ENTRY_ID" , "COMPRESSION_ON" , "DELETION_TIME" , "MESSAGES_PER_LOG" , "MESS_LIFE_TIME" , "ORIG_USER" , "ORIG_CLIENT" , "ORIG_DATE" , "ORIG_TIME" , "DELETION_GROUP" FROM "BGRFC_CUST_O_SYS" ORDER BY "BGRFC_CUST_O_SYS" . "ENTRY_ID"
SELECT /* Buffer Loading */ "FBEVE" , "FUNCM" , "XMEHR" , "XBRFGEN" FROM "TFKFBM" WHERE "FBEVE" = ?
SELECT /* Buffer Loading */ "ID" , "OBJECT" , "LANGU" , "TYP" , "VERSION" , "MASTERLANG" , "TXTLINES" , "DOKSTATE" , "SELFDEF" FROM "DOKIL" WHERE "ID" = ? AND "OBJECT" = ? AND "LANGU" = ? AND "TYP" = ?
SELECT /* Buffer Loading */ "IS_ENH" , "PROGRAMNAME" , "VERSION" , "ENHNAME" , "ID" , "OVERWRITE" , "METHOD" , "ENHMODE" , "FULL_NAME" , "ENHINCLUDE" FROM "D010ENH" WHERE "IS_ENH" = ? AND "PROGRAMNAME" = ? ORDER BY "D010ENH" . "IS_ENH" , "D010ENH" . "PROGRAMNAME" , "D010ENH" . "VERSION" , "D010ENH" . "ENHNAME" , "D010ENH" . "ID"
SELECT /* Buffer Loading */ "MANDANT" , "TCPROGRAM" , "TCUSERTYPE" , "TCUSER" , "TCCONTROL" , "TCKONTEXT" , "TCVERSION" , "TCFIELDPOS" , "TCFIELDNAM" , "TCFIELDLEN" , "TCUDEFAULT" , "TCSDEFAULT" , "TCFIX_COLS" , "TCLINE_SEL" , "TCCOL_SEL" , "TCV_SCROLL" , "TCH_GRID" , "TCV_GRID" , "TCINVISIBL" FROM "TCVIEW" WHERE "MANDANT" = ? AND "TCPROGRAM" = ? AND "TCUSERTYPE" = ? AND "TCUSER" = ? ORDER BY "TCVIEW" . "MANDANT" , "TCVIEW" . "TCPROGRAM" , "TCVIEW" . "TCUSERTYPE" , "TCVIEW" . "TCUSER" , "TCVIEW" . "TCCONTROL" , "TCVIEW" . "TCKONTEXT" , "TCVIEW" . "TCVERSION" , "TCVIEW" . "TCFIELDPOS"
SELECT /* Buffer Loading */ "MANDT" , "BUKRS" , "OPBUK" , "XAKOZ" , "XFAER" , "PCTOP" , "TXAAR" , "ABSCH" , "XAWML" , "XAKAN" , "XSTZA" , "XNORA" , "XESCH" , "XDISM" , "BWPLV" , "GRPLVL" , "XCFAN" , "SEGFD" , "RVATD" , "XWTAC" , "XCRAN" , "PRLPO" , "XBRACTIV" , "XDPTX" , "XPDCA" , "XTAXX" , "XASKZ" , "XFLOC" , "XRTPA" , "XCOLI" , "XFCTA" , "XEXOT" , "XUTDD" , "XCTRD" , "XFVAD" , "XSEGO" , "XMLPA" FROM "TFK001B" WHERE "MANDT" = ? ORDER BY "TFK001B" . "MANDT" , "TFK001B" . "BUKRS"
SELECT /* Buffer Loading */ "MANDT" , "PGMID" , "FUNCT" , "VARNR" , "LSTYP" , "FITAB" , "SRVAR" , "SVVAR" FROM "TFK021U" WHERE "MANDT" = ? ORDER BY "TFK021U" . "MANDT" , "TFK021U" . "PGMID" , "TFK021U" . "FUNCT"
SELECT /* Buffer Loading */ "MANDT" , "USNAM" , "XDCUR" , "ERVAR" , "XNCRC" , "XLCUR" , "XCOMP" , "XSBEG" , "XSTAT" , "XNINV" , "XSUMM" , "XITAX" , "XTAXC_MAN" , "XTAXC_OP" , "XTAXC_OPK" , "XZALI" , "XTAXC_AUTO" , "XALTCUR" FROM "TFK000U" WHERE "MANDT" = ? ORDER BY "TFK000U" . "MANDT" , "TFK000U" . "USNAM"
SELECT /* Buffer Loading */ "NAME" , "SPRSL" , "TEXT" FROM "TRDIRT" WHERE "NAME" = ? AND "SPRSL" = ?
SELECT /* Buffer Loading */ "NAME" , "TYPE" , "OBJECT" , "MODIFIER" , "MODDATE" , "MODTIME" , "OKFLAG" , "MODIFIED" , "ORGNAME" FROM "USOBX_C" WHERE "NAME" = ? AND "TYPE" = ? AND "OBJECT" = ?
SELECT /* Buffer Loading */ "PGMID" , "OBJECT" , "OBJ_NAME" , "KORRNUM" , "SRCSYSTEM" , "AUTHOR" , "SRCDEP" , "DEVCLASS" , "GENFLAG" , "EDTFLAG" , "CPROJECT" , "MASTERLANG" , "VERSID" , "PAKNOCHECK" , "OBJSTABLTY" , "COMPONENT" , "CRELEASE" , "DELFLAG" , "TRANSLTTXT" , "CREATED_ON" , "CHECK_DATE" , "CHECK_CFG" FROM "TADIR" WHERE "PGMID" = ? AND "OBJECT" = ? AND "OBJ_NAME" = ?
SELECT /* Buffer Loading */ "PROGN" , "ANWND" , "LNUMM" , "APPLK" , "XCUST" , "DYNNR" , "MPOOL" , "SLINE" , "GDATE" , "GNAME" , "SAPRL" , "SYSNAME" , "INIFM" , "PBOFM" , "PAIFM" FROM "TFK021K" ORDER BY "TFK021K" . "PROGN" , "TFK021K" . "ANWND" , "TFK021K" . "LNUMM"
SELECT /* Buffer Loading */ "SPRSL" , "TCODE" , "TTEXT" FROM "TSTCT" WHERE "SPRSL" = ? AND "TCODE" = ?
SELECT /* Buffer Loading */ "TCODE" , "PGMNA" , "DYPNO" , "MENUE" , "CINFO" , "ARBGB" FROM "TSTC" WHERE "TCODE" = ?
SELECT /* Buffer Loading */ "TCODE" , "S_WEBGUI" , "S_WIN32" , "S_PLATIN" , "S_SERVICE" , "S_PERVAS" , "S_DUMMY" , "S_DUMMY1" , "S_DUMMY2" FROM "TSTCC" WHERE "TCODE" = ?
SELECT /* FDA READ */ "A" . "FIKEY" , "A" . "SUMSZ" , "A" . "RESOB" , "A" . "RESKY" , "A" . "KORLV" , "A" . "UEKLV" , "B" . "BUKRS" , "B" . "UEBIS" , "B" . "HWAER" , "B" . "HWAE2" , "B" . "HWAE3" FROM "DFKKSUMC" "A" INNER JOIN "DFKKSUMCB" "B" ON "A" . "MANDT" = "B" . "MANDT" AND "A" . "FIKEY" = "B" . "FIKEY" WHERE "A" . "MANDT" = ? AND "A" . "SUMSZ" <> 0
SELECT /* FDA READ */ "BP" . "PARTNER_GUID" , "VENDOR" . "KTOKK" , "VENDOR" . "BEGRU" FROM "BUT000" "BP" INNER JOIN "CVI_VEND_LINK" "LINK" ON "BP" . "CLIENT" = "LINK" . "CLIENT" AND "BP" . "PARTNER_GUID" = "LINK" . "PARTNER_GUID" INNER JOIN "LFA1" "VENDOR" ON "BP" . "CLIENT" = "VENDOR" . "MANDT" AND "LINK" . "VENDOR" = "VENDOR" . "LIFNR" WHERE "BP" . "CLIENT" = ? AND ( "BP" . "TYPE" = ? OR CAST( ? AS NVARCHAR(1) ) = N'' )
SELECT /* FDA READ */ "CLIENT" , "ADDRNUMBER" , "DATE_FROM" , "NATION" , "DATE_TO" , "TITLE" , "NAME1" , "NAME2" , "NAME3" , "NAME4" , "NAME_TEXT" , "NAME_CO" , "CITY1" , "CITY2" , "CITY_CODE" , "CITYP_CODE" , "HOME_CITY" , "CITYH_CODE" , "CHCKSTATUS" , "REGIOGROUP" , "POST_CODE1" , "POST_CODE2" , "POST_CODE3" , "PCODE1_EXT" , "PCODE2_EXT" , "PCODE3_EXT" , "PO_BOX" , "DONT_USE_P" , "PO_BOX_NUM" , "PO_BOX_LOC" , "CITY_CODE2" , "PO_BOX_REG" , "PO_BOX_CTY" , "POSTALAREA" , "TRANSPZONE" , "STREET" , "DONT_USE_S" , "STREETCODE" , "STREETABBR" , "HOUSE_NUM1" , "HOUSE_NUM2" , "HOUSE_NUM3" , "STR_SUPPL1" , "STR_SUPPL2" , "STR_SUPPL3" , "LOCATION" , "BUILDING" , "FLOOR" , "ROOMNUMBER" , "COUNTRY" , "LANGU" , "REGION" , "ADDR_GROUP" , "FLAGGROUPS" , "PERS_ADDR" , "SORT1" , "SORT2" , "SORT_PHN" , "DEFLT_COMM" , "TEL_NUMBER" , "TEL_EXTENS" , "FAX_NUMBER" , "FAX_EXTENS" , "FLAGCOMM2" , "FLAGCOMM3" , "FLAGCOMM4" , "FLAGCOMM5" , "FLAGCOMM6" , "FLAGCOMM7" , "FLAGCOMM8" , "FLAGCOMM9" , "FLAGCOMM10" , "FLAGCOMM11" , "FLAGCOMM12" , "FLAGCOMM13" , "ADDRORIGIN" , "MC_NAME1" , "MC_CITY1" , "MC_STREET" , "EXTENSION1" , "EXTENSION2" , "TIME_ZONE" , "TAXJURCODE" , "ADDRESS_ID" , "LANGU_CREA" , "ADRC_UUID" , "UUID_BELATED" , "ID_CATEGORY" , "ADRC_ERR_STATUS" , "PO_BOX_LOBBY" , "DELI_SERV_TYPE" , "DELI_SERV_NUMBER" , "COUNTY_CODE" , "COUNTY" , "TOWNSHIP_CODE" , "TOWNSHIP" , "MC_COUNTY" , "MC_TOWNSHIP" , "XPCPT" , "_DATAAGING" , "DUNS" , "DUNSP4" FROM "ADRC" WHERE "CLIENT" = ? AND "ADDRNUMBER" = ?
SELECT /* FDA READ */ "CLIENT" , "ADDRNUMBER" , "DATE_FROM" , "NATION" , "LANGU" , "REMARK" , "_DATAAGING" FROM "ADRCT" WHERE "CLIENT" = ? AND "ADDRNUMBER" = ?
SELECT /* FDA READ */ "CLIENT" , "ADDRNUMBER" , "PERSNUMBER" , "COMM_TYPE" , "CONSNUMBER" , "COMM_USAGE" , "VALID_TO" , "VALID_FROM" , "DEF_USAGE" , "ADRU_UUID" , "_DATAAGING" FROM "ADRU" WHERE "CLIENT" = ? AND "ADDRNUMBER" = ? AND "PERSNUMBER" = ?
SELECT /* FDA READ */ "CLIENT" , "ADDRNUMBER" , "PERSNUMBER" , "COMM_TYPE" , "DATE_FROM" , "CONSNUMBER" , "LANGU" , "REMARK" , "_DATAAGING" FROM "ADRT" WHERE "CLIENT" = ? AND "ADDRNUMBER" = ? AND "PERSNUMBER" = ?
SELECT /* FDA READ */ "CLIENT" , "ADDRNUMBER" , "PERSNUMBER" , "DATE_FROM" , "CONSNUMBER" , "COUNTRY" , "FLGDEFAULT" , "FLG_NOUSE" , "HOME_FLAG" , "TEL_NUMBER" , "TEL_EXTENS" , "TELNR_LONG" , "TELNR_CALL" , "DFT_RECEIV" , "R3_USER" , "VALID_FROM" , "VALID_TO" , "_DATAAGING" FROM "ADR2" WHERE "CLIENT" = ? AND "ADDRNUMBER" = ? AND "PERSNUMBER" = ?
SELECT /* FDA READ */ "CLIENT" , "ADDRNUMBER" , "PERSNUMBER" , "DATE_FROM" , "NATION" , "DATE_TO" , "COMP_PERS" , "SO_KEY" , "DEPARTMENT" , "FUNCTION" , "BUILDING" , "FLOOR" , "ROOMNUMBER" , "ID_CODE" , "IH_MAIL" , "SORT1" , "SORT2" , "SORT_PHN" , "ALT_COMPNY" , "DEFLT_COMM" , "TEL_NUMBER" , "TEL_EXTENS" , "FAX_NUMBER" , "FAX_EXTENS" , "FLAGCOMM2" , "FLAGCOMM3" , "FLAGCOMM4" , "FLAGCOMM5" , "FLAGCOMM6" , "FLAGCOMM7" , "FLAGCOMM8" , "FLAGCOMM9" , "FLAGCOMM10" , "FLAGCOMM11" , "FLAGCOMM12" , "FLAGCOMM13" , "ADCP_UUID" , "UUID_BELATED" , "ID_CATEGORY" , "ADCP_ERR_STATUS" , "XPCPT" , "_DATAAGING" FROM "ADCP" WHERE "CLIENT" = ? AND "ADDRNUMBER" = ? AND "PERSNUMBER" = ?
SELECT /* FDA READ */ "CLIENT" , "ADDRNUMBER" , "PERSNUMBER" , "DATE_FROM" , "NATION" , "DATE_TO" , "COMP_PERS" , "SO_KEY" , "DEPARTMENT" , "FUNCTION" , "BUILDING" , "FLOOR" , "ROOMNUMBER" , "ID_CODE" , "IH_MAIL" , "SORT1" , "SORT2" , "SORT_PHN" , "ALT_COMPNY" , "DEFLT_COMM" , "TEL_NUMBER" , "TEL_EXTENS" , "FAX_NUMBER" , "FAX_EXTENS" , "FLAGCOMM2" , "FLAGCOMM3" , "FLAGCOMM4" , "FLAGCOMM5" , "FLAGCOMM6" , "FLAGCOMM7" , "FLAGCOMM8" , "FLAGCOMM9" , "FLAGCOMM10" , "FLAGCOMM11" , "FLAGCOMM12" , "FLAGCOMM13" , "ADCP_UUID" , "UUID_BELATED" , "ID_CATEGORY" , "ADCP_ERR_STATUS" , "XPCPT" , "_DATAAGING" FROM "ADCP" WHERE "CLIENT" = ? AND "PERSNUMBER" = ? AND "COMP_PERS" = ?
SELECT /* FDA READ */ "CLIENT" , "DRAFT_ENTITY" , "DRAFT_KEY" , "ACCESS_TYPE" , "ACTIVE_DOCUMENT_ETAG" , "ACTIVE_DOCUMENT_ID" , "CREATED_AT" , "CREATED_BY" , "ENQUEUE_CONTEXT" , "ENQUEUE_SINCE" , "IN_PROCESS_BY" , "IN_PROCESS_SINCE" , "KEPT_BY_USER" , "LAST_CHANGED_AT" , "LAST_CHANGED_BY" , "PRINCIPAL_DRAFT_ENTITY" , "PRINCIPAL_DRAFT_KEY" FROM /* Entity name: SDRAFT_LOCK_EXP */ "VDRAFT_LOCK_EXP" ( "P_EXPIRY_EVENT" => ? , "P_CURRENT_TIME" => ? , "P_GLOBAL_TOKEN" => ? ) "SDRAFT_LOCK_EXP" WHERE "CLIENT" >= ? AND "DRAFT_ENTITY" >= ? AND "DRAFT_ENTITY" <> N'<@@ADMIN_TRACE@@>' AND "DRAFT_KEY" > ? ORDER BY "SDRAFT_LOCK_EXP" . "CLIENT" , "SDRAFT_LOCK_EXP" . "DRAFT_ENTITY" , "SDRAFT_LOCK_EXP" . "DRAFT_KEY" LIMIT ?
SELECT /* FDA READ */ "CLIENT" , "DRAFT_ENTITY" , "DRAFT_KEY" , "ACCESS_TYPE" , "ACTIVE_DOCUMENT_ETAG" , "ACTIVE_DOCUMENT_ID" , "CREATED_AT" , "CREATED_BY" , "ENQUEUE_CONTEXT" , "ENQUEUE_SINCE" , "IN_PROCESS_BY" , "IN_PROCESS_SINCE" , "KEPT_BY_USER" , "LAST_CHANGED_AT" , "LAST_CHANGED_BY" , "PRINCIPAL_DRAFT_ENTITY" , "PRINCIPAL_DRAFT_KEY" FROM /* Entity name: SDRAFT_PROC_EXP */ "VDRAFT_PROC_EXP" ( "P_EXPIRY_EVENT" => ? , "P_CURRENT_TIME" => ? , "P_GLOBAL_TOKEN" => ? ) "SDRAFT_PROC_EXP" WHERE "CLIENT" >= ? AND "DRAFT_ENTITY" >= ? AND "DRAFT_ENTITY" <> N'<@@ADMIN_TRACE@@>' AND "DRAFT_KEY" > ? ORDER BY "SDRAFT_PROC_EXP" . "CLIENT" , "SDRAFT_PROC_EXP" . "DRAFT_ENTITY" , "SDRAFT_PROC_EXP" . "DRAFT_KEY" LIMIT ?
SELECT /* FDA READ */ "CLIENT" , "DRAFT_ENTITY" , "DRAFT_KEY" , "PRINCIPAL_DRAFT_ENTITY" , "PRINCIPAL_DRAFT_KEY" , "CREATED_AT" , "CREATED_BY" , "LAST_CHANGED_AT" , "LAST_CHANGED_BY" , "ACTIVE_DOCUMENT_ID" , "ACTIVE_DOCUMENT_ETAG" , "ACCESS_TYPE" , "IN_PROCESS_BY" , "IN_PROCESS_SINCE" , "KEPT_BY_USER" , "ENQUEUE_CONTEXT" , "ENQUEUE_SINCE" FROM "SDRAFT_ADMIN" WHERE "DRAFT_ENTITY" = N'<@@ADMIN_TRACE@@>'
SELECT /* FDA READ */ "CLIENT" , "GUID" , "CLEAR_CASE_GUID" , "OBJECT_GUID" , "OBJECT_CLASS" , "OBJECT_APPL_KEY" , "OBJ_DESCRIPTION" , "PROBABILITY" , "IS_SOURCE" , "IS_OBJ_DELETED" , "IS_PROCESSED" , "EXTERNAL_SOURCE" FROM "COMM_CLEAR_TARG" WHERE "CLIENT" = ? AND "OBJECT_CLASS" = N'BUPA' AND "OBJECT_GUID" = ?
SELECT /* FDA READ */ "CLIENT" , "OBJAP" , "DYNID" , "XDELE" FROM "TBZ3A_GEN" WHERE "CLIENT" = ? ORDER BY "TBZ3A_GEN" . "CLIENT" , "TBZ3A_GEN" . "OBJAP" , "TBZ3A_GEN" . "DYNID"
SELECT /* FDA READ */ "CLIENT" , "OBJAP" , "RLTYP" , "RLTGR" , "AKTYP" , "TCODE" FROM "TBZ1E" WHERE "CLIENT" = ? ORDER BY "TBZ1E" . "CLIENT" , "TBZ1E" . "OBJAP" , "TBZ1E" . "RLTYP" , "TBZ1E" . "RLTGR" , "TBZ1E" . "AKTYP"
SELECT /* FDA READ */ "CLIENT" , "OBJECT" , "SUBOBJECT" , "NRRANGENR" , "TOYEAR" , "FROMNUMBER" , "TONUMBER" , "NRLEVEL" , "EXTERNIND" FROM "NRIV" WHERE "CLIENT" = ? AND "OBJECT" = ?
SELECT /* FDA READ */ "CLIENT" , "OBJECT" , "SUBOBJECT" , "NRRANGENR" , "TOYEAR" , "FROMNUMBER" , "TONUMBER" , "NRLEVEL" , "EXTERNIND" FROM "NRIV" WHERE "CLIENT" = ? AND ( "OBJECT" = N'DEBITOR' OR "OBJECT" = N'KREDITOR' OR "OBJECT" = N'BU_PARTNER' )
SELECT /* FDA READ */ "CLIENT" , "PARTNER" , "ADDRNUMBER" , "XDFADR" , "ADEXT" , "NATION" , "GUID" , "MOVE_ADDR" , "DATE_FROM" , "ADDRESS_GUID" , "ADDR_VALID_FROM" , "ADDR_VALID_TO" , "ADDR_MOVE_DATE" FROM "BUT020" WHERE "CLIENT" = ? AND "PARTNER" = ?
SELECT /* FDA READ */ "CLIENT" , "PARTNER" , "ISTYPE" , "IND_SECTOR" , "ISDEF" , "BP_EEW_BUT0IS" FROM "BUT0IS" WHERE "CLIENT" = ? AND "PARTNER" = ?
SELECT /* FDA READ */ "CLIENT" , "PARTNER" , "TAXTYPE" , "TAXNUM" , "TAXNUMXL" FROM "DFKKBPTAXNUM" WHERE "CLIENT" = ? AND "PARTNER" = ?
SELECT /* FDA READ */ "CLIENT" , "PARTNER" , "TYPE" , "IDNUMBER" , "INSTITUTE" , "ENTRY_DATE" , "VALID_DATE_FROM" , "VALID_DATE_TO" , "COUNTRY" , "REGION" , "IDNUMBER_GUID" , "BP_EEW_BUT0ID" FROM "BUT0ID" WHERE "CLIENT" = ? AND "PARTNER" = ?
SELECT /* FDA READ */ "CLIENT" , "PARTNER" , "VALID_TO" , "ADR_KIND" , "ADDRNUMBER" , "VALID_FROM" , "XDFADU" FROM "BUT021_FS" WHERE "CLIENT" = ? AND "PARTNER" = ?
SELECT /* FDA READ */ "CLIENT" , "PARTNER_GUID" , "HOME_SYSTEM" , "CREATED_BY" , "CHANGED_BY" , "CREATED_ON" , "CHANGED_ON" FROM "BUT_FRG0010" WHERE "CLIENT" = ? AND "PARTNER_GUID" = ?
SELECT /* FDA READ */ "CLIENT" , "PARTNER_GUID" , "SCHEDULE_TYPE" , "HOME_SYSTEM" , "CREATED_BY" , "CHANGED_BY" , "CREATED_ON" , "CHANGED_ON" FROM "CRMM_BUT_FRG0060" WHERE "CLIENT" = ? AND "PARTNER_GUID" = ? AND "SCHEDULE_TYPE" = ?
SELECT /* FDA READ */ "CLIENT" , "PERSNUMBER" , "DATE_FROM" , "NATION" , "DATE_TO" , "TITLE" , "NAME_FIRST" , "NAME_LAST" , "NAME2" , "NAMEMIDDLE" , "NAME_LAST2" , "NAME_TEXT" , "CONVERTED" , "TITLE_ACA1" , "TITLE_ACA2" , "PREFIX1" , "PREFIX2" , "TITLE_SPPL" , "NICKNAME" , "INITIALS" , "NAMEFORMAT" , "NAMCOUNTRY" , "PROFESSION" , "SEX" , "LANGU" , "PERS_GROUP" , "FLAGGROUPS" , "SORT1" , "SORT2" , "SORT_PHN" , "ADDR_COMP" , "ADDR_PERS" , "FLPERSTEL" , "FLPERSCOMM" , "PERSORIGIN" , "MC_NAMEFIR" , "MC_NAMELAS" , "MC_NAME2" , "LANGU_CREA" , "ADRP_UUID" , "UUID_BELATED" , "ID_CATEGORY" , "ADRP_ERR_STATUS" , "_DATAAGING" FROM "ADRP" WHERE "CLIENT" = ? AND "PERSNUMBER" = ?
SELECT /* FDA READ */ "CLIENT" , "RELNR" , "PARTNER1" , "PARTNER2" , "DATE_TO" , "DATE_FROM" , "RELTYP" , "XRF" , "DFTVAL" , "RLTYP" , "RELKIND" , "CRUSR" , "CRDAT" , "CRTIM" , "CHUSR" , "CHDAT" , "CHTIM" , "XDFREL" , "XDFREL2" , "DB_KEY" , "DB_KEY_TD" FROM "BUT050" WHERE "CLIENT" = ? AND "PARTNER1" = ? AND "RELTYP" = ? AND "XRF" = ? LIMIT ?
SELECT /* FDA READ */ "CLIENT" , "RELNR" , "PARTNER1" , "PARTNER2" , "DATE_TO" , "DATE_FROM" , "RELTYP" , "XRF" , "DFTVAL" , "RLTYP" , "RELKIND" , "CRUSR" , "CRDAT" , "CRTIM" , "CHUSR" , "CHDAT" , "CHTIM" , "XDFREL" , "XDFREL2" , "DB_KEY" , "DB_KEY_TD" FROM "BUT050" WHERE "CLIENT" = ? AND "PARTNER2" = ? AND "RELTYP" = ? AND "XRF" = ? LIMIT ?
SELECT /* FDA READ */ "CLIENT" , "TABNM_FI" , "FELDN_FI" , "BP_FIELD_GROUP" , "FIELD_STATUS_RELEVANCY" , "CV_FIELD_TYPE" FROM "CVI_FLDGR_ASSIGN" WHERE "CLIENT" = ?
SELECT /* FDA READ */ "DEST_NAME" , "CLIENT" , "QUEUE_NAME" , "TIMESTAMP" FROM "QRFC_I_QIN_LOCK"
SELECT /* FDA READ */ "DEST_NAME" , "CLIENT" , "QUEUE_NAME" , "TIMESTAMP" FROM "QRFC_O_QOUT_LOCK"
SELECT /* FDA READ */ "DEST_NAME" , "VALID_UNTIL" FROM "BGRFC_I_DESTLOCK"
SELECT /* FDA READ */ "DEST_NAME" , "VALID_UNTIL" FROM "BGRFC_O_DESTLOCK"
SELECT /* FDA READ */ "DP_SERVER_NAME" , "RFC_SERVER_NAME" , "SCHEDULER_CNT" , "TASK_CNT_MAX" , "GW_RESOURCES" , "IDLE_TIME" , "LB_EXP_TIME" , "DEST_CNT_MAX" , "ORIG_USER" , "ORIG_CLIENT" , "ORIG_DATE" , "ORIG_TIME" FROM "BGRFC_CUST_I_SRV" WHERE "DP_SERVER_NAME" = ? OR "DP_SERVER_NAME" = N'BGRFC_INSTANCE_DEFAULTS'
SELECT /* FDA READ */ "DRAFT_ENTITY" , "EXPIRY_EVENT" , "EXPIRY_DURATION" , "EXPIRY_RELATIVE_TO" FROM "SDRAFT_LC_CONFIG" WHERE "DRAFT_ENTITY" = N'<DEFAULT>' AND "EXPIRY_EVENT" = ?
SELECT /* FDA READ */ "EVENTID" , "EVENTCOUNT" , "ACTIVATED" , "EVENTPARM" , "JOBNAME" , "JOBCOUNT" , "PROCMODE" FROM "BTCEVTJOB" WHERE "EVENTID" = ? AND "ACTIVATED" = N'X' AND "EVENTPARM" = ?
SELECT /* FDA READ */ "EVENTID" , "EVENTCOUNT" , "ACTIVATED" , "EVENTPARM" , "JOBNAME" , "JOBCOUNT" , "PROCMODE" FROM "BTCEVTJOB" WHERE "EVENTID" = N'SAP_END_OF_JOB' AND "ACTIVATED" = N'X'
SELECT /* FDA READ */ "EXE_START_TIME" , "UNIT_ID" , "UNIT_KIND" FROM "BGRFC_SRV_CFM" WHERE "EXE_START_TIME" <= ? LIMIT 1000
SELECT /* FDA READ */ "FINISHED_AT" , "UNIT_ID" FROM "BGRFC_UNIT_TIME" WHERE "FINISHED_AT" >= ? AND "FINISHED_AT" <= ? AND "UNIT_KIND" = 1409196102
SELECT /* FDA READ */ "FINISHED_AT" , "UNIT_ID" FROM "BGRFC_UNIT_TIME" WHERE "FINISHED_AT" >= ? AND "FINISHED_AT" <= ? AND "UNIT_KIND" = 1409196105
SELECT /* FDA READ */ "FINISHED_AT" , "UNIT_ID" FROM "BGRFC_UNIT_TIME" WHERE "FINISHED_AT" >= ? AND "FINISHED_AT" <= ? AND "UNIT_KIND" = 1409196106
SELECT /* FDA READ */ "FINISHED_AT" , "UNIT_ID" FROM "BGRFC_UNIT_TIME" WHERE "FINISHED_AT" >= ? AND "FINISHED_AT" <= ? AND ( "UNIT_KIND" = 1409196101 OR "UNIT_KIND" = 1409196103 )
SELECT /* FDA READ */ "FUNCNAME" , "R3STATE" , "PARAMETER" , "PARAMTYPE" , "STRUCTURE" , "DEFAULTVAL" , "REFERENCE" , "PPOSITION" , "OPTIONAL" , "TYPE" , "CLASS" , "REF_CLASS" , "LINE_OF" , "TABLE_OF" , "RESFLAG1" , "RESFLAG2" , "RESFLAG3" , "RESFLAG4" , "RESFLAG5" FROM "FUPARAREF" WHERE "FUNCNAME" = ? AND "R3STATE" = N'A'
SELECT /* FDA READ */ "JOBCOUNT" FROM "TBTCO" WHERE "JOBNAME" = ? AND "JOBCOUNT" LIKE ? ORDER BY "TBTCO" . "JOBCOUNT"
SELECT /* FDA READ */ "JOBNAME" , "JOBCOUNT" , "BTCSYSTEM" , "JOBGROUP" , "INTREPORT" , "SDLSTRTDT" , "SDLSTRTTM" , "PRDMINS" , "PRDHOURS" , "PRDDAYS" , "PRDWEEKS" , "PRDMONTHS" , "PERIODIC" , "DELANFREP" , "EMERGMODE" , "SDLUNAME" , "AUTHCKNAM" , "AUTHCKMAN" , "SUCCNUM" , "EOMCORRECT" , "JOBCLASS" , "PRIORITY" , "EXECSERVER" , "CALCORRECT" , "TGTSRVGRP" FROM "TBTCS" WHERE ( "SDLSTRTDT" = ? AND "SDLSTRTTM" <= ? OR "SDLSTRTDT" < ? ) AND ( "EXECSERVER" = ? OR "EXECSERVER" = N'' AND ( "BTCSYSTEM" = ? OR "BTCSYSTEM" = ? OR "BTCSYSTEM" = N'' ) ) ORDER BY "TBTCS" . "JOBCLASS" , "TBTCS" . "SDLSTRTDT" , "TBTCS" . "SDLSTRTTM"
SELECT /* FDA READ */ "JOBNAME" , "JOBCOUNT" , "JOBGROUP" , "INTREPORT" , "SDLUNAME" , "AUTHCKNAM" , "AUTHCKMAN" , "SUCCNUM" , "DELANFREP" , "SDLFLAG" , "STEPCOUNT" , "XPGACTIVE" , "JOBLOG" , "EVENTID" , "EVENTPARM" , "JOBCLASS" , "PRIORITY" , "STATUS" , "XPGTERMCTL" , "STEPFLAG" , "CREADATE" , "CREATIME" , "EXECSERVER" , "TGTSRVGRP" , "REAXSERVER_1" , "REAXSERVER_2" , "REAXSERVER_LAST" , "LASTCHDATE" , "LASTCHTIME" , "NROFTRIES" FROM "TBTCY"
SELECT /* FDA READ */ "JOBNAME" , "JOBCOUNT" , "STEPCOUNT" , "PROGNAME" , "PROGFROMLN" , "PROGTOLN" , "SDLDATE" , "SDLTIME" , "SDLUNAME" , "VARIANT" , "AUTHCKNAM" , "LISTIDENT" , "XPGPID" , "XPGTGTSYS" , "XPGRFCDEST" , "XPGPROG" , "XPGPARAMS" , "XPGFLAG" , "CONNCNTL" , "STDINCNTL" , "STDOUTCNTL" , "STDERRCNTL" , "TRACECNTL" , "TERMCNTL" , "STATUS" , "EXITCODE" , "LANGUAGE" , "EXTCMD" , "OPSYSTEM" , "PDEST" , "PRCOP" , "PLIST" , "PRTXT" , "PRIMM" , "PRREL" , "PRNEW" , "PEXPI" , "LINCT" , "LINSZ" , "PAART" , "PRBIG" , "PRSAP" , "PRREC" , "PRABT" , "PRBER" , "PRDSN" , "PTYPE" , "ARMOD" , "FOOTL" , "PRCHK" , "SAP_OBJECT" , "AR_OBJECT" , "ARCHIV_ID" , "DOC_TYPE" , "RPC_HOST" , "RPC_SERVIC" , "INTERFACE" , "MANDANT" , "REPORT" , "INFO" , "ARCTEXT" , "DATUM" , "ARCUSER" , "PRINTER" , "FORMULAR" , "ARCHIVPATH" , "PROTOKOLL" , "VERSION" , "ACHECK" , "PRIPARKEY" , "CONVID" FROM "TBTCP" WHERE "JOBNAME" = ? AND "JOBCOUNT" = ?
SELECT /* FDA READ */ "MANDANT" , "TASK_ID" , "TASK_LUW_ID" , "TASK_STAT" , "TASK_NAME" , "TASK_DEST" , "TASK_FUNC" , "TASK_UID" , "TASK_TIME" , "TASK_IFCOM" , "TASK_IFCALL" , "TASK_TIMEOUT" FROM "TASK_VITA_LOST"
SELECT /* FDA READ */ "MANDANT" , "TASK_ID" , "TASK_LUW_ID" , "TASK_STAT" , "TASK_NAME" , "TASK_DEST" , "TASK_FUNC" , "TASK_UID" , "TASK_TIME" , "TASK_IFCOM" , "TASK_IFCALL" , "TASK_TIMEOUT" FROM "TASK_VITA_MAIN"
SELECT /* FDA READ */ "MANDT" , "AGR_NAME" , "UNAME" , "FROM_DAT" , "TO_DAT" , "EXCLUDE" , "CHANGE_DAT" , "CHANGE_TIM" , "CHANGE_TST" , "ORG_FLAG" , "COL_FLAG" FROM "AGR_USERS" WHERE "MANDT" = ? AND "UNAME" = ? AND "EXCLUDE" = N''
SELECT /* FDA READ */ "MANDT" , "BNAME" , "BCODE" , "GLTGV" , "GLTGB" , "USTYP" , "CLASS" , "LOCNT" , "UFLAG" , "ACCNT" , "ANAME" , "ERDAT" , "TRDAT" , "LTIME" , "OCOD1" , "BCDA1" , "CODV1" , "OCOD2" , "BCDA2" , "CODV2" , "OCOD3" , "BCDA3" , "CODV3" , "OCOD4" , "BCDA4" , "CODV4" , "OCOD5" , "BCDA5" , "CODV5" , "VERSN" , "CODVN" , "TZONE" , "ZBVMASTER" , "PASSCODE" , "PWDCHGDATE" , "PWDSTATE" , "RESERVED" , "PWDHISTORY" , "PWDLGNDATE" , "PWDSETDATE" , "PWDINITIAL" , "PWDLOCKDATE" , "PWDSALTEDHASH" , "SECURITY_POLICY" FROM "USR02" WHERE "MANDT" = ? AND "BNAME" = ? ORDER BY "USR02" . "MANDT" , "USR02" . "BNAME"
SELECT /* FDA READ */ "MANDT" , "BNAME" , "PARID" , "PARVA" FROM "USR05" WHERE "MANDT" = ? AND "BNAME" = ?
SELECT /* FDA READ */ "MANDT" , "OTYPE" , "OBJID" , "PLVAR" , "RSIGN" , "RELAT" , "ISTAT" , "PRIOX" , "BEGDA" , "ENDDA" , "VARYF" , "SEQNR" , "INFTY" , "OTJID" , "SUBTY" , "AEDTM" , "UNAME" , "REASN" , "HISTO" , "ITXNR" , "SCLAS" , "SOBID" , "PROZT" , "ADATANR" FROM "HRP1001" WHERE "MANDT" = ? AND "PLVAR" = ? AND "OTJID" = ? AND "SUBTY" = ? AND "ISTAT" = ? AND "BEGDA" <= ? AND "ENDDA" >= ?
SELECT /* FDA READ */ "MANDT" , "OTYPE" , "OBJID" , "PLVAR" , "RSIGN" , "RELAT" , "ISTAT" , "PRIOX" , "BEGDA" , "ENDDA" , "VARYF" , "SEQNR" , "INFTY" , "OTJID" , "SUBTY" , "AEDTM" , "UNAME" , "REASN" , "HISTO" , "ITXNR" , "SCLAS" , "SOBID" , "PROZT" , "ADATANR" FROM "HRP1001" WHERE "MANDT" = ? AND "PLVAR" = ? AND "SCLAS" = ? AND "SOBID" = ? AND "BEGDA" <= ? AND "ENDDA" >= ? AND "OTYPE" = ? AND "SUBTY" = ?
SELECT /* FDA READ */ "MANDT" , "PARTNER" , "BKVID" , "BANKS" , "BANKL" , "BANKN" , "BKONT" , "BKREF" , "KOINH" , "BKEXT" , "XEZER" , "ACCNAME" , "MOVE_BKVID" , "PROTECT" , "BK_VALID_FROM" , "BK_VALID_TO" , "BK_MOVE_DATE" , "IBAN" , "BANK_GUID" , "ACCOUNT_ID" , "CHECK_DIGIT" , "ACCOUNT_TYPE" , "BP_EEW_BUT0BK" FROM "BUT0BK" WHERE "MANDT" = ? AND "PARTNER" = ? ORDER BY "BUT0BK" . "MANDT" , "BUT0BK" . "PARTNER" , "BUT0BK" . "BKVID"
SELECT /* FDA READ */ "MANDT" , "PARTNER" , "CARRIER_SERVICE_CODE" , "SERVICE_TYPE" FROM "/SCMB/D_BPTMSC" WHERE "MANDT" = ? AND "PARTNER" = ?
SELECT /* FDA READ */ "MANDT" , "PARTNER" , "CCARD_ID" , "CCINS" , "CCNUM" , "CCDEF" , "CCACCNAME" , "CARD_GUID" , "BP_EEW_BUT0CC" FROM "BUT0CC" WHERE "MANDT" = ? AND "PARTNER" = ? ORDER BY "BUT0CC" . "MANDT" , "BUT0CC" . "PARTNER" , "BUT0CC" . "CCARD_ID"
SELECT /* FDA READ */ "MANDT" , "PARTNER" , "ORGU" , "VTWEG" , "SPART" , "ORG_FUNCTION" , "PERFK" , "LSP_EXP_DECL" , "LSP_IMP_DECL" , "SD_PRF_ID" , "CALC_PRF_ID" , "ENH_ORG" FROM "/SCMB/D_BPTMORGU" WHERE "MANDT" = ? AND "PARTNER" = ?
SELECT /* FDA READ */ "MANDT" , "PARTNER" , "RLTYP" , "DFVAL" , "VALID_FROM" , "VALID_TO" , "ROLE" , "AUTHORITY" FROM "BUT100" WHERE "MANDT" = ? AND "PARTNER" = ?
SELECT /* FDA READ */ "MANDT" , "PARTNER" , "SLC" , "SLC_EDI" FROM "/SCMB/D_BPTMSLC" WHERE "MANDT" = ? AND "PARTNER" = ?
SELECT /* FDA READ */ "MANDT" , "PARTNER" , "TXT_TYPE" , "SPRAS" , "TEXT" FROM "/SCMB/D_BPTMTXT" WHERE "MANDT" = ? AND "PARTNER" = ?
SELECT /* FDA READ */ "MANDT" , "PERNR" , "SUBTY" , "OBJPS" , "SPRPS" , "ENDDA" , "BEGDA" , "SEQNR" , "AEDTM" , "UNAME" , "HISTO" , "ITXEX" , "REFEX" , "ORDEX" , "ITBLD" , "PREAS" , "FLAG1" , "FLAG2" , "FLAG3" , "FLAG4" , "RESE1" , "RESE2" , "GRPVL" , "MASSN" , "MASSG" , "STAT1" , "STAT2" , "STAT3" FROM "PA0000" WHERE "MANDT" = ? AND "PERNR" = ? AND "BEGDA" <= ? AND "ENDDA" >= ? ORDER BY "PA0000" . "MANDT" , "PA0000" . "PERNR" , "PA0000" . "SUBTY" , "PA0000" . "OBJPS" , "PA0000" . "SPRPS" , "PA0000" . "ENDDA" , "PA0000" . "BEGDA" , "PA0000" . "SEQNR"
SELECT /* FDA READ */ "MANDT" , "PERNR" , "SUBTY" , "OBJPS" , "SPRPS" , "ENDDA" , "BEGDA" , "SEQNR" , "AEDTM" , "UNAME" , "HISTO" , "ITXEX" , "REFEX" , "ORDEX" , "ITBLD" , "PREAS" , "FLAG1" , "FLAG2" , "FLAG3" , "FLAG4" , "RESE1" , "RESE2" , "GRPVL" , "USRTY" , "USRID" , "USRID_LONG" FROM "PA0105" WHERE "MANDT" = ? AND "USRTY" = ? AND "USRID" = ?
SELECT /* FDA READ */ "MANDT" , "PLVAR" , "OTYPE" , "OBJID" , "SUBTY" , "ISTAT" , "BEGDA" , "ENDDA" , "VARYF" , "SEQNR" , "INFTY" , "OTJID" , "AEDTM" , "UNAME" , "REASN" , "HISTO" , "ITXNR" , "STAT2" , "PERNR" , "CP_ORIG" , "ORIG_SYSTEM" FROM "HRP5580" WHERE "MANDT" = ? AND "PLVAR" = ? AND "OTJID" = ? AND "ISTAT" = ? AND "BEGDA" <= ? AND "ENDDA" >= ?
SELECT /* FDA READ */ "MANDT" , "TDOBJECT" , "TDNAME" , "TDID" , "TDSPRAS" , "TDTITLE" , "TDFRELES" , "TDFUSER" , "TDFDATE" , "TDFTIME" , "TDLRELES" , "TDLUSER" , "TDLDATE" , "TDLTIME" , "TDVERSION" , "TDSTYLE" , "TDFORM" , "TDHYPHENAT" , "TDTRANSTAT" , "TDOSPRAS" , "TDMACODE1" , "TDMACODE2" , "TDTXTLINES" , "TDREF" , "TDREFOBJ" , "TDREFNAME" , "TDREFID" , "TDTEXTTYPE" , "TDCOMPRESS" , "TDOCLASS" , "LOGSYS" FROM "STXH" WHERE "MANDT" = ? AND "TDOBJECT" = ? AND "TDNAME" = ? AND "TDID" = ?
SELECT /* FDA READ */ "MANDT" , "USERA" , "TMPTY" , "TMPID" , "CRDAT" , "AEDAT" , "AETIM" , "LAUFI" , "ENQ_CONTEXT_ID" FROM "FDC_D_ACCDOC_TMP" WHERE "MANDT" = ? AND "RELID" = N'FI' AND ( "AEDAT" < ? OR "AEDAT" = ? AND "AETIM" < ? ) ORDER BY "FDC_D_ACCDOC_TMP" . "TMPID"
SELECT /* FDA READ */ "MANDT" , "USERA" , "TMPTY" , "TMPID" , "CRDAT" , "AEDAT" , "AETIM" , "LAUFI" , "ENQ_CONTEXT_ID" FROM "FDC_D_ACCDOC_TMP" WHERE "RELID" = N'FI' AND "TMPTY" = N'T' AND ( "LAUFI" <> ? OR "ENQ_CONTEXT_ID" <> ? ) AND ( "AEDAT" < ? OR "AEDAT" = ? AND "AETIM" < ? ) AND "XLOCK_DELETED" = N'' ORDER BY "FDC_D_ACCDOC_TMP" . "TMPID"
SELECT /* FDA READ */ "OLTPSOURCE" , "OBJVERS" , "TYPE" , "APPLNM" , "BASOSOURCE" , "DELTA" , "STOCKUPD" , "UPDFLG1" , "UPDFLG2" , "UPDFLG3" , "READONLY" , "INITSIMU" , "INITCOMMIT" , "ZDD_ABLE" , "REALTIME" , "EXMETHOD" , "EXTRACTOR" , "EXSTRUCT" , "GENFLAG" , "VIRTCUBE" , "APPENDFLAG" , "TSTPNM" , "TSTPDAT" , "TSTPTIM" , "INVFIELD" , "GENDELTAFD" , "GENDELTATP" , "DELTASAFE1" , "DELTASAFE2" , "DLTAGETMAX" , "SEGMENT" , "AFTERIMP" , "BEFOREXP" , "MAINTAIN" , "CHECKDS" , "SAVEDS" , "TRANSPDS" , "DELETE_DS" , "RESETDELTA" , "APPL_PROP" , "ACTIVATE" , "ZDD_REPLAY" , "TFMETHODS" , "ARCHMETHOD" , "DUPREC" , "SCLIENT" , "PRIMSEGID" , "OBJECTFD" , "CONTSRCVERS" , "RECONCILIATION" FROM "ROOSOURCE" WHERE "TYPE" = N'ATTR' AND ( "OBJVERS" = N'D' OR "OBJVERS" = N'A' ) AND "APPLNM" = N'0FS_BP'
SELECT /* FDA READ */ "PLVAR" , "OTYPE" , "OBJID" , "ISTAT" , "BEGDA" , "ENDDA" , "LANGU" , "HISTO" , "SHORT" , "STEXT" FROM "HRP1000" WHERE "MANDT" = ? AND "PLVAR" = ? AND "OTYPE" = ? AND "OBJID" = ?
SELECT /* FDA READ */ "PROG" , "DNUM" , "TYPE" , "FNUM" , "DGRP" , "BZMX" , "BZBR" , "MILI" , "MICO" , "MALI" , "MACO" , "NOLI" , "NOCO" , "VALP" , "CUAN" , "HDAT" , "SPRA" , "CUPO" , "DGEN" , "TGEN" FROM "D020S" WHERE "PROG" = ? AND ( "TYPE" = N'S' OR "TYPE" = N'W' OR "TYPE" = N'J' )
SELECT /* FDA READ */ "PROG" , "DNUM" , "TYPE" , "FNUM" , "DGRP" , "BZMX" , "BZBR" , "MILI" , "MICO" , "MALI" , "MACO" , "NOLI" , "NOCO" , "VALP" , "CUAN" , "HDAT" , "SPRA" , "CUPO" , "DGEN" , "TGEN" FROM "D020S" WHERE "PROG" = ? AND NOT "DNUM" = ? AND ( "TYPE" = N'S' OR "TYPE" = N'W' OR "TYPE" = N'J' )
SELECT /* FDA READ */ "SCENARIO" FROM "QISR_CREQ_SCEN" WHERE "MANDT" = ? AND "CREQ_APPLICATION" = ? AND "CREQ_ORG_UNIT" = N''
SELECT /* FDA READ */ "STARTDATE" , "STARTTIME" , "TARGET" , "SETTYPE" , "SETSTARTDT" , "SETSTARTTM" FROM "BTCOMSDL" WHERE ( "STARTDATE" = ? AND "STARTTIME" <= ? OR "STARTDATE" < ? ) AND ( "TARGET" = ? OR "TARGET" = N'' )
SELECT /* FDA READ */ "SUB_HEADER_ID" FROM "TBZJ2" WHERE "CLIENT" = ? AND "ROLE" = ? ORDER BY "TBZJ2" . "SUB_HEADER_ID"
SELECT /* FDA READ */ "SYSID" , "CONTEXT" , "CONTXTSTAT" , "CTXCLASS" , "CTXOWNER" , "SEGMENT" , "SEGMENTTYP" , "DESTINAT" , "SEGMSTATUS" , "RESP_MSSY" , "VERSION" , "CHG_USER" , "CHG_DATE" , "CHG_TIME" , "SEGSTATMST" , "SEGSTATCNT" , "SEGMSERVER" , "SEGMHOST" , "CONTXTTYPE" , "CTX_SYSID" , "CTX_MCNAME" , "CTX_NUMRNG" , "CTX_UID" , "CTX_CLAS" , "CTX_INDEX" , "CTX_EXTIDX" , "RESERVE_C" , "RESERVE_I" , "CTXCLIENT" , "CSMSYSID" , "DESTINAT_2" FROM "ALCONSEG"
SELECT /* FDA READ */ "TABNAME" , "FIELDNAME" , "AS4LOCAL" , "AS4VERS" , "CHECKTABLE" , "FRKART" , "CLASFIELD" , "CLASVALUE" , "CARDLEFT" , "CARD" , "CHECKFLAG" , "ARBGB" , "MSGNR" , "NOINHERIT" FROM "DD08L" WHERE "TABNAME" = ? AND "FIELDNAME" = ? AND "AS4LOCAL" = ?
SELECT /* FDA READ */ "UNIT_ID" , "TIMESTAMP" , "SCHEDULER_ID" , "SCHEDULER_INST" , "STATE" FROM "QRFC_I_EXE_STATE" WHERE "SCHEDULER_ID" = ? AND "SCHEDULER_INST" = ? AND ( "STATE" = 21201 OR "STATE" = 21202 )
SELECT /* FDA READ */ "UNIT_ID" , "TIMESTAMP" , "SCHEDULER_ID" , "SCHEDULER_INST" , "STATE" FROM "TRFC_I_EXE_STATE" WHERE "SCHEDULER_ID" = ? AND "SCHEDULER_INST" = ? AND ( "STATE" = 21201 OR "STATE" = 21202 )
SELECT /* FDA READ */ "VALID_UNTIL" , "LOCK_ID" , "UNIT_KIND" FROM "BGRFC_LOCK_TIME" WHERE "VALID_UNTIL" <= ? LIMIT 1000
SELECT /* FDA READ */ * FROM "DD03K" WHERE "TABNAME" = ?
SELECT /* FDA READ */ /* Buffer Loading */ "MANDT" , "SUBAP" FROM "TFK000P" WHERE "MANDT" = ? ORDER BY "TFK000P" . "MANDT" , "TFK000P" . "SUBAP"
SELECT /* FDA READ */ DISTINCT  "A" . "ROLE" , "A" . "ROLECATEGORY" FROM "TB003" "A" INNER JOIN "TBZ0S" "B" ON "A" . "CLIENT" = "B" . "CLIENT" AND "A" . "BPVIEW" = "B" . "RLTYP" AND "B" . "OBJAP" = N'BUPA' AND "B" . "SETID" = N'CVIC04' INNER JOIN "TBZ0C" "C" ON "A" . "CLIENT" = "C" . "CLIENT" AND "A" . "BPVIEW" = "C" . "RLTYP" AND "C" . "OBJAP" = N'BUPA' AND "C" . "APPLI" = N'CVIC' INNER JOIN "TBZJ2" "D" ON "A" . "CLIENT" = "D" . "CLIENT" AND "A" . "BPVIEW" = "D" . "ROLE" AND "D" . "SUB_HEADER_ID" = N'FS0001' WHERE "A" . "CLIENT" = ?
SELECT /* FDA READ */ DISTINCT  "A" . "ROLE" , "A" . "ROLECATEGORY" FROM "TB003" "A" INNER JOIN "TBZ0S" "B" ON "A" . "CLIENT" = "B" . "CLIENT" AND "A" . "BPVIEW" = "B" . "RLTYP" AND "B" . "OBJAP" = N'BUPA' AND "B" . "SETID" = N'CVIC08' INNER JOIN "TBZ0C" "C" ON "A" . "CLIENT" = "C" . "CLIENT" AND "A" . "BPVIEW" = "C" . "RLTYP" AND "C" . "OBJAP" = N'BUPA' AND "C" . "APPLI" = N'CVIC' INNER JOIN "TBZJ2" "D" ON "A" . "CLIENT" = "D" . "CLIENT" AND "A" . "BPVIEW" = "D" . "ROLE" AND "D" . "SUB_HEADER_ID" = N'CVIC01' WHERE "A" . "CLIENT" = ?
SELECT /* FDA READ */ DISTINCT  "A" . "ROLE" , "A" . "ROLECATEGORY" FROM "TB003" "A" INNER JOIN "TBZ0S" "B" ON "A" . "CLIENT" = "B" . "CLIENT" AND "A" . "BPVIEW" = "B" . "RLTYP" AND "B" . "OBJAP" = N'BUPA' AND "B" . "SETID" = N'CVIV03' INNER JOIN "TBZ0C" "C" ON "A" . "CLIENT" = "C" . "CLIENT" AND "A" . "BPVIEW" = "C" . "RLTYP" AND "C" . "OBJAP" = N'BUPA' AND "C" . "APPLI" = N'CVIV' INNER JOIN "TBZJ2" "D" ON "A" . "CLIENT" = "D" . "CLIENT" AND "A" . "BPVIEW" = "D" . "ROLE" AND "D" . "SUB_HEADER_ID" = N'FS0001' WHERE "A" . "CLIENT" = ?
SELECT /* FDA READ */ DISTINCT  "A" . "ROLE" , "A" . "ROLECATEGORY" FROM "TB003" "A" INNER JOIN "TBZ0S" "B" ON "A" . "CLIENT" = "B" . "CLIENT" AND "A" . "BPVIEW" = "B" . "RLTYP" AND "B" . "OBJAP" = N'BUPA' AND "B" . "SETID" = N'CVIV06' INNER JOIN "TBZ0C" "C" ON "A" . "CLIENT" = "C" . "CLIENT" AND "A" . "BPVIEW" = "C" . "RLTYP" AND "C" . "OBJAP" = N'BUPA' AND "C" . "APPLI" = N'CVIV' INNER JOIN "TBZJ2" "D" ON "A" . "CLIENT" = "D" . "CLIENT" AND "A" . "BPVIEW" = "D" . "ROLE" AND "D" . "SUB_HEADER_ID" = N'CVIV01' WHERE "A" . "CLIENT" = ?
SELECT /* FDA READ */ DISTINCT  "A" . "ROLE" , "A" . "ROLECATEGORY" FROM "TB003" "A" INNER JOIN "TBZ0S" "B" ON "A" . "CLIENT" = "B" . "CLIENT" AND "A" . "BPVIEW" = "B" . "RLTYP" AND "B" . "OBJAP" = N'BUPA' AND "B" . "SETID" IN ( ? , ? , ? , ? , ? ) INNER JOIN "TBZ0C" "C" ON "A" . "CLIENT" = "C" . "CLIENT" AND "A" . "BPVIEW" = "C" . "RLTYP" AND "C" . "OBJAP" = N'BUPA' AND "C" . "APPLI" = N'FTB' INNER JOIN "TBZJ2" "D" ON "A" . "CLIENT" = "D" . "CLIENT" AND "A" . "BPVIEW" = "D" . "ROLE" AND "D" . "SUB_HEADER_ID" = N'FS0001' WHERE "A" . "CLIENT" = ?
SELECT /* FDA READ */ DISTINCT  "BUKRS" FROM "BP1040" WHERE "MANDT" = ? AND "PARTNR" = ?
SELECT /* FDA READ */ DISTINCT  "BUKRS" FROM "VTBSTA1" WHERE "MANDT" = ? AND "PARTNR" = ?
SELECT /* FDA READ */ DISTINCT  "BUKRS" FROM "VTBSTA2" WHERE "MANDT" = ? AND "PARTNR" = ?
SELECT /* FDA READ */ DISTINCT  "BUKRS" FROM "VTBSTA3" WHERE "MANDT" = ? AND "PARTNR" = ?
SELECT /* FDA READ */ DISTINCT  "BUKRS" FROM "VTBSTA4" WHERE "MANDT" = ? AND "PARTNR" = ?
SELECT /* FDA READ */ DISTINCT  "BUKRS" FROM "VTBSTC1" WHERE "MANDT" = ? AND "PARTNR" = ?
SELECT /* FDA READ */ DISTINCT  "CLIENT" , "DRAFT_ENTITY" FROM "SDRAFT_ADMIN" ORDER BY "SDRAFT_ADMIN" . "DRAFT_ENTITY"
SELECT /* FDA READ */ DISTINCT  "DEST_NAME" FROM "BGRFC_I_RUNNABLE"
SELECT /* FDA READ */ DISTINCT  "DEST_NAME" FROM "BGRFC_O_RUNNABLE"
SELECT /* FDA READ */ DISTINCT  "EKORG" FROM "LFM1" WHERE "MANDT" = ? AND "LIFNR" = ?
SELECT /* FDA READ */ DISTINCT  "ENHNAME" FROM "ENHOBJ" WHERE "OBJ_TYPE" = ? AND "OBJ_NAME" = ? AND "STATE" <> N'R' AND "ELEMUSAGE" IN ( ? , ? , ? )
SELECT /* FDA READ */ DISTINCT  "SCHEDULER_INST" , "SCHEDULER_ID" FROM "QRFC_I_EXE_STATE"
SELECT /* FDA READ */ DISTINCT  "SCHEDULER_INST" , "SCHEDULER_ID" FROM "QRFC_O_EXE_STATE"
SELECT /* FDA READ */ DISTINCT  "SCHEDULER_INST" , "SCHEDULER_ID" FROM "TRFC_I_EXE_STATE"
SELECT /* FDA READ */ DISTINCT  "SCHEDULER_INST" , "SCHEDULER_ID" FROM "TRFC_O_EXE_STATE"
SELECT AMDP_NAME FROM  "DDTBFUNCDEP"  WHERE AS4LOCAL = 'A' AND STRUCOBJN =  ?
SELECT COLUMN_NAME FROM (  SELECT COLUMN_NAME, POSITION FROM SYS.TABLE_COLUMNS WHERE SCHEMA_NAME = CURRENT_USER AND TABLE_NAME =  ?  UNION  SELECT COLUMN_NAME, POSITION FROM SYS.VIEW_COLUMNS WHERE SCHEMA_NAME = CURRENT_USER AND VIEW_NAME =  ?  ) ORDER BY POSITION
SELECT COUNT(*) FROM "TBTCY"
SELECT COUNT(*) FROM "TRPRAGMA" WHERE "EXT" <> ?
SELECT COUNT(*) FROM "WPBHELP_URL" WHERE "MANDT" = ? AND "ACTIVE" = N'X'
SELECT DATA FROM  "DYNPLOAD"  WHERE PROGNAME =  ? AND DYNPNUMBER =  ? AND TYPE =  ? AND VERSION =  ?
SELECT DISTINCT  "BUKRS" FROM "LFB1" WHERE "MANDT" = ? AND "LIFNR" = ? AND "BUKRS" IN ( ? , ? , ? , ? , ? , ? , ? , ? , ? , ? , ? , ? , ? , ? , ? , ? , ? , ? , ? , ? , ? , ? , ? , ? , ? , ? , ? , ? , ? , ? , ? , ? , ? , ? , ? , ? , ? , ? , ? , ? , ? , ? , ? , ? , ? , ? , ? , ? , ? , ? , ? , ? , ? , ? , ? , ? , ? , ? , ? , ? , ? , ? , ? , ? , ? , ? , ? , ? , ? , ? )
SELECT DISTINCT  "CLIENT" , "ADDRNUMBER" , "DATE_FROM" , "NATION" , "DATE_TO" , "TITLE" , "NAME1" , "NAME2" , "NAME3" , "NAME4" , "NAME_TEXT" , "NAME_CO" , "CITY1" , "CITY2" , "CITY_CODE" , "CITYP_CODE" , "HOME_CITY" , "CITYH_CODE" , "CHCKSTATUS" , "REGIOGROUP" , "POST_CODE1" , "POST_CODE2" , "POST_CODE3" , "PCODE1_EXT" , "PCODE2_EXT" , "PCODE3_EXT" , "PO_BOX" , "DONT_USE_P" , "PO_BOX_NUM" , "PO_BOX_LOC" , "CITY_CODE2" , "PO_BOX_REG" , "PO_BOX_CTY" , "POSTALAREA" , "TRANSPZONE" , "STREET" , "DONT_USE_S" , "STREETCODE" , "STREETABBR" , "HOUSE_NUM1" , "HOUSE_NUM2" , "HOUSE_NUM3" , "STR_SUPPL1" , "STR_SUPPL2" , "STR_SUPPL3" , "LOCATION" , "BUILDING" , "FLOOR" , "ROOMNUMBER" , "COUNTRY" , "LANGU" , "REGION" , "ADDR_GROUP" , "FLAGGROUPS" , "PERS_ADDR" , "SORT1" , "SORT2" , "SORT_PHN" , "DEFLT_COMM" , "TEL_NUMBER" , "TEL_EXTENS" , "FAX_NUMBER" , "FAX_EXTENS" , "FLAGCOMM2" , "FLAGCOMM3" , "FLAGCOMM4" , "FLAGCOMM5" , "FLAGCOMM6" , "FLAGCOMM7" , "FLAGCOMM8" , "FLAGCOMM9" , "FLAGCOMM10" , "FLAGCOMM11" , "FLAGCOMM12" , "FLAGCOMM13" , "ADDRORIGIN" , "MC_NAME1" , "MC_CITY1" , "MC_STREET" , "EXTENSION1" , "EXTENSION2" , "TIME_ZONE" , "TAXJURCODE" , "ADDRESS_ID" , "LANGU_CREA" , "ADRC_UUID" , "UUID_BELATED" , "ID_CATEGORY" , "ADRC_ERR_STATUS" , "PO_BOX_LOBBY" , "DELI_SERV_TYPE" , "DELI_SERV_NUMBER" , "COUNTY_CODE" , "COUNTY" , "TOWNSHIP_CODE" , "TOWNSHIP" , "MC_COUNTY" , "MC_TOWNSHIP" , "XPCPT" , "_DATAAGING" , "DUNS" , "DUNSP4" FROM "ADRC" WHERE "CLIENT" = ? AND "ADDRNUMBER" IN ( ? )
SELECT DISTINCT  "CLIENT" , "ADDRNUMBER" , "DATE_FROM" , "NATION" , "LANGU" , "REMARK" , "_DATAAGING" FROM "ADRCT" WHERE "CLIENT" = ? AND "ADDRNUMBER" IN ( ? )
SELECT DISTINCT  "CLIENT" , "ADDRNUMBER" , "PERSNUMBER" , "DATE_FROM" , "NATION" , "DATE_TO" , "COMP_PERS" , "SO_KEY" , "DEPARTMENT" , "FUNCTION" , "BUILDING" , "FLOOR" , "ROOMNUMBER" , "ID_CODE" , "IH_MAIL" , "SORT1" , "SORT2" , "SORT_PHN" , "ALT_COMPNY" , "DEFLT_COMM" , "TEL_NUMBER" , "TEL_EXTENS" , "FAX_NUMBER" , "FAX_EXTENS" , "FLAGCOMM2" , "FLAGCOMM3" , "FLAGCOMM4" , "FLAGCOMM5" , "FLAGCOMM6" , "FLAGCOMM7" , "FLAGCOMM8" , "FLAGCOMM9" , "FLAGCOMM10" , "FLAGCOMM11" , "FLAGCOMM12" , "FLAGCOMM13" , "ADCP_UUID" , "UUID_BELATED" , "ID_CATEGORY" , "ADCP_ERR_STATUS" , "XPCPT" , "_DATAAGING" FROM "ADCP" WHERE "CLIENT" = ? AND "PERSNUMBER" = ? AND "COMP_PERS" = ?
SELECT DISTINCT  "CLIENT" , "PARTNER" , "TITLE_LET" , "GROUP_D" , "PAR_REL" , "VIP" , "BP_SORT" , "SORT_PHON" , "VBUND" , "COUNTRY_REP" , "CALENDARID" , "CNTRY_COMP" , "REGIO" , "COMP_HEAD" , "MIN_RESERV" , "BAL_SH_CUR" , "CAP_INCR_A" , "CAP_INCR_Y" , "BALANCE_FL" , "BANKL" , "BANKS" , "STATE" , "PROPRTY_ST" , "INCOME_CUR" , "CHILDREN" , "MEM_HOUSE" , "NET_INCOME" , "MO_NET_INC" , "NET_INC_Y" , "MO_INC_M" , "MO_INC_Y" , "PERS_NR" , "STAFF_GRP" , "HR_ORG_REF" , "XUBNAME" , "STAFF_REF" , "DYING_PLACE" , "BANK_DEL_D" , "UNW_CUSTOMER" , "UNW_REASON" , "UNW_REMARK" , "ADRKIND" , "LAST_CUST_CONT" , "MAX_FILE_SIZE" , "GROUP_FEATURE" FROM "BP001" WHERE "CLIENT" = ? AND "PARTNER" IN ( ? )
SELECT DISTINCT  "CLIENT" , "PERSNUMBER" , "DATE_FROM" , "NATION" , "DATE_TO" , "TITLE" , "NAME_FIRST" , "NAME_LAST" , "NAME2" , "NAMEMIDDLE" , "NAME_LAST2" , "NAME_TEXT" , "CONVERTED" , "TITLE_ACA1" , "TITLE_ACA2" , "PREFIX1" , "PREFIX2" , "TITLE_SPPL" , "NICKNAME" , "INITIALS" , "NAMEFORMAT" , "NAMCOUNTRY" , "PROFESSION" , "SEX" , "LANGU" , "PERS_GROUP" , "FLAGGROUPS" , "SORT1" , "SORT2" , "SORT_PHN" , "ADDR_COMP" , "ADDR_PERS" , "FLPERSTEL" , "FLPERSCOMM" , "PERSORIGIN" , "MC_NAMEFIR" , "MC_NAMELAS" , "MC_NAME2" , "LANGU_CREA" , "ADRP_UUID" , "UUID_BELATED" , "ID_CATEGORY" , "ADRP_ERR_STATUS" , "_DATAAGING" FROM "ADRP" WHERE "CLIENT" = ? AND "PERSNUMBER" IN ( ? )
SELECT DISTINCT  "DOMNAME" , "AS4LOCAL" , "AS4VERS" , "DATATYPE" , "LENG" , "OUTPUTLEN" , "DECIMALS" , "LOWERCASE" , "SIGNFLAG" , "LANGFLAG" , "VALEXI" , "ENTITYTAB" , "CONVEXIT" , "MASK" , "MASKLEN" , "ACTFLAG" , "APPLCLASS" , "AUTHCLASS" , "AS4USER" , "AS4DATE" , "AS4TIME" , "DOMMASTER" , "RESERVEDOM" , "DOMGLOBAL" , "APPENDNAME" , "APPEXIST" , "PROXYTYPE" , "OUTPUTSTYLE" , "AMPMFORMAT" , "ABAP_LANGUAGE_VERSION" FROM "DD01L" WHERE "DOMNAME" IN ( ? ) AND "AS4LOCAL" = ?
SELECT DISTINCT  "DOMNAME" , "AS4LOCAL" , "VALPOS" , "AS4VERS" , "DOMVALUE_L" , "DOMVALUE_H" , "APPVAL" FROM "DD07L" WHERE "DOMNAME" IN ( ? ) AND "AS4LOCAL" = ?
SELECT DISTINCT  "DOMNAME" , "DDLANGUAGE" , "AS4LOCAL" , "AS4VERS" , "DDTEXT" FROM "DD01T" WHERE "DOMNAME" IN ( ? ) AND "DDLANGUAGE" = ? AND "AS4LOCAL" = ?
SELECT DISTINCT  "DOMNAME" , "DDLANGUAGE" , "AS4LOCAL" , "VALPOS" , "AS4VERS" , "DDTEXT" , "DOMVAL_LD" , "DOMVAL_HD" , "DOMVALUE_L" FROM "DD07T" WHERE "DOMNAME" IN ( ? ) AND "DDLANGUAGE" = ? AND "AS4LOCAL" = ?
SELECT DISTINCT  "DRAFT_ENTITY" , "EXPIRY_EVENT" , "EXPIRY_DURATION" , "EXPIRY_RELATIVE_TO" FROM "SDRAFT_LC_CONFIG" WHERE "EXPIRY_EVENT" = ? AND "DRAFT_ENTITY" IN ( ? , ? , ? , ? , ? , ? )
SELECT DISTINCT  "INSTANCENAME" FROM "SEC_CONTEXT_COPY"
SELECT DISTINCT  "MANDT" , "CCINS" , "CCNUM" , "CCNAME" , "ISSBANK" , "CCTYP" , "MASKED_ID" , "CCLOCK" , "DATAB" , "DATBI" , "AUSGDAT" , "XCONV" FROM "CCARD" WHERE "MANDT" = ? AND "CCNUM" IN ( ? ) AND "MASKED_ID" <> N''
SELECT DISTINCT  "MANDT" , "LIFNR" , "LAND1" , "NAME1" , "NAME2" , "NAME3" , "NAME4" , "ORT01" , "ORT02" , "PFACH" , "PSTL2" , "PSTLZ" , "REGIO" , "SORTL" , "STRAS" , "ADRNR" , "MCOD1" , "MCOD2" , "MCOD3" , "ANRED" , "BAHNS" , "BBBNR" , "BBSNR" , "BEGRU" , "BRSCH" , "BUBKZ" , "DATLT" , "DTAMS" , "DTAWS" , "ERDAT" , "ERNAM" , "ESRNR" , "KONZS" , "KTOKK" , "KUNNR" , "LNRZA" , "LOEVM" , "SPERR" , "SPERM" , "SPRAS" , "STCD1" , "STCD2" , "STKZA" , "STKZU" , "TELBX" , "TELF1" , "TELF2" , "TELFX" , "TELTX" , "TELX1" , "XCPDK" , "XZEMP" , "VBUND" , "FISKN" , "STCEG" , "STKZN" , "SPERQ" , "GBORT" , "GBDAT" , "SEXKZ" , "KRAUS" , "REVDB" , "QSSYS" , "KTOCK" , "PFORT" , "WERKS" , "LTSNA" , "WERKR" , "PLKAL" , "DUEFL" , "TXJCD" , "SPERZ" , "SCACD" , "SFRGR" , "LZONE" , "XLFZA" , "DLGRP" , "FITYP" , "STCDT" , "REGSS" , "ACTSS" , "STCD3" , "STCD4" , "STCD5" , "IPISP" , "TAXBS" , "PROFS" , "STGDL" , "EMNFR" , "LFURL" , "J_1KFREPRE" , "J_1KFTBUS" , "J_1KFTIND" , "CONFS" , "UPDAT" , "UPTIM" , "NODEL" , "QSSYSDAT" , "PODKZB" , "FISKU" , "STENR" , "CARRIER_CONF" , "MIN_COMP" , "TERM_LI" , "CRC_NUM" , "CVP_XBLCK" , "RG" , "EXP" , "UF" , "RGDATE" , "RIC" , "RNE" , "RNEDATE" , "CNAE" , "LEGALNAT" , "CRTN" , "ICMSTAXPAY" , "INDTYP" , "TDT" , "COMSIZE" , "DECREGPC" , "LFA1_EEW_SUPP" , "J_SC_CAPITAL" , "J_SC_CURRENCY" , "ALC" , "PMT_OFFICE" , "PPA_RELEVANT" , "PSOFG" , "PSOIS" , "PSON1" , "PSON2" , "PSON3" , "PSOVN" , "PSOTL" , "PSOHS" , "PSOST" , "BORGR_DATUN" , "BORGR_YEAUN" , "ADDR2_STREET" , "ADDR2_HOUSE_NUM" , "ADDR2_POST" , "ADDR2_CITY" , "ADDR2_COUNTRY" , "CATEG" , "PARTNER_NAME" , "PARTNER_UTR" , "STATUS" , "VFNUM" , "VFNID" , "CRN" , "J_1IEXCD" , "J_1IEXRN" , "J_1IEXRG" , "J_1IEXDI" , "J_1IEXCO" , "J_1ICSTNO" , "J_1ILSTNO" , "J_1IPANNO" , "J_1IEXCIVE" , "J_1ISSIST" , "J_1IVTYP" , "J_1IVENCRE" , "AEDAT" , "USNAM" , "J_1ISERN" , "J_1IPANREF" , "J_1IPANVALDT" , "J_1I_CUSTOMS" , "J_1IDEDREF" , "VEN_CLASS" , "ENTY_CD" , "RES_CNTRY" , "RES_REGION" , "CCODE" , "ENTPUB" , "ESCRIT" , "DVALSS" , "FRMCSS" , "CODCAE" , "AUSDIV" , "TRANSPORT_CHAIN" , "STAGING_TIME" , "SCHEDULING_TYPE" , "SUBMI_RELEVANT" FROM "LFA1" WHERE "MANDT" = ? AND "LIFNR" IN ( ? )
SELECT DISTINCT  "MANDT" , "OBJNR" , "OBTYP" , "STSMA" , "CHGKZ" , "CHGNR" FROM "CRM_JSTO" WHERE "MANDT" = ? AND "OBJNR" IN ( ? )
SELECT DISTINCT  "MANDT" , "OBJNR" , "OBTYP" , "STSMA" , "CHGKZ" , "CHGNR" FROM "CRM_JSTO" WHERE "MANDT" = ? AND "OBJNR" IN ( ? , ? , ? , ? , ? , ? , ? , ? , ? , ? , ? , ? , ? , ? , ? , ? , ? , ? , ? , ? , ? , ? , ? , ? , ? , ? , ? , ? , ? , ? , ? , ? , ? , ? , ? , ? , ? , ? , ? , ? , ? , ? , ? , ? , ? , ? , ? , ? , ? , ? , ? , ? , ? , ? , ? , ? , ? , ? , ? , ? , ? , ? , ? , ? , ? , ? , ? , ? , ? , ? , ? , ? , ? , ? , ? , ? )
SELECT DISTINCT  "MANDT" , "OBJNR" , "STAT" , "INACT" , "CHGNR" FROM "CRM_JEST" WHERE "MANDT" = ? AND "OBJNR" IN ( ? )
SELECT DISTINCT  "MANDT" , "OBJNR" , "STAT" , "INACT" , "CHGNR" FROM "CRM_JEST" WHERE "MANDT" = ? AND "OBJNR" IN ( ? , ? , ? , ? , ? , ? , ? , ? , ? , ? , ? , ? , ? , ? , ? , ? , ? , ? , ? , ? , ? , ? , ? , ? , ? , ? , ? , ? , ? , ? , ? , ? , ? , ? , ? , ? , ? , ? , ? , ? , ? , ? , ? , ? , ? , ? , ? , ? , ? , ? , ? , ? , ? , ? , ? , ? , ? , ? , ? , ? , ? , ? , ? , ? , ? , ? , ? , ? , ? , ? , ? , ? , ? , ? , ? , ? )
SELECT DISTINCT  "MANDT" , "PLVAR" , "OTYPE" , "OBJID" , "SUBTY" , "ISTAT" , "BEGDA" , "ENDDA" , "VARYF" , "SEQNR" , "INFTY" , "OTJID" , "AEDTM" , "UNAME" , "REASN" , "HISTO" , "ITXNR" , "EXTERNAL_ID" , "LOGQS" , "LOGQS_ID" , "FUNCTION" , "ROLE" , "PARTNER" , "LOCAL_CURR" , "INTRA_SETTLEMENT" , "PROFILE_ID" , "PURCH_CALC_PROF" , "EMBEDDED_LSP" FROM "/SCMB/HRP5561" WHERE "MANDT" = ?
SELECT DISTINCT  "OBJECT_ID" , "STANDARD" FROM "MDG_MLT_ASSGMNT" WHERE "CLIENT" = ? AND "PARTNER" IN ( ? ) AND "ASSIGNMENT_CAT" = ?
SELECT DISTINCT  "ROLLNAME" , "AS4LOCAL" , "AS4VERS" , "DOMNAME" , "ROUTPUTLEN" , "MEMORYID" , "LOGFLAG" , "HEADLEN" , "SCRLEN1" , "SCRLEN2" , "SCRLEN3" , "ACTFLAG" , "APPLCLASS" , "AUTHCLASS" , "AS4USER" , "AS4DATE" , "AS4TIME" , "DTELMASTER" , "RESERVEDTE" , "DTELGLOBAL" , "SHLPNAME" , "SHLPFIELD" , "DEFFDNAME" , "DATATYPE" , "LENG" , "DECIMALS" , "OUTPUTLEN" , "LOWERCASE" , "SIGNFLAG" , "CONVEXIT" , "VALEXI" , "ENTITYTAB" , "REFKIND" , "REFTYPE" , "PROXYTYPE" , "LTRFLDDIS" , "BIDICTRLC" , "NOHISTORY" , "ABAP_LANGUAGE_VERSION" FROM "DD04L" WHERE "ROLLNAME" IN ( ? ) AND "AS4LOCAL" = ?
SELECT DISTINCT  "SHLPNAME" , "AS4LOCAL" , "ISSIMPLE" , "ELEMEXI" , "NOFIELDS" , "ATTACHEXI" , "SELMETHOD" , "SELMTYPE" , "TEXTTAB" , "SELMEXIT" , "HOTKEY" , "DIALOGTYPE" , "ACTFLAG" , "AS4USER" , "AS4DATE" , "AS4TIME" , "AUTOSUGGEST" , "FUZZY_SEARCH" , "FUZZY_SIMILARITY" FROM "DD30L" WHERE "SHLPNAME" IN ( ? ) AND "AS4LOCAL" = ?
SELECT DISTINCT  "SHLPNAME" , "SUBSHLP" , "AS4LOCAL" , "SHPOSITION" , "VIASHLP" , "HIDEFLAG" FROM "DD31S" WHERE "SHLPNAME" IN ( ? ) AND "AS4LOCAL" = ?
SELECT DISTINCT  "SHLPNAME" , "SUBSHLP" , "AS4LOCAL" , "SHPOSITION" , "VIASHLP" , "HIDEFLAG" FROM "DD31S" WHERE "SHLPNAME" IN ( ? , ? , ? , ? ) AND "AS4LOCAL" = ?
SELECT DISTINCT  "TABNAME" , "FIELDNAME" , "PRIMPOS" , "AS4LOCAL" , "AS4VERS" , "FORTABLE" , "FORKEY" , "FORSTRING" FROM "DD05S" WHERE "TABNAME" = ? AND "FIELDNAME" = ? AND "AS4LOCAL" = ?
SELECT MAX( "TIMESTAMP_OF_LAST_READ_ACCESS" ) "TIMESTAMP_OF_LAST_READ_ACCESS" , "PRELOAD_OPERATION" , "OBJECT_NAME" , "SERVER_NAME" FROM "BUFF_PRELOAD" WHERE "SERVER_NAME" = ? AND "PRELOAD_OPERATION" IN ( ? , ? , ? , ? , ? ) AND "TIMESTAMP_OF_LAST_READ_ACCESS" > ? AND "TIMESTAMP_OF_LAST_READ_ACCESS" <= ? GROUP BY "OBJECT_NAME" , "PRELOAD_OPERATION" , "SERVER_NAME" HAVING MAX( "BUFF_PRELOAD" . "TIMESTAMP_OF_LAST_READ_ACCESS" ) <= ? ) SELECT "T1" . "TIMESTAMP_OF_LAST_READ_ACCESS" , "T1" . "PRELOAD_OPERATION" , "T1" . "OBJECT_NAME" , "T3" . "ADDITIONAL_DATA" FROM "+CTE1" "T1" INNER JOIN "BUFF_PRELOAD" "T3" ON "T1" . "TIMESTAMP_OF_LAST_READ_ACCESS" = "T3" . "TIMESTAMP_OF_LAST_READ_ACCESS" AND "T1" . "OBJECT_NAME" = "T3" . "OBJECT_NAME" AND "T1" . "PRELOAD_OPERATION" = "T3" . "PRELOAD_OPERATION" AND "T1" . "SERVER_NAME" = "T3" . "SERVER_NAME" ORDER BY "T1" . "TIMESTAMP_OF_LAST_READ_ACCESS" DESC , "T1" . "OBJECT_NAME" LIMIT 1000
SELECT MIN( "FINISHED_AT" ) , MAX( "FINISHED_AT" ) FROM "BGRFC_UNIT_TIME" WHERE "FINISHED_AT" <= ? AND "UNIT_KIND" = 1409196102
SELECT MIN( "FINISHED_AT" ) , MAX( "FINISHED_AT" ) FROM "BGRFC_UNIT_TIME" WHERE "FINISHED_AT" <= ? AND "UNIT_KIND" = 1409196105
SELECT MIN( "FINISHED_AT" ) , MAX( "FINISHED_AT" ) FROM "BGRFC_UNIT_TIME" WHERE "FINISHED_AT" <= ? AND "UNIT_KIND" = 1409196106
SELECT MIN( "FINISHED_AT" ) , MAX( "FINISHED_AT" ) FROM "BGRFC_UNIT_TIME" WHERE "FINISHED_AT" <= ? AND ( "UNIT_KIND" = 1409196101 OR "UNIT_KIND" = 1409196103 )
SELECT N'X' FROM "DD02L" WHERE "TABNAME" = ? AND "TABCLASS" <> N'VIEW' AND "AS4LOCAL" IN ( ? , ? , ? ) LIMIT 1
SELECT N'X' FROM "SDRAFT_LC_CONFIG" WHERE "DRAFT_ENTITY" = N'<DEFAULT>' LIMIT 1
SELECT PARAMETERNAME, PARAMETERNAME_RAW, POSNR, ROLLNAME, COMPTYPE, DATATYPE, DECIMALS, DBLENGTH, DBLENGTH2, DIGITS, SYSTFIELD FROM  "DD10B"  WHERE AS4LOCAL = 'A' AND STRUCOBJN =  ?  ORDER BY POSNR
SELECT SEQNUMBER, SYSTEMID, NBLENGTH, NOTEBOOK FROM DDLOG WHERE SEQNUMBER >  ? ORDER BY SEQNUMBER
SELECT TOP 1 "FUNCNAME" , "PNAME" , "INCLUDE" , "FREEDATE" , "APPL" , "MAND" , "FMODE" , "HOST" , "UTASK" , "PNAME_MAIN" , "RFCSCOPE" , "RFCVERS" FROM "TFDIR" WHERE "FUNCNAME" = ?
SELECT TOP 1 "PROG" , "DNUM" , "TYPE" , "FNUM" , "DGRP" , "BZMX" , "BZBR" , "MILI" , "MICO" , "MALI" , "MACO" , "NOLI" , "NOCO" , "VALP" , "CUAN" , "HDAT" , "SPRA" , "CUPO" , "DGEN" , "TGEN" FROM "D020S" WHERE "PROG" = ? AND "DNUM" = ?
SELECT TOP 1 "PROG" , "DYNR" , "LANG" , "FLDN" , "DTXT" FROM "D021T" WHERE "PROG" = ? AND "DYNR" = ? AND "LANG" = ? AND "FLDN" = ?
SELECT TOP 1 "PROGNAME" , "SPRSL" , "OBJ_TYPE" , "OBJ_CODE" , "SUB_CODE" , "TEXTTYPE" , "TEXT" , "PATH" FROM "RSMPTEXTS" WHERE "PROGNAME" = ? AND "SPRSL" = ? AND "OBJ_TYPE" = ? AND "OBJ_CODE" = ? AND "SUB_CODE" = ? AND "TEXTTYPE" = ?
SELECT TOP 1 "WHAT" FROM "D1GEN"
SELECT TOP 1 D.DATABASE_NAME || '/' || H.VALUE, L.HOST, CURRENT_USER, CURRENT_SCHEMA, CURRENT_CONNECTION FROM M_DATABASE D, SYS.M_HOST_INFORMATION H, SYS.M_LANDSCAPE_HOST_CONFIGURATION L WHERE H.KEY = 'sapsystem' AND L.INDEXSERVER_ACTUAL_ROLE = 'MASTER' 
SELECT TOP 1 D.VERSION, H.VALUE FROM M_DATABASE D LEFT OUTER JOIN SYS.M_HOST_INFORMATION H ON H.KEY = 'build_branch'
SELECT TOP 1 HOST, CURRENT_CONNECTION FROM SYS.M_LANDSCAPE_HOST_CONFIGURATION WHERE INDEXSERVER_ACTUAL_ROLE = 'MASTER' 
SELECT T_00 . "BADI_NAME" , T_00 . "POS" , T_00 . "ENHNAME" , T_00 . "BADI_IMPL" , T_00 . "CLASS_NAME" , T_00 . "IS_DEFAULT" , T_01 . "ENHNAME" , T_01 . "BADI_IMPL" , T_01 . "DISJ_IDX" , T_01 . "CONJ_IDX" , T_01 . "FILTER_NAME" , T_01 . "VALUE1" , T_01 . "VALUE2" , T_01 . "COMPARE" , T_01 . "IS_INTERVAL" FROM "BADI_IMPL" T_00 INNER JOIN "BADI_CHAR_COND" T_01 ON T_00 . "ENHNAME" = T_01 . "ENHNAME" AND T_00 . "BADI_IMPL" = T_01 . "BADI_IMPL" WHERE T_00 . "BADI_NAME" = ?
SELECT VERSION, "EXTENSIONS" FROM "DYNPSOURCE" WHERE PROGNAME = ? AND DYNPNUMBER = ? AND R3STATE = 'A'
SELECT VERSION, "FIELDINFO" FROM "DYNPSOURCE" WHERE PROGNAME = ? AND DYNPNUMBER = ? AND R3STATE = 'A'
SELECT VERSION, "LOGICINFO" FROM "DYNPSOURCE" WHERE PROGNAME = ? AND DYNPNUMBER = ? AND R3STATE = 'A'
