SELECT "ABAP_PROGNAME" FROM "D010DBOBJ" WHERE "ABAP_PROGNAME" = ? LIMIT 1
SELECT "AUTHCHCK_ACTIVE" FROM "TEAUTHCHCKSWITCH" WHERE "MANDT" = ? LIMIT 1
SELECT "BADI_NAME" , "FILTER_NAME" , "TYPE" , "CONSTANT" FROM "BADI_FILTER" WHERE "BADI_NAME" = ?
SELECT "BADI_NAME" , "INTERFACE_NAME" , "SINGLE_USE" , "CONTEXT_MODE" , "DEFAULT_CLASS" , "AMDP_DBSYS" FROM "BADI_MAIN" WHERE "BADI_NAME" = ?
SELECT "BADI_NAME" , "POS" , "ENHNAME" , "BADI_IMPL" , "CLASS_NAME" , "IS_DEFAULT" FROM "BADI_IMPL" WHERE "BADI_NAME" = ?
SELECT "BTCSERVER" , "CTLOBJ" , "BTCSYSTEM" , "TIMSTMPDT" , "TIMSTMPTM" , "TRACELEVEL" , "TRCTIMSTDT" , "TRCTIMSTTM" , "TRCCHUSR" , "OPMODE" , "OPMODTSTDT" , "OPMODTSTTM" , "OPMODCHUSR" FROM "BTCCTL" WHERE "BTCSERVER" = ? AND "CTLOBJ" = ? LIMIT 1
SELECT "C" . "MANDT" , "C" . "QUEUENAME" , "R" . "STATUS" , "C" . "MODULENAME" , "R" . "LASTMSG" , "R" . "LASTERROR" , "C" . "QLNGNAME" FROM "SMOHRRQCUST" "C" INNER JOIN "SMOHRRQRT" "R" ON "C" . "MANDT" = "R" . "MANDT" AND "C" . "QUEUENAME" = "R" . "QUEUENAME" WHERE "C" . "MANDT" = N'000' AND "C" . "QUEUENAME" = N'QD' LIMIT 1
SELECT "CLASS" FROM "USR02" WHERE "MANDT" = ? AND "BNAME" = ? LIMIT 1
SELECT "CLIENT" , "ID" , "USERID" , "LINK" , "START_TIMESTAMP" , "EOL_TIMESTAMP" , "AUTHNMETHODS" , "EXT_SESSMAN" , "TIMEOUT_CHECK" , "HAS_SUCCESSOR" , "XSRF_TOKEN" FROM "SECURITY_CONTEXT" WHERE "EOL_TIMESTAMP" > ? AND "EOL_TIMESTAMP" < ?
SELECT "CLIENT" , "ID" , "USERID" , "LINK" , "START_TIMESTAMP" , "EOL_TIMESTAMP" , "AUTHNMETHODS" , "EXT_SESSMAN" , "TIMEOUT_CHECK" , "HAS_SUCCESSOR" , "XSRF_TOKEN" FROM "SECURITY_CONTEXT" WHERE "TIMEOUT_CHECK" = ?
SELECT "CLIENT" , "OBJECT" , "SUBOBJECT" , "NRRANGENR" , "TOYEAR" , "FROMNUMBER" , "TONUMBER" , "NRLEVEL" , "EXTERNIND" FROM "NRIV" WHERE "CLIENT" = ? AND "OBJECT" = ? AND "SUBOBJECT" = ? AND "NRRANGENR" = ? AND "TOYEAR" = ? FOR UPDATE
SELECT "CLIENT" , "PARTNER" , "TYPE" , "BPKIND" , "BU_GROUP" , "BPEXT" , "BU_SORT1" , "BU_SORT2" , "SOURCE" , "TITLE" , "XDELE" , "XBLCK" , "AUGRP" , "TITLE_LET" , "BU_LOGSYS" , "CONTACT" , "NOT_RELEASED" , "NOT_LG_COMPETENT" , "PRINT_MODE" , "BP_EEW_DUMMY" , "RATE" , "NAME_ORG1" , "NAME_ORG2" , "NAME_ORG3" , "NAME_ORG4" , "LEGAL_ENTY" , "IND_SECTOR" , "LEGAL_ORG" , "FOUND_DAT" , "LIQUID_DAT" , "LOCATION_1" , "LOCATION_2" , "LOCATION_3" , "NAME_LAST" , "NAME_FIRST" , "NAME_LST2" , "NAME_LAST2" , "NAMEMIDDLE" , "TITLE_ACA1" , "TITLE_ACA2" , "TITLE_ROYL" , "PREFIX1" , "PREFIX2" , "NAME1_TEXT" , "NICKNAME" , "INITIALS" , "NAMEFORMAT" , "NAMCOUNTRY" , "LANGU_CORR" , "XSEXM" , "XSEXF" , "BIRTHPL" , "MARST" , "EMPLO" , "JOBGR" , "NATIO" , "CNTAX" , "CNDSC" , "PERSNUMBER" , "XSEXU" , "XUBNAME" , "BU_LANGU" , "GENDER" , "BIRTHDT" , "DEATHDT" , "PERNO" , "CHILDREN" , "MEM_HOUSE" , "BIRTHDT_STATUS" , "PARTGRPTYP" , "NAME_GRP1" , "NAME_GRP2" , "MC_NAME1" , "MC_NAME2" , "CRUSR" , "CRDAT" , "CRTIM" , "CHUSR" , "CHDAT" , "CHTIM" , "PARTNER_GUID" , "ADDRCOMM" , "TD_SWITCH" , "IS_ORG_CENTRE" , "DB_KEY" , "VALID_FROM" , "VALID_TO" , "XPCPT" , "NATPERS" , "MILVE" , "NUC_SEC" , "PAR_REL" , "BP_SORT" , "KBANKS" , "KBANKL" FROM "BUT000" WHERE "CLIENT" = ? AND "PARTNER" = ?
SELECT "CLIENT" FROM "BUT000" WHERE "CLIENT" = ? AND "PARTNER" = ?
SELECT "CPCODEPAGE" , "CPATTRKIND" , "CPATTRSEQ" , "CPATTR" FROM "TCP00A" ORDER BY "CPCODEPAGE" , "CPATTRKIND" , "CPATTRSEQ"
SELECT "DATA" FROM "REPOSRC" WHERE "PROGNAME" = ? AND "R3STATE" = ?
SELECT "DELETION_TIME" FROM "BGRFC_CUST_I_SYS" WHERE "ENTRY_ID" = N'SYSTEM' LIMIT 1
SELECT "DELETION_TIME" FROM "BGRFC_CUST_O_SYS" WHERE "ENTRY_ID" = N'SYSTEM' LIMIT 1
SELECT "DEVCLASS" , "VERSION" , "SWITCH_ID" FROM "D010PACKAGE" WHERE "DEVCLASS" = ? AND "VERSION" = ? ORDER BY "DEVCLASS" , "VERSION" , "SWITCH_ID"
SELECT "DTS_INSTANCE" , "TRACE" , "USE_SLD" , "DAYS_UNTIL_CHECK" , "DATE_LAST_CHECK" , "CHECK_SLD_NOW" , "LAST_CHG_USER" , "LAST_CHG_DATE" , "LAST_CHG_TIME" , "SCHED_JOB_REPEAT" , "MAP_JOB_REPEAT" FROM "ALDTSCTRL" WHERE "DTS_INSTANCE" = N'CCMS_DTS_Control_Record' LIMIT 1
SELECT "ENHNAME" , "VERSION" , "SORT_LEVEL" FROM "ENHSORT" WHERE "ENHNAME" = ? AND "VERSION" = ? ORDER BY "ENHNAME" , "VERSION"
SELECT "EVENTCOUNT" FROM "BTCEVTJOB" WHERE "EVENTID" = ? AND "EVENTCOUNT" = ? LIMIT 1
SELECT "EVENTID" , "CHANGEUSER" , "TIMESTMPDT" , "TIMESTMPTM" FROM "BTCSEV" WHERE "EVENTID" = ? LIMIT 1
SELECT "EVENTID" , "EVENTCOUNT" , "ACTIVATED" , "EVENTPARM" , "JOBNAME" , "JOBCOUNT" , "PROCMODE" FROM "BTCEVTJOB" WHERE "EVENTID" = ? AND "EVENTCOUNT" = ? AND "JOBNAME" = ? AND "JOBCOUNT" = ? AND "ACTIVATED" = N'X' LIMIT 1
SELECT "INCLUDE" FROM "D010INC" WHERE "MASTER" = ? ORDER BY INCLUDE
SELECT "INST_NAME" , "LAST_TIME" , "LAST_DATE" , "DUMMYTXT" FROM "ALTSTLOD"
SELECT "JOBCOUNT" FROM "TBTCO" WHERE "JOBNAME" = ? AND "JOBCOUNT" = ? LIMIT 1
SELECT "JOBNAME" , "JOBCOUNT" , "BTCSYSTEM" , "JOBGROUP" , "INTREPORT" , "SDLSTRTDT" , "SDLSTRTTM" , "PRDMINS" , "PRDHOURS" , "PRDDAYS" , "PRDWEEKS" , "PRDMONTHS" , "PERIODIC" , "DELANFREP" , "EMERGMODE" , "SDLUNAME" , "AUTHCKNAM" , "AUTHCKMAN" , "SUCCNUM" , "EOMCORRECT" , "JOBCLASS" , "PRIORITY" , "EXECSERVER" , "CALCORRECT" , "TGTSRVGRP" FROM "TBTCS" WHERE "JOBNAME" = ? AND "JOBCOUNT" = ? LIMIT 1
SELECT "JOBNAME" , "JOBCOUNT" , "CTXTTYPE" , "CTXTVAL" , "CTXTTEXT" FROM "TBTCCNTXT" WHERE "JOBNAME" = ? AND "JOBCOUNT" = ? AND "CTXTTYPE" = N'SJOBREPO' AND "CTXTVAL" = N'J' LIMIT 1
SELECT "JOBNAME" , "JOBCOUNT" , "CTXTTYPE" , "CTXTVAL" , "CTXTTEXT" FROM "TBTCCNTXT" WHERE "JOBNAME" = ? AND "JOBCOUNT" = ? AND "CTXTTYPE" = N'SOLMAN_REQUEST_ID' LIMIT 1
SELECT "JOBNAME" , "JOBCOUNT" , "CTXTTYPE" , "CTXTVAL" , "CTXTTEXT" FROM "TBTCCNTXT" WHERE "JOBNAME" = ? AND "JOBCOUNT" = ? AND "CTXTTYPE" = N'TIMEZONE' LIMIT 1
SELECT "JOBNAME" , "JOBCOUNT" , "JOBGROUP" , "INTREPORT" , "SDLUNAME" , "AUTHCKNAM" , "AUTHCKMAN" , "SUCCNUM" , "DELANFREP" , "SDLFLAG" , "STEPCOUNT" , "XPGACTIVE" , "JOBLOG" , "EVENTID" , "EVENTPARM" , "JOBCLASS" , "PRIORITY" , "STATUS" , "XPGTERMCTL" , "STEPFLAG" , "CREADATE" , "CREATIME" , "EXECSERVER" , "TGTSRVGRP" , "REAXSERVER_1" , "REAXSERVER_2" , "REAXSERVER_LAST" , "LASTCHDATE" , "LASTCHTIME" , "NROFTRIES" FROM "TBTCY" WHERE "JOBNAME" = ? AND "JOBCOUNT" = ? LIMIT 1
SELECT "JOBNAME" , "JOBCOUNT" , "JOBGROUP" , "INTREPORT" , "STEPCOUNT" , "SDLSTRTDT" , "SDLSTRTTM" , "BTCSYSTEM" , "SDLDATE" , "SDLTIME" , "SDLUNAME" , "LASTCHDATE" , "LASTCHTIME" , "LASTCHNAME" , "RELDATE" , "RELTIME" , "RELUNAME" , "STRTDATE" , "STRTTIME" , "ENDDATE" , "ENDTIME" , "PRDMINS" , "PRDHOURS" , "PRDDAYS" , "PRDWEEKS" , "PRDMONTHS" , "PERIODIC" , "DELANFREP" , "EMERGMODE" , "STATUS" , "NEWFLAG" , "AUTHCKNAM" , "AUTHCKMAN" , "SUCCNUM" , "PREDNUM" , "JOBLOG" , "LASTSTRTDT" , "LASTSTRTTM" , "WPNUMBER" , "WPPROCID" , "EVENTID" , "EVENTPARM" , "BTCSYSREAX" , "JOBCLASS" , "PRIORITY" , "EVENTCOUNT" , "CHECKSTAT" , "CALENDARID" , "PRDBEHAV" , "EXECSERVER" , "EOMCORRECT" , "CALCORRECT" , "REAXSERVER" , "RECLOGSYS" , "RECOBJTYPE" , "RECOBJKEY" , "RECDESCRIB" , "TGTSRVGRP" FROM "TBTCO" WHERE "JOBNAME" = ? AND "JOBCOUNT" = ? LIMIT 1
SELECT "JOBNAME" , "JOBCOUNT" , "ROOT_CONTEXT_ID" , "CONNECTION_ID" , "CONNECT_COUNTER" , "TRANSACTION_ID" , "CLIENT_ID" , "USER_ID" , "COMPONENT_ID" , "COMPONENT_TYPE" , "CREATION_EPP" , "CREA_JOBEPPREC" , "PASSPORT_XSTRING" FROM "BTCJOBEPP" WHERE "JOBNAME" = ? AND "JOBCOUNT" = ? LIMIT 1
SELECT "JOBNAME" , "JOBCOUNT" , "STEPCOUNT" , "PROGNAME" , "PROGFROMLN" , "PROGTOLN" , "SDLDATE" , "SDLTIME" , "SDLUNAME" , "VARIANT" , "AUTHCKNAM" , "LISTIDENT" , "XPGPID" , "XPGTGTSYS" , "XPGRFCDEST" , "XPGPROG" , "XPGPARAMS" , "XPGFLAG" , "CONNCNTL" , "STDINCNTL" , "STDOUTCNTL" , "STDERRCNTL" , "TRACECNTL" , "TERMCNTL" , "STATUS" , "EXITCODE" , "LANGUAGE" , "EXTCMD" , "OPSYSTEM" , "PDEST" , "PRCOP" , "PLIST" , "PRTXT" , "PRIMM" , "PRREL" , "PRNEW" , "PEXPI" , "LINCT" , "LINSZ" , "PAART" , "PRBIG" , "PRSAP" , "PRREC" , "PRABT" , "PRBER" , "PRDSN" , "PTYPE" , "ARMOD" , "FOOTL" , "PRCHK" , "SAP_OBJECT" , "AR_OBJECT" , "ARCHIV_ID" , "DOC_TYPE" , "RPC_HOST" , "RPC_SERVIC" , "INTERFACE" , "MANDANT" , "REPORT" , "INFO" , "ARCTEXT" , "DATUM" , "ARCUSER" , "PRINTER" , "FORMULAR" , "ARCHIVPATH" , "PROTOKOLL" , "VERSION" , "ACHECK" , "PRIPARKEY" , "CONVID" FROM "TBTCP" WHERE "JOBNAME" = ? AND "JOBCOUNT" = ? LIMIT 1
SELECT "KEY1" , "KEY2" , "APPL" , "PRDATE" , "REORG" , "PDEST" , "PRCOP" , "PLIST" , "PRTXT" , "PRIMM" , "PRREL" , "PRNEW" , "PEXPI" , "LINCT" , "LINSZ" , "PAART" , "PRBIG" , "PRSAP" , "PRREC" , "PRABT" , "PRBER" , "PRDSN" , "PTYPE" , "ARMOD" , "FOOTL" , "PRIOT" , "PRUNX" , "PRCHK" , "PARLISTLEN" , "PARAMLIST" FROM "TPRI_PAR" WHERE "KEY1" = ? AND "KEY2" = ?
SELECT "MANDT" , "MTEXT" , "ORT01" , "MWAER" , "ADRNR" , "CCCATEGORY" , "CCCORACTIV" , "CCNOCLIIND" , "CCCOPYLOCK" , "CCNOCASCAD" , "CCSOFTLOCK" , "CCORIGCONT" , "CCIMAILDIS" , "CCTEMPLOCK" , "CHANGEUSER" , "CHANGEDATE" , "LOGSYS" FROM "T000" WHERE "MANDT" = ? LIMIT 1
SELECT "MASTER" FROM "D010INC" WHERE "INCLUDE" = ? ORDER BY MASTER
SELECT "MASTERLANG" FROM "TADIR" WHERE "PGMID" = N'R3TR' AND "OBJECT" = ? AND "OBJ_NAME" = ? LIMIT 1
SELECT "METHODNAME" , "METHODINDX" , "FLAGS" FROM "TMDIR" WHERE "CLASSNAME" = ? ORDER BY "METHODINDX"
SELECT "MON_CLIENT" , "TCODE" , "MO_NAME" , "MTECLASS" , "SERVER_ID" , "CUSGRPNAME" FROM "ALTRAMONI"
SELECT "MON_CLIENT" , "TCODE" , "MO_NAME" , "MTECLASS" , "SERVER_ID" , "CUSGRPNAME" FROM "ALTRAMONI" WHERE "MO_NAME" = ?
SELECT "MON_CLIENT" , "TCODE" , "MO_NAME" , "MTECLASS" , "SERVER_ID" , "CUSGRPNAME" FROM "ALTRAMONI" WHERE "TCODE" = ? AND "MON_CLIENT" = N'*'
SELECT "NAME" , "VALUE" FROM "SSOI_DEPLOYPARAM" WHERE "NAME" = ? LIMIT 1
SELECT "OCS_TOOL" , "PATCH" , "COMPONENT" , "COMP_REL" , "ADDON_ID" , "ADDON_REL" , "RESPONSIBL" , "IMPLE_DATE" , "IMPLE_TIME" , "STATUS" , "IMPL_MANDT" , "BTCH_STATE" , "QUEUE_ID" FROM "PAT10"
SELECT "PARTNER" FROM "BUT000" WHERE "CLIENT" = ? AND "PARTNER" = ? LIMIT ?
SELECT "PARVAL1" FROM "SMOHGLOBCFG" WHERE "PARSFAKEY" = N'RRS_COMMON' AND "PARNAME" = N'ENABLE_RR_BULK_PROCESSING' LIMIT 1
SELECT "PGMID" , "OBJECT" , "OBJ_NAME" , "DEVCLASS" FROM "TADIR" WHERE "PGMID" = ? AND "OBJECT" = ? AND "OBJ_NAME" = ?
SELECT "PGMID" , "OBJECT" , "OBJ_NAME" , "KORRNUM" , "SRCSYSTEM" , "AUTHOR" , "SRCDEP" , "DEVCLASS" , "GENFLAG" , "EDTFLAG" , "CPROJECT" , "MASTERLANG" , "VERSID" , "PAKNOCHECK" , "OBJSTABLTY" , "COMPONENT" , "CRELEASE" , "DELFLAG" , "TRANSLTTXT" , "CREATED_ON" , "CHECK_DATE" , "CHECK_CFG" FROM "TADIR" WHERE "PGMID" = N'HEAD' AND "OBJECT" = N'SYST' AND "OBJ_NAME" = N'' LIMIT 1
SELECT "PROGNAME" , "OBJ_NAME" , "OBJECT" , "COVRESET1" , "COVRESET2" , "COVR1_COND" , "HASTADIR" , "INIT" , "UP_SDATE" , "UP_STIME" , "UNICODE" , "UNICO_COND" , "VERSION" FROM "COVREF" WHERE "RELID" = N'AT' AND "PROGNAME" = ? AND "SRTF2" = 0 LIMIT 1
SELECT "PROGNAME" , "PROG_HASH_GEN" , "OFFSET_HASH_GEN" , "METADATA" FROM "COV_GENDATA" WHERE "PROGNAME" = ? LIMIT 1
SELECT "PROGNAME" , "SPRACHE" , "TYPE" , "BLOCKNR" , "BLOBLG" , "UDAT" , "UTIME" , "BLOCKLG" , "BLOCK" FROM "D345T" WHERE "PROGNAME" = ? AND "SPRACHE" = ? AND "TYPE" = ? AND "BLOCKNR" >= ? ORDER BY "PROGNAME" , "SPRACHE" , "TYPE" , "BLOCKNR"
SELECT "PROGNAME" , "STATUS" , "TYPE" , "BLOCKNR" , "BLOBLG" , "UDAT" , "UTIME" , "BLOCKLG" , "BLOCK" FROM "D342L" WHERE "PROGNAME" = ? AND "STATUS" = ? AND "TYPE" = ? AND "BLOCKNR" >= ? ORDER BY "PROGNAME" , "STATUS" , "TYPE" , "BLOCKNR"
SELECT "SDATE" , "STIME" , "IDATE" , "ITIME" , "UNAM" , "UDAT" , "UTIME" , "SQLX" , "EDTX" , "DBNA" , "CLAS" , "TYPE" , "OCCURS" , "SUBC" , "APPL" , "SECU" , "CNAM" , "CDAT" , "VERN" , "LEVL" , "RSTAT" , "RMAND" , "RLOAD" , "DATALG" , "VARCL" , "DBAPL" , "FIXPT" , "SSET" , "LDBNAME" , "UCCHECK" , "MAXLINELN" FROM "REPOSRC" WHERE "PROGNAME" = ? AND "R3STATE" = ?
SELECT "SDATE" , "STIME" , "IDATE" , "ITIME" , "UNAM" , "UDAT" , "UTIME" , "SQLX" , "EDTX" , "DBNA" , "CLAS" , "TYPE" , "OCCURS" , "SUBC" , "APPL" , "SECU" , "CNAM" , "CDAT" , "VERN" , "LEVL" , "RSTAT" , "RMAND" , "RLOAD" , "DATALG" , "VARCL" , "DBAPL" , "FIXPT" , "SSET" , "LDBNAME" , "UCCHECK" , "MAXLINELN" FROM "REPOSRC" WHERE "PROGNAME" = ? AND "R3STATE" = ? FOR UPDATE
SELECT "SDATE" , "STIME" FROM "REPOSRC" WHERE "PROGNAME" = ? AND "R3STATE" = N'A' LIMIT 1
SELECT "SPOPTION" , "VALUE" FROM "TSPOPTIONS" WHERE "SPOPTION" = N'RSDSSPTI_SCAN' FOR UPDATE
SELECT "START_GEN_NOT_BEFORE" FROM "D010DBOBJGEN" LIMIT 1
SELECT "SUBC" FROM "TRDIR" WHERE "NAME" = ? AND "SUBC" IN ( ? , ? , ? , ? , ? ) LIMIT 1
SELECT "SYM_GRP" , "SYM_KEY" , "SYM_VAL" FROM "TUCON" WHERE "SYM_GRP" = N'Cert.Check' AND "SYM_KEY" = N'AUTOABAP' LIMIT 1
SELECT "SYM_GRP" , "SYM_KEY" , "SYM_VAL" FROM "TUCON" WHERE "SYM_GRP" = N'Cert.Check' AND "SYM_KEY" = N'LASTRUN' AND "SYM_VAL" LIKE ? LIMIT 1
SELECT "SYM_GRP" , "SYM_KEY" , "SYM_VAL" FROM "TUCON" WHERE "SYM_GRP" = N'Obj. Count' AND "SYM_KEY" = N'Last Cons.'
SELECT "T2" . "STRUCOBJN" FROM "DD02BND" "T1" INNER JOIN "DD02BND" "T2" ON "T1" . "ACCESSCTRL_NOT_ALLOWED" = ? AND "T1" . "STRUCOBJN" = "T2" . "ACCESSCTRL_TARGET" AND "T1" . "AS4LOCAL" = "T2" . "AS4LOCAL" WHERE "T2" . "ACCESSCTRL_TARGET" = ? AND "T1" . "AS4LOCAL" = ? LIMIT 1
SELECT "TABNAME" FROM "D010TAB" WHERE "MASTER" = ? ORDER BY TABNAME
SELECT "TASKID" FROM "TBTC_TASK" WHERE "JOBNAME" = ? AND "JOBCOUNT" = ? LIMIT 1
SELECT "TASKTIMES" FROM "TASK_VITA_DATA" WHERE "TASKMANDT" = N'000' AND "TASKKEY" = ? LIMIT 1
SELECT "TIMESTAMP" FROM "SRT_MONI_TS" WHERE "CALLER_PROGRAM" = ? LIMIT 1
SELECT "UCCHECK" FROM "TRDIR" WHERE "NAME" = ? LIMIT 1
SELECT * FROM "TRDIR" WHERE "NAME" = ? LIMIT 1
SELECT /* Buffer Loading */ "CLIENT" , "USERNAME" , "CIPADDR" , "ATTRIBUTE" , "SERVER" , "URL" , "CUSERNAME" , "CHOST" , "CDATE" , "CTIME" , "TIMEOUT" , "DEBUGID" , "SYSTDEBUG" , "LIFE_DAY" , "LIFE_TIME" , "ATRAVAR" , "ATRAMESS" , "ATRAUSER" , "RECATTRIB" , "CALL_URL" , "ATRA_SINGLEREC" , "CIPV6ADDR" FROM "ICFATTRIB" WHERE "CLIENT" = ? ORDER BY "ICFATTRIB" . "CLIENT" , "ICFATTRIB" . "USERNAME" , "ICFATTRIB" . "CIPADDR" , "ICFATTRIB" . "ATTRIBUTE" , "ICFATTRIB" . "SERVER" , "ICFATTRIB" . "URL"
SELECT /* Buffer Loading */ "CLSNAME" , "REFCLSNAME" , "VERSION" , "STATE" FROM "VSEOIFCOMP" WHERE "CLSNAME" = ? ORDER BY "VSEOIFCOMP" . "CLSNAME" , "VSEOIFCOMP" . "REFCLSNAME" , "VSEOIFCOMP" . "VERSION"
SELECT /* Buffer Loading */ "CLSNAME" , "REFCLSNAME" , "VERSION" , "STATE" FROM "VSEOIFIMPL" WHERE "CLSNAME" = ? ORDER BY "VSEOIFIMPL" . "CLSNAME" , "VSEOIFIMPL" . "REFCLSNAME" , "VSEOIFIMPL" . "VERSION"
SELECT /* Buffer Loading */ "CLSNAME" , "REFCLSNAME" , "VERSION" , "STATE" FROM "VSEOPARENT" WHERE "CLSNAME" = ? ORDER BY "VSEOPARENT" . "CLSNAME" , "VSEOPARENT" . "REFCLSNAME" , "VSEOPARENT" . "VERSION"
SELECT /* Buffer Loading */ "CLSNAME" , "VERSION" , "CATEGORY" , "EXPOSURE" , "STATE" , "RELEASE" , "AUTHOR" , "CREATEDON" , "CHANGEDBY" , "CHANGEDON" , "CHGDANYBY" , "CHGDANYON" , "CLSEMBED" , "CLSABSTRCT" , "CLSFINAL" , "CLSCCINCL" , "CLSDEFATT" , "CLSDEFMTD" , "REFCLSNAME" , "FIXPT" , "VARCL" , "UNICODE" , "RSTAT" , "CLSBCIMPL" , "R3RELEASE" , "CLSBCTRANS" , "CLSBCCAT" , "CLSBCNODEL" , "CLSADDON" , "MSG_ID" , "CLSPROXY" , "CLSSHAREDMEMORY" , "WITH_UNIT_TESTS" , "DURATION_TYPE" , "RISK_LEVEL" , "WITHIN_PACKAGE" FROM "SEOCLASSDF" WHERE "CLSNAME" = ? ORDER BY "SEOCLASSDF" . "CLSNAME" , "SEOCLASSDF" . "VERSION"
SELECT /* Buffer Loading */ "CPCODEPAGE" , "CPATTRKIND" , "CPATTRSEQ" , "CPATTR" FROM "TCP00A" ORDER BY "TCP00A" . "CPCODEPAGE" , "TCP00A" . "CPATTRKIND" , "TCP00A" . "CPATTRSEQ"
SELECT /* Buffer Loading */ "DEVCLASS" , "INTSYS" , "CONSYS" , "CTEXT" , "KORRFLAG" , "AS4USER" , "PDEVCLASS" , "DLVUNIT" , "COMPONENT" , "NAMESPACE" , "TPCLASS" , "SHIPMENT" , "PARENTCL" , "APPLICAT" , "ERRSEVRTY" , "PERMINHER" , "INTFPREFX" , "PACKTYPE" , "RESTRICTED" , "MAINPACK" , "CREATED_BY" , "CREATED_ON" , "CHANGED_BY" , "CHANGED_ON" , "SRV_CHECK" , "CLI_CHECK" , "EXT_ALIAS" , "PROJECT_GUID" , "PROJECT_PASSDOWN" , "IS_ENHANCEABLE" , "PACKAGE_KIND" , "ENHANCED_PACKAGE" , "ACCESS_OBJECT" , "DEFAULT_INTF" , "INHERIT_CLI_INTF" , "TECH_CHG_TSTMP" , "OVERALL_TSTMP" , "ENCAPSULATION" , "DCL_ENABLED" , "SUB_KEY" , "ALLOW_STATIC" , "SWITCH_ID" , "CHECK_RULE" FROM "TDEVC" WHERE "DEVCLASS" = ?
SELECT /* Buffer Loading */ "EX_CLT" , "EX_USER" FROM "USER_EXEMPTION" WHERE "EX_CLT" = ? AND "EX_USER" = ?
SELECT /* Buffer Loading */ "MANDT" , "BNAME" , "PARID" , "PARVA" FROM "USR05" WHERE "MANDT" = ? AND "BNAME" = ? ORDER BY "USR05" . "MANDT" , "USR05" . "BNAME" , "USR05" . "PARID"
SELECT /* Buffer Loading */ "NAME" , "DEF_MODE" FROM "AAB_ID_PROP" WHERE "NAME" = ?
SELECT /* Buffer Loading */ "PGMID" , "OBJECT" , "OBJ_NAME" , "KORRNUM" , "SRCSYSTEM" , "AUTHOR" , "SRCDEP" , "DEVCLASS" , "GENFLAG" , "EDTFLAG" , "CPROJECT" , "MASTERLANG" , "VERSID" , "PAKNOCHECK" , "OBJSTABLTY" , "COMPONENT" , "CRELEASE" , "DELFLAG" , "TRANSLTTXT" , "CREATED_ON" , "CHECK_DATE" , "CHECK_CFG" FROM "TADIR" WHERE "PGMID" = ? AND "OBJECT" = ? AND "OBJ_NAME" = ?
SELECT /* Buffer Loading */ "PROGNAME" , "SPRSL" , "OBJ_CODE" , "TEXT" FROM "D347T" WHERE "PROGNAME" = ? AND "SPRSL" = ? AND "OBJ_CODE" = ?
SELECT /* CDS access control applied */ DISTINCT  "BP" . "PARTNER" FROM /* Entity name: I_SUPPLIER_VH CDS access controlled */ "ISUPPLIERVH" "CDS" INNER JOIN "CVI_VEND_LINK" "CVI" ON "CDS" . "MANDT" = "CVI" . "CLIENT" AND "CDS" . "SUPPLIER" = "CVI" . "VENDOR" INNER JOIN "BUT000" "BP" ON "CDS" . "MANDT" = "BP" . "CLIENT" AND "BP" . "PARTNER_GUID" = "CVI" . "PARTNER_GUID" WHERE "CDS" . "MANDT" = ? AND "BP" . "PARTNER" IN ( ? , ? , ? , ? , ? , ? , ? , ? , ? , ? , ? , ? , ? , ? , ? , ? , ? , ? , ? , ? , ? , ? , ? , ? , ? , ? , ? , ? , ? , ? , ? , ? , ? , ? , ? , ? , ? , ? , ? , ? , ? , ? , ? , ? , ? , ? , ? , ? , ? , ? , ? , ? , ? , ? , ? , ? , ? , ? , ? , ? , ? , ? , ? , ? , ? , ? , ? , ? , ? , ? , ? , ? , ? , ? , ? , ? )
SELECT /* FDA READ */ "C" . "MANDT" , "C" . "QUEUENAME" , "R" . "STATUS" , "C" . "MODULENAME" , "R" . "LASTMSG" , "R" . "LASTERROR" , "C" . "QLNGNAME" FROM "SMOHRRQCUST" "C" INNER JOIN "SMOHRRQRT" "R" ON "C" . "MANDT" = "R" . "MANDT" AND "C" . "QUEUENAME" = "R" . "QUEUENAME" WHERE "C" . "QUEUENAME" <> N'QD'
SELECT /* FDA READ */ "CLASSNUM" , "CLASSNAME" , "GROUPTYPE" , "TIMERERD" , "LOGRERD" , "FAVTYPE" FROM "RZLLICLASS"
SELECT /* FDA READ */ "CLIENT" , "ARTIFACT" , "IDP_KEY" , "RESPONSE_IS_SIGNED" , "NOTBEFORE" , "NOTONORAFTER" , "RESPONSE" FROM "SAML2_RES_ARTFCT" WHERE "NOTONORAFTER" < ? LIMIT 1000
SELECT /* FDA READ */ "CLIENT" , "GUID" , "HASH_ID" , "ID" , "VALID_TO" , "ISSUER" FROM "SAML2_USED_ASSRT" WHERE "VALID_TO" < ? LIMIT 1000
SELECT /* FDA READ */ "CLIENT" , "HANDLE" , "ENDPOINT" , "SOURCE_ID" , "SENDER" , "RECEIVER" , "VALID_TO" , "MESSAGE" FROM "SAML2_ARTIFACT" WHERE "VALID_TO" < ? LIMIT 1000
SELECT /* FDA READ */ "CLIENT" , "ID_HASH" , "ID" , "VALID_TO" FROM "SAML2_ASSERT" WHERE "VALID_TO" < ? LIMIT 1000
SELECT /* FDA READ */ "CLIENT" , "MODEL" , "RCVSYSTEM" , "SYSNAME" , "SYSCLIENT" , "NEW_SYSTEM" , "SYSTEMTYPE" , "RFCDEST" FROM "USZBVLNDRC"
SELECT /* FDA READ */ "CLIENT" , "MODELNAME" , "SENDSYSTEM" FROM "USZBVLNDSC"
SELECT /* FDA READ */ "CLIENT" , "REQUEST_IDH" , "SENDER" , "RECEIVER" , "VALID_TO" , "REQUEST_ID" , "APPLICATION_URI" FROM "SAML2_REQUEST" WHERE "VALID_TO" < ? LIMIT 1000
SELECT /* FDA READ */ "CLIENT" , "SECURITY_CONTEXT" , "TIMESTAMP" , "IDP_KEY" , "SP_KEY" , "SPNAMEQUAL_KEY" , "SESSION_INDEX_H" , "SESSION_INDEX" , "IDP_NAME_FORMAT" , "IDP_NAME_ID_H" , "IDP_NAME_ID" , "NAMEQUAL" , "SPNAMEQUAL" , "ACCESS_POLICY" FROM "SAML2_SESSION" WHERE "TIMESTAMP" < ? ORDER BY "SAML2_SESSION" . "CLIENT" , "SAML2_SESSION" . "SECURITY_CONTEXT" LIMIT 1000
SELECT /* FDA READ */ "CUSGRPNAME" , "WHICHTOOL" , "SETNAME" , "TOOLNAME" , "TOOLSTAT" , "CHG_USER" , "CHG_DATE" , "CHG_TIME" FROM "ALCLASTOOL" WHERE "SETNAME" = N'SAP-DEFAULT'
SELECT /* FDA READ */ "DEST_ID" , "DEST_APP" , "DEST_STEXT" , "DEST_STATUS" , "DEST_MAXUSER" , "DEST_PRIO" , "DEST_COMTYPE" , "DEST_COMDEST" FROM "RCCC_ENG_DEST" WHERE "DEST_STATUS" = ?
SELECT /* FDA READ */ "DEST_NAME" , "CLIENT" , "QUEUE_NAME" , "TIMESTAMP" FROM "QRFC_I_QIN_LOCK"
SELECT /* FDA READ */ "DEST_NAME" , "CLIENT" , "QUEUE_NAME" , "TIMESTAMP" FROM "QRFC_O_QOUT_LOCK"
SELECT /* FDA READ */ "DEST_NAME" , "VALID_UNTIL" FROM "BGRFC_I_DESTLOCK"
SELECT /* FDA READ */ "DP_SERVER_NAME" , "RFC_SERVER_NAME" , "SCHEDULER_CNT" , "TASK_CNT_MAX" , "GW_RESOURCES" , "IDLE_TIME" , "LB_EXP_TIME" , "DEST_CNT_MAX" , "ORIG_USER" , "ORIG_CLIENT" , "ORIG_DATE" , "ORIG_TIME" FROM "BGRFC_CUST_I_SRV" WHERE "DP_SERVER_NAME" = ? OR "DP_SERVER_NAME" = N'BGRFC_INSTANCE_DEFAULTS'
SELECT /* FDA READ */ "E" . "VERTRAG" , "E" . "ANLAGE" , "E" . "VKONTO" , "E" . "EINZDAT" , "E" . "AUSZDAT" , "E" . "SPARTE" , "E" . "GEMFAKT" FROM "EVER" "E" INNER JOIN "FKKVKP" "F" ON "E" . "MANDT" = "F" . "MANDT" AND "F" . "VKONT" = "E" . "VKONTO" WHERE "E" . "MANDT" = ? AND "F" . "GPART" = ? AND "E" . "EINZDAT" <= ? AND "E" . "AUSZDAT" >= ?
SELECT /* FDA READ */ "ENGINE_APP" , "ENGINE_STEXT" , "ENGINE_TRACE" , "ENGINE_DUMP_IN" , "ENGINE_DUMP_OUT" , "ENGINE_CLEAN_CBK" , "ENGINE_EVENT_CBK" , "ENGINE_HANDLER_CBK" FROM "RCCC_ENGINES"
SELECT /* FDA READ */ "EVENTID" , "EVENTCOUNT" , "ACTIVATED" , "EVENTPARM" , "JOBNAME" , "JOBCOUNT" , "PROCMODE" FROM "BTCEVTJOB" WHERE "EVENTID" = ? AND "ACTIVATED" = N'X' AND "EVENTPARM" = ?
SELECT /* FDA READ */ "EVENTID" , "EVENTCOUNT" , "ACTIVATED" , "EVENTPARM" , "JOBNAME" , "JOBCOUNT" , "PROCMODE" FROM "BTCEVTJOB" WHERE "EVENTID" = ? AND "ACTIVATED" = N'X' AND ( "EVENTPARM" = N'' OR "EVENTPARM" = ? )
SELECT /* FDA READ */ "EVENTID" , "EVENTCOUNT" , "ACTIVATED" , "EVENTPARM" , "JOBNAME" , "JOBCOUNT" , "PROCMODE" FROM "BTCEVTJOB" WHERE "EVENTID" = N'SAP_END_OF_JOB' AND "ACTIVATED" = N'X'
SELECT /* FDA READ */ "EVENT_ID" FROM "DYNABAPHDR" WHERE "TIMESTAMP" < ? AND ( "KEEP_EVENT" = N'' OR "KEEP_EVENT" IS NULL ) LIMIT ?
SELECT /* FDA READ */ "EXE_START_TIME" , "UNIT_ID" , "UNIT_KIND" FROM "BGRFC_SRV_CFM" WHERE "EXE_START_TIME" <= ? LIMIT 1000
SELECT /* FDA READ */ "FINISHED_AT" , "UNIT_ID" FROM "BGRFC_UNIT_TIME" WHERE "FINISHED_AT" >= ? AND "FINISHED_AT" <= ? AND "UNIT_KIND" = 1409196102
SELECT /* FDA READ */ "FINISHED_AT" , "UNIT_ID" FROM "BGRFC_UNIT_TIME" WHERE "FINISHED_AT" >= ? AND "FINISHED_AT" <= ? AND "UNIT_KIND" = 1409196105
SELECT /* FDA READ */ "FINISHED_AT" , "UNIT_ID" FROM "BGRFC_UNIT_TIME" WHERE "FINISHED_AT" >= ? AND "FINISHED_AT" <= ? AND "UNIT_KIND" = 1409196106
SELECT /* FDA READ */ "FINISHED_AT" , "UNIT_ID" FROM "BGRFC_UNIT_TIME" WHERE "FINISHED_AT" >= ? AND "FINISHED_AT" <= ? AND ( "UNIT_KIND" = 1409196101 OR "UNIT_KIND" = 1409196103 )
SELECT /* FDA READ */ "JOBCOUNT" FROM "TBTCO" WHERE "JOBNAME" = ? AND "JOBCOUNT" LIKE ? ORDER BY "TBTCO" . "JOBCOUNT"
SELECT /* FDA READ */ "JOBNAME" , "JOBCOUNT" , "BTCSYSTEM" , "JOBGROUP" , "INTREPORT" , "SDLSTRTDT" , "SDLSTRTTM" , "PRDMINS" , "PRDHOURS" , "PRDDAYS" , "PRDWEEKS" , "PRDMONTHS" , "PERIODIC" , "DELANFREP" , "EMERGMODE" , "SDLUNAME" , "AUTHCKNAM" , "AUTHCKMAN" , "SUCCNUM" , "EOMCORRECT" , "JOBCLASS" , "PRIORITY" , "EXECSERVER" , "CALCORRECT" , "TGTSRVGRP" FROM "TBTCS" WHERE ( "SDLSTRTDT" = ? AND "SDLSTRTTM" <= ? OR "SDLSTRTDT" < ? ) AND ( "EXECSERVER" = ? OR "EXECSERVER" = N'' AND ( "BTCSYSTEM" = ? OR "BTCSYSTEM" = ? OR "BTCSYSTEM" = N'' ) ) ORDER BY "TBTCS" . "JOBCLASS" , "TBTCS" . "SDLSTRTDT" , "TBTCS" . "SDLSTRTTM"
SELECT /* FDA READ */ "JOBNAME" , "JOBCOUNT" , "STEPCOUNT" , "PROGNAME" , "PROGFROMLN" , "PROGTOLN" , "SDLDATE" , "SDLTIME" , "SDLUNAME" , "VARIANT" , "AUTHCKNAM" , "LISTIDENT" , "XPGPID" , "XPGTGTSYS" , "XPGRFCDEST" , "XPGPROG" , "XPGPARAMS" , "XPGFLAG" , "CONNCNTL" , "STDINCNTL" , "STDOUTCNTL" , "STDERRCNTL" , "TRACECNTL" , "TERMCNTL" , "STATUS" , "EXITCODE" , "LANGUAGE" , "EXTCMD" , "OPSYSTEM" , "PDEST" , "PRCOP" , "PLIST" , "PRTXT" , "PRIMM" , "PRREL" , "PRNEW" , "PEXPI" , "LINCT" , "LINSZ" , "PAART" , "PRBIG" , "PRSAP" , "PRREC" , "PRABT" , "PRBER" , "PRDSN" , "PTYPE" , "ARMOD" , "FOOTL" , "PRCHK" , "SAP_OBJECT" , "AR_OBJECT" , "ARCHIV_ID" , "DOC_TYPE" , "RPC_HOST" , "RPC_SERVIC" , "INTERFACE" , "MANDANT" , "REPORT" , "INFO" , "ARCTEXT" , "DATUM" , "ARCUSER" , "PRINTER" , "FORMULAR" , "ARCHIVPATH" , "PROTOKOLL" , "VERSION" , "ACHECK" , "PRIPARKEY" , "CONVID" FROM "TBTCP" WHERE "JOBNAME" = ? AND "JOBCOUNT" = ?
SELECT /* FDA READ */ "MANDANT" , "TASK_ID" , "TASK_LUW_ID" , "TASK_STAT" , "TASK_NAME" , "TASK_DEST" , "TASK_FUNC" , "TASK_UID" , "TASK_TIME" , "TASK_IFCOM" , "TASK_IFCALL" , "TASK_TIMEOUT" FROM "TASK_VITA_LOST"
SELECT /* FDA READ */ "MANDANT" , "TASK_ID" , "TASK_LUW_ID" , "TASK_STAT" , "TASK_NAME" , "TASK_DEST" , "TASK_FUNC" , "TASK_UID" , "TASK_TIME" , "TASK_IFCOM" , "TASK_IFCALL" , "TASK_TIMEOUT" FROM "TASK_VITA_MAIN"
SELECT /* FDA READ */ "MANDT" , "AUTH_CONTEXT_ID" , "CLIENT_ID" , "RO_USER" , "CREATION_TIME" , "EXPIRY_TIME" , "REDIRECT_URI" FROM "OA2_SR_A_CTX" WHERE "EXPIRY_TIME" < ? LIMIT ?
SELECT /* FDA READ */ "MANDT" , "AUTH_CONTEXT_ID" , "SCOPE_ID" , "EXPIRY_TIME" FROM "OA2_SR_A_CTX_SC" WHERE "EXPIRY_TIME" < ? LIMIT ?
SELECT /* FDA READ */ "MANDT" , "RT_CONTEXT_ID" , "CLIENT_ID" , "RO_USER" , "CREATION_TIME" , "EXPIRY_TIME" , "ALGORITHM" , "HASH" FROM "OA2_SR_RT_CTX" WHERE "EXPIRY_TIME" < ? LIMIT ?
SELECT /* FDA READ */ "MANDT" , "RT_CONTEXT_ID" , "SCOPE_ID" , "EXPIRY_TIME" FROM "OA2_SR_RT_CTX_SC" WHERE "EXPIRY_TIME" < ? LIMIT ?
SELECT /* FDA READ */ "MANDT" , "RT_CONTEXT_ID" , "SERVER_CONTEXT_ID" , "EXPIRY_TIME" FROM "OA2_SR_RT_CTX_AT" WHERE "EXPIRY_TIME" < ? LIMIT ?
SELECT /* FDA READ */ "MANDT" , "SERVER_CONTEXT_ID" , "CLIENT_ID" , "RO_USER" , "CREATION_TIME" , "EXPIRY_TIME" , "GRANT_TYPE" , "AUTH_CONTEXT_ID" FROM "OA2_SR_CTX" WHERE "EXPIRY_TIME" < ? LIMIT ?
SELECT /* FDA READ */ "MANDT" , "SERVER_CONTEXT_ID" , "SCOPESET_ID" , "SCOPE_ID" , "EXPIRY_TIME" FROM "OA2_SR_CTX_SCSET" WHERE "EXPIRY_TIME" < ? LIMIT ?
SELECT /* FDA READ */ "MANDT" , "SERVER_CONTEXT_ID" , "SCOPE_ID" , "EXPIRY_TIME" FROM "OA2_SR_CTX_SC" WHERE "EXPIRY_TIME" < ? LIMIT ?
SELECT /* FDA READ */ "MANDT" , "USERA" , "TMPTY" , "TMPID" , "CRDAT" , "AEDAT" , "AETIM" , "LAUFI" , "ENQ_CONTEXT_ID" FROM "FDC_D_ACCDOC_TMP" WHERE "MANDT" = ? AND "RELID" = N'FI' AND ( "AEDAT" < ? OR "AEDAT" = ? AND "AETIM" < ? ) ORDER BY "FDC_D_ACCDOC_TMP" . "TMPID"
SELECT /* FDA READ */ "MTSYSID" , "MTMCNAME" , "MTNUMRANGE" , "MTUID" , "MTCLASS" , "WHICHTOOL" , "SETNAME" , "MTINDEX" , "EXTINDEX" , "OBJECTNAME" , "MTNAMESHRT" , "TOOLNAME" , "TOOLSTAT" , "CHG_USER" , "CHG_DATE" , "CHG_TIME" FROM "ALTIDTOOL" WHERE "SETNAME" = N'SAP-DEFAULT'
SELECT /* FDA READ */ "OCS_TOOL" , "SEM_STATE" , "JOBNAME" , "JOBCOUNT" , "COMMAND" , "REPORT" , "IMM_START" , "SDLSTRTDT" , "SDLSTRTTM" , "LASTSTRTDT" , "LASTSTRTTM" , "STATUS" , "BTCSERVER" FROM "PAT10B" WHERE "SEM_STATE" = ? ORDER BY "PAT10B" . "OCS_TOOL" , "PAT10B" . "SEM_STATE"
SELECT /* FDA READ */ "PADEST" FROM "TSP03" WHERE "PAMETHOD" IN ( ? , ? )
SELECT /* FDA READ */ "PARTNER_GUID" FROM "CVI_VEND_LINK" WHERE "CLIENT" = ? LIMIT 500
SELECT /* FDA READ */ "PATCH" , "SEQUENCE" , "STEPNAME" , "STEPCOND" , "RET_CODE" , "MESSAGE" , "REASON" , "SCENARIO" , "VALID_CONJ" FROM "PAT01"
SELECT /* FDA READ */ "PJIDENT" , "PJNUMMER" , "PJDEST" , "PJPAPER" , "PJPHYPAPER" , "PJCREATIME" , "PJSTATUS" , "PJINFO" , "PJCOPIES" , "PJSTRTPAGE" , "PJENDPAGE" , "PJOWNER" , "PJFINADONE" , "PJFINASERR" , "PJFINAHERR" , "PJHOSTID" , "PJCLIENT" , "PJSTRTTIME" , "PJAENDTIME" , "PJHENDTIME" , "PJINFOMSG" , "PJSIZE" , "PJERRPROT" , "PJPRIO" , "PJREASON" , "PJTITLE" , "PJRECEIVER" , "PJDIVISION" , "PJTELENUM" , "PJWORKHOST" , "PJSERVER" , "PJLFDDCOPY" , "PJLFDPCOPY" , "PJPOSNAME" , "PJACTTIME" FROM "TSP02" WHERE "PJSTATUS" = N'2' AND "PJINFO" < 256 ORDER BY "TSP02" . "PJSERVER" , "TSP02" . "PJCREATIME"
SELECT /* FDA READ */ "RNAME" , "DELTIME" , "GENUNIID" FROM "RSRDELREPORTS" WHERE "DELTIME" < ?
SELECT /* FDA READ */ "SAPCLIENT" , "OPID" , "LOGNO" , "SAPUSER" , "TIMESTAMP" , "LOCATION" , "ERROR_CATEGORY" , "SUBCATEGORY" , "T100_AREA" , "T100_MSGNO" , "SHORT_TEXT" , "PROXY_NAME" , "ERRLOC_COMPONENT" , "ERRLOC_PACKAGE" , "ERRLOC_PROGRAM" , "ERRLOC_INCLUDE" , "ERRLOC_ROWNO" , "ERRLOC_FTYPE" , "MESSAGE_ID" , "SEQUENCE_ID" , "QUEUE_NAME" , "REMOTE_ADDRESS" , "APPLSERVER" , "APPLID" , "ROOT_CTX_ID" , "CONNECTION_ID" , "CONNECTION_CNT" , "TRANSACTION_ID" , "ROOT_TERM_ID" , "EXPIRE" , "ERROR_CONTEXT" , "HTML_PAGE" , "COMMTYPE" , "FIRST_TSTMP" , "ERRCOUNT" , "T100_MSGV1" , "T100_MSGV2" , "T100_MSGV3" , "T100_MSGV4" , "CALLSTACK" , "COMMTYPENAME" , "IFNAME" , "CALLSTACK_XSIZE" , "CONFIG_XSIZE" , "PAYLOAD_XSIZE" FROM "SRT_UTIL_ERRLOG" WHERE "SAPCLIENT" = ? AND "TIMESTAMP" BETWEEN ? AND ?
SELECT /* FDA READ */ "SETNAME" , "STARTDATE" , "STARTTIME" , "ENDDATE" , "ENDTIME" , "MODENAME" , "TARGET" , "SETTYPE" FROM "BTCOMSET" WHERE "SETNAME" = ? ORDER BY "BTCOMSET" . "SETNAME" , "BTCOMSET" . "STARTDATE" , "BTCOMSET" . "STARTTIME"
SELECT /* FDA READ */ "STARTDATE" , "STARTTIME" , "TARGET" , "SETTYPE" , "SETSTARTDT" , "SETSTARTTM" FROM "BTCOMSDL" WHERE ( "STARTDATE" = ? AND "STARTTIME" <= ? OR "STARTDATE" < ? ) AND ( "TARGET" = ? OR "TARGET" = N'' )
SELECT /* FDA READ */ "STATUS" , COUNT(*) FROM "RCCD_ENG_LOG" WHERE "MANDT" = ? AND "APP" = ? GROUP BY "STATUS"
SELECT /* FDA READ */ "UNIT_ID" , "TIMESTAMP" , "SCHEDULER_ID" , "SCHEDULER_INST" , "STATE" FROM "QRFC_I_EXE_STATE" WHERE "SCHEDULER_ID" = ? AND "SCHEDULER_INST" = ? AND ( "STATE" = 21201 OR "STATE" = 21202 )
SELECT /* FDA READ */ "UNIT_ID" , "TIMESTAMP" , "SCHEDULER_ID" , "SCHEDULER_INST" , "STATE" FROM "TRFC_I_EXE_STATE" WHERE "SCHEDULER_ID" = ? AND "SCHEDULER_INST" = ? AND ( "STATE" = 21201 OR "STATE" = 21202 )
SELECT /* FDA READ */ "VALID_UNTIL" , "LOCK_ID" , "UNIT_KIND" FROM "BGRFC_LOCK_TIME" WHERE "VALID_UNTIL" <= ? LIMIT 1000
SELECT /* FDA READ */ DISTINCT  "DEST_NAME" FROM "BGRFC_I_RUNNABLE"
SELECT /* FDA READ */ DISTINCT  "MANDT" FROM "SMOHRRQCUST"
SELECT AMDP_NAME FROM  "DDTBFUNCDEP"  WHERE AS4LOCAL = 'A' AND STRUCOBJN =  ?
SELECT COLUMN_NAME FROM (  SELECT COLUMN_NAME, POSITION FROM SYS.TABLE_COLUMNS WHERE SCHEMA_NAME = CURRENT_USER AND TABLE_NAME =  ?  UNION  SELECT COLUMN_NAME, POSITION FROM SYS.VIEW_COLUMNS WHERE SCHEMA_NAME = CURRENT_USER AND VIEW_NAME =  ?  ) ORDER BY POSITION
SELECT COUNT(*) FROM "ALTRAMONI"
SELECT COUNT(*) FROM "RCCD_ENG_LOG" WHERE "MANDT" = ?
SELECT COUNT(*) FROM "RCCD_ENG_LOG" WHERE "MANDT" = ? AND "APP" = ?
SELECT COUNT(*) FROM "SMOHMSGQAC" WHERE "MANDT" = ?
SELECT COUNT(*) FROM "SMOHMSGQEB" WHERE "MANDT" = ?
SELECT COUNT(*) FROM "SMOHMSGQEX" WHERE "MANDT" = ?
SELECT COUNT(*) FROM "SMOHMSGQRD" WHERE "MANDT" = ?
SELECT COUNT(*) FROM "SMOHMSGQRE" WHERE "MANDT" = ?
SELECT COUNT(*) FROM "SMOHMSGQSU" WHERE "MANDT" = ?
SELECT COUNT(*) FROM "TBTCY"
SELECT COUNT(*) FROM "TRPRAGMA" WHERE "EXT" <> ?
SELECT COUNT(*) FROM "WPBHELP_URL" WHERE "MANDT" = ? AND "ACTIVE" = N'X'
SELECT DATA FROM  "DYNPLOAD"  WHERE PROGNAME =  ? AND DYNPNUMBER =  ? AND TYPE =  ? AND VERSION =  ?
SELECT DISTINCT  "B" . "PARTNER" , "C" . "VENDOR" FROM "BUT000" "B" INNER JOIN "CVI_VEND_LINK" "C" ON "B" . "CLIENT" = "C" . "CLIENT" AND "B" . "PARTNER_GUID" = "C" . "PARTNER_GUID" WHERE "B" . "CLIENT" = ? AND "B" . "PARTNER_GUID" IN ( ? , ? , ? , ? , ? , ? , ? , ? , ? , ? , ? , ? , ? , ? , ? , ? , ? , ? , ? , ? , ? , ? , ? , ? , ? , ? , ? , ? , ? , ? , ? , ? , ? , ? , ? , ? , ? , ? , ? , ? , ? , ? , ? , ? , ? , ? , ? , ? , ? , ? , ? , ? , ? , ? , ? , ? , ? , ? , ? , ? , ? , ? , ? , ? , ? , ? , ? , ? , ? , ? , ? , ? , ? , ? , ? , ? ) LIMIT ?
SELECT DISTINCT  "INSTANCENAME" FROM "SEC_CONTEXT_COPY"
SELECT DISTINCT  "TABNAME" , "AS4LOCAL" , "AS4VERS" , "TABCLASS" , "SQLTAB" , "DATMIN" , "DATMAX" , "DATAVG" , "CLIDEP" , "BUFFERED" , "COMPRFLAG" , "LANGDEP" , "ACTFLAG" , "APPLCLASS" , "AUTHCLASS" , "AS4USER" , "AS4DATE" , "AS4TIME" , "MASTERLANG" , "MAINFLAG" , "CONTFLAG" , "RESERVETAB" , "GLOBALFLAG" , "PROZPUFF" , "VIEWCLASS" , "VIEWGRANT" , "MULTIPLEX" , "SHLPEXI" , "PROXYTYPE" , "EXCLASS" , "WRONGCL" , "ALWAYSTRP" , "ALLDATAINCL" , "WITH_PARAMETERS" , "EXVIEW_INCLUDED" , "KEYMAX_FEATURE" , "KEYLEN_FEATURE" , "TABLEN_FEATURE" , "NONTRP_INCLUDED" , "VIEWREF" , "VIEWREF_ERR" , "VIEWREF_POS_CHG" , "TBFUNC_INCLUDED" , "IS_GTT" , "SESSION_VAR_EX" , "FROM_ENTITY" , "PK_IS_INVHASH" , "USED_SESSION_VARS" , "ABAP_LANGUAGE_VERSION" , "HDB_ONLY_ENTITY_INCLUDED" FROM "DD02L" WHERE "TABNAME" IN ( ? ) AND "AS4LOCAL" = ?
SELECT MIN( "FINISHED_AT" ) , MAX( "FINISHED_AT" ) FROM "BGRFC_UNIT_TIME" WHERE "FINISHED_AT" <= ? AND "UNIT_KIND" = 1409196102
SELECT MIN( "FINISHED_AT" ) , MAX( "FINISHED_AT" ) FROM "BGRFC_UNIT_TIME" WHERE "FINISHED_AT" <= ? AND "UNIT_KIND" = 1409196105
SELECT MIN( "FINISHED_AT" ) , MAX( "FINISHED_AT" ) FROM "BGRFC_UNIT_TIME" WHERE "FINISHED_AT" <= ? AND "UNIT_KIND" = 1409196106
SELECT MIN( "FINISHED_AT" ) , MAX( "FINISHED_AT" ) FROM "BGRFC_UNIT_TIME" WHERE "FINISHED_AT" <= ? AND ( "UNIT_KIND" = 1409196101 OR "UNIT_KIND" = 1409196103 )
SELECT N'X' FROM "DD02L" WHERE "TABNAME" = ? AND "TABCLASS" <> N'VIEW' AND "AS4LOCAL" IN ( ? , ? , ? ) LIMIT 1
SELECT PARAMETERNAME, PARAMETERNAME_RAW, POSNR, ROLLNAME, COMPTYPE, DATATYPE, DECIMALS, DBLENGTH, DBLENGTH2, DIGITS, SYSTFIELD FROM  "DD10B"  WHERE AS4LOCAL = 'A' AND STRUCOBJN =  ?  ORDER BY POSNR
SELECT SEQNUMBER, SYSTEMID, NBLENGTH, NOTEBOOK FROM DDLOG WHERE SEQNUMBER >  ? ORDER BY SEQNUMBER
SELECT TOP 1 "WHAT" FROM "D1GEN"
SELECT TOP 1 D.DATABASE_NAME || '/' || H.VALUE, L.HOST, CURRENT_USER, CURRENT_SCHEMA, CURRENT_CONNECTION FROM M_DATABASE D, SYS.M_HOST_INFORMATION H, SYS.M_LANDSCAPE_HOST_CONFIGURATION L WHERE H.KEY = 'sapsystem' AND L.INDEXSERVER_ACTUAL_ROLE = 'MASTER' 
SELECT TOP 1 D.VERSION, H.VALUE FROM M_DATABASE D LEFT OUTER JOIN SYS.M_HOST_INFORMATION H ON H.KEY = 'build_branch'
SELECT TOP 1 HOST, CURRENT_CONNECTION FROM SYS.M_LANDSCAPE_HOST_CONFIGURATION WHERE INDEXSERVER_ACTUAL_ROLE = 'MASTER' 
SELECT TOP 1 TO_CHAR (CURRENT_TIMESTAMP, 'YYYYMMDDHH24MISS'), TO_CHAR (CURRENT_UTCTIMESTAMP, 'YYYYMMDDHH24MISS') FROM SYS.DUMMY
SELECT T_00 . "BADI_NAME" , T_00 . "POS" , T_00 . "ENHNAME" , T_00 . "BADI_IMPL" , T_00 . "CLASS_NAME" , T_00 . "IS_DEFAULT" , T_01 . "ENHNAME" , T_01 . "BADI_IMPL" , T_01 . "DISJ_IDX" , T_01 . "CONJ_IDX" , T_01 . "FILTER_NAME" , T_01 . "VALUE1" , T_01 . "VALUE2" , T_01 . "COMPARE" , T_01 . "IS_INTERVAL" FROM "BADI_IMPL" T_00 INNER JOIN "BADI_CHAR_COND" T_01 ON T_00 . "ENHNAME" = T_01 . "ENHNAME" AND T_00 . "BADI_IMPL" = T_01 . "BADI_IMPL" WHERE T_00 . "BADI_NAME" = ?
